<?xml version="1.0" encoding="UTF-8"?>
<testsuite xmlns:xsi="http://www.w3.org/2001/XMLSchema-instance" xsi:schemaLocation="https://maven.apache.org/surefire/maven-surefire-plugin/xsd/surefire-test-report.xsd" name="TestSuite" time="242.518" tests="1" errors="0" skipped="0" failures="1">
  <properties>
    <property name="java.runtime.name" value="Java(TM) SE Runtime Environment"/>
    <property name="sun.boot.library.path" value="C:\Program Files\Java\jdk1.8.0_102\jre\bin"/>
    <property name="java.vm.version" value="25.102-b14"/>
    <property name="java.vm.vendor" value="Oracle Corporation"/>
    <property name="maven.multiModuleProjectDirectory" value="E:\Automation_Projects\AndroidDriver_SMB_AllTest"/>
    <property name="java.vendor.url" value="http://java.oracle.com/"/>
    <property name="path.separator" value=";"/>
    <property name="guice.disable.misplaced.annotation.check" value="true"/>
    <property name="java.vm.name" value="Java HotSpot(TM) 64-Bit Server VM"/>
    <property name="file.encoding.pkg" value="sun.io"/>
    <property name="user.script" value=""/>
    <property name="user.country" value="US"/>
    <property name="sun.java.launcher" value="SUN_STANDARD"/>
    <property name="sun.os.patch.level" value="Service Pack 1"/>
    <property name="java.vm.specification.name" value="Java Virtual Machine Specification"/>
    <property name="user.dir" value="E:\Automation_Projects\AndroidDriver_SMB_AllTest"/>
    <property name="java.runtime.version" value="1.8.0_102-b14"/>
    <property name="java.awt.graphicsenv" value="sun.awt.Win32GraphicsEnvironment"/>
    <property name="java.endorsed.dirs" value="C:\Program Files\Java\jdk1.8.0_102\jre\lib\endorsed"/>
    <property name="os.arch" value="amd64"/>
    <property name="java.io.tmpdir" value="C:\Users\RAGHAV~1\AppData\Local\Temp\"/>
    <property name="line.separator" value="&#10;"/>
    <property name="java.vm.specification.vendor" value="Oracle Corporation"/>
    <property name="user.variant" value=""/>
    <property name="os.name" value="Windows 7"/>
    <property name="classworlds.conf" value="E:\Automation_Projects\.metadata\.plugins\org.eclipse.m2e.launching\launches\m2conf7838619307087112426.tmp"/>
    <property name="sun.jnu.encoding" value="Cp1252"/>
    <property name="java.library.path" value="C:\Program Files\Java\jdk1.8.0_102\bin;C:\Windows\Sun\Java\bin;C:\Windows\system32;C:\Windows;C:/Program Files/Java/jre1.8.0_102/bin/server;C:/Program Files/Java/jre1.8.0_102/bin;C:/Program Files/Java/jre1.8.0_102/lib/amd64;C:\ProgramData\Oracle\Java\javapath;C:\Program Files (x86)\Common Files\Intel\Shared Files\cpp\bin\Intel64;C:\Perl\site\bin;C:\Perl\bin;C:\Windows\system32;C:\Windows;C:\Windows\System32\Wbem;C:\Windows\System32\WindowsPowerShell\v1.0\;C:\Program Files\Java\jdk1.7.0_75\bin;C:\Users\Raghavendra\AppData\Local\Android\sdk/platform-tools;C:\Users\Raghavendra\AppData\Local\Android\sdk/tools;C:\Program Files\TortoiseGit\bin;E:\AUTOMATION MATERIALS\apache-ant-1.9.6-bin\apache-ant-1.9.6\bin;E:\AUTOMATION MATERIALS\apache-maven-3.3.9\bin;C:\Program Files\Microsoft SQL Server\110\Tools\Binn\;C:\Program Files (x86)\Empirix\Hammer CallMaster\bin;C:\Program Files\Java\jdk1.8.0_102;C:\Program Files (x86)\Skype\Phone\;C:\Python34;C:\Python34\Scripts;D:\Updates\New-Eclipse\New-Eclipse\eclipse;;."/>
    <property name="java.specification.name" value="Java Platform API Specification"/>
    <property name="java.class.version" value="52.0"/>
    <property name="sun.management.compiler" value="HotSpot 64-Bit Tiered Compilers"/>
    <property name="os.version" value="6.1"/>
    <property name="user.home" value="C:\Users\Raghavendra"/>
    <property name="user.timezone" value="Asia/Calcutta"/>
    <property name="java.awt.printerjob" value="sun.awt.windows.WPrinterJob"/>
    <property name="java.specification.version" value="1.8"/>
    <property name="file.encoding" value="Cp1252"/>
    <property name="user.name" value="Raghavendra"/>
    <property name="java.class.path" value="/D:/Updates/New-Eclipse/New-Eclipse/eclipse/plugins/org.eclipse.m2e.maven.runtime_1.6.2.20150902-0001/jars/plexus-classworlds-2.5.2.jar"/>
    <property name="java.vm.specification.version" value="1.8"/>
    <property name="sun.arch.data.model" value="64"/>
    <property name="java.home" value="C:\Program Files\Java\jdk1.8.0_102\jre"/>
    <property name="sun.java.command" value="org.codehaus.plexus.classworlds.launcher.Launcher -B test"/>
    <property name="java.specification.vendor" value="Oracle Corporation"/>
    <property name="user.language" value="en"/>
    <property name="awt.toolkit" value="sun.awt.windows.WToolkit"/>
    <property name="java.vm.info" value="mixed mode"/>
    <property name="java.version" value="1.8.0_102"/>
    <property name="java.ext.dirs" value="C:\Program Files\Java\jdk1.8.0_102\jre\lib\ext;C:\Windows\Sun\Java\lib\ext"/>
    <property name="sun.boot.class.path" value="C:\Program Files\Java\jdk1.8.0_102\jre\lib\resources.jar;C:\Program Files\Java\jdk1.8.0_102\jre\lib\rt.jar;C:\Program Files\Java\jdk1.8.0_102\jre\lib\sunrsasign.jar;C:\Program Files\Java\jdk1.8.0_102\jre\lib\jsse.jar;C:\Program Files\Java\jdk1.8.0_102\jre\lib\jce.jar;C:\Program Files\Java\jdk1.8.0_102\jre\lib\charsets.jar;C:\Program Files\Java\jdk1.8.0_102\jre\lib\jfr.jar;C:\Program Files\Java\jdk1.8.0_102\jre\classes"/>
    <property name="java.vendor" value="Oracle Corporation"/>
    <property name="maven.home" value="E:\Automation_Projects\AndroidDriver_SMB_AllTest\EMBEDDED"/>
    <property name="file.separator" value="\"/>
    <property name="java.vendor.url.bug" value="http://bugreport.sun.com/bugreport/"/>
    <property name="sun.cpu.endian" value="little"/>
    <property name="sun.io.unicode.encoding" value="UnicodeLittle"/>
    <property name="sun.desktop" value="windows"/>
    <property name="sun.cpu.isalist" value="amd64"/>
  </properties>
  <testcase name="ValidRegistration" classname="dd_registration.Register" time="167.888">
    <failure message="An element could not be located on the page using the given search parameters. (WARNING: The server did not provide any stacktrace information)&#10;Command duration or timeout: 60.02 seconds&#10;For documentation on this error, please visit: http://seleniumhq.org/exceptions/no_such_element.html&#10;Build info: version: &apos;2.42.2&apos;, revision: &apos;6a6995d31c7c56c340d6f45a76976d43506cd6cc&apos;, time: &apos;2014-06-03 10:52:47&apos;&#10;System info: host: &apos;Raghavendra-PC&apos;, ip: &apos;192.168.1.85&apos;, os.name: &apos;Windows 7&apos;, os.arch: &apos;amd64&apos;, os.version: &apos;6.1&apos;, java.version: &apos;1.8.0_102&apos;&#10;Driver info: io.appium.java_client.android.AndroidDriver&#10;Capabilities [{app=E:\Automation_Projects\AndroidDriver_SMB_AllTest\App_Dev\NegociosPopular.apk, networkConnectionEnabled=true, Automation=Appium v1.4.0, warnings={}, databaseEnabled=false, deviceName=emulator-5554, platform=LINUX, desired={app=E:\Automation_Projects\AndroidDriver_SMB_AllTest\App_Dev\NegociosPopular.apk, Automation=Appium v1.4.0, newCommandTimeout=600, platformVersion=4.4.2, platformName=Android, deviceName=emulator-5554}, newCommandTimeout=600, platformVersion=4.4.2, webStorageEnabled=false, locationContextEnabled=false, browserName=Android, takesScreenshot=true, javascriptEnabled=true, platformName=Android}]&#10;Session ID: 411cab2c-cf83-4955-9718-22c4dbc23fc0" type="org.openqa.selenium.NoSuchElementException">org.openqa.selenium.NoSuchElementException: 
An element could not be located on the page using the given search parameters. (WARNING: The server did not provide any stacktrace information)
Command duration or timeout: 60.02 seconds
For documentation on this error, please visit: http://seleniumhq.org/exceptions/no_such_element.html
Build info: version: '2.42.2', revision: '6a6995d31c7c56c340d6f45a76976d43506cd6cc', time: '2014-06-03 10:52:47'
System info: host: 'Raghavendra-PC', ip: '192.168.1.85', os.name: 'Windows 7', os.arch: 'amd64', os.version: '6.1', java.version: '1.8.0_102'
Driver info: io.appium.java_client.android.AndroidDriver
Capabilities [{app=E:\Automation_Projects\AndroidDriver_SMB_AllTest\App_Dev\NegociosPopular.apk, networkConnectionEnabled=true, Automation=Appium v1.4.0, warnings={}, databaseEnabled=false, deviceName=emulator-5554, platform=LINUX, desired={app=E:\Automation_Projects\AndroidDriver_SMB_AllTest\App_Dev\NegociosPopular.apk, Automation=Appium v1.4.0, newCommandTimeout=600, platformVersion=4.4.2, platformName=Android, deviceName=emulator-5554}, newCommandTimeout=600, platformVersion=4.4.2, webStorageEnabled=false, locationContextEnabled=false, browserName=Android, takesScreenshot=true, javascriptEnabled=true, platformName=Android}]
Session ID: 411cab2c-cf83-4955-9718-22c4dbc23fc0
	at dd_registration.Register.ValidRegistration(Register.java:1220)
</failure>
    <system-out><![CDATA[Clearing Previous Appium Server Ports
SUCCESS: The process "node.exe" with PID 5032 has been terminated.
No Previous Appium Session Is Running !
Appium Server Started Successfully
TEST CASE- Appium Installs Development App & Launches.
&amp#27;[33mwarn&amp#27;[39m: Appium support for versions of node < 0.12 has been deprecated and will be removed in a future version. Please upgrade!
&amp#27;[36minfo&amp#27;[39m: Welcome to Appium v1.4.0 (REV 8f63e2f91ef7907aed8bda763f4e5ca08e86970a)
&amp#27;[36minfo&amp#27;[39m: Appium REST http interface listener started on localhost:4723
&amp#27;[36minfo&amp#27;[39m: [debug] Non-default server args: {"address":"localhost","log":"E:\\Automation_Projects\\AndroidDriver_SMB_AllTest\\Reports\\AppiumLogs\\BPD_AppiumLogs_21Mar17_04-11-PM","localTimezone":true,"defaultCommandTimeout":150000}
&amp#27;[36minfo&amp#27;[39m: Console LogLevel: debug
&amp#27;[36minfo&amp#27;[39m: File LogLevel: debug
&amp#27;[36minfo&amp#27;[39m: &amp#27;[37m-->&amp#27;[39m &amp#27;[37mPOST&amp#27;[39m &amp#27;[37m/wd/hub/session&amp#27;[39m &amp#27;[90m{"desiredCapabilities":{"app":"E:\\Automation_Projects\\AndroidDriver_SMB_AllTest\\App_Dev\\NegociosPopular.apk","Automation":"Appium v1.4.0","newCommandTimeout":"600","platformVersion":"4.4.2","platformName":"Android","deviceName":"emulator-5554"}}&amp#27;[39m
&amp#27;[36minfo&amp#27;[39m: Client User-Agent string: Apache-HttpClient/4.5.2 (Java/1.8.0_102)
&amp#27;[36minfo&amp#27;[39m: [debug] The following desired capabilities were provided, but not recognized by appium. They will be passed on to any other services running on this server. : Automation
&amp#27;[36minfo&amp#27;[39m: [debug] No appActivity desired capability or server param. Parsing from apk.
&amp#27;[36minfo&amp#27;[39m: [debug] No appPackage desired capability or server param. Parsing from apk.
&amp#27;[36minfo&amp#27;[39m: [debug] Using local app from desired caps: E:\Automation_Projects\AndroidDriver_SMB_AllTest\App_Dev\NegociosPopular.apk
&amp#27;[36minfo&amp#27;[39m: [debug] Creating new appium session 411cab2c-cf83-4955-9718-22c4dbc23fc0
&amp#27;[36minfo&amp#27;[39m: Starting android appium
&amp#27;[36minfo&amp#27;[39m: [debug] Getting Java version
&amp#27;[36minfo&amp#27;[39m: Java version is: 1.8.0_102
&amp#27;[36minfo&amp#27;[39m: [debug] Checking whether adb is present
&amp#27;[36minfo&amp#27;[39m: [debug] Using adb from C:\Users\Raghavendra\AppData\Local\Android\sdk\platform-tools\adb.exe
&amp#27;[36minfo&amp#27;[39m: [debug] Parsing package and activity from app manifest
&amp#27;[36minfo&amp#27;[39m: [debug] Checking whether aapt is present
&amp#27;[36minfo&amp#27;[39m: [debug] Using aapt from C:\Users\Raghavendra\AppData\Local\Android\sdk\build-tools\25.0.2\aapt.exe
&amp#27;[36minfo&amp#27;[39m: [debug] Extracting package and launch activity from manifest.
&amp#27;[36minfo&amp#27;[39m: [debug] executing cmd: C:\Users\Raghavendra\AppData\Local\Android\sdk\build-tools\25.0.2\aapt.exe dump badging E:\Automation_Projects\AndroidDriver_SMB_AllTest\App_Dev\NegociosPopular.apk
&amp#27;[36minfo&amp#27;[39m: [debug] badging package: com.popular.app.corp
&amp#27;[36minfo&amp#27;[39m: [debug] badging act: com.siddhatech.activities.tutorial.TutorialActivity
&amp#27;[36minfo&amp#27;[39m: [debug] Parsed package and activity are: com.popular.app.corp/com.siddhatech.activities.tutorial.TutorialActivity
&amp#27;[36minfo&amp#27;[39m: [debug] Set chromedriver binary as: C:\Progra~2\Appium\node_modules\appium\build\chromedriver\windows\chromedriver.exe
&amp#27;[36minfo&amp#27;[39m: [debug] Using fast reset? true
&amp#27;[36minfo&amp#27;[39m: [debug] Preparing device for session
&amp#27;[36minfo&amp#27;[39m: [debug] Checking whether app is actually present
&amp#27;[36minfo&amp#27;[39m: Retrieving device
&amp#27;[36minfo&amp#27;[39m: [debug] Trying to find a connected android device
&amp#27;[36minfo&amp#27;[39m: [debug] Getting connected devices...
&amp#27;[36minfo&amp#27;[39m: [debug] executing cmd: C:\Users\Raghavendra\AppData\Local\Android\sdk\platform-tools\adb.exe devices
&amp#27;[36minfo&amp#27;[39m: [debug] 1 device(s) connected
&amp#27;[36minfo&amp#27;[39m: Found device emulator-5554
&amp#27;[36minfo&amp#27;[39m: [debug] Setting device id to emulator-5554
&amp#27;[36minfo&amp#27;[39m: [debug] Waiting for device to be ready and to respond to shell commands (timeout = 5)
&amp#27;[36minfo&amp#27;[39m: [debug] executing cmd: C:\Users\Raghavendra\AppData\Local\Android\sdk\platform-tools\adb.exe -s emulator-5554 wait-for-device
&amp#27;[36minfo&amp#27;[39m: [debug] executing cmd: C:\Users\Raghavendra\AppData\Local\Android\sdk\platform-tools\adb.exe -s emulator-5554 shell "echo 'ready'"
&amp#27;[36minfo&amp#27;[39m: [debug] Starting logcat capture
&amp#27;[36minfo&amp#27;[39m: [debug] Getting device API level
&amp#27;[36minfo&amp#27;[39m: [debug] executing cmd: C:\Users\Raghavendra\AppData\Local\Android\sdk\platform-tools\adb.exe -s emulator-5554 shell "getprop ro.build.version.sdk"
&amp#27;[36minfo&amp#27;[39m: [debug] Device is at API Level 19
&amp#27;[36minfo&amp#27;[39m: Device API level is: 19
&amp#27;[36minfo&amp#27;[39m: [debug] Extracting strings for language: default
&amp#27;[36minfo&amp#27;[39m: [debug] executing cmd: C:\Users\Raghavendra\AppData\Local\Android\sdk\platform-tools\adb.exe -s emulator-5554 shell "getprop persist.sys.language"
&amp#27;[36minfo&amp#27;[39m: [debug] Current device persist.sys.language: 
&amp#27;[36minfo&amp#27;[39m: [debug] java -jar "C:\Progra~2\Appium\node_modules\appium\node_modules\appium-adb\jars\appium_apk_tools.jar" "stringsFromApk" "E:\Automation_Projects\AndroidDriver_SMB_AllTest\App_Dev\NegociosPopular.apk" "C:\Users\RAGHAV~1\AppData\Local\Temp\com.popular.app.corp" 
&amp#27;[36minfo&amp#27;[39m: [debug] Reading strings from converted strings.json
&amp#27;[36minfo&amp#27;[39m: [debug] Setting language to default
&amp#27;[36minfo&amp#27;[39m: [debug] executing cmd: C:\Users\Raghavendra\AppData\Local\Android\sdk\platform-tools\adb.exe -s emulator-5554 push "C:\\Users\\RAGHAV~1\\AppData\\Local\\Temp\\com.popular.app.corp\\strings.json" /data/local/tmp
&amp#27;[36minfo&amp#27;[39m: [debug] Checking whether aapt is present
&amp#27;[36minfo&amp#27;[39m: [debug] Using aapt from C:\Users\Raghavendra\AppData\Local\Android\sdk\build-tools\25.0.2\aapt.exe
&amp#27;[36minfo&amp#27;[39m: [debug] Retrieving process from manifest.
&amp#27;[36minfo&amp#27;[39m: [debug] executing cmd: C:\Users\Raghavendra\AppData\Local\Android\sdk\build-tools\25.0.2\aapt.exe dump xmltree E:\Automation_Projects\AndroidDriver_SMB_AllTest\App_Dev\NegociosPopular.apk AndroidManifest.xml
&amp#27;[36minfo&amp#27;[39m: [debug] Set app process to: com.popular.app.corp
&amp#27;[36minfo&amp#27;[39m: [debug] Not uninstalling app since server not started with --full-reset
&amp#27;[36minfo&amp#27;[39m: [debug] Checking app cert for E:\Automation_Projects\AndroidDriver_SMB_AllTest\App_Dev\NegociosPopular.apk.
&amp#27;[36minfo&amp#27;[39m: [debug] executing cmd: java -jar C:\Progra~2\Appium\node_modules\appium\node_modules\appium-adb\jars\verify.jar E:\Automation_Projects\AndroidDriver_SMB_AllTest\App_Dev\NegociosPopular.apk
&amp#27;[36minfo&amp#27;[39m: [debug] App already signed.
&amp#27;[36minfo&amp#27;[39m: [debug] Zip-aligning E:\Automation_Projects\AndroidDriver_SMB_AllTest\App_Dev\NegociosPopular.apk
&amp#27;[36minfo&amp#27;[39m: [debug] Checking whether zipalign is present
&amp#27;[36minfo&amp#27;[39m: [debug] Using zipalign from C:\Users\Raghavendra\AppData\Local\Android\sdk\build-tools\25.0.2\zipalign.exe
&amp#27;[36minfo&amp#27;[39m: [debug] Zip-aligning apk.
&amp#27;[36minfo&amp#27;[39m: [debug] executing cmd: C:\Users\Raghavendra\AppData\Local\Android\sdk\build-tools\25.0.2\zipalign.exe -f 4 E:\Automation_Projects\AndroidDriver_SMB_AllTest\App_Dev\NegociosPopular.apk C:\Users\RAGHAV~1\AppData\Local\Temp\117221-6924-1qyrm0d\appium.tmp
&amp#27;[36minfo&amp#27;[39m: [debug] MD5 for app is a6de69dc7a56d7a5bfc4f598d1bac23b
&amp#27;[36minfo&amp#27;[39m: [debug] executing cmd: C:\Users\Raghavendra\AppData\Local\Android\sdk\platform-tools\adb.exe -s emulator-5554 shell "ls /data/local/tmp/a6de69dc7a56d7a5bfc4f598d1bac23b.apk"
&amp#27;[36minfo&amp#27;[39m: [debug] Getting install status for com.popular.app.corp
&amp#27;[36minfo&amp#27;[39m: [debug] Getting device API level
&amp#27;[36minfo&amp#27;[39m: [debug] executing cmd: C:\Users\Raghavendra\AppData\Local\Android\sdk\platform-tools\adb.exe -s emulator-5554 shell "getprop ro.build.version.sdk"
&amp#27;[36minfo&amp#27;[39m: [debug] Device is at API Level 19
&amp#27;[36minfo&amp#27;[39m: [debug] executing cmd: C:\Users\Raghavendra\AppData\Local\Android\sdk\platform-tools\adb.exe -s emulator-5554 shell "pm list packages -3 com.popular.app.corp"
&amp#27;[36minfo&amp#27;[39m: [debug] App is installed
&amp#27;[36minfo&amp#27;[39m: App is already installed, resetting app
&amp#27;[36minfo&amp#27;[39m: [debug] Running fast reset (stop and clear)
&amp#27;[36minfo&amp#27;[39m: [debug] executing cmd: C:\Users\Raghavendra\AppData\Local\Android\sdk\platform-tools\adb.exe -s emulator-5554 shell "am force-stop com.popular.app.corp"
&amp#27;[36minfo&amp#27;[39m: [debug] executing cmd: C:\Users\Raghavendra\AppData\Local\Android\sdk\platform-tools\adb.exe -s emulator-5554 shell "pm clear com.popular.app.corp"
&amp#27;[36minfo&amp#27;[39m: [debug] Forwarding system:4724 to device:4724
&amp#27;[36minfo&amp#27;[39m: [debug] executing cmd: C:\Users\Raghavendra\AppData\Local\Android\sdk\platform-tools\adb.exe -s emulator-5554 forward tcp:4724 tcp:4724
&amp#27;[36minfo&amp#27;[39m: [debug] Pushing appium bootstrap to device...
&amp#27;[36minfo&amp#27;[39m: [debug] executing cmd: C:\Users\Raghavendra\AppData\Local\Android\sdk\platform-tools\adb.exe -s emulator-5554 push "C:\\Progra~2\\Appium\\node_modules\\appium\\build\\android_bootstrap\\AppiumBootstrap.jar" /data/local/tmp/
&amp#27;[36minfo&amp#27;[39m: [debug] Pushing settings apk to device...
&amp#27;[36minfo&amp#27;[39m: [debug] executing cmd: C:\Users\Raghavendra\AppData\Local\Android\sdk\platform-tools\adb.exe -s emulator-5554 install "C:\Progra~2\Appium\node_modules\appium\build\settings_apk\settings_apk-debug.apk"
&amp#27;[36minfo&amp#27;[39m: [debug] Pushing unlock helper app to device...
&amp#27;[36minfo&amp#27;[39m: [debug] executing cmd: C:\Users\Raghavendra\AppData\Local\Android\sdk\platform-tools\adb.exe -s emulator-5554 install "C:\Progra~2\Appium\node_modules\appium\build\unlock_apk\unlock_apk-debug.apk"
&amp#27;[36minfo&amp#27;[39m: Starting App
&amp#27;[36minfo&amp#27;[39m: [debug] Attempting to kill all 'uiautomator' processes
&amp#27;[36minfo&amp#27;[39m: [debug] Getting all processes with 'uiautomator'
&amp#27;[36minfo&amp#27;[39m: [debug] executing cmd: C:\Users\Raghavendra\AppData\Local\Android\sdk\platform-tools\adb.exe -s emulator-5554 shell "ps 'uiautomator'"
&amp#27;[36minfo&amp#27;[39m: [debug] No matching processes found
&amp#27;[36minfo&amp#27;[39m: [debug] Running bootstrap
&amp#27;[36minfo&amp#27;[39m: [debug] spawning: C:\Users\Raghavendra\AppData\Local\Android\sdk\platform-tools\adb.exe -s emulator-5554 shell uiautomator runtest AppiumBootstrap.jar -c io.appium.android.bootstrap.Bootstrap -e pkg com.popular.app.corp -e disableAndroidWatchers false
&amp#27;[36minfo&amp#27;[39m: [debug] &amp#27;[90m[UIAUTOMATOR STDOUT] INSTRUMENTATION_STATUS: numtests=1&amp#27;[39m
&amp#27;[36minfo&amp#27;[39m: [debug] &amp#27;[90m[UIAUTOMATOR STDOUT] INSTRUMENTATION_STATUS: stream=&amp#27;[39m
&amp#27;[36minfo&amp#27;[39m: [debug] &amp#27;[90m[UIAUTOMATOR STDOUT] io.appium.android.bootstrap.Bootstrap:&amp#27;[39m
&amp#27;[36minfo&amp#27;[39m: [debug] &amp#27;[90m[UIAUTOMATOR STDOUT] INSTRUMENTATION_STATUS: id=UiAutomatorTestRunner&amp#27;[39m
&amp#27;[36minfo&amp#27;[39m: [debug] &amp#27;[90m[UIAUTOMATOR STDOUT] INSTRUMENTATION_STATUS: test=testRunServer&amp#27;[39m
&amp#27;[36minfo&amp#27;[39m: [debug] &amp#27;[90m[UIAUTOMATOR STDOUT] INSTRUMENTATION_STATUS: class=io.appium.android.bootstrap.Bootstrap&amp#27;[39m
&amp#27;[36minfo&amp#27;[39m: [debug] &amp#27;[90m[UIAUTOMATOR STDOUT] INSTRUMENTATION_STATUS: current=1&amp#27;[39m
&amp#27;[36minfo&amp#27;[39m: [debug] &amp#27;[90m[UIAUTOMATOR STDOUT] INSTRUMENTATION_STATUS_CODE: 1&amp#27;[39m
&amp#27;[36minfo&amp#27;[39m: [debug] [BOOTSTRAP] [debug] Socket opened on port 4724
&amp#27;[36minfo&amp#27;[39m: [debug] [BOOTSTRAP] [debug] Appium Socket Server Ready
&amp#27;[36minfo&amp#27;[39m: [debug] [BOOTSTRAP] [debug] Loading json...
&amp#27;[36minfo&amp#27;[39m: [debug] [BOOTSTRAP] [debug] json loading complete.
&amp#27;[36minfo&amp#27;[39m: [debug] [BOOTSTRAP] [debug] Registered crash watchers.
&amp#27;[36minfo&amp#27;[39m: [debug] Waking up device if it's not alive
&amp#27;[36minfo&amp#27;[39m: [debug] Pushing command to appium work queue: ["wake",{}]
&amp#27;[36minfo&amp#27;[39m: [debug] [BOOTSTRAP] [debug] Client connected
&amp#27;[36minfo&amp#27;[39m: [debug] [BOOTSTRAP] [debug] Got data from client: {"cmd":"action","action":"wake","params":{}}
&amp#27;[36minfo&amp#27;[39m: [debug] [BOOTSTRAP] [debug] Got command of type ACTION
&amp#27;[36minfo&amp#27;[39m: [debug] [BOOTSTRAP] [debug] Got command action: wake
&amp#27;[36minfo&amp#27;[39m: [debug] executing cmd: C:\Users\Raghavendra\AppData\Local\Android\sdk\platform-tools\adb.exe -s emulator-5554 shell "dumpsys window"
&amp#27;[36minfo&amp#27;[39m: [debug] [BOOTSTRAP] [debug] Returning result: {"value":true,"status":0}
&amp#27;[36minfo&amp#27;[39m: [debug] Screen already unlocked, continuing.
&amp#27;[36minfo&amp#27;[39m: [debug] Pushing command to appium work queue: ["getDataDir",{}]
&amp#27;[36minfo&amp#27;[39m: [debug] [BOOTSTRAP] [debug] Got data from client: {"cmd":"action","action":"getDataDir","params":{}}
&amp#27;[36minfo&amp#27;[39m: [debug] [BOOTSTRAP] [debug] Got command of type ACTION
&amp#27;[36minfo&amp#27;[39m: [debug] [BOOTSTRAP] [debug] Got command action: getDataDir
&amp#27;[36minfo&amp#27;[39m: [debug] [BOOTSTRAP] [debug] Returning result: {"value":"\/data\/local\/tmp","status":0}
&amp#27;[36minfo&amp#27;[39m: [debug] dataDir set to: /data/local/tmp
&amp#27;[36minfo&amp#27;[39m: [debug] Pushing command to appium work queue: ["compressedLayoutHierarchy",{"compressLayout":false}]
&amp#27;[36minfo&amp#27;[39m: [debug] [BOOTSTRAP] [debug] Got data from client: {"cmd":"action","action":"compressedLayoutHierarchy","params":{"compressLayout":false}}
&amp#27;[36minfo&amp#27;[39m: [debug] [BOOTSTRAP] [debug] Got command of type ACTION
&amp#27;[36minfo&amp#27;[39m: [debug] [BOOTSTRAP] [debug] Got command action: compressedLayoutHierarchy
&amp#27;[36minfo&amp#27;[39m: [debug] Getting device API level
&amp#27;[36minfo&amp#27;[39m: [debug] executing cmd: C:\Users\Raghavendra\AppData\Local\Android\sdk\platform-tools\adb.exe -s emulator-5554 shell "getprop ro.build.version.sdk"
&amp#27;[36minfo&amp#27;[39m: [debug] [BOOTSTRAP] [debug] Returning result: {"value":false,"status":0}
&amp#27;[36minfo&amp#27;[39m: [debug] Device is at API Level 19
&amp#27;[36minfo&amp#27;[39m: [debug] executing cmd: C:\Users\Raghavendra\AppData\Local\Android\sdk\platform-tools\adb.exe -s emulator-5554 shell "am start -S -a android.intent.action.MAIN -c android.intent.category.LAUNCHER -f 0x10200000 -n com.popular.app.corp/com.siddhatech.activities.tutorial.TutorialActivity"
&amp#27;[36minfo&amp#27;[39m: [debug] Waiting for pkg "com.popular.app.corp" and activity "com.siddhatech.activities.tutorial.TutorialActivity" to be focused
&amp#27;[36minfo&amp#27;[39m: [debug] Getting focused package and activity
&amp#27;[36minfo&amp#27;[39m: [debug] executing cmd: C:\Users\Raghavendra\AppData\Local\Android\sdk\platform-tools\adb.exe -s emulator-5554 shell "dumpsys window windows"
&amp#27;[36minfo&amp#27;[39m: [debug] executing cmd: C:\Users\Raghavendra\AppData\Local\Android\sdk\platform-tools\adb.exe -s emulator-5554 shell "getprop ro.build.version.release"
&amp#27;[36minfo&amp#27;[39m: [debug] Device is at release version 4.4.2
TIME FOR INSTALLING & LAUNCHING SMB Application Is : - 9.09 seconds
&amp#27;[36minfo&amp#27;[39m: [debug] Device launched! Ready for commands
&amp#27;[36minfo&amp#27;[39m: [debug] Setting command timeout to 600 secs
&amp#27;[36minfo&amp#27;[39m: [debug] Appium session started with sessionId 411cab2c-cf83-4955-9718-22c4dbc23fc0
&amp#27;[36minfo&amp#27;[39m: &amp#27;[37m<-- POST /wd/hub/session &amp#27;[39m&amp#27;[36m303&amp#27;[39m&amp#27;[90m 8130.772 ms - 74&amp#27;[39m &amp#27;[90m&amp#27;[39m
&amp#27;[36minfo&amp#27;[39m: &amp#27;[37m-->&amp#27;[39m &amp#27;[37mGET&amp#27;[39m &amp#27;[37m/wd/hub/session/411cab2c-cf83-4955-9718-22c4dbc23fc0&amp#27;[39m &amp#27;[90m{}&amp#27;[39m
&amp#27;[36minfo&amp#27;[39m: [debug] Responding to client with success: {"status":0,"value":{"platform":"LINUX","browserName":"Android","platformVersion":"4.4.2","webStorageEnabled":false,"takesScreenshot":true,"javascriptEnabled":true,"databaseEnabled":false,"networkConnectionEnabled":true,"locationContextEnabled":false,"warnings":{},"desired":{"app":"E:\\Automation_Projects\\AndroidDriver_SMB_AllTest\\App_Dev\\NegociosPopular.apk","Automation":"Appium v1.4.0","newCommandTimeout":"600","platformVersion":"4.4.2","platformName":"Android","deviceName":"emulator-5554"},"app":"E:\\Automation_Projects\\AndroidDriver_SMB_AllTest\\App_Dev\\NegociosPopular.apk","Automation":"Appium v1.4.0","newCommandTimeout":"600","platformName":"Android","deviceName":"emulator-5554"},"sessionId":"411cab2c-cf83-4955-9718-22c4dbc23fc0"}
&amp#27;[36minfo&amp#27;[39m: &amp#27;[37m<-- GET /wd/hub/session/411cab2c-cf83-4955-9718-22c4dbc23fc0 &amp#27;[39m&amp#27;[32m200&amp#27;[39m&amp#27;[90m 1.834 ms - 751&amp#27;[39m &amp#27;[90m{"status":0,"value":{"platform":"LINUX","browserName":"Android","platformVersion":"4.4.2","webStorageEnabled":false,"takesScreenshot":true,"javascriptEnabled":true,"databaseEnabled":false,"networkConnectionEnabled":true,"locationContextEnabled":false,"warnings":{},"desired":{"app":"E:\\Automation_Projects\\AndroidDriver_SMB_AllTest\\App_Dev\\NegociosPopular.apk","Automation":"Appium v1.4.0","newCommandTimeout":"600","platformVersion":"4.4.2","platformName":"Android","deviceName":"emulator-5554"},"app":"E:\\Automation_Projects\\AndroidDriver_SMB_AllTest\\App_Dev\\NegociosPopular.apk","Automation":"Appium v1.4.0","newCommandTimeout":"600","platformName":"Android","deviceName":"emulator-5554"},"sessionId":"411cab2c-cf83-4955-9718-22c4dbc23fc0"}&amp#27;[39m
&amp#27;[36minfo&amp#27;[39m: &amp#27;[37m-->&amp#27;[39m &amp#27;[37mGET&amp#27;[39m &amp#27;[37m/wd/hub/session/411cab2c-cf83-4955-9718-22c4dbc23fc0/screenshot&amp#27;[39m &amp#27;[90m{}&amp#27;[39m
&amp#27;[36minfo&amp#27;[39m: [debug] executing cmd: C:\Users\Raghavendra\AppData\Local\Android\sdk\platform-tools\adb.exe -s emulator-5554 shell "/system/bin/rm /data/local/tmp/screenshot.png; /system/bin/screencap -p /data/local/tmp/screenshot.png "
&amp#27;[36minfo&amp#27;[39m: [debug] executing cmd: C:\Users\Raghavendra\AppData\Local\Android\sdk\platform-tools\adb.exe -s emulator-5554 pull /data/local/tmp/screenshot.png "C:\\Users\\RAGHAV~1\\AppData\\Local\\Temp\\appium117221-6924-tudvsp.png"
&amp#27;[36minfo&amp#27;[39m: [debug] Responding to client with success: {"status":0,"value":"iVBORw0KGgoAAAANSUhEUgAAAeAAAAMgCAYAAAD7o7EIAAAABHNCSVQICAgIfAhkiAAAIABJREFUeJzt3XecVPXdt/HPOTM7u2xhAYEFFRDQgEiTrgQbmoAaEeN9x3iLFUs0JNFooolppqjRoIktxl7iExVjQZEYIxZEhBWUqogEAelt2Tr1PH/MzjCzfWF3v+xyvV8vkp2yZ86Ms3PN+Z3mSPIEAABalGs9AwAAHIwIMAAABggwAAAGmiTAjuM0xWQAADhoNEmAx4wZo/79+zfFpAAAOCjsV4Bd19WRRx6p6667Tj/72c/UsWPHppovAACa1SmnnKILL7xQmZmZ9d43MzNTo0aN0tChQ/frPqn8DZ7Tmn7Z79dpp52m/Px8tW/fXhMmTNBzzz2naDS6P5MFAKBZ9evXTz/5yU+UmZmpl19+WcFgsMb7jR07Vpdccol69OihQCCgF154QR9//HGj71OT/VoC7t27t8aPHy/XdeXz+TR+/Hh16tRpfyYJAECzmzZtmly3/gRu27ZNs2fP1v33379f96nJfgX4iiuuUMeOHeW6rlzXVe/evXXmmWfuzyQBAGhW5513nvr166e5c+dWu+2yyy7TZZddlry8atUqzZgxQy+//HKt02vIfWqyTwF2HEenn366hg0bpu3bt+vnP/+5brjhBn311Vc6++yzdeSRR+7LZAEAaFaHH364zj//fM2cOVMbN26sdvuoUaM0atSoFpmXRgfYcRx17dpVkydPVjQaVSgU0po1a7R69WoFg0Hl5uZq6tSpys7Obo75BQBgn33/+9/Xrl279OCDD9Z4+5VXXqkrr7yyReZlnwJ80kkn6YgjjpDnefK89ENJR6NRDRkyROPGjWuymQQAYH9NnDhRw4YN0z333FPrRlctqdEB7t69uyZMmCDXdeU4TvJfcoKuq0AgoIkTJyo/P79JZxYAgH3RsWNHXXrppXrttddUWFhoPTuS9mE3pMmTJ6tnz57J6Obk...","sessionId":"411cab2c-cf83-4955-9718-22c4dbc23fc0"}
&amp#27;[36minfo&amp#27;[39m: &amp#27;[37m<-- GET /wd/hub/session/411cab2c-cf83-4955-9718-22c4dbc23fc0/screenshot &amp#27;[39m&amp#27;[32m200&amp#27;[39m&amp#27;[90m 253.436 ms - 21418&amp#27;[39m &amp#27;[90m{"status":0,"value":"iVBORw0KGgoAAAANSUhEUgAAAeAAAAMgCAYAAAD7o7EIAAAABHNCSVQICAgIfAhkiAAAIABJREFUeJzt3XecVPXdt/HPOTM7u2xhAYEFFRDQgEiTrgQbmoAaEeN9x3iLFUs0JNFooolppqjRoIktxl7iExVjQZEYIxZEhBWUqogEAelt2Tr1PH/MzjCzfWF3v+xyvV8vkp2yZ86Ms3PN+Z3mSPIEAABalGs9AwAAHIwIMAAABggwAAAGmiTAjuM0xWQAADhoNEmAx4wZo/79+zfFpAAAOCjsV4Bd19WRRx6p6667Tj/72c/UsWPHppovAACa1SmnnKILL7xQmZmZ9d43MzNTo0aN0tChQ/frPqn8DZ7Tmn7Z79dpp52m/Px8tW/fXhMmTNBzzz2naDS6P5MFAKBZ9evXTz/5yU+UmZmpl19+WcFgsMb7jR07Vpdccol69OihQCCgF154QR9//HGj71OT/VoC7t27t8aPHy/XdeXz+TR+/Hh16tRpfyYJAECzmzZtmly3/gRu27ZNs2fP1v33379f96nJfgX4iiuuUMeOHeW6rlzXVe/evXXmmWfuzyQBAGhW5513nvr166e5c+dWu+2yyy7TZZddlry8atUqzZgxQy+//HKt02vIfWqyTwF2HEenn366hg0bpu3bt+vnP/+5brjhBn311Vc6++yzdeSRR+7LZAEAaFaHH364zj//fM2cOVMbN26sdvuoUaM0atSoFpmXRgfYcRx17dpVkydPVjQaVSgU0po1a7R69WoFg0Hl5uZq6tSpys7Obo75BQBgn33/+9/Xrl279OCDD9Z4+5VXXqkrr7yyReZlnwJ80kkn6YgjjpDnefK89ENJR6NRDRkyROPGjWuymQQAYH9NnDhRw4YN0z333FPrRlctqdEB7t69uyZMmCDXdeU4TvJfcoKuq0AgoIkTJyo/P79JZxYAgH3RsWNHXXrppXrttddUWFhoPTuS9mE3pMmTJ6tnz57J6Obk...","sessionId":"411cab2c-cf83-4955-9718-22c4dbc23fc0"}&amp#27;[39m
Screen ScreenShot Captured
Appium Launched The SMB Application Successfully 
&amp#27;[36minfo&amp#27;[39m: &amp#27;[37m-->&amp#27;[39m &amp#27;[37mPOST&amp#27;[39m &amp#27;[37m/wd/hub/session/411cab2c-cf83-4955-9718-22c4dbc23fc0/timeouts/implicit_wait&amp#27;[39m &amp#27;[90m{"ms":120000}&amp#27;[39m
&amp#27;[36minfo&amp#27;[39m: [debug] Set Android implicit wait to 120000ms
&amp#27;[36minfo&amp#27;[39m: [debug] Responding to client with success: {"status":0,"value":null,"sessionId":"411cab2c-cf83-4955-9718-22c4dbc23fc0"}
&amp#27;[36minfo&amp#27;[39m: &amp#27;[37m<-- POST /wd/hub/session/411cab2c-cf83-4955-9718-22c4dbc23fc0/timeouts/implicit_wait &amp#27;[39m&amp#27;[32m200&amp#27;[39m&amp#27;[90m 0.808 ms - 76&amp#27;[39m &amp#27;[90m{"status":0,"value":null,"sessionId":"411cab2c-cf83-4955-9718-22c4dbc23fc0"}&amp#27;[39m
&amp#27;[36minfo&amp#27;[39m: &amp#27;[37m-->&amp#27;[39m &amp#27;[37mGET&amp#27;[39m &amp#27;[37m/wd/hub/session/411cab2c-cf83-4955-9718-22c4dbc23fc0/screenshot&amp#27;[39m &amp#27;[90m{}&amp#27;[39m
&amp#27;[36minfo&amp#27;[39m: [debug] executing cmd: C:\Users\Raghavendra\AppData\Local\Android\sdk\platform-tools\adb.exe -s emulator-5554 shell "/system/bin/rm /data/local/tmp/screenshot.png; /system/bin/screencap -p /data/local/tmp/screenshot.png "
&amp#27;[36minfo&amp#27;[39m: [debug] executing cmd: C:\Users\Raghavendra\AppData\Local\Android\sdk\platform-tools\adb.exe -s emulator-5554 pull /data/local/tmp/screenshot.png "C:\\Users\\RAGHAV~1\\AppData\\Local\\Temp\\appium117221-6924-jd1j65.png"
&amp#27;[36minfo&amp#27;[39m: [debug] Responding to client with success: {"status":0,"value":"iVBORw0KGgoAAAANSUhEUgAAAeAAAAMgCAYAAAD7o7EIAAAABHNCSVQICAgIfAhkiAAAIABJREFUeJzsvXuwbVld7/f5/caYc6219+5z+vQDgQakWyqgETHeXKGxsFTSFfpiqsSqRIsqqhAfFKVelLpYpmI0pVVRrECsqNxoRKtyY3k1Qq4SAqm6+IKECsFoXYzRLkpvXZBHd9N9XnvvteacY/zyx2+MOefaZ59z9mm6bZD1g91nPeYac8zx+H1/7yGAsaMd7WhHO9rRjv5eSZ/uDuxoRzva0Y529OVIOwDe0Y52tKMd7ehpoB0A72hHO9rRjnb0NNCXBACLyNPdhR3taEc72tGOnlT6kgDgl73sZbzoRS96uruxox3taEc72tGTRvHp7sCNSFW57777eMtb3sLx8TFvfvObefzxx5/ubu1oRzva0Y7+AdC3fdu38ZznPIff/u3fZrPZ3PDaxWLBS17yErqu48///M+v+f6rvuqreMUrXsHdd9/No48+yvvf/34++9nP3rDNL2oAjjHywAMPcP78ec6dO8erXvUqfud3foeU0tPdtR3taEc72tGXML3whS/kx37sx1gsFvze7/3edQH4m77pm/ie7/kenvvc59K2Le9+97uvAeBXv/rV/OAP/iAXL17kc5/7HC9/+ct5zWtew4//+I/zl3/5l9ftwxe1Cfree+/lla98JapKCIFXvvKV3HHHHU93t3a0ox3taEdf4vTDP/zDqN4cAh955BE+8IEP8M53vvPU7w8ODnjjG9/In/3Zn/Ha176WH/3RH+VNb3oTOWde//rX37DtM2nAIsKFCxd485vfzG/+5m/y4IMP8vDDD/PXf/3XPPDAA/z+7/8+b3jDG/jgBz/IPffcw1d+5Vfyvve9jwcffJCUEr/6q7/Kww8/jNmt1fz4gR/4AS5cuDAGYd177718+7d/O7/xG79xS+3saEc72tGOdlTpu7/7u3nhC1/Ihz70Ib71W79167vv...","sessionId":"411cab2c-cf83-4955-9718-22c4dbc23fc0"}
Screen ScreenShot Captured
&amp#27;[36minfo&amp#27;[39m: &amp#27;[37m<-- GET /wd/hub/session/411cab2c-cf83-4955-9718-22c4dbc23fc0/screenshot &amp#27;[39m&amp#27;[32m200&amp#27;[39m&amp#27;[90m 1498.940 ms - 501366&amp#27;[39m &amp#27;[90m{"status":0,"value":"iVBORw0KGgoAAAANSUhEUgAAAeAAAAMgCAYAAAD7o7EIAAAABHNCSVQICAgIfAhkiAAAIABJREFUeJzsvXuwbVld7/f5/caYc6219+5z+vQDgQakWyqgETHeXKGxsFTSFfpiqsSqRIsqqhAfFKVelLpYpmI0pVVRrECsqNxoRKtyY3k1Qq4SAqm6+IKECsFoXYzRLkpvXZBHd9N9XnvvteacY/zyx2+MOefaZ59z9mm6bZD1g91nPeYac8zx+H1/7yGAsaMd7WhHO9rRjv5eSZ/uDuxoRzva0Y529OVIOwDe0Y52tKMd7ehpoB0A72hHO9rRjnb0NNCXBACLyNPdhR3taEc72tGOnlT6kgDgl73sZbzoRS96uruxox3taEc72tGTRvHp7sCNSFW57777eMtb3sLx8TFvfvObefzxx5/ubu1oRzva0Y7+AdC3fdu38ZznPIff/u3fZrPZ3PDaxWLBS17yErqu48///M+v+f6rvuqreMUrXsHdd9/No48+yvvf/34++9nP3rDNL2oAjjHywAMPcP78ec6dO8erXvUqfud3foeU0tPdtR3taEc72tGXML3whS/kx37sx1gsFvze7/3edQH4m77pm/ie7/kenvvc59K2Le9+97uvAeBXv/rV/OAP/iAXL17kc5/7HC9/+ct5zWtew4//+I/zl3/5l9ftwxe1Cfree+/lla98JapKCIFXvvKV3HHHHU93t3a0ox3taEdf4vTDP/zDqN4cAh955BE+8IEP8M53vvPU7w8ODnjjG9/In/3Zn/Ha176WH/3RH+VNb3oTOWde//rX37DtM2nAIsKFCxd485vfzG/+5m/y4IMP8vDDD/PXf/3XPPDAA/z+7/8+b3jDG/jgBz/IPffcw1d+5Vfyvve9jwcffJCUEr/6q7/Kww8/jNmt1fz4gR/4AS5cuDAGYd177718+7d/O7/xG79xS+3saEc72tGOdlTpu7/7u3nhC1/Ihz70Ib71W79167vv...","sessionId":"411cab2c-cf83-4955-9718-22c4dbc23fc0"}&amp#27;[39m
&amp#27;[36minfo&amp#27;[39m: &amp#27;[37m-->&amp#27;[39m &amp#27;[37mPOST&amp#27;[39m &amp#27;[37m/wd/hub/session/411cab2c-cf83-4955-9718-22c4dbc23fc0/timeouts/implicit_wait&amp#27;[39m &amp#27;[90m{"ms":60000}&amp#27;[39m
&amp#27;[36minfo&amp#27;[39m: [debug] Set Android implicit wait to 60000ms
&amp#27;[36minfo&amp#27;[39m: [debug] Responding to client with success: {"status":0,"value":null,"sessionId":"411cab2c-cf83-4955-9718-22c4dbc23fc0"}
&amp#27;[36minfo&amp#27;[39m: &amp#27;[37m<-- POST /wd/hub/session/411cab2c-cf83-4955-9718-22c4dbc23fc0/timeouts/implicit_wait &amp#27;[39m&amp#27;[32m200&amp#27;[39m&amp#27;[90m 0.559 ms - 76&amp#27;[39m &amp#27;[90m{"status":0,"value":null,"sessionId":"411cab2c-cf83-4955-9718-22c4dbc23fc0"}&amp#27;[39m
&amp#27;[36minfo&amp#27;[39m: &amp#27;[37m-->&amp#27;[39m &amp#27;[37mPOST&amp#27;[39m &amp#27;[37m/wd/hub/session/411cab2c-cf83-4955-9718-22c4dbc23fc0/element&amp#27;[39m &amp#27;[90m{"using":"id","value":"com.popular.app.corp:id/btnLogin"}&amp#27;[39m
&amp#27;[36minfo&amp#27;[39m: [debug] Waiting up to 60000ms for condition
&amp#27;[36minfo&amp#27;[39m: [debug] Pushing command to appium work queue: ["find",{"strategy":"id","selector":"com.popular.app.corp:id/btnLogin","context":"","multiple":false}]
&amp#27;[36minfo&amp#27;[39m: [debug] [BOOTSTRAP] [debug] Got data from client: {"cmd":"action","action":"find","params":{"strategy":"id","selector":"com.popular.app.corp:id/btnLogin","context":"","multiple":false}}
&amp#27;[36minfo&amp#27;[39m: [debug] [BOOTSTRAP] [debug] Got command of type ACTION
&amp#27;[36minfo&amp#27;[39m: [debug] [BOOTSTRAP] [debug] Got command action: find
&amp#27;[36minfo&amp#27;[39m: [debug] [BOOTSTRAP] [debug] Finding com.popular.app.corp:id/btnLogin using ID with the contextId:  multiple: false
&amp#27;[36minfo&amp#27;[39m: [debug] [BOOTSTRAP] [debug] Using: UiSelector[INSTANCE=0, RESOURCE_ID=com.popular.app.corp:id/btnLogin]
&amp#27;[36minfo&amp#27;[39m: [debug] [BOOTSTRAP] [debug] Returning result: {"value":{"ELEMENT":"1"},"status":0}
&amp#27;[36minfo&amp#27;[39m: [debug] Responding to client with success: {"status":0,"value":{"ELEMENT":"1"},"sessionId":"411cab2c-cf83-4955-9718-22c4dbc23fc0"}
&amp#27;[36minfo&amp#27;[39m: &amp#27;[37m<-- POST /wd/hub/session/411cab2c-cf83-4955-9718-22c4dbc23fc0/element &amp#27;[39m&amp#27;[32m200&amp#27;[39m&amp#27;[90m 7.764 ms - 87&amp#27;[39m &amp#27;[90m{"status":0,"value":{"ELEMENT":"1"},"sessionId":"411cab2c-cf83-4955-9718-22c4dbc23fc0"}&amp#27;[39m
&amp#27;[36minfo&amp#27;[39m: &amp#27;[37m-->&amp#27;[39m &amp#27;[37mGET&amp#27;[39m &amp#27;[37m/wd/hub/session/411cab2c-cf83-4955-9718-22c4dbc23fc0/element/1/text&amp#27;[39m &amp#27;[90m{}&amp#27;[39m
&amp#27;[36minfo&amp#27;[39m: [debug] Pushing command to appium work queue: ["element:getText",{"elementId":"1"}]
&amp#27;[36minfo&amp#27;[39m: [debug] [BOOTSTRAP] [debug] Got data from client: {"cmd":"action","action":"element:getText","params":{"elementId":"1"}}
&amp#27;[36minfo&amp#27;[39m: [debug] [BOOTSTRAP] [debug] Got command of type ACTION
&amp#27;[36minfo&amp#27;[39m: [debug] [BOOTSTRAP] [debug] Got command action: getText
&amp#27;[36minfo&amp#27;[39m: [debug] [BOOTSTRAP] [debug] Returning result: {"value":"ACCEDER","status":0}
&amp#27;[36minfo&amp#27;[39m: [debug] Responding to client with success: {"status":0,"value":"ACCEDER","sessionId":"411cab2c-cf83-4955-9718-22c4dbc23fc0"}
&amp#27;[36minfo&amp#27;[39m: &amp#27;[37m<-- GET /wd/hub/session/411cab2c-cf83-4955-9718-22c4dbc23fc0/element/1/text &amp#27;[39m&amp#27;[32m200&amp#27;[39m&amp#27;[90m 30.651 ms - 81&amp#27;[39m &amp#27;[90m{"status":0,"value":"ACCEDER","sessionId":"411cab2c-cf83-4955-9718-22c4dbc23fc0"}&amp#27;[39m
TEST CASE- Valid Registration : User Enters Correct Empress, Usario & Password.
&amp#27;[36minfo&amp#27;[39m: &amp#27;[37m-->&amp#27;[39m &amp#27;[37mPOST&amp#27;[39m &amp#27;[37m/wd/hub/session/411cab2c-cf83-4955-9718-22c4dbc23fc0/element&amp#27;[39m &amp#27;[90m{"using":"id","value":"com.popular.app.corp:id/btnLogin"}&amp#27;[39m
&amp#27;[36minfo&amp#27;[39m: [debug] Waiting up to 60000ms for condition
&amp#27;[36minfo&amp#27;[39m: [debug] Pushing command to appium work queue: ["find",{"strategy":"id","selector":"com.popular.app.corp:id/btnLogin","context":"","multiple":false}]
&amp#27;[36minfo&amp#27;[39m: [debug] [BOOTSTRAP] [debug] Got data from client: {"cmd":"action","action":"find","params":{"strategy":"id","selector":"com.popular.app.corp:id/btnLogin","context":"","multiple":false}}
&amp#27;[36minfo&amp#27;[39m: [debug] [BOOTSTRAP] [debug] Got command of type ACTION
&amp#27;[36minfo&amp#27;[39m: [debug] [BOOTSTRAP] [debug] Got command action: find
&amp#27;[36minfo&amp#27;[39m: [debug] [BOOTSTRAP] [debug] Finding com.popular.app.corp:id/btnLogin using ID with the contextId:  multiple: false
&amp#27;[36minfo&amp#27;[39m: [debug] [BOOTSTRAP] [debug] Using: UiSelector[INSTANCE=0, RESOURCE_ID=com.popular.app.corp:id/btnLogin]
&amp#27;[36minfo&amp#27;[39m: [debug] [BOOTSTRAP] [debug] Returning result: {"value":{"ELEMENT":"2"},"status":0}
&amp#27;[36minfo&amp#27;[39m: [debug] Responding to client with success: {"status":0,"value":{"ELEMENT":"2"},"sessionId":"411cab2c-cf83-4955-9718-22c4dbc23fc0"}
&amp#27;[36minfo&amp#27;[39m: &amp#27;[37m<-- POST /wd/hub/session/411cab2c-cf83-4955-9718-22c4dbc23fc0/element &amp#27;[39m&amp#27;[32m200&amp#27;[39m&amp#27;[90m 90.628 ms - 87&amp#27;[39m &amp#27;[90m{"status":0,"value":{"ELEMENT":"2"},"sessionId":"411cab2c-cf83-4955-9718-22c4dbc23fc0"}&amp#27;[39m
&amp#27;[36minfo&amp#27;[39m: &amp#27;[37m-->&amp#27;[39m &amp#27;[37mGET&amp#27;[39m &amp#27;[37m/wd/hub/session/411cab2c-cf83-4955-9718-22c4dbc23fc0/element/2/text&amp#27;[39m &amp#27;[90m{}&amp#27;[39m
&amp#27;[36minfo&amp#27;[39m: [debug] Pushing command to appium work queue: ["element:getText",{"elementId":"2"}]
&amp#27;[36minfo&amp#27;[39m: [debug] [BOOTSTRAP] [debug] Got data from client: {"cmd":"action","action":"element:getText","params":{"elementId":"2"}}
&amp#27;[36minfo&amp#27;[39m: [debug] [BOOTSTRAP] [debug] Got command of type ACTION
&amp#27;[36minfo&amp#27;[39m: [debug] [BOOTSTRAP] [debug] Got command action: getText
&amp#27;[36minfo&amp#27;[39m: [debug] [BOOTSTRAP] [debug] Returning result: {"value":"ACCEDER","status":0}
&amp#27;[36minfo&amp#27;[39m: [debug] Responding to client with success: {"status":0,"value":"ACCEDER","sessionId":"411cab2c-cf83-4955-9718-22c4dbc23fc0"}
&amp#27;[36minfo&amp#27;[39m: &amp#27;[37m<-- GET /wd/hub/session/411cab2c-cf83-4955-9718-22c4dbc23fc0/element/2/text &amp#27;[39m&amp#27;[32m200&amp#27;[39m&amp#27;[90m 75.401 ms - 81&amp#27;[39m &amp#27;[90m{"status":0,"value":"ACCEDER","sessionId":"411cab2c-cf83-4955-9718-22c4dbc23fc0"}&amp#27;[39m
&amp#27;[36minfo&amp#27;[39m: &amp#27;[37m-->&amp#27;[39m &amp#27;[37mPOST&amp#27;[39m &amp#27;[37m/wd/hub/session/411cab2c-cf83-4955-9718-22c4dbc23fc0/element&amp#27;[39m &amp#27;[90m{"using":"id","value":"com.popular.app.corp:id/editBusinessName"}&amp#27;[39m
&amp#27;[36minfo&amp#27;[39m: [debug] Waiting up to 60000ms for condition
&amp#27;[36minfo&amp#27;[39m: [debug] Pushing command to appium work queue: ["find",{"strategy":"id","selector":"com.popular.app.corp:id/editBusinessName","context":"","multiple":false}]
&amp#27;[36minfo&amp#27;[39m: [debug] [BOOTSTRAP] [debug] Got data from client: {"cmd":"action","action":"find","params":{"strategy":"id","selector":"com.popular.app.corp:id/editBusinessName","context":"","multiple":false}}
&amp#27;[36minfo&amp#27;[39m: [debug] [BOOTSTRAP] [debug] Got command of type ACTION
&amp#27;[36minfo&amp#27;[39m: [debug] [BOOTSTRAP] [debug] Got command action: find
&amp#27;[36minfo&amp#27;[39m: [debug] [BOOTSTRAP] [debug] Finding com.popular.app.corp:id/editBusinessName using ID with the contextId:  multiple: false
&amp#27;[36minfo&amp#27;[39m: [debug] [BOOTSTRAP] [debug] Using: UiSelector[INSTANCE=0, RESOURCE_ID=com.popular.app.corp:id/editBusinessName]
&amp#27;[36minfo&amp#27;[39m: [debug] [BOOTSTRAP] [debug] Returning result: {"value":{"ELEMENT":"3"},"status":0}
&amp#27;[36minfo&amp#27;[39m: [debug] Responding to client with success: {"status":0,"value":{"ELEMENT":"3"},"sessionId":"411cab2c-cf83-4955-9718-22c4dbc23fc0"}
&amp#27;[36minfo&amp#27;[39m: &amp#27;[37m<-- POST /wd/hub/session/411cab2c-cf83-4955-9718-22c4dbc23fc0/element &amp#27;[39m&amp#27;[32m200&amp#27;[39m&amp#27;[90m 8.003 ms - 87&amp#27;[39m &amp#27;[90m{"status":0,"value":{"ELEMENT":"3"},"sessionId":"411cab2c-cf83-4955-9718-22c4dbc23fc0"}&amp#27;[39m
&amp#27;[36minfo&amp#27;[39m: &amp#27;[37m-->&amp#27;[39m &amp#27;[37mPOST&amp#27;[39m &amp#27;[37m/wd/hub/session/411cab2c-cf83-4955-9718-22c4dbc23fc0/element/3/value&amp#27;[39m &amp#27;[90m{"id":"3","value":["limansa1"]}&amp#27;[39m
&amp#27;[36minfo&amp#27;[39m: [debug] Pushing command to appium work queue: ["element:setText",{"elementId":"3","text":"limansa1","replace":false}]
&amp#27;[36minfo&amp#27;[39m: [debug] [BOOTSTRAP] [debug] Got data from client: {"cmd":"action","action":"element:setText","params":{"elementId":"3","text":"limansa1","replace":false}}
&amp#27;[36minfo&amp#27;[39m: [debug] [BOOTSTRAP] [debug] Got command of type ACTION
&amp#27;[36minfo&amp#27;[39m: [debug] [BOOTSTRAP] [debug] Got command action: setText
&amp#27;[36minfo&amp#27;[39m: [debug] [BOOTSTRAP] [debug] Using element passed in.
&amp#27;[36minfo&amp#27;[39m: [debug] [BOOTSTRAP] [debug] Attempting to clear using UiObject.clearText().
&amp#27;[36minfo&amp#27;[39m: [debug] [BOOTSTRAP] [debug] Text remains after clearing, but it appears to be hint text.
&amp#27;[36minfo&amp#27;[39m: [debug] [BOOTSTRAP] [debug] Text not cleared. Assuming remainder is hint text.
&amp#27;[36minfo&amp#27;[39m: [debug] [BOOTSTRAP] [debug] Sending plain text to element: limansa1
&amp#27;[36minfo&amp#27;[39m: [debug] [BOOTSTRAP] [debug] Returning result: {"value":true,"status":0}
&amp#27;[36minfo&amp#27;[39m: [debug] Responding to client with success: {"status":0,"value":true,"sessionId":"411cab2c-cf83-4955-9718-22c4dbc23fc0"}
&amp#27;[36minfo&amp#27;[39m: &amp#27;[37m<-- POST /wd/hub/session/411cab2c-cf83-4955-9718-22c4dbc23fc0/element/3/value &amp#27;[39m&amp#27;[32m200&amp#27;[39m&amp#27;[90m 5332.558 ms - 76&amp#27;[39m &amp#27;[90m{"status":0,"value":true,"sessionId":"411cab2c-cf83-4955-9718-22c4dbc23fc0"}&amp#27;[39m
&amp#27;[36minfo&amp#27;[39m: &amp#27;[37m-->&amp#27;[39m &amp#27;[37mGET&amp#27;[39m &amp#27;[37m/wd/hub/session/411cab2c-cf83-4955-9718-22c4dbc23fc0/screenshot&amp#27;[39m &amp#27;[90m{}&amp#27;[39m
&amp#27;[36minfo&amp#27;[39m: [debug] executing cmd: C:\Users\Raghavendra\AppData\Local\Android\sdk\platform-tools\adb.exe -s emulator-5554 shell "/system/bin/rm /data/local/tmp/screenshot.png; /system/bin/screencap -p /data/local/tmp/screenshot.png "
&amp#27;[36minfo&amp#27;[39m: [debug] executing cmd: C:\Users\Raghavendra\AppData\Local\Android\sdk\platform-tools\adb.exe -s emulator-5554 pull /data/local/tmp/screenshot.png "C:\\Users\\RAGHAV~1\\AppData\\Local\\Temp\\appium117221-6924-1fwy55g.png"
&amp#27;[36minfo&amp#27;[39m: [debug] Responding to client with success: {"status":0,"value":"iVBORw0KGgoAAAANSUhEUgAAAeAAAAMgCAYAAAD7o7EIAAAABHNCSVQICAgIfAhkiAAAIABJREFUeJzsvXuwbVld7/f5/caYc6219+5z+vQDgQakWyqgETHeXKGxsFTSFfpiqsSqRIsqqhAfFKVelLpYpmI0pVVRrECsqNxoRKtyY3k1Qq4SAqm6+IKECsFoXYzRLkpvXZBHd9N9XnvvteacY/zyx2+MOefaZ59z9mm6bZD1g91nPeYac8zx+H1/7yGAsaMd7WhHO9rRjv5eSZ/uDuxoRzva0Y529OVIOwDe0Y52tKMd7ehpoB0A72hHO9rRjnb0NNCXBACLyNPdhR3taEc72tGOnlT6kgDgl73sZbzoRS96uruxox3taEc72tGTRvHp7sCNSFW57777eMtb3sLx8TFvfvObefzxx5/ubu1oRzva0Y7+AdC3fdu38ZznPIff/u3fZrPZ3PDaxWLBS17yErqu48///M+v+f6rvuqreMUrXsHdd9/No48+yvvf/34++9nP3rDNL2oAjjHywAMPcP78ec6dO8erXvUqfud3foeU0tPdtR3taEc72tGXML3whS/kx37sx1gsFvze7/3edQH4m77pm/ie7/kenvvc59K2Le9+97uvAeBXv/rV/OAP/iAXL17kc5/7HC9/+ct5zWtew4//+I/zl3/5l9ftwxe1Cfree+/lla98JapKCIFXvvKV3HHHHU93t3a0ox3taEdf4vTDP/zDqN4cAh955BE+8IEP8M53vvPU7w8ODnjjG9/In/3Zn/Ha176WH/3RH+VNb3oTOWde//rX37DtM2nAIsKFCxd485vfzG/+5m/y4IMP8vDDD/PXf/3XPPDAA/z+7/8+b3jDG/jgBz/IPffcw1d+5Vfyvve9jwcffJCUEr/6q7/Kww8/jNmt1fz4gR/4AS5cuDAGYd177718+7d/O7/xG79xS+3saEc72tGOdlTpu7/7u3nhC1/Ihz70Ib71W79167vv...","sessionId":"411cab2c-cf83-4955-9718-22c4dbc23fc0"}
&amp#27;[36minfo&amp#27;[39m: &amp#27;[37m<-- GET /wd/hub/session/411cab2c-cf83-4955-9718-22c4dbc23fc0/screenshot &amp#27;[39m&amp#27;[32m200&amp#27;[39m&amp#27;[90m 1696.270 ms - 500738&amp#27;[39m &amp#27;[90m{"status":0,"value":"iVBORw0KGgoAAAANSUhEUgAAAeAAAAMgCAYAAAD7o7EIAAAABHNCSVQICAgIfAhkiAAAIABJREFUeJzsvXuwbVld7/f5/caYc6219+5z+vQDgQakWyqgETHeXKGxsFTSFfpiqsSqRIsqqhAfFKVelLpYpmI0pVVRrECsqNxoRKtyY3k1Qq4SAqm6+IKECsFoXYzRLkpvXZBHd9N9XnvvteacY/zyx2+MOefaZ59z9mm6bZD1g91nPeYac8zx+H1/7yGAsaMd7WhHO9rRjv5eSZ/uDuxoRzva0Y529OVIOwDe0Y52tKMd7ehpoB0A72hHO9rRjnb0NNCXBACLyNPdhR3taEc72tGOnlT6kgDgl73sZbzoRS96uruxox3taEc72tGTRvHp7sCNSFW57777eMtb3sLx8TFvfvObefzxx5/ubu1oRzva0Y7+AdC3fdu38ZznPIff/u3fZrPZ3PDaxWLBS17yErqu48///M+v+f6rvuqreMUrXsHdd9/No48+yvvf/34++9nP3rDNL2oAjjHywAMPcP78ec6dO8erXvUqfud3foeU0tPdtR3taEc72tGXML3whS/kx37sx1gsFvze7/3edQH4m77pm/ie7/kenvvc59K2Le9+97uvAeBXv/rV/OAP/iAXL17kc5/7HC9/+ct5zWtew4//+I/zl3/5l9ftwxe1Cfree+/lla98JapKCIFXvvKV3HHHHU93t3a0ox3taEdf4vTDP/zDqN4cAh955BE+8IEP8M53vvPU7w8ODnjjG9/In/3Zn/Ha176WH/3RH+VNb3oTOWde//rX37DtM2nAIsKFCxd485vfzG/+5m/y4IMP8vDDD/PXf/3XPPDAA/z+7/8+b3jDG/jgBz/IPffcw1d+5Vfyvve9jwcffJCUEr/6q7/Kww8/jNmt1fz4gR/4AS5cuDAGYd177718+7d/O7/xG79xS+3saEc72tGOdlTpu7/7u3nhC1/Ihz70Ib71W79167vv...","sessionId":"411cab2c-cf83-4955-9718-22c4dbc23fc0"}&amp#27;[39m
Screen ScreenShot Captured
&amp#27;[36minfo&amp#27;[39m: &amp#27;[37m-->&amp#27;[39m &amp#27;[37mPOST&amp#27;[39m &amp#27;[37m/wd/hub/session/411cab2c-cf83-4955-9718-22c4dbc23fc0/element&amp#27;[39m &amp#27;[90m{"using":"id","value":"com.popular.app.corp:id/editUsername"}&amp#27;[39m
&amp#27;[36minfo&amp#27;[39m: [debug] Waiting up to 60000ms for condition
&amp#27;[36minfo&amp#27;[39m: [debug] Pushing command to appium work queue: ["find",{"strategy":"id","selector":"com.popular.app.corp:id/editUsername","context":"","multiple":false}]
&amp#27;[36minfo&amp#27;[39m: [debug] [BOOTSTRAP] [debug] Got data from client: {"cmd":"action","action":"find","params":{"strategy":"id","selector":"com.popular.app.corp:id/editUsername","context":"","multiple":false}}
&amp#27;[36minfo&amp#27;[39m: [debug] [BOOTSTRAP] [debug] Got command of type ACTION
&amp#27;[36minfo&amp#27;[39m: [debug] [BOOTSTRAP] [debug] Got command action: find
&amp#27;[36minfo&amp#27;[39m: [debug] [BOOTSTRAP] [debug] Finding com.popular.app.corp:id/editUsername using ID with the contextId:  multiple: false
&amp#27;[36minfo&amp#27;[39m: [debug] [BOOTSTRAP] [debug] Using: UiSelector[INSTANCE=0, RESOURCE_ID=com.popular.app.corp:id/editUsername]
&amp#27;[36minfo&amp#27;[39m: [debug] [BOOTSTRAP] [debug] Returning result: {"value":{"ELEMENT":"4"},"status":0}
&amp#27;[36minfo&amp#27;[39m: [debug] Responding to client with success: {"status":0,"value":{"ELEMENT":"4"},"sessionId":"411cab2c-cf83-4955-9718-22c4dbc23fc0"}
&amp#27;[36minfo&amp#27;[39m: &amp#27;[37m<-- POST /wd/hub/session/411cab2c-cf83-4955-9718-22c4dbc23fc0/element &amp#27;[39m&amp#27;[32m200&amp#27;[39m&amp#27;[90m 45.961 ms - 87&amp#27;[39m &amp#27;[90m{"status":0,"value":{"ELEMENT":"4"},"sessionId":"411cab2c-cf83-4955-9718-22c4dbc23fc0"}&amp#27;[39m
&amp#27;[36minfo&amp#27;[39m: &amp#27;[37m-->&amp#27;[39m &amp#27;[37mPOST&amp#27;[39m &amp#27;[37m/wd/hub/session/411cab2c-cf83-4955-9718-22c4dbc23fc0/element/4/value&amp#27;[39m &amp#27;[90m{"id":"4","value":["limansa"]}&amp#27;[39m
&amp#27;[36minfo&amp#27;[39m: [debug] Pushing command to appium work queue: ["element:setText",{"elementId":"4","text":"limansa","replace":false}]
&amp#27;[36minfo&amp#27;[39m: [debug] [BOOTSTRAP] [debug] Got data from client: {"cmd":"action","action":"element:setText","params":{"elementId":"4","text":"limansa","replace":false}}
&amp#27;[36minfo&amp#27;[39m: [debug] [BOOTSTRAP] [debug] Got command of type ACTION
&amp#27;[36minfo&amp#27;[39m: [debug] [BOOTSTRAP] [debug] Got command action: setText
&amp#27;[36minfo&amp#27;[39m: [debug] [BOOTSTRAP] [debug] Using element passed in.
&amp#27;[36minfo&amp#27;[39m: [debug] [BOOTSTRAP] [debug] Attempting to clear using UiObject.clearText().
&amp#27;[36minfo&amp#27;[39m: [debug] [BOOTSTRAP] [debug] Text remains after clearing, but it appears to be hint text.
&amp#27;[36minfo&amp#27;[39m: [debug] [BOOTSTRAP] [debug] Text not cleared. Assuming remainder is hint text.
&amp#27;[36minfo&amp#27;[39m: [debug] [BOOTSTRAP] [debug] Sending plain text to element: limansa
&amp#27;[36minfo&amp#27;[39m: [debug] [BOOTSTRAP] [debug] Returning result: {"value":true,"status":0}
&amp#27;[36minfo&amp#27;[39m: [debug] Responding to client with success: {"status":0,"value":true,"sessionId":"411cab2c-cf83-4955-9718-22c4dbc23fc0"}
&amp#27;[36minfo&amp#27;[39m: &amp#27;[37m<-- POST /wd/hub/session/411cab2c-cf83-4955-9718-22c4dbc23fc0/element/4/value &amp#27;[39m&amp#27;[32m200&amp#27;[39m&amp#27;[90m 5884.735 ms - 76&amp#27;[39m &amp#27;[90m{"status":0,"value":true,"sessionId":"411cab2c-cf83-4955-9718-22c4dbc23fc0"}&amp#27;[39m
&amp#27;[36minfo&amp#27;[39m: &amp#27;[37m-->&amp#27;[39m &amp#27;[37mGET&amp#27;[39m &amp#27;[37m/wd/hub/session/411cab2c-cf83-4955-9718-22c4dbc23fc0/screenshot&amp#27;[39m &amp#27;[90m{}&amp#27;[39m
&amp#27;[36minfo&amp#27;[39m: [debug] executing cmd: C:\Users\Raghavendra\AppData\Local\Android\sdk\platform-tools\adb.exe -s emulator-5554 shell "/system/bin/rm /data/local/tmp/screenshot.png; /system/bin/screencap -p /data/local/tmp/screenshot.png "
&amp#27;[36minfo&amp#27;[39m: [debug] executing cmd: C:\Users\Raghavendra\AppData\Local\Android\sdk\platform-tools\adb.exe -s emulator-5554 pull /data/local/tmp/screenshot.png "C:\\Users\\RAGHAV~1\\AppData\\Local\\Temp\\appium117221-6924-12gld5l.png"
&amp#27;[36minfo&amp#27;[39m: [debug] Responding to client with success: {"status":0,"value":"iVBORw0KGgoAAAANSUhEUgAAAeAAAAMgCAYAAAD7o7EIAAAABHNCSVQICAgIfAhkiAAAIABJREFUeJzsvXuwbVld7/f5/caYc6219+5z+vQDgQakWyqgETHeXKGxsFTSFfpiqsSqRIsqqhAfFKVelLpYpmI0pVVRrECsqNxoRKtyY3k1Qq4SAqm6+IKECsFoXYzRLkpvXZBHd9N9XnvvteacY/zyx2+MOefaZ59z9mm6bZD1g91nPeYac8zx+H1/7yGAsaMd7WhHO9rRjv5eSZ/uDuxoRzva0Y529OVIOwDe0Y52tKMd7ehpoB0A72hHO9rRjnb0NNCXBACLyNPdhR3taEc72tGOnlT6kgDgl73sZbzoRS96uruxox3taEc72tGTRvHp7sCNSFW57777eMtb3sLx8TFvfvObefzxx5/ubu1oRzva0Y7+AdC3fdu38ZznPIff/u3fZrPZ3PDaxWLBS17yErqu48///M+v+f6rvuqreMUrXsHdd9/No48+yvvf/34++9nP3rDNL2oAjjHywAMPcP78ec6dO8erXvUqfud3foeU0tPdtR3taEc72tGXML3whS/kx37sx1gsFvze7/3edQH4m77pm/ie7/kenvvc59K2Le9+97uvAeBXv/rV/OAP/iAXL17kc5/7HC9/+ct5zWtew4//+I/zl3/5l9ftwxe1Cfree+/lla98JapKCIFXvvKV3HHHHU93t3a0ox3taEdf4vTDP/zDqN4cAh955BE+8IEP8M53vvPU7w8ODnjjG9/In/3Zn/Ha176WH/3RH+VNb3oTOWde//rX37DtM2nAIsKFCxd485vfzG/+5m/y4IMP8vDDD/PXf/3XPPDAA/z+7/8+b3jDG/jgBz/IPffcw1d+5Vfyvve9jwcffJCUEr/6q7/Kww8/jNmt1fz4gR/4AS5cuDAGYd177718+7d/O7/xG79xS+3saEc72tGOdlTpu7/7u3nhC1/Ihz70Ib71W79167vv...","sessionId":"411cab2c-cf83-4955-9718-22c4dbc23fc0"}
&amp#27;[36minfo&amp#27;[39m: &amp#27;[37m<-- GET /wd/hub/session/411cab2c-cf83-4955-9718-22c4dbc23fc0/screenshot &amp#27;[39m&amp#27;[32m200&amp#27;[39m&amp#27;[90m 2283.975 ms - 499814&amp#27;[39m &amp#27;[90m{"status":0,"value":"iVBORw0KGgoAAAANSUhEUgAAAeAAAAMgCAYAAAD7o7EIAAAABHNCSVQICAgIfAhkiAAAIABJREFUeJzsvXuwbVld7/f5/caYc6219+5z+vQDgQakWyqgETHeXKGxsFTSFfpiqsSqRIsqqhAfFKVelLpYpmI0pVVRrECsqNxoRKtyY3k1Qq4SAqm6+IKECsFoXYzRLkpvXZBHd9N9XnvvteacY/zyx2+MOefaZ59z9mm6bZD1g91nPeYac8zx+H1/7yGAsaMd7WhHO9rRjv5eSZ/uDuxoRzva0Y529OVIOwDe0Y52tKMd7ehpoB0A72hHO9rRjnb0NNCXBACLyNPdhR3taEc72tGOnlT6kgDgl73sZbzoRS96uruxox3taEc72tGTRvHp7sCNSFW57777eMtb3sLx8TFvfvObefzxx5/ubu1oRzva0Y7+AdC3fdu38ZznPIff/u3fZrPZ3PDaxWLBS17yErqu48///M+v+f6rvuqreMUrXsHdd9/No48+yvvf/34++9nP3rDNL2oAjjHywAMPcP78ec6dO8erXvUqfud3foeU0tPdtR3taEc72tGXML3whS/kx37sx1gsFvze7/3edQH4m77pm/ie7/kenvvc59K2Le9+97uvAeBXv/rV/OAP/iAXL17kc5/7HC9/+ct5zWtew4//+I/zl3/5l9ftwxe1Cfree+/lla98JapKCIFXvvKV3HHHHU93t3a0ox3taEdf4vTDP/zDqN4cAh955BE+8IEP8M53vvPU7w8ODnjjG9/In/3Zn/Ha176WH/3RH+VNb3oTOWde//rX37DtM2nAIsKFCxd485vfzG/+5m/y4IMP8vDDD/PXf/3XPPDAA/z+7/8+b3jDG/jgBz/IPffcw1d+5Vfyvve9jwcffJCUEr/6q7/Kww8/jNmt1fz4gR/4AS5cuDAGYd177718+7d/O7/xG79xS+3saEc72tGOdlTpu7/7u3nhC1/Ihz70Ib71W79167vv...","sessionId":"411cab2c-cf83-4955-9718-22c4dbc23fc0"}&amp#27;[39m
Screen ScreenShot Captured
&amp#27;[36minfo&amp#27;[39m: &amp#27;[37m-->&amp#27;[39m &amp#27;[37mPOST&amp#27;[39m &amp#27;[37m/wd/hub/session/411cab2c-cf83-4955-9718-22c4dbc23fc0/element&amp#27;[39m &amp#27;[90m{"using":"id","value":"com.popular.app.corp:id/editPassword"}&amp#27;[39m
&amp#27;[36minfo&amp#27;[39m: [debug] Waiting up to 60000ms for condition
&amp#27;[36minfo&amp#27;[39m: [debug] Pushing command to appium work queue: ["find",{"strategy":"id","selector":"com.popular.app.corp:id/editPassword","context":"","multiple":false}]
&amp#27;[36minfo&amp#27;[39m: [debug] [BOOTSTRAP] [debug] Got data from client: {"cmd":"action","action":"find","params":{"strategy":"id","selector":"com.popular.app.corp:id/editPassword","context":"","multiple":false}}
&amp#27;[36minfo&amp#27;[39m: [debug] [BOOTSTRAP] [debug] Got command of type ACTION
&amp#27;[36minfo&amp#27;[39m: [debug] [BOOTSTRAP] [debug] Got command action: find
&amp#27;[36minfo&amp#27;[39m: [debug] [BOOTSTRAP] [debug] Finding com.popular.app.corp:id/editPassword using ID with the contextId:  multiple: false
&amp#27;[36minfo&amp#27;[39m: [debug] [BOOTSTRAP] [debug] Using: UiSelector[INSTANCE=0, RESOURCE_ID=com.popular.app.corp:id/editPassword]
&amp#27;[36minfo&amp#27;[39m: [debug] [BOOTSTRAP] [debug] Returning result: {"value":{"ELEMENT":"5"},"status":0}
&amp#27;[36minfo&amp#27;[39m: [debug] Responding to client with success: {"status":0,"value":{"ELEMENT":"5"},"sessionId":"411cab2c-cf83-4955-9718-22c4dbc23fc0"}
&amp#27;[36minfo&amp#27;[39m: &amp#27;[37m<-- POST /wd/hub/session/411cab2c-cf83-4955-9718-22c4dbc23fc0/element &amp#27;[39m&amp#27;[32m200&amp#27;[39m&amp#27;[90m 7.195 ms - 87&amp#27;[39m &amp#27;[90m{"status":0,"value":{"ELEMENT":"5"},"sessionId":"411cab2c-cf83-4955-9718-22c4dbc23fc0"}&amp#27;[39m
&amp#27;[36minfo&amp#27;[39m: &amp#27;[37m-->&amp#27;[39m &amp#27;[37mPOST&amp#27;[39m &amp#27;[37m/wd/hub/session/411cab2c-cf83-4955-9718-22c4dbc23fc0/element/5/value&amp#27;[39m &amp#27;[90m{"id":"5","value":["321321"]}&amp#27;[39m
&amp#27;[36minfo&amp#27;[39m: [debug] Pushing command to appium work queue: ["element:setText",{"elementId":"5","text":"321321","replace":false}]
&amp#27;[36minfo&amp#27;[39m: [debug] [BOOTSTRAP] [debug] Got data from client: {"cmd":"action","action":"element:setText","params":{"elementId":"5","text":"321321","replace":false}}
&amp#27;[36minfo&amp#27;[39m: [debug] [BOOTSTRAP] [debug] Got command of type ACTION
&amp#27;[36minfo&amp#27;[39m: [debug] [BOOTSTRAP] [debug] Got command action: setText
&amp#27;[36minfo&amp#27;[39m: [debug] [BOOTSTRAP] [debug] Using element passed in.
&amp#27;[36minfo&amp#27;[39m: [debug] [BOOTSTRAP] [debug] Attempting to clear using UiObject.clearText().
&amp#27;[36minfo&amp#27;[39m: [debug] [BOOTSTRAP] [debug] Sending plain text to element: 321321
&amp#27;[36minfo&amp#27;[39m: [debug] [BOOTSTRAP] [debug] Returning result: {"value":true,"status":0}
&amp#27;[36minfo&amp#27;[39m: [debug] Responding to client with success: {"status":0,"value":true,"sessionId":"411cab2c-cf83-4955-9718-22c4dbc23fc0"}
&amp#27;[36minfo&amp#27;[39m: &amp#27;[37m<-- POST /wd/hub/session/411cab2c-cf83-4955-9718-22c4dbc23fc0/element/5/value &amp#27;[39m&amp#27;[32m200&amp#27;[39m&amp#27;[90m 5141.891 ms - 76&amp#27;[39m &amp#27;[90m{"status":0,"value":true,"sessionId":"411cab2c-cf83-4955-9718-22c4dbc23fc0"}&amp#27;[39m
&amp#27;[36minfo&amp#27;[39m: &amp#27;[37m-->&amp#27;[39m &amp#27;[37mGET&amp#27;[39m &amp#27;[37m/wd/hub/session/411cab2c-cf83-4955-9718-22c4dbc23fc0/screenshot&amp#27;[39m &amp#27;[90m{}&amp#27;[39m
&amp#27;[36minfo&amp#27;[39m: [debug] executing cmd: C:\Users\Raghavendra\AppData\Local\Android\sdk\platform-tools\adb.exe -s emulator-5554 shell "/system/bin/rm /data/local/tmp/screenshot.png; /system/bin/screencap -p /data/local/tmp/screenshot.png "
&amp#27;[36minfo&amp#27;[39m: [debug] executing cmd: C:\Users\Raghavendra\AppData\Local\Android\sdk\platform-tools\adb.exe -s emulator-5554 pull /data/local/tmp/screenshot.png "C:\\Users\\RAGHAV~1\\AppData\\Local\\Temp\\appium117221-6924-1dm3t81.png"
&amp#27;[36minfo&amp#27;[39m: [debug] Responding to client with success: {"status":0,"value":"iVBORw0KGgoAAAANSUhEUgAAAeAAAAMgCAYAAAD7o7EIAAAABHNCSVQICAgIfAhkiAAAIABJREFUeJzsvXuwbVld7/f5/caYc6219+5z+vQDgQakWyqgETHeXKGxsFTSFfpiqsSqRIsqqhAfFKVelLpYpmI0pVVRrECsqNxoRKtyY3k1Qq4SAqm6+IKECsFoXYzRLkpvXZBHd9N9XnvvteacY/zyx2+MOefaZ59z9mm6bZD1g91nPeYac8zx+H1/7yGAsaMd7WhHO9rRjv5eSZ/uDuxoRzva0Y529OVIOwDe0Y52tKMd7ehpoB0A72hHO9rRjnb0NNCXBACLyNPdhR3taEc72tGOnlT6kgDgl73sZbzoRS96uruxox3taEc72tGTRvHp7sCNSFW57777eMtb3sLx8TFvfvObefzxx5/ubu1oRzva0Y7+AdC3fdu38ZznPIff/u3fZrPZ3PDaxWLBS17yErqu48///M+v+f6rvuqreMUrXsHdd9/No48+yvvf/34++9nP3rDNL2oAjjHywAMPcP78ec6dO8erXvUqfud3foeU0tPdtR3taEc72tGXML3whS/kx37sx1gsFvze7/3edQH4m77pm/ie7/kenvvc59K2Le9+97uvAeBXv/rV/OAP/iAXL17kc5/7HC9/+ct5zWtew4//+I/zl3/5l9ftwxe1Cfree+/lla98JapKCIFXvvKV3HHHHU93t3a0ox3taEdf4vTDP/zDqN4cAh955BE+8IEP8M53vvPU7w8ODnjjG9/In/3Zn/Ha176WH/3RH+VNb3oTOWde//rX37DtM2nAIsKFCxd485vfzG/+5m/y4IMP8vDDD/PXf/3XPPDAA/z+7/8+b3jDG/jgBz/IPffcw1d+5Vfyvve9jwcffJCUEr/6q7/Kww8/jNmt1fz4gR/4AS5cuDAGYd177718+7d/O7/xG79xS+3saEc72tGOdlTpu7/7u3nhC1/Ihz70Ib71W79167vv...","sessionId":"411cab2c-cf83-4955-9718-22c4dbc23fc0"}
&amp#27;[36minfo&amp#27;[39m: &amp#27;[37m<-- GET /wd/hub/session/411cab2c-cf83-4955-9718-22c4dbc23fc0/screenshot &amp#27;[39m&amp#27;[32m200&amp#27;[39m&amp#27;[90m 426.519 ms - 486866&amp#27;[39m &amp#27;[90m{"status":0,"value":"iVBORw0KGgoAAAANSUhEUgAAAeAAAAMgCAYAAAD7o7EIAAAABHNCSVQICAgIfAhkiAAAIABJREFUeJzsvXuwbVld7/f5/caYc6219+5z+vQDgQakWyqgETHeXKGxsFTSFfpiqsSqRIsqqhAfFKVelLpYpmI0pVVRrECsqNxoRKtyY3k1Qq4SAqm6+IKECsFoXYzRLkpvXZBHd9N9XnvvteacY/zyx2+MOefaZ59z9mm6bZD1g91nPeYac8zx+H1/7yGAsaMd7WhHO9rRjv5eSZ/uDuxoRzva0Y529OVIOwDe0Y52tKMd7ehpoB0A72hHO9rRjnb0NNCXBACLyNPdhR3taEc72tGOnlT6kgDgl73sZbzoRS96uruxox3taEc72tGTRvHp7sCNSFW57777eMtb3sLx8TFvfvObefzxx5/ubu1oRzva0Y7+AdC3fdu38ZznPIff/u3fZrPZ3PDaxWLBS17yErqu48///M+v+f6rvuqreMUrXsHdd9/No48+yvvf/34++9nP3rDNL2oAjjHywAMPcP78ec6dO8erXvUqfud3foeU0tPdtR3taEc72tGXML3whS/kx37sx1gsFvze7/3edQH4m77pm/ie7/kenvvc59K2Le9+97uvAeBXv/rV/OAP/iAXL17kc5/7HC9/+ct5zWtew4//+I/zl3/5l9ftwxe1Cfree+/lla98JapKCIFXvvKV3HHHHU93t3a0ox3taEdf4vTDP/zDqN4cAh955BE+8IEP8M53vvPU7w8ODnjjG9/In/3Zn/Ha176WH/3RH+VNb3oTOWde//rX37DtM2nAIsKFCxd485vfzG/+5m/y4IMP8vDDD/PXf/3XPPDAA/z+7/8+b3jDG/jgBz/IPffcw1d+5Vfyvve9jwcffJCUEr/6q7/Kww8/jNmt1fz4gR/4AS5cuDAGYd177718+7d/O7/xG79xS+3saEc72tGOdlTpu7/7u3nhC1/Ihz70Ib71W79167vv...","sessionId":"411cab2c-cf83-4955-9718-22c4dbc23fc0"}&amp#27;[39m
Screen ScreenShot Captured
&amp#27;[36minfo&amp#27;[39m: &amp#27;[37m-->&amp#27;[39m &amp#27;[37mGET&amp#27;[39m &amp#27;[37m/wd/hub/session/411cab2c-cf83-4955-9718-22c4dbc23fc0/screenshot&amp#27;[39m &amp#27;[90m{}&amp#27;[39m
&amp#27;[36minfo&amp#27;[39m: [debug] executing cmd: C:\Users\Raghavendra\AppData\Local\Android\sdk\platform-tools\adb.exe -s emulator-5554 shell "/system/bin/rm /data/local/tmp/screenshot.png; /system/bin/screencap -p /data/local/tmp/screenshot.png "
&amp#27;[36minfo&amp#27;[39m: [debug] executing cmd: C:\Users\Raghavendra\AppData\Local\Android\sdk\platform-tools\adb.exe -s emulator-5554 pull /data/local/tmp/screenshot.png "C:\\Users\\RAGHAV~1\\AppData\\Local\\Temp\\appium117221-6924-1qoucyp.png"
&amp#27;[36minfo&amp#27;[39m: [debug] Responding to client with success: {"status":0,"value":"iVBORw0KGgoAAAANSUhEUgAAAeAAAAMgCAYAAAD7o7EIAAAABHNCSVQICAgIfAhkiAAAIABJREFUeJzsvXuwbVld7/f5/caYc6219+5z+vQDgQakWyqgETHeXKGxsFTSFfpiqsSqRIsqqhAfFKVelLpYpmI0pVVRrECsqNxoRKtyY3k1Qq4SAqm6+IKECsFoXYzRLkpvXZBHd9N9XnvvteacY/zyx2+MOefaZ59z9mm6bZD1g91nPeYac8zx+H1/7yGAsaMd7WhHO9rRjv5eSZ/uDuxoRzva0Y529OVIOwDe0Y52tKMd7ehpoB0A72hHO9rRjnb0NNCXBACLyNPdhR3taEc72tGOnlT6kgDgl73sZbzoRS96uruxox3taEc72tGTRvHp7sCNSFW57777eMtb3sLx8TFvfvObefzxx5/ubu1oRzva0Y7+AdC3fdu38ZznPIff/u3fZrPZ3PDaxWLBS17yErqu48///M+v+f6rvuqreMUrXsHdd9/No48+yvvf/34++9nP3rDNL2oAjjHywAMPcP78ec6dO8erXvUqfud3foeU0tPdtR3taEc72tGXML3whS/kx37sx1gsFvze7/3edQH4m77pm/ie7/kenvvc59K2Le9+97uvAeBXv/rV/OAP/iAXL17kc5/7HC9/+ct5zWtew4//+I/zl3/5l9ftwxe1Cfree+/lla98JapKCIFXvvKV3HHHHU93t3a0ox3taEdf4vTDP/zDqN4cAh955BE+8IEP8M53vvPU7w8ODnjjG9/In/3Zn/Ha176WH/3RH+VNb3oTOWde//rX37DtM2nAIsKFCxd485vfzG/+5m/y4IMP8vDDD/PXf/3XPPDAA/z+7/8+b3jDG/jgBz/IPffcw1d+5Vfyvve9jwcffJCUEr/6q7/Kww8/jNmt1fz4gR/4AS5cuDAGYd177718+7d/O7/xG79xS+3saEc72tGOdlTpu7/7u3nhC1/Ihz70Ib71W79167vv...","sessionId":"411cab2c-cf83-4955-9718-22c4dbc23fc0"}
&amp#27;[36minfo&amp#27;[39m: &amp#27;[37m<-- GET /wd/hub/session/411cab2c-cf83-4955-9718-22c4dbc23fc0/screenshot &amp#27;[39m&amp#27;[32m200&amp#27;[39m&amp#27;[90m 1750.429 ms - 486874&amp#27;[39m &amp#27;[90m{"status":0,"value":"iVBORw0KGgoAAAANSUhEUgAAAeAAAAMgCAYAAAD7o7EIAAAABHNCSVQICAgIfAhkiAAAIABJREFUeJzsvXuwbVld7/f5/caYc6219+5z+vQDgQakWyqgETHeXKGxsFTSFfpiqsSqRIsqqhAfFKVelLpYpmI0pVVRrECsqNxoRKtyY3k1Qq4SAqm6+IKECsFoXYzRLkpvXZBHd9N9XnvvteacY/zyx2+MOefaZ59z9mm6bZD1g91nPeYac8zx+H1/7yGAsaMd7WhHO9rRjv5eSZ/uDuxoRzva0Y529OVIOwDe0Y52tKMd7ehpoB0A72hHO9rRjnb0NNCXBACLyNPdhR3taEc72tGOnlT6kgDgl73sZbzoRS96uruxox3taEc72tGTRvHp7sCNSFW57777eMtb3sLx8TFvfvObefzxx5/ubu1oRzva0Y7+AdC3fdu38ZznPIff/u3fZrPZ3PDaxWLBS17yErqu48///M+v+f6rvuqreMUrXsHdd9/No48+yvvf/34++9nP3rDNL2oAjjHywAMPcP78ec6dO8erXvUqfud3foeU0tPdtR3taEc72tGXML3whS/kx37sx1gsFvze7/3edQH4m77pm/ie7/kenvvc59K2Le9+97uvAeBXv/rV/OAP/iAXL17kc5/7HC9/+ct5zWtew4//+I/zl3/5l9ftwxe1Cfree+/lla98JapKCIFXvvKV3HHHHU93t3a0ox3taEdf4vTDP/zDqN4cAh955BE+8IEP8M53vvPU7w8ODnjjG9/In/3Zn/Ha176WH/3RH+VNb3oTOWde//rX37DtM2nAIsKFCxd485vfzG/+5m/y4IMP8vDDD/PXf/3XPPDAA/z+7/8+b3jDG/jgBz/IPffcw1d+5Vfyvve9jwcffJCUEr/6q7/Kww8/jNmt1fz4gR/4AS5cuDAGYd177718+7d/O7/xG79xS+3saEc72tGOdlTpu7/7u3nhC1/Ihz70Ib71W79167vv...","sessionId":"411cab2c-cf83-4955-9718-22c4dbc23fc0"}&amp#27;[39m
Screen ScreenShot Captured
&amp#27;[36minfo&amp#27;[39m: &amp#27;[37m-->&amp#27;[39m &amp#27;[37mPOST&amp#27;[39m &amp#27;[37m/wd/hub/session/411cab2c-cf83-4955-9718-22c4dbc23fc0/timeouts/implicit_wait&amp#27;[39m &amp#27;[90m{"ms":60000}&amp#27;[39m
&amp#27;[36minfo&amp#27;[39m: [debug] Set Android implicit wait to 60000ms
&amp#27;[36minfo&amp#27;[39m: [debug] Responding to client with success: {"status":0,"value":null,"sessionId":"411cab2c-cf83-4955-9718-22c4dbc23fc0"}
&amp#27;[36minfo&amp#27;[39m: &amp#27;[37m<-- POST /wd/hub/session/411cab2c-cf83-4955-9718-22c4dbc23fc0/timeouts/implicit_wait &amp#27;[39m&amp#27;[32m200&amp#27;[39m&amp#27;[90m 0.763 ms - 76&amp#27;[39m &amp#27;[90m{"status":0,"value":null,"sessionId":"411cab2c-cf83-4955-9718-22c4dbc23fc0"}&amp#27;[39m
&amp#27;[36minfo&amp#27;[39m: &amp#27;[37m-->&amp#27;[39m &amp#27;[37mPOST&amp#27;[39m &amp#27;[37m/wd/hub/session/411cab2c-cf83-4955-9718-22c4dbc23fc0/element&amp#27;[39m &amp#27;[90m{"using":"id","value":"com.popular.app.corp:id/btnLogin"}&amp#27;[39m
&amp#27;[36minfo&amp#27;[39m: [debug] Waiting up to 60000ms for condition
&amp#27;[36minfo&amp#27;[39m: [debug] Pushing command to appium work queue: ["find",{"strategy":"id","selector":"com.popular.app.corp:id/btnLogin","context":"","multiple":false}]
&amp#27;[36minfo&amp#27;[39m: [debug] [BOOTSTRAP] [debug] Got data from client: {"cmd":"action","action":"find","params":{"strategy":"id","selector":"com.popular.app.corp:id/btnLogin","context":"","multiple":false}}
&amp#27;[36minfo&amp#27;[39m: [debug] [BOOTSTRAP] [debug] Got command of type ACTION
&amp#27;[36minfo&amp#27;[39m: [debug] [BOOTSTRAP] [debug] Got command action: find
&amp#27;[36minfo&amp#27;[39m: [debug] [BOOTSTRAP] [debug] Finding com.popular.app.corp:id/btnLogin using ID with the contextId:  multiple: false
&amp#27;[36minfo&amp#27;[39m: [debug] [BOOTSTRAP] [debug] Using: UiSelector[INSTANCE=0, RESOURCE_ID=com.popular.app.corp:id/btnLogin]
&amp#27;[36minfo&amp#27;[39m: [debug] [BOOTSTRAP] [debug] Returning result: {"value":{"ELEMENT":"6"},"status":0}
&amp#27;[36minfo&amp#27;[39m: [debug] Responding to client with success: {"status":0,"value":{"ELEMENT":"6"},"sessionId":"411cab2c-cf83-4955-9718-22c4dbc23fc0"}
&amp#27;[36minfo&amp#27;[39m: &amp#27;[37m<-- POST /wd/hub/session/411cab2c-cf83-4955-9718-22c4dbc23fc0/element &amp#27;[39m&amp#27;[32m200&amp#27;[39m&amp#27;[90m 10.000 ms - 87&amp#27;[39m &amp#27;[90m{"status":0,"value":{"ELEMENT":"6"},"sessionId":"411cab2c-cf83-4955-9718-22c4dbc23fc0"}&amp#27;[39m
&amp#27;[36minfo&amp#27;[39m: &amp#27;[37m-->&amp#27;[39m &amp#27;[37mGET&amp#27;[39m &amp#27;[37m/wd/hub/session/411cab2c-cf83-4955-9718-22c4dbc23fc0/element/6/text&amp#27;[39m &amp#27;[90m{}&amp#27;[39m
&amp#27;[36minfo&amp#27;[39m: [debug] Pushing command to appium work queue: ["element:getText",{"elementId":"6"}]
&amp#27;[36minfo&amp#27;[39m: [debug] [BOOTSTRAP] [debug] Got data from client: {"cmd":"action","action":"element:getText","params":{"elementId":"6"}}
&amp#27;[36minfo&amp#27;[39m: [debug] [BOOTSTRAP] [debug] Got command of type ACTION
&amp#27;[36minfo&amp#27;[39m: [debug] [BOOTSTRAP] [debug] Got command action: getText
&amp#27;[36minfo&amp#27;[39m: [debug] [BOOTSTRAP] [debug] Returning result: {"value":"ACCEDER","status":0}
&amp#27;[36minfo&amp#27;[39m: [debug] Responding to client with success: {"status":0,"value":"ACCEDER","sessionId":"411cab2c-cf83-4955-9718-22c4dbc23fc0"}
&amp#27;[36minfo&amp#27;[39m: &amp#27;[37m<-- GET /wd/hub/session/411cab2c-cf83-4955-9718-22c4dbc23fc0/element/6/text &amp#27;[39m&amp#27;[32m200&amp#27;[39m&amp#27;[90m 182.736 ms - 81&amp#27;[39m &amp#27;[90m{"status":0,"value":"ACCEDER","sessionId":"411cab2c-cf83-4955-9718-22c4dbc23fc0"}&amp#27;[39m
&amp#27;[36minfo&amp#27;[39m: &amp#27;[37m-->&amp#27;[39m &amp#27;[37mPOST&amp#27;[39m &amp#27;[37m/wd/hub/session/411cab2c-cf83-4955-9718-22c4dbc23fc0/element&amp#27;[39m &amp#27;[90m{"using":"id","value":"com.popular.app.corp:id/btnLogin"}&amp#27;[39m
&amp#27;[36minfo&amp#27;[39m: [debug] Waiting up to 60000ms for condition
&amp#27;[36minfo&amp#27;[39m: [debug] Pushing command to appium work queue: ["find",{"strategy":"id","selector":"com.popular.app.corp:id/btnLogin","context":"","multiple":false}]
&amp#27;[36minfo&amp#27;[39m: [debug] [BOOTSTRAP] [debug] Got data from client: {"cmd":"action","action":"find","params":{"strategy":"id","selector":"com.popular.app.corp:id/btnLogin","context":"","multiple":false}}
&amp#27;[36minfo&amp#27;[39m: [debug] [BOOTSTRAP] [debug] Got command of type ACTION
&amp#27;[36minfo&amp#27;[39m: [debug] [BOOTSTRAP] [debug] Got command action: find
&amp#27;[36minfo&amp#27;[39m: [debug] [BOOTSTRAP] [debug] Finding com.popular.app.corp:id/btnLogin using ID with the contextId:  multiple: false
&amp#27;[36minfo&amp#27;[39m: [debug] [BOOTSTRAP] [debug] Using: UiSelector[INSTANCE=0, RESOURCE_ID=com.popular.app.corp:id/btnLogin]
&amp#27;[36minfo&amp#27;[39m: [debug] [BOOTSTRAP] [debug] Returning result: {"value":{"ELEMENT":"7"},"status":0}
&amp#27;[36minfo&amp#27;[39m: [debug] Responding to client with success: {"status":0,"value":{"ELEMENT":"7"},"sessionId":"411cab2c-cf83-4955-9718-22c4dbc23fc0"}
&amp#27;[36minfo&amp#27;[39m: &amp#27;[37m<-- POST /wd/hub/session/411cab2c-cf83-4955-9718-22c4dbc23fc0/element &amp#27;[39m&amp#27;[32m200&amp#27;[39m&amp#27;[90m 8.855 ms - 87&amp#27;[39m &amp#27;[90m{"status":0,"value":{"ELEMENT":"7"},"sessionId":"411cab2c-cf83-4955-9718-22c4dbc23fc0"}&amp#27;[39m
&amp#27;[36minfo&amp#27;[39m: &amp#27;[37m-->&amp#27;[39m &amp#27;[37mPOST&amp#27;[39m &amp#27;[37m/wd/hub/session/411cab2c-cf83-4955-9718-22c4dbc23fc0/element/7/click&amp#27;[39m &amp#27;[90m{"id":"7"}&amp#27;[39m
&amp#27;[36minfo&amp#27;[39m: [debug] Pushing command to appium work queue: ["element:click",{"elementId":"7"}]
&amp#27;[36minfo&amp#27;[39m: [debug] [BOOTSTRAP] [debug] Got data from client: {"cmd":"action","action":"element:click","params":{"elementId":"7"}}
&amp#27;[36minfo&amp#27;[39m: [debug] [BOOTSTRAP] [debug] Got command of type ACTION
&amp#27;[36minfo&amp#27;[39m: [debug] [BOOTSTRAP] [debug] Got command action: click
&amp#27;[36minfo&amp#27;[39m: [debug] [BOOTSTRAP] [debug] Returning result: {"value":true,"status":0}
&amp#27;[36minfo&amp#27;[39m: [debug] Responding to client with success: {"status":0,"value":true,"sessionId":"411cab2c-cf83-4955-9718-22c4dbc23fc0"}
&amp#27;[36minfo&amp#27;[39m: &amp#27;[37m<-- POST /wd/hub/session/411cab2c-cf83-4955-9718-22c4dbc23fc0/element/7/click &amp#27;[39m&amp#27;[32m200&amp#27;[39m&amp#27;[90m 418.264 ms - 76&amp#27;[39m &amp#27;[90m{"status":0,"value":true,"sessionId":"411cab2c-cf83-4955-9718-22c4dbc23fc0"}&amp#27;[39m
&amp#27;[36minfo&amp#27;[39m: &amp#27;[37m-->&amp#27;[39m &amp#27;[37mPOST&amp#27;[39m &amp#27;[37m/wd/hub/session/411cab2c-cf83-4955-9718-22c4dbc23fc0/element&amp#27;[39m &amp#27;[90m{"using":"id","value":"com.popular.app.corp:id/btnContinuar"}&amp#27;[39m
&amp#27;[36minfo&amp#27;[39m: [debug] Waiting up to 60000ms for condition
&amp#27;[36minfo&amp#27;[39m: [debug] Pushing command to appium work queue: ["find",{"strategy":"id","selector":"com.popular.app.corp:id/btnContinuar","context":"","multiple":false}]
&amp#27;[36minfo&amp#27;[39m: [debug] [BOOTSTRAP] [debug] Got data from client: {"cmd":"action","action":"find","params":{"strategy":"id","selector":"com.popular.app.corp:id/btnContinuar","context":"","multiple":false}}
&amp#27;[36minfo&amp#27;[39m: [debug] [BOOTSTRAP] [debug] Got command of type ACTION
&amp#27;[36minfo&amp#27;[39m: [debug] [BOOTSTRAP] [debug] Got command action: find
&amp#27;[36minfo&amp#27;[39m: [debug] [BOOTSTRAP] [debug] Finding com.popular.app.corp:id/btnContinuar using ID with the contextId:  multiple: false
&amp#27;[36minfo&amp#27;[39m: [debug] [BOOTSTRAP] [debug] Using: UiSelector[INSTANCE=0, RESOURCE_ID=com.popular.app.corp:id/btnContinuar]
&amp#27;[36minfo&amp#27;[39m: [debug] [BOOTSTRAP] [debug] Failed to locate element. Clearing Accessibility cache and retrying.
&amp#27;[36minfo&amp#27;[39m: [debug] [BOOTSTRAP] [debug] Finding com.popular.app.corp:id/btnContinuar using ID with the contextId:  multiple: false
&amp#27;[36minfo&amp#27;[39m: [debug] [BOOTSTRAP] [debug] Using: UiSelector[INSTANCE=0, RESOURCE_ID=com.popular.app.corp:id/btnContinuar]
&amp#27;[36minfo&amp#27;[39m: [debug] [BOOTSTRAP] [debug] Returning result: {"value":"No element found","status":7}
&amp#27;[36minfo&amp#27;[39m: [debug] Waited for 789ms so far
&amp#27;[36minfo&amp#27;[39m: [debug] Pushing command to appium work queue: ["find",{"strategy":"id","selector":"com.popular.app.corp:id/btnContinuar","context":"","multiple":false}]
&amp#27;[36minfo&amp#27;[39m: [debug] [BOOTSTRAP] [debug] Got data from client: {"cmd":"action","action":"find","params":{"strategy":"id","selector":"com.popular.app.corp:id/btnContinuar","context":"","multiple":false}}
&amp#27;[36minfo&amp#27;[39m: [debug] [BOOTSTRAP] [debug] Got command of type ACTION
&amp#27;[36minfo&amp#27;[39m: [debug] [BOOTSTRAP] [debug] Got command action: find
&amp#27;[36minfo&amp#27;[39m: [debug] [BOOTSTRAP] [debug] Finding com.popular.app.corp:id/btnContinuar using ID with the contextId:  multiple: false
&amp#27;[36minfo&amp#27;[39m: [debug] [BOOTSTRAP] [debug] Using: UiSelector[INSTANCE=0, RESOURCE_ID=com.popular.app.corp:id/btnContinuar]
&amp#27;[36minfo&amp#27;[39m: [debug] [BOOTSTRAP] [debug] Failed to locate element. Clearing Accessibility cache and retrying.
&amp#27;[36minfo&amp#27;[39m: [debug] [BOOTSTRAP] [debug] Finding com.popular.app.corp:id/btnContinuar using ID with the contextId:  multiple: false
&amp#27;[36minfo&amp#27;[39m: [debug] [BOOTSTRAP] [debug] Using: UiSelector[INSTANCE=0, RESOURCE_ID=com.popular.app.corp:id/btnContinuar]
&amp#27;[36minfo&amp#27;[39m: [debug] [BOOTSTRAP] [debug] Returning result: {"value":"No element found","status":7}
&amp#27;[36minfo&amp#27;[39m: [debug] Waited for 1306ms so far
&amp#27;[36minfo&amp#27;[39m: [debug] Pushing command to appium work queue: ["find",{"strategy":"id","selector":"com.popular.app.corp:id/btnContinuar","context":"","multiple":false}]
&amp#27;[36minfo&amp#27;[39m: [debug] [BOOTSTRAP] [debug] Got data from client: {"cmd":"action","action":"find","params":{"strategy":"id","selector":"com.popular.app.corp:id/btnContinuar","context":"","multiple":false}}
&amp#27;[36minfo&amp#27;[39m: [debug] [BOOTSTRAP] [debug] Got command of type ACTION
&amp#27;[36minfo&amp#27;[39m: [debug] [BOOTSTRAP] [debug] Got command action: find
&amp#27;[36minfo&amp#27;[39m: [debug] [BOOTSTRAP] [debug] Finding com.popular.app.corp:id/btnContinuar using ID with the contextId:  multiple: false
&amp#27;[36minfo&amp#27;[39m: [debug] [BOOTSTRAP] [debug] Using: UiSelector[INSTANCE=0, RESOURCE_ID=com.popular.app.corp:id/btnContinuar]
&amp#27;[36minfo&amp#27;[39m: [debug] [BOOTSTRAP] [debug] Failed to locate element. Clearing Accessibility cache and retrying.
&amp#27;[36minfo&amp#27;[39m: [debug] [BOOTSTRAP] [debug] Finding com.popular.app.corp:id/btnContinuar using ID with the contextId:  multiple: false
&amp#27;[36minfo&amp#27;[39m: [debug] [BOOTSTRAP] [debug] Using: UiSelector[INSTANCE=0, RESOURCE_ID=com.popular.app.corp:id/btnContinuar]
&amp#27;[36minfo&amp#27;[39m: [debug] [BOOTSTRAP] [debug] Returning result: {"value":"No element found","status":7}
&amp#27;[36minfo&amp#27;[39m: [debug] Waited for 1847ms so far
&amp#27;[36minfo&amp#27;[39m: [debug] Pushing command to appium work queue: ["find",{"strategy":"id","selector":"com.popular.app.corp:id/btnContinuar","context":"","multiple":false}]
&amp#27;[36minfo&amp#27;[39m: [debug] [BOOTSTRAP] [debug] Got data from client: {"cmd":"action","action":"find","params":{"strategy":"id","selector":"com.popular.app.corp:id/btnContinuar","context":"","multiple":false}}
&amp#27;[36minfo&amp#27;[39m: [debug] [BOOTSTRAP] [debug] Got command of type ACTION
&amp#27;[36minfo&amp#27;[39m: [debug] [BOOTSTRAP] [debug] Got command action: find
&amp#27;[36minfo&amp#27;[39m: [debug] [BOOTSTRAP] [debug] Finding com.popular.app.corp:id/btnContinuar using ID with the contextId:  multiple: false
&amp#27;[36minfo&amp#27;[39m: [debug] [BOOTSTRAP] [debug] Using: UiSelector[INSTANCE=0, RESOURCE_ID=com.popular.app.corp:id/btnContinuar]
&amp#27;[36minfo&amp#27;[39m: [debug] [BOOTSTRAP] [debug] Failed to locate element. Clearing Accessibility cache and retrying.
&amp#27;[36minfo&amp#27;[39m: [debug] [BOOTSTRAP] [debug] Finding com.popular.app.corp:id/btnContinuar using ID with the contextId:  multiple: false
&amp#27;[36minfo&amp#27;[39m: [debug] [BOOTSTRAP] [debug] Using: UiSelector[INSTANCE=0, RESOURCE_ID=com.popular.app.corp:id/btnContinuar]
&amp#27;[36minfo&amp#27;[39m: [debug] [BOOTSTRAP] [debug] Returning result: {"value":"No element found","status":7}
&amp#27;[36minfo&amp#27;[39m: [debug] Waited for 2365ms so far
&amp#27;[36minfo&amp#27;[39m: [debug] Pushing command to appium work queue: ["find",{"strategy":"id","selector":"com.popular.app.corp:id/btnContinuar","context":"","multiple":false}]
&amp#27;[36minfo&amp#27;[39m: [debug] [BOOTSTRAP] [debug] Got data from client: {"cmd":"action","action":"find","params":{"strategy":"id","selector":"com.popular.app.corp:id/btnContinuar","context":"","multiple":false}}
&amp#27;[36minfo&amp#27;[39m: [debug] [BOOTSTRAP] [debug] Got command of type ACTION
&amp#27;[36minfo&amp#27;[39m: [debug] [BOOTSTRAP] [debug] Got command action: find
&amp#27;[36minfo&amp#27;[39m: [debug] [BOOTSTRAP] [debug] Finding com.popular.app.corp:id/btnContinuar using ID with the contextId:  multiple: false
&amp#27;[36minfo&amp#27;[39m: [debug] [BOOTSTRAP] [debug] Using: UiSelector[INSTANCE=0, RESOURCE_ID=com.popular.app.corp:id/btnContinuar]
&amp#27;[36minfo&amp#27;[39m: [debug] [BOOTSTRAP] [debug] Failed to locate element. Clearing Accessibility cache and retrying.
&amp#27;[36minfo&amp#27;[39m: [debug] [BOOTSTRAP] [debug] Finding com.popular.app.corp:id/btnContinuar using ID with the contextId:  multiple: false
&amp#27;[36minfo&amp#27;[39m: [debug] [BOOTSTRAP] [debug] Using: UiSelector[INSTANCE=0, RESOURCE_ID=com.popular.app.corp:id/btnContinuar]
&amp#27;[36minfo&amp#27;[39m: [debug] [BOOTSTRAP] [debug] Returning result: {"value":"No element found","status":7}
&amp#27;[36minfo&amp#27;[39m: [debug] Waited for 2906ms so far
&amp#27;[36minfo&amp#27;[39m: [debug] Pushing command to appium work queue: ["find",{"strategy":"id","selector":"com.popular.app.corp:id/btnContinuar","context":"","multiple":false}]
&amp#27;[36minfo&amp#27;[39m: [debug] [BOOTSTRAP] [debug] Got data from client: {"cmd":"action","action":"find","params":{"strategy":"id","selector":"com.popular.app.corp:id/btnContinuar","context":"","multiple":false}}
&amp#27;[36minfo&amp#27;[39m: [debug] [BOOTSTRAP] [debug] Got command of type ACTION
&amp#27;[36minfo&amp#27;[39m: [debug] [BOOTSTRAP] [debug] Got command action: find
&amp#27;[36minfo&amp#27;[39m: [debug] [BOOTSTRAP] [debug] Finding com.popular.app.corp:id/btnContinuar using ID with the contextId:  multiple: false
&amp#27;[36minfo&amp#27;[39m: [debug] [BOOTSTRAP] [debug] Using: UiSelector[INSTANCE=0, RESOURCE_ID=com.popular.app.corp:id/btnContinuar]
&amp#27;[36minfo&amp#27;[39m: [debug] [BOOTSTRAP] [debug] Failed to locate element. Clearing Accessibility cache and retrying.
&amp#27;[36minfo&amp#27;[39m: [debug] [BOOTSTRAP] [debug] Finding com.popular.app.corp:id/btnContinuar using ID with the contextId:  multiple: false
&amp#27;[36minfo&amp#27;[39m: [debug] [BOOTSTRAP] [debug] Using: UiSelector[INSTANCE=0, RESOURCE_ID=com.popular.app.corp:id/btnContinuar]
&amp#27;[36minfo&amp#27;[39m: [debug] [BOOTSTRAP] [debug] Returning result: {"value":"No element found","status":7}
&amp#27;[36minfo&amp#27;[39m: [debug] Waited for 3493ms so far
&amp#27;[36minfo&amp#27;[39m: [debug] Pushing command to appium work queue: ["find",{"strategy":"id","selector":"com.popular.app.corp:id/btnContinuar","context":"","multiple":false}]
&amp#27;[36minfo&amp#27;[39m: [debug] [BOOTSTRAP] [debug] Got data from client: {"cmd":"action","action":"find","params":{"strategy":"id","selector":"com.popular.app.corp:id/btnContinuar","context":"","multiple":false}}
&amp#27;[36minfo&amp#27;[39m: [debug] [BOOTSTRAP] [debug] Got command of type ACTION
&amp#27;[36minfo&amp#27;[39m: [debug] [BOOTSTRAP] [debug] Got command action: find
&amp#27;[36minfo&amp#27;[39m: [debug] [BOOTSTRAP] [debug] Finding com.popular.app.corp:id/btnContinuar using ID with the contextId:  multiple: false
&amp#27;[36minfo&amp#27;[39m: [debug] [BOOTSTRAP] [debug] Using: UiSelector[INSTANCE=0, RESOURCE_ID=com.popular.app.corp:id/btnContinuar]
&amp#27;[36minfo&amp#27;[39m: [debug] [BOOTSTRAP] [debug] Failed to locate element. Clearing Accessibility cache and retrying.
&amp#27;[36minfo&amp#27;[39m: [debug] [BOOTSTRAP] [debug] Finding com.popular.app.corp:id/btnContinuar using ID with the contextId:  multiple: false
&amp#27;[36minfo&amp#27;[39m: [debug] [BOOTSTRAP] [debug] Using: UiSelector[INSTANCE=0, RESOURCE_ID=com.popular.app.corp:id/btnContinuar]
&amp#27;[36minfo&amp#27;[39m: [debug] [BOOTSTRAP] [debug] Returning result: {"value":"No element found","status":7}
&amp#27;[36minfo&amp#27;[39m: [debug] Waited for 4096ms so far
&amp#27;[36minfo&amp#27;[39m: [debug] Pushing command to appium work queue: ["find",{"strategy":"id","selector":"com.popular.app.corp:id/btnContinuar","context":"","multiple":false}]
&amp#27;[36minfo&amp#27;[39m: [debug] [BOOTSTRAP] [debug] Got data from client: {"cmd":"action","action":"find","params":{"strategy":"id","selector":"com.popular.app.corp:id/btnContinuar","context":"","multiple":false}}
&amp#27;[36minfo&amp#27;[39m: [debug] [BOOTSTRAP] [debug] Got command of type ACTION
&amp#27;[36minfo&amp#27;[39m: [debug] [BOOTSTRAP] [debug] Got command action: find
&amp#27;[36minfo&amp#27;[39m: [debug] [BOOTSTRAP] [debug] Finding com.popular.app.corp:id/btnContinuar using ID with the contextId:  multiple: false
&amp#27;[36minfo&amp#27;[39m: [debug] [BOOTSTRAP] [debug] Using: UiSelector[INSTANCE=0, RESOURCE_ID=com.popular.app.corp:id/btnContinuar]
&amp#27;[36minfo&amp#27;[39m: [debug] [BOOTSTRAP] [debug] Failed to locate element. Clearing Accessibility cache and retrying.
&amp#27;[36minfo&amp#27;[39m: [debug] [BOOTSTRAP] [debug] Finding com.popular.app.corp:id/btnContinuar using ID with the contextId:  multiple: false
&amp#27;[36minfo&amp#27;[39m: [debug] [BOOTSTRAP] [debug] Using: UiSelector[INSTANCE=0, RESOURCE_ID=com.popular.app.corp:id/btnContinuar]
&amp#27;[36minfo&amp#27;[39m: [debug] [BOOTSTRAP] [debug] Returning result: {"value":"No element found","status":7}
&amp#27;[36minfo&amp#27;[39m: [debug] Waited for 4635ms so far
&amp#27;[36minfo&amp#27;[39m: [debug] Pushing command to appium work queue: ["find",{"strategy":"id","selector":"com.popular.app.corp:id/btnContinuar","context":"","multiple":false}]
&amp#27;[36minfo&amp#27;[39m: [debug] [BOOTSTRAP] [debug] Got data from client: {"cmd":"action","action":"find","params":{"strategy":"id","selector":"com.popular.app.corp:id/btnContinuar","context":"","multiple":false}}
&amp#27;[36minfo&amp#27;[39m: [debug] [BOOTSTRAP] [debug] Got command of type ACTION
&amp#27;[36minfo&amp#27;[39m: [debug] [BOOTSTRAP] [debug] Got command action: find
&amp#27;[36minfo&amp#27;[39m: [debug] [BOOTSTRAP] [debug] Finding com.popular.app.corp:id/btnContinuar using ID with the contextId:  multiple: false
&amp#27;[36minfo&amp#27;[39m: [debug] [BOOTSTRAP] [debug] Using: UiSelector[INSTANCE=0, RESOURCE_ID=com.popular.app.corp:id/btnContinuar]
&amp#27;[36minfo&amp#27;[39m: [debug] [BOOTSTRAP] [debug] Failed to locate element. Clearing Accessibility cache and retrying.
&amp#27;[36minfo&amp#27;[39m: [debug] [BOOTSTRAP] [debug] Finding com.popular.app.corp:id/btnContinuar using ID with the contextId:  multiple: false
&amp#27;[36minfo&amp#27;[39m: [debug] [BOOTSTRAP] [debug] Using: UiSelector[INSTANCE=0, RESOURCE_ID=com.popular.app.corp:id/btnContinuar]
&amp#27;[36minfo&amp#27;[39m: [debug] [BOOTSTRAP] [debug] Returning result: {"value":"No element found","status":7}
&amp#27;[36minfo&amp#27;[39m: [debug] Waited for 5218ms so far
&amp#27;[36minfo&amp#27;[39m: [debug] Pushing command to appium work queue: ["find",{"strategy":"id","selector":"com.popular.app.corp:id/btnContinuar","context":"","multiple":false}]
&amp#27;[36minfo&amp#27;[39m: [debug] [BOOTSTRAP] [debug] Got data from client: {"cmd":"action","action":"find","params":{"strategy":"id","selector":"com.popular.app.corp:id/btnContinuar","context":"","multiple":false}}
&amp#27;[36minfo&amp#27;[39m: [debug] [BOOTSTRAP] [debug] Got command of type ACTION
&amp#27;[36minfo&amp#27;[39m: [debug] [BOOTSTRAP] [debug] Got command action: find
&amp#27;[36minfo&amp#27;[39m: [debug] [BOOTSTRAP] [debug] Finding com.popular.app.corp:id/btnContinuar using ID with the contextId:  multiple: false
&amp#27;[36minfo&amp#27;[39m: [debug] [BOOTSTRAP] [debug] Using: UiSelector[INSTANCE=0, RESOURCE_ID=com.popular.app.corp:id/btnContinuar]
&amp#27;[36minfo&amp#27;[39m: [debug] [BOOTSTRAP] [debug] Failed to locate element. Clearing Accessibility cache and retrying.
&amp#27;[36minfo&amp#27;[39m: [debug] [BOOTSTRAP] [debug] Finding com.popular.app.corp:id/btnContinuar using ID with the contextId:  multiple: false
&amp#27;[36minfo&amp#27;[39m: [debug] [BOOTSTRAP] [debug] Using: UiSelector[INSTANCE=0, RESOURCE_ID=com.popular.app.corp:id/btnContinuar]
&amp#27;[36minfo&amp#27;[39m: [debug] [BOOTSTRAP] [debug] Returning result: {"value":"No element found","status":7}
&amp#27;[36minfo&amp#27;[39m: [debug] Waited for 5855ms so far
&amp#27;[36minfo&amp#27;[39m: [debug] Pushing command to appium work queue: ["find",{"strategy":"id","selector":"com.popular.app.corp:id/btnContinuar","context":"","multiple":false}]
&amp#27;[36minfo&amp#27;[39m: [debug] [BOOTSTRAP] [debug] Got data from client: {"cmd":"action","action":"find","params":{"strategy":"id","selector":"com.popular.app.corp:id/btnContinuar","context":"","multiple":false}}
&amp#27;[36minfo&amp#27;[39m: [debug] [BOOTSTRAP] [debug] Got command of type ACTION
&amp#27;[36minfo&amp#27;[39m: [debug] [BOOTSTRAP] [debug] Got command action: find
&amp#27;[36minfo&amp#27;[39m: [debug] [BOOTSTRAP] [debug] Finding com.popular.app.corp:id/btnContinuar using ID with the contextId:  multiple: false
&amp#27;[36minfo&amp#27;[39m: [debug] [BOOTSTRAP] [debug] Using: UiSelector[INSTANCE=0, RESOURCE_ID=com.popular.app.corp:id/btnContinuar]
&amp#27;[36minfo&amp#27;[39m: [debug] [BOOTSTRAP] [debug] Failed to locate element. Clearing Accessibility cache and retrying.
&amp#27;[36minfo&amp#27;[39m: [debug] [BOOTSTRAP] [debug] Finding com.popular.app.corp:id/btnContinuar using ID with the contextId:  multiple: false
&amp#27;[36minfo&amp#27;[39m: [debug] [BOOTSTRAP] [debug] Using: UiSelector[INSTANCE=0, RESOURCE_ID=com.popular.app.corp:id/btnContinuar]
&amp#27;[36minfo&amp#27;[39m: [debug] [BOOTSTRAP] [debug] Returning result: {"value":"No element found","status":7}
&amp#27;[36minfo&amp#27;[39m: [debug] Waited for 6456ms so far
&amp#27;[36minfo&amp#27;[39m: [debug] Pushing command to appium work queue: ["find",{"strategy":"id","selector":"com.popular.app.corp:id/btnContinuar","context":"","multiple":false}]
&amp#27;[36minfo&amp#27;[39m: [debug] [BOOTSTRAP] [debug] Got data from client: {"cmd":"action","action":"find","params":{"strategy":"id","selector":"com.popular.app.corp:id/btnContinuar","context":"","multiple":false}}
&amp#27;[36minfo&amp#27;[39m: [debug] [BOOTSTRAP] [debug] Got command of type ACTION
&amp#27;[36minfo&amp#27;[39m: [debug] [BOOTSTRAP] [debug] Got command action: find
&amp#27;[36minfo&amp#27;[39m: [debug] [BOOTSTRAP] [debug] Finding com.popular.app.corp:id/btnContinuar using ID with the contextId:  multiple: false
&amp#27;[36minfo&amp#27;[39m: [debug] [BOOTSTRAP] [debug] Using: UiSelector[INSTANCE=0, RESOURCE_ID=com.popular.app.corp:id/btnContinuar]
&amp#27;[36minfo&amp#27;[39m: [debug] [BOOTSTRAP] [debug] Failed to locate element. Clearing Accessibility cache and retrying.
&amp#27;[36minfo&amp#27;[39m: [debug] [BOOTSTRAP] [debug] Finding com.popular.app.corp:id/btnContinuar using ID with the contextId:  multiple: false
&amp#27;[36minfo&amp#27;[39m: [debug] [BOOTSTRAP] [debug] Using: UiSelector[INSTANCE=0, RESOURCE_ID=com.popular.app.corp:id/btnContinuar]
&amp#27;[36minfo&amp#27;[39m: [debug] [BOOTSTRAP] [debug] Returning result: {"value":"No element found","status":7}
&amp#27;[36minfo&amp#27;[39m: [debug] Waited for 7035ms so far
&amp#27;[36minfo&amp#27;[39m: [debug] Pushing command to appium work queue: ["find",{"strategy":"id","selector":"com.popular.app.corp:id/btnContinuar","context":"","multiple":false}]
&amp#27;[36minfo&amp#27;[39m: [debug] [BOOTSTRAP] [debug] Got data from client: {"cmd":"action","action":"find","params":{"strategy":"id","selector":"com.popular.app.corp:id/btnContinuar","context":"","multiple":false}}
&amp#27;[36minfo&amp#27;[39m: [debug] [BOOTSTRAP] [debug] Got command of type ACTION
&amp#27;[36minfo&amp#27;[39m: [debug] [BOOTSTRAP] [debug] Got command action: find
&amp#27;[36minfo&amp#27;[39m: [debug] [BOOTSTRAP] [debug] Finding com.popular.app.corp:id/btnContinuar using ID with the contextId:  multiple: false
&amp#27;[36minfo&amp#27;[39m: [debug] [BOOTSTRAP] [debug] Using: UiSelector[INSTANCE=0, RESOURCE_ID=com.popular.app.corp:id/btnContinuar]
&amp#27;[36minfo&amp#27;[39m: [debug] [BOOTSTRAP] [debug] Failed to locate element. Clearing Accessibility cache and retrying.
&amp#27;[36minfo&amp#27;[39m: [debug] [BOOTSTRAP] [debug] Finding com.popular.app.corp:id/btnContinuar using ID with the contextId:  multiple: false
&amp#27;[36minfo&amp#27;[39m: [debug] [BOOTSTRAP] [debug] Using: UiSelector[INSTANCE=0, RESOURCE_ID=com.popular.app.corp:id/btnContinuar]
&amp#27;[36minfo&amp#27;[39m: [debug] [BOOTSTRAP] [debug] Returning result: {"value":"No element found","status":7}
&amp#27;[36minfo&amp#27;[39m: [debug] Waited for 7565ms so far
&amp#27;[36minfo&amp#27;[39m: [debug] Pushing command to appium work queue: ["find",{"strategy":"id","selector":"com.popular.app.corp:id/btnContinuar","context":"","multiple":false}]
&amp#27;[36minfo&amp#27;[39m: [debug] [BOOTSTRAP] [debug] Got data from client: {"cmd":"action","action":"find","params":{"strategy":"id","selector":"com.popular.app.corp:id/btnContinuar","context":"","multiple":false}}
&amp#27;[36minfo&amp#27;[39m: [debug] [BOOTSTRAP] [debug] Got command of type ACTION
&amp#27;[36minfo&amp#27;[39m: [debug] [BOOTSTRAP] [debug] Got command action: find
&amp#27;[36minfo&amp#27;[39m: [debug] [BOOTSTRAP] [debug] Finding com.popular.app.corp:id/btnContinuar using ID with the contextId:  multiple: false
&amp#27;[36minfo&amp#27;[39m: [debug] [BOOTSTRAP] [debug] Using: UiSelector[INSTANCE=0, RESOURCE_ID=com.popular.app.corp:id/btnContinuar]
&amp#27;[36minfo&amp#27;[39m: [debug] [BOOTSTRAP] [debug] Failed to locate element. Clearing Accessibility cache and retrying.
&amp#27;[36minfo&amp#27;[39m: [debug] [BOOTSTRAP] [debug] Finding com.popular.app.corp:id/btnContinuar using ID with the contextId:  multiple: false
&amp#27;[36minfo&amp#27;[39m: [debug] [BOOTSTRAP] [debug] Using: UiSelector[INSTANCE=0, RESOURCE_ID=com.popular.app.corp:id/btnContinuar]
&amp#27;[36minfo&amp#27;[39m: [debug] [BOOTSTRAP] [debug] Returning result: {"value":"No element found","status":7}
&amp#27;[36minfo&amp#27;[39m: [debug] Waited for 8178ms so far
&amp#27;[36minfo&amp#27;[39m: [debug] Pushing command to appium work queue: ["find",{"strategy":"id","selector":"com.popular.app.corp:id/btnContinuar","context":"","multiple":false}]
&amp#27;[36minfo&amp#27;[39m: [debug] [BOOTSTRAP] [debug] Got data from client: {"cmd":"action","action":"find","params":{"strategy":"id","selector":"com.popular.app.corp:id/btnContinuar","context":"","multiple":false}}
&amp#27;[36minfo&amp#27;[39m: [debug] [BOOTSTRAP] [debug] Got command of type ACTION
&amp#27;[36minfo&amp#27;[39m: [debug] [BOOTSTRAP] [debug] Got command action: find
&amp#27;[36minfo&amp#27;[39m: [debug] [BOOTSTRAP] [debug] Finding com.popular.app.corp:id/btnContinuar using ID with the contextId:  multiple: false
&amp#27;[36minfo&amp#27;[39m: [debug] [BOOTSTRAP] [debug] Using: UiSelector[INSTANCE=0, RESOURCE_ID=com.popular.app.corp:id/btnContinuar]
&amp#27;[36minfo&amp#27;[39m: [debug] [BOOTSTRAP] [debug] Failed to locate element. Clearing Accessibility cache and retrying.
&amp#27;[36minfo&amp#27;[39m: [debug] [BOOTSTRAP] [debug] Finding com.popular.app.corp:id/btnContinuar using ID with the contextId:  multiple: false
&amp#27;[36minfo&amp#27;[39m: [debug] [BOOTSTRAP] [debug] Using: UiSelector[INSTANCE=0, RESOURCE_ID=com.popular.app.corp:id/btnContinuar]
&amp#27;[36minfo&amp#27;[39m: [debug] [BOOTSTRAP] [debug] Returning result: {"value":"No element found","status":7}
&amp#27;[36minfo&amp#27;[39m: [debug] Waited for 8713ms so far
&amp#27;[36minfo&amp#27;[39m: [debug] Pushing command to appium work queue: ["find",{"strategy":"id","selector":"com.popular.app.corp:id/btnContinuar","context":"","multiple":false}]
&amp#27;[36minfo&amp#27;[39m: [debug] [BOOTSTRAP] [debug] Got data from client: {"cmd":"action","action":"find","params":{"strategy":"id","selector":"com.popular.app.corp:id/btnContinuar","context":"","multiple":false}}
&amp#27;[36minfo&amp#27;[39m: [debug] [BOOTSTRAP] [debug] Got command of type ACTION
&amp#27;[36minfo&amp#27;[39m: [debug] [BOOTSTRAP] [debug] Got command action: find
&amp#27;[36minfo&amp#27;[39m: [debug] [BOOTSTRAP] [debug] Finding com.popular.app.corp:id/btnContinuar using ID with the contextId:  multiple: false
&amp#27;[36minfo&amp#27;[39m: [debug] [BOOTSTRAP] [debug] Using: UiSelector[INSTANCE=0, RESOURCE_ID=com.popular.app.corp:id/btnContinuar]
&amp#27;[36minfo&amp#27;[39m: [debug] [BOOTSTRAP] [debug] Failed to locate element. Clearing Accessibility cache and retrying.
&amp#27;[36minfo&amp#27;[39m: [debug] [BOOTSTRAP] [debug] Finding com.popular.app.corp:id/btnContinuar using ID with the contextId:  multiple: false
&amp#27;[36minfo&amp#27;[39m: [debug] [BOOTSTRAP] [debug] Using: UiSelector[INSTANCE=0, RESOURCE_ID=com.popular.app.corp:id/btnContinuar]
&amp#27;[36minfo&amp#27;[39m: [debug] [BOOTSTRAP] [debug] Returning result: {"value":"No element found","status":7}
&amp#27;[36minfo&amp#27;[39m: [debug] Waited for 9315ms so far
&amp#27;[36minfo&amp#27;[39m: [debug] Pushing command to appium work queue: ["find",{"strategy":"id","selector":"com.popular.app.corp:id/btnContinuar","context":"","multiple":false}]
&amp#27;[36minfo&amp#27;[39m: [debug] [BOOTSTRAP] [debug] Got data from client: {"cmd":"action","action":"find","params":{"strategy":"id","selector":"com.popular.app.corp:id/btnContinuar","context":"","multiple":false}}
&amp#27;[36minfo&amp#27;[39m: [debug] [BOOTSTRAP] [debug] Got command of type ACTION
&amp#27;[36minfo&amp#27;[39m: [debug] [BOOTSTRAP] [debug] Got command action: find
&amp#27;[36minfo&amp#27;[39m: [debug] [BOOTSTRAP] [debug] Finding com.popular.app.corp:id/btnContinuar using ID with the contextId:  multiple: false
&amp#27;[36minfo&amp#27;[39m: [debug] &amp#27;[90m[UIAUTOMATOR STDOUT] [APPIUM-UIAUTO] [debug] Using: UiSelector[I&amp#27;[39m
&amp#27;[36minfo&amp#27;[39m: [debug] &amp#27;[90m[UIAUTOMATOR STDOUT] NSTANCE=0, RESOURCE_ID=com.popular.app.corp:id/btnContinuar][/APPIUM-UIAUTO]&amp#27;[39m
&amp#27;[36minfo&amp#27;[39m: [debug] [BOOTSTRAP] [debug] Failed to locate element. Clearing Accessibility cache and retrying.
&amp#27;[36minfo&amp#27;[39m: [debug] [BOOTSTRAP] [debug] Finding com.popular.app.corp:id/btnContinuar using ID with the contextId:  multiple: false
&amp#27;[36minfo&amp#27;[39m: [debug] [BOOTSTRAP] [debug] Using: UiSelector[INSTANCE=0, RESOURCE_ID=com.popular.app.corp:id/btnContinuar]
&amp#27;[36minfo&amp#27;[39m: [debug] [BOOTSTRAP] [debug] Returning result: {"value":"No element found","status":7}
&amp#27;[36minfo&amp#27;[39m: [debug] Waited for 9914ms so far
&amp#27;[36minfo&amp#27;[39m: [debug] Pushing command to appium work queue: ["find",{"strategy":"id","selector":"com.popular.app.corp:id/btnContinuar","context":"","multiple":false}]
&amp#27;[36minfo&amp#27;[39m: [debug] [BOOTSTRAP] [debug] Got data from client: {"cmd":"action","action":"find","params":{"strategy":"id","selector":"com.popular.app.corp:id/btnContinuar","context":"","multiple":false}}
&amp#27;[36minfo&amp#27;[39m: [debug] [BOOTSTRAP] [debug] Got command of type ACTION
&amp#27;[36minfo&amp#27;[39m: [debug] [BOOTSTRAP] [debug] Got command action: find
&amp#27;[36minfo&amp#27;[39m: [debug] [BOOTSTRAP] [debug] Finding com.popular.app.corp:id/btnContinuar using ID with the contextId:  multiple: false
&amp#27;[36minfo&amp#27;[39m: [debug] [BOOTSTRAP] [debug] Using: UiSelector[INSTANCE=0, RESOURCE_ID=com.popular.app.corp:id/btnContinuar]
&amp#27;[36minfo&amp#27;[39m: [debug] [BOOTSTRAP] [debug] Failed to locate element. Clearing Accessibility cache and retrying.
&amp#27;[36minfo&amp#27;[39m: [debug] [BOOTSTRAP] [debug] Finding com.popular.app.corp:id/btnContinuar using ID with the contextId:  multiple: false
&amp#27;[36minfo&amp#27;[39m: [debug] [BOOTSTRAP] [debug] Using: UiSelector[INSTANCE=0, RESOURCE_ID=com.popular.app.corp:id/btnContinuar]
&amp#27;[36minfo&amp#27;[39m: [debug] [BOOTSTRAP] [debug] Returning result: {"value":"No element found","status":7}
&amp#27;[36minfo&amp#27;[39m: [debug] Waited for 10474ms so far
&amp#27;[36minfo&amp#27;[39m: [debug] Pushing command to appium work queue: ["find",{"strategy":"id","selector":"com.popular.app.corp:id/btnContinuar","context":"","multiple":false}]
&amp#27;[36minfo&amp#27;[39m: [debug] [BOOTSTRAP] [debug] Got data from client: {"cmd":"action","action":"find","params":{"strategy":"id","selector":"com.popular.app.corp:id/btnContinuar","context":"","multiple":false}}
&amp#27;[36minfo&amp#27;[39m: [debug] [BOOTSTRAP] [debug] Got command of type ACTION
&amp#27;[36minfo&amp#27;[39m: [debug] [BOOTSTRAP] [debug] Got command action: find
&amp#27;[36minfo&amp#27;[39m: [debug] [BOOTSTRAP] [debug] Finding com.popular.app.corp:id/btnContinuar using ID with the contextId:  multiple: false
&amp#27;[36minfo&amp#27;[39m: [debug] [BOOTSTRAP] [debug] Using: UiSelector[INSTANCE=0, RESOURCE_ID=com.popular.app.corp:id/btnContinuar]
&amp#27;[36minfo&amp#27;[39m: [debug] [BOOTSTRAP] [debug] Failed to locate element. Clearing Accessibility cache and retrying.
&amp#27;[36minfo&amp#27;[39m: [debug] [BOOTSTRAP] [debug] Finding com.popular.app.corp:id/btnContinuar using ID with the contextId:  multiple: false
&amp#27;[36minfo&amp#27;[39m: [debug] [BOOTSTRAP] [debug] Using: UiSelector[INSTANCE=0, RESOURCE_ID=com.popular.app.corp:id/btnContinuar]
&amp#27;[36minfo&amp#27;[39m: [debug] [BOOTSTRAP] [debug] Returning result: {"value":"No element found","status":7}
&amp#27;[36minfo&amp#27;[39m: [debug] Waited for 10995ms so far
&amp#27;[36minfo&amp#27;[39m: [debug] Pushing command to appium work queue: ["find",{"strategy":"id","selector":"com.popular.app.corp:id/btnContinuar","context":"","multiple":false}]
&amp#27;[36minfo&amp#27;[39m: [debug] [BOOTSTRAP] [debug] Got data from client: {"cmd":"action","action":"find","params":{"strategy":"id","selector":"com.popular.app.corp:id/btnContinuar","context":"","multiple":false}}
&amp#27;[36minfo&amp#27;[39m: [debug] [BOOTSTRAP] [debug] Got command of type ACTION
&amp#27;[36minfo&amp#27;[39m: [debug] [BOOTSTRAP] [debug] Got command action: find
&amp#27;[36minfo&amp#27;[39m: [debug] [BOOTSTRAP] [debug] Finding com.popular.app.corp:id/btnContinuar using ID with the contextId:  multiple: false
&amp#27;[36minfo&amp#27;[39m: [debug] [BOOTSTRAP] [debug] Using: UiSelector[INSTANCE=0, RESOURCE_ID=com.popular.app.corp:id/btnContinuar]
&amp#27;[36minfo&amp#27;[39m: [debug] [BOOTSTRAP] [debug] Failed to locate element. Clearing Accessibility cache and retrying.
&amp#27;[36minfo&amp#27;[39m: [debug] [BOOTSTRAP] [debug] Finding com.popular.app.corp:id/btnContinuar using ID with the contextId:  multiple: false
&amp#27;[36minfo&amp#27;[39m: [debug] [BOOTSTRAP] [debug] Using: UiSelector[INSTANCE=0, RESOURCE_ID=com.popular.app.corp:id/btnContinuar]
&amp#27;[36minfo&amp#27;[39m: [debug] [BOOTSTRAP] [debug] Returning result: {"value":"No element found","status":7}
&amp#27;[36minfo&amp#27;[39m: [debug] Waited for 11527ms so far
&amp#27;[36minfo&amp#27;[39m: [debug] Pushing command to appium work queue: ["find",{"strategy":"id","selector":"com.popular.app.corp:id/btnContinuar","context":"","multiple":false}]
&amp#27;[36minfo&amp#27;[39m: [debug] [BOOTSTRAP] [debug] Got data from client: {"cmd":"action","action":"find","params":{"strategy":"id","selector":"com.popular.app.corp:id/btnContinuar","context":"","multiple":false}}
&amp#27;[36minfo&amp#27;[39m: [debug] [BOOTSTRAP] [debug] Got command of type ACTION
&amp#27;[36minfo&amp#27;[39m: [debug] [BOOTSTRAP] [debug] Got command action: find
&amp#27;[36minfo&amp#27;[39m: [debug] [BOOTSTRAP] [debug] Finding com.popular.app.corp:id/btnContinuar using ID with the contextId:  multiple: false
&amp#27;[36minfo&amp#27;[39m: [debug] [BOOTSTRAP] [debug] Using: UiSelector[INSTANCE=0, RESOURCE_ID=com.popular.app.corp:id/btnContinuar]
&amp#27;[36minfo&amp#27;[39m: [debug] [BOOTSTRAP] [debug] Failed to locate element. Clearing Accessibility cache and retrying.
&amp#27;[36minfo&amp#27;[39m: [debug] [BOOTSTRAP] [debug] Finding com.popular.app.corp:id/btnContinuar using ID with the contextId:  multiple: false
&amp#27;[36minfo&amp#27;[39m: [debug] [BOOTSTRAP] [debug] Using: UiSelector[INSTANCE=0, RESOURCE_ID=com.popular.app.corp:id/btnContinuar]
&amp#27;[36minfo&amp#27;[39m: [debug] [BOOTSTRAP] [debug] Returning result: {"value":"No element found","status":7}
&amp#27;[36minfo&amp#27;[39m: [debug] Waited for 12086ms so far
&amp#27;[36minfo&amp#27;[39m: [debug] Pushing command to appium work queue: ["find",{"strategy":"id","selector":"com.popular.app.corp:id/btnContinuar","context":"","multiple":false}]
&amp#27;[36minfo&amp#27;[39m: [debug] [BOOTSTRAP] [debug] Got data from client: {"cmd":"action","action":"find","params":{"strategy":"id","selector":"com.popular.app.corp:id/btnContinuar","context":"","multiple":false}}
&amp#27;[36minfo&amp#27;[39m: [debug] [BOOTSTRAP] [debug] Got command of type ACTION
&amp#27;[36minfo&amp#27;[39m: [debug] [BOOTSTRAP] [debug] Got command action: find
&amp#27;[36minfo&amp#27;[39m: [debug] [BOOTSTRAP] [debug] Finding com.popular.app.corp:id/btnContinuar using ID with the contextId:  multiple: false
&amp#27;[36minfo&amp#27;[39m: [debug] [BOOTSTRAP] [debug] Using: UiSelector[INSTANCE=0, RESOURCE_ID=com.popular.app.corp:id/btnContinuar]
&amp#27;[36minfo&amp#27;[39m: [debug] [BOOTSTRAP] [debug] Failed to locate element. Clearing Accessibility cache and retrying.
&amp#27;[36minfo&amp#27;[39m: [debug] [BOOTSTRAP] [debug] Finding com.popular.app.corp:id/btnContinuar using ID with the contextId:  multiple: false
&amp#27;[36minfo&amp#27;[39m: [debug] [BOOTSTRAP] [debug] Using: UiSelector[INSTANCE=0, RESOURCE_ID=com.popular.app.corp:id/btnContinuar]
&amp#27;[36minfo&amp#27;[39m: [debug] [BOOTSTRAP] [debug] Returning result: {"value":"No element found","status":7}
&amp#27;[36minfo&amp#27;[39m: [debug] Waited for 12620ms so far
&amp#27;[36minfo&amp#27;[39m: [debug] Pushing command to appium work queue: ["find",{"strategy":"id","selector":"com.popular.app.corp:id/btnContinuar","context":"","multiple":false}]
&amp#27;[36minfo&amp#27;[39m: [debug] [BOOTSTRAP] [debug] Got data from client: {"cmd":"action","action":"find","params":{"strategy":"id","selector":"com.popular.app.corp:id/btnContinuar","context":"","multiple":false}}
&amp#27;[36minfo&amp#27;[39m: [debug] [BOOTSTRAP] [debug] Got command of type ACTION
&amp#27;[36minfo&amp#27;[39m: [debug] [BOOTSTRAP] [debug] Got command action: find
&amp#27;[36minfo&amp#27;[39m: [debug] [BOOTSTRAP] [debug] Finding com.popular.app.corp:id/btnContinuar using ID with the contextId:  multiple: false
&amp#27;[36minfo&amp#27;[39m: [debug] [BOOTSTRAP] [debug] Using: UiSelector[INSTANCE=0, RESOURCE_ID=com.popular.app.corp:id/btnContinuar]
&amp#27;[36minfo&amp#27;[39m: [debug] [BOOTSTRAP] [debug] Failed to locate element. Clearing Accessibility cache and retrying.
&amp#27;[36minfo&amp#27;[39m: [debug] [BOOTSTRAP] [debug] Finding com.popular.app.corp:id/btnContinuar using ID with the contextId:  multiple: false
&amp#27;[36minfo&amp#27;[39m: [debug] [BOOTSTRAP] [debug] Using: UiSelector[INSTANCE=0, RESOURCE_ID=com.popular.app.corp:id/btnContinuar]
&amp#27;[36minfo&amp#27;[39m: [debug] [BOOTSTRAP] [debug] Returning result: {"value":"No element found","status":7}
&amp#27;[36minfo&amp#27;[39m: [debug] Waited for 13286ms so far
&amp#27;[36minfo&amp#27;[39m: [debug] Pushing command to appium work queue: ["find",{"strategy":"id","selector":"com.popular.app.corp:id/btnContinuar","context":"","multiple":false}]
&amp#27;[36minfo&amp#27;[39m: [debug] [BOOTSTRAP] [debug] Got data from client: {"cmd":"action","action":"find","params":{"strategy":"id","selector":"com.popular.app.corp:id/btnContinuar","context":"","multiple":false}}
&amp#27;[36minfo&amp#27;[39m: [debug] [BOOTSTRAP] [debug] Got command of type ACTION
&amp#27;[36minfo&amp#27;[39m: [debug] [BOOTSTRAP] [debug] Got command action: find
&amp#27;[36minfo&amp#27;[39m: [debug] [BOOTSTRAP] [debug] Finding com.popular.app.corp:id/btnContinuar using ID with the contextId:  multiple: false
&amp#27;[36minfo&amp#27;[39m: [debug] [BOOTSTRAP] [debug] Using: UiSelector[INSTANCE=0, RESOURCE_ID=com.popular.app.corp:id/btnContinuar]
&amp#27;[36minfo&amp#27;[39m: [debug] [BOOTSTRAP] [debug] Failed to locate element. Clearing Accessibility cache and retrying.
&amp#27;[36minfo&amp#27;[39m: [debug] [BOOTSTRAP] [debug] Finding com.popular.app.corp:id/btnContinuar using ID with the contextId:  multiple: false
&amp#27;[36minfo&amp#27;[39m: [debug] [BOOTSTRAP] [debug] Using: UiSelector[INSTANCE=0, RESOURCE_ID=com.popular.app.corp:id/btnContinuar]
&amp#27;[36minfo&amp#27;[39m: [debug] [BOOTSTRAP] [debug] Returning result: {"value":"No element found","status":7}
&amp#27;[36minfo&amp#27;[39m: [debug] Waited for 13886ms so far
&amp#27;[36minfo&amp#27;[39m: [debug] Pushing command to appium work queue: ["find",{"strategy":"id","selector":"com.popular.app.corp:id/btnContinuar","context":"","multiple":false}]
&amp#27;[36minfo&amp#27;[39m: [debug] [BOOTSTRAP] [debug] Got data from client: {"cmd":"action","action":"find","params":{"strategy":"id","selector":"com.popular.app.corp:id/btnContinuar","context":"","multiple":false}}
&amp#27;[36minfo&amp#27;[39m: [debug] [BOOTSTRAP] [debug] Got command of type ACTION
&amp#27;[36minfo&amp#27;[39m: [debug] [BOOTSTRAP] [debug] Got command action: find
&amp#27;[36minfo&amp#27;[39m: [debug] [BOOTSTRAP] [debug] Finding com.popular.app.corp:id/btnContinuar using ID with the contextId:  multiple: false
&amp#27;[36minfo&amp#27;[39m: [debug] [BOOTSTRAP] [debug] Using: UiSelector[INSTANCE=0, RESOURCE_ID=com.popular.app.corp:id/btnContinuar]
&amp#27;[36minfo&amp#27;[39m: [debug] [BOOTSTRAP] [debug] Failed to locate element. Clearing Accessibility cache and retrying.
&amp#27;[36minfo&amp#27;[39m: [debug] [BOOTSTRAP] [debug] Finding com.popular.app.corp:id/btnContinuar using ID with the contextId:  multiple: false
&amp#27;[36minfo&amp#27;[39m: [debug] [BOOTSTRAP] [debug] Using: UiSelector[INSTANCE=0, RESOURCE_ID=com.popular.app.corp:id/btnContinuar]
&amp#27;[36minfo&amp#27;[39m: [debug] [BOOTSTRAP] [debug] Returning result: {"value":"No element found","status":7}
&amp#27;[36minfo&amp#27;[39m: [debug] Waited for 14443ms so far
&amp#27;[36minfo&amp#27;[39m: [debug] Pushing command to appium work queue: ["find",{"strategy":"id","selector":"com.popular.app.corp:id/btnContinuar","context":"","multiple":false}]
&amp#27;[36minfo&amp#27;[39m: [debug] [BOOTSTRAP] [debug] Got data from client: {"cmd":"action","action":"find","params":{"strategy":"id","selector":"com.popular.app.corp:id/btnContinuar","context":"","multiple":false}}
&amp#27;[36minfo&amp#27;[39m: [debug] [BOOTSTRAP] [debug] Got command of type ACTION
&amp#27;[36minfo&amp#27;[39m: [debug] [BOOTSTRAP] [debug] Got command action: find
&amp#27;[36minfo&amp#27;[39m: [debug] [BOOTSTRAP] [debug] Finding com.popular.app.corp:id/btnContinuar using ID with the contextId:  multiple: false
&amp#27;[36minfo&amp#27;[39m: [debug] [BOOTSTRAP] [debug] Using: UiSelector[INSTANCE=0, RESOURCE_ID=com.popular.app.corp:id/btnContinuar]
&amp#27;[36minfo&amp#27;[39m: [debug] [BOOTSTRAP] [debug] Failed to locate element. Clearing Accessibility cache and retrying.
&amp#27;[36minfo&amp#27;[39m: [debug] [BOOTSTRAP] [debug] Finding com.popular.app.corp:id/btnContinuar using ID with the contextId:  multiple: false
&amp#27;[36minfo&amp#27;[39m: [debug] [BOOTSTRAP] [debug] Using: UiSelector[INSTANCE=0, RESOURCE_ID=com.popular.app.corp:id/btnContinuar]
&amp#27;[36minfo&amp#27;[39m: [debug] [BOOTSTRAP] [debug] Returning result: {"value":"No element found","status":7}
&amp#27;[36minfo&amp#27;[39m: [debug] Waited for 15008ms so far
&amp#27;[36minfo&amp#27;[39m: [debug] Pushing command to appium work queue: ["find",{"strategy":"id","selector":"com.popular.app.corp:id/btnContinuar","context":"","multiple":false}]
&amp#27;[36minfo&amp#27;[39m: [debug] [BOOTSTRAP] [debug] Got data from client: {"cmd":"action","action":"find","params":{"strategy":"id","selector":"com.popular.app.corp:id/btnContinuar","context":"","multiple":false}}
&amp#27;[36minfo&amp#27;[39m: [debug] [BOOTSTRAP] [debug] Got command of type ACTION
&amp#27;[36minfo&amp#27;[39m: [debug] [BOOTSTRAP] [debug] Got command action: find
&amp#27;[36minfo&amp#27;[39m: [debug] [BOOTSTRAP] [debug] Finding com.popular.app.corp:id/btnContinuar using ID with the contextId:  multiple: false
&amp#27;[36minfo&amp#27;[39m: [debug] [BOOTSTRAP] [debug] Using: UiSelector[INSTANCE=0, RESOURCE_ID=com.popular.app.corp:id/btnContinuar]
&amp#27;[36minfo&amp#27;[39m: [debug] [BOOTSTRAP] [debug] Failed to locate element. Clearing Accessibility cache and retrying.
&amp#27;[36minfo&amp#27;[39m: [debug] [BOOTSTRAP] [debug] Finding com.popular.app.corp:id/btnContinuar using ID with the contextId:  multiple: false
&amp#27;[36minfo&amp#27;[39m: [debug] [BOOTSTRAP] [debug] Using: UiSelector[INSTANCE=0, RESOURCE_ID=com.popular.app.corp:id/btnContinuar]
&amp#27;[36minfo&amp#27;[39m: [debug] [BOOTSTRAP] [debug] Returning result: {"value":"No element found","status":7}
&amp#27;[36minfo&amp#27;[39m: [debug] Waited for 15619ms so far
&amp#27;[36minfo&amp#27;[39m: [debug] Pushing command to appium work queue: ["find",{"strategy":"id","selector":"com.popular.app.corp:id/btnContinuar","context":"","multiple":false}]
&amp#27;[36minfo&amp#27;[39m: [debug] [BOOTSTRAP] [debug] Got data from client: {"cmd":"action","action":"find","params":{"strategy":"id","selector":"com.popular.app.corp:id/btnContinuar","context":"","multiple":false}}
&amp#27;[36minfo&amp#27;[39m: [debug] [BOOTSTRAP] [debug] Got command of type ACTION
&amp#27;[36minfo&amp#27;[39m: [debug] [BOOTSTRAP] [debug] Got command action: find
&amp#27;[36minfo&amp#27;[39m: [debug] [BOOTSTRAP] [debug] Finding com.popular.app.corp:id/btnContinuar using ID with the contextId:  multiple: false
&amp#27;[36minfo&amp#27;[39m: [debug] [BOOTSTRAP] [debug] Using: UiSelector[INSTANCE=0, RESOURCE_ID=com.popular.app.corp:id/btnContinuar]
&amp#27;[36minfo&amp#27;[39m: [debug] [BOOTSTRAP] [debug] Failed to locate element. Clearing Accessibility cache and retrying.
&amp#27;[36minfo&amp#27;[39m: [debug] [BOOTSTRAP] [debug] Finding com.popular.app.corp:id/btnContinuar using ID with the contextId:  multiple: false
&amp#27;[36minfo&amp#27;[39m: [debug] [BOOTSTRAP] [debug] Using: UiSelector[INSTANCE=0, RESOURCE_ID=com.popular.app.corp:id/btnContinuar]
&amp#27;[36minfo&amp#27;[39m: [debug] [BOOTSTRAP] [debug] Returning result: {"value":"No element found","status":7}
&amp#27;[36minfo&amp#27;[39m: [debug] Waited for 16146ms so far
&amp#27;[36minfo&amp#27;[39m: [debug] Pushing command to appium work queue: ["find",{"strategy":"id","selector":"com.popular.app.corp:id/btnContinuar","context":"","multiple":false}]
&amp#27;[36minfo&amp#27;[39m: [debug] [BOOTSTRAP] [debug] Got data from client: {"cmd":"action","action":"find","params":{"strategy":"id","selector":"com.popular.app.corp:id/btnContinuar","context":"","multiple":false}}
&amp#27;[36minfo&amp#27;[39m: [debug] [BOOTSTRAP] [debug] Got command of type ACTION
&amp#27;[36minfo&amp#27;[39m: [debug] [BOOTSTRAP] [debug] Got command action: find
&amp#27;[36minfo&amp#27;[39m: [debug] [BOOTSTRAP] [debug] Finding com.popular.app.corp:id/btnContinuar using ID with the contextId:  multiple: false
&amp#27;[36minfo&amp#27;[39m: [debug] [BOOTSTRAP] [debug] Using: UiSelector[INSTANCE=0, RESOURCE_ID=com.popular.app.corp:id/btnContinuar]
&amp#27;[36minfo&amp#27;[39m: [debug] [BOOTSTRAP] [debug] Failed to locate element. Clearing Accessibility cache and retrying.
&amp#27;[36minfo&amp#27;[39m: [debug] [BOOTSTRAP] [debug] Finding com.popular.app.corp:id/btnContinuar using ID with the contextId:  multiple: false
&amp#27;[36minfo&amp#27;[39m: [debug] [BOOTSTRAP] [debug] Using: UiSelector[INSTANCE=0, RESOURCE_ID=com.popular.app.corp:id/btnContinuar]
&amp#27;[36minfo&amp#27;[39m: [debug] [BOOTSTRAP] [debug] Returning result: {"value":"No element found","status":7}
&amp#27;[36minfo&amp#27;[39m: [debug] Waited for 16813ms so far
&amp#27;[36minfo&amp#27;[39m: [debug] Pushing command to appium work queue: ["find",{"strategy":"id","selector":"com.popular.app.corp:id/btnContinuar","context":"","multiple":false}]
&amp#27;[36minfo&amp#27;[39m: [debug] [BOOTSTRAP] [debug] Got data from client: {"cmd":"action","action":"find","params":{"strategy":"id","selector":"com.popular.app.corp:id/btnContinuar","context":"","multiple":false}}
&amp#27;[36minfo&amp#27;[39m: [debug] [BOOTSTRAP] [debug] Got command of type ACTION
&amp#27;[36minfo&amp#27;[39m: [debug] [BOOTSTRAP] [debug] Got command action: find
&amp#27;[36minfo&amp#27;[39m: [debug] [BOOTSTRAP] [debug] Finding com.popular.app.corp:id/btnContinuar using ID with the contextId:  multiple: false
&amp#27;[36minfo&amp#27;[39m: [debug] [BOOTSTRAP] [debug] Using: UiSelector[INSTANCE=0, RESOURCE_ID=com.popular.app.corp:id/btnContinuar]
&amp#27;[36minfo&amp#27;[39m: [debug] [BOOTSTRAP] [debug] Failed to locate element. Clearing Accessibility cache and retrying.
&amp#27;[36minfo&amp#27;[39m: [debug] [BOOTSTRAP] [debug] Finding com.popular.app.corp:id/btnContinuar using ID with the contextId:  multiple: false
&amp#27;[36minfo&amp#27;[39m: [debug] [BOOTSTRAP] [debug] Using: UiSelector[INSTANCE=0, RESOURCE_ID=com.popular.app.corp:id/btnContinuar]
&amp#27;[36minfo&amp#27;[39m: [debug] [BOOTSTRAP] [debug] Returning result: {"value":"No element found","status":7}
&amp#27;[36minfo&amp#27;[39m: [debug] Waited for 17396ms so far
&amp#27;[36minfo&amp#27;[39m: [debug] Pushing command to appium work queue: ["find",{"strategy":"id","selector":"com.popular.app.corp:id/btnContinuar","context":"","multiple":false}]
&amp#27;[36minfo&amp#27;[39m: [debug] [BOOTSTRAP] [debug] Got data from client: {"cmd":"action","action":"find","params":{"strategy":"id","selector":"com.popular.app.corp:id/btnContinuar","context":"","multiple":false}}
&amp#27;[36minfo&amp#27;[39m: [debug] [BOOTSTRAP] [debug] Got command of type ACTION
&amp#27;[36minfo&amp#27;[39m: [debug] [BOOTSTRAP] [debug] Got command action: find
&amp#27;[36minfo&amp#27;[39m: [debug] [BOOTSTRAP] [debug] Finding com.popular.app.corp:id/btnContinuar using ID with the contextId:  multiple: false
&amp#27;[36minfo&amp#27;[39m: [debug] [BOOTSTRAP] [debug] Using: UiSelector[INSTANCE=0, RESOURCE_ID=com.popular.app.corp:id/btnContinuar]
&amp#27;[36minfo&amp#27;[39m: [debug] [BOOTSTRAP] [debug] Failed to locate element. Clearing Accessibility cache and retrying.
&amp#27;[36minfo&amp#27;[39m: [debug] [BOOTSTRAP] [debug] Finding com.popular.app.corp:id/btnContinuar using ID with the contextId:  multiple: false
&amp#27;[36minfo&amp#27;[39m: [debug] [BOOTSTRAP] [debug] Using: UiSelector[INSTANCE=0, RESOURCE_ID=com.popular.app.corp:id/btnContinuar]
&amp#27;[36minfo&amp#27;[39m: [debug] [BOOTSTRAP] [debug] Returning result: {"value":"No element found","status":7}
&amp#27;[36minfo&amp#27;[39m: [debug] Waited for 17927ms so far
&amp#27;[36minfo&amp#27;[39m: [debug] Pushing command to appium work queue: ["find",{"strategy":"id","selector":"com.popular.app.corp:id/btnContinuar","context":"","multiple":false}]
&amp#27;[36minfo&amp#27;[39m: [debug] [BOOTSTRAP] [debug] Got data from client: {"cmd":"action","action":"find","params":{"strategy":"id","selector":"com.popular.app.corp:id/btnContinuar","context":"","multiple":false}}
&amp#27;[36minfo&amp#27;[39m: [debug] [BOOTSTRAP] [debug] Got command of type ACTION
&amp#27;[36minfo&amp#27;[39m: [debug] [BOOTSTRAP] [debug] Got command action: find
&amp#27;[36minfo&amp#27;[39m: [debug] [BOOTSTRAP] [debug] Finding com.popular.app.corp:id/btnContinuar using ID with the contextId:  multiple: false
&amp#27;[36minfo&amp#27;[39m: [debug] [BOOTSTRAP] [debug] Using: UiSelector[INSTANCE=0, RESOURCE_ID=com.popular.app.corp:id/btnContinuar]
&amp#27;[36minfo&amp#27;[39m: [debug] [BOOTSTRAP] [debug] Failed to locate element. Clearing Accessibility cache and retrying.
&amp#27;[36minfo&amp#27;[39m: [debug] [BOOTSTRAP] [debug] Finding com.popular.app.corp:id/btnContinuar using ID with the contextId:  multiple: false
&amp#27;[36minfo&amp#27;[39m: [debug] [BOOTSTRAP] [debug] Using: UiSelector[INSTANCE=0, RESOURCE_ID=com.popular.app.corp:id/btnContinuar]
&amp#27;[36minfo&amp#27;[39m: [debug] [BOOTSTRAP] [debug] Returning result: {"value":"No element found","status":7}
&amp#27;[36minfo&amp#27;[39m: [debug] Waited for 18534ms so far
&amp#27;[36minfo&amp#27;[39m: [debug] Pushing command to appium work queue: ["find",{"strategy":"id","selector":"com.popular.app.corp:id/btnContinuar","context":"","multiple":false}]
&amp#27;[36minfo&amp#27;[39m: [debug] [BOOTSTRAP] [debug] Got data from client: {"cmd":"action","action":"find","params":{"strategy":"id","selector":"com.popular.app.corp:id/btnContinuar","context":"","multiple":false}}
&amp#27;[36minfo&amp#27;[39m: [debug] [BOOTSTRAP] [debug] Got command of type ACTION
&amp#27;[36minfo&amp#27;[39m: [debug] [BOOTSTRAP] [debug] Got command action: find
&amp#27;[36minfo&amp#27;[39m: [debug] [BOOTSTRAP] [debug] Finding com.popular.app.corp:id/btnContinuar using ID with the contextId:  multiple: false
&amp#27;[36minfo&amp#27;[39m: [debug] [BOOTSTRAP] [debug] Using: UiSelector[INSTANCE=0, RESOURCE_ID=com.popular.app.corp:id/btnContinuar]
&amp#27;[36minfo&amp#27;[39m: [debug] [BOOTSTRAP] [debug] Failed to locate element. Clearing Accessibility cache and retrying.
&amp#27;[36minfo&amp#27;[39m: [debug] [BOOTSTRAP] [debug] Finding com.popular.app.corp:id/btnContinuar using ID with the contextId:  multiple: false
&amp#27;[36minfo&amp#27;[39m: [debug] [BOOTSTRAP] [debug] Using: UiSelector[INSTANCE=0, RESOURCE_ID=com.popular.app.corp:id/btnContinuar]
&amp#27;[36minfo&amp#27;[39m: [debug] [BOOTSTRAP] [debug] Returning result: {"value":"No element found","status":7}
&amp#27;[36minfo&amp#27;[39m: [debug] Waited for 19268ms so far
&amp#27;[36minfo&amp#27;[39m: [debug] Pushing command to appium work queue: ["find",{"strategy":"id","selector":"com.popular.app.corp:id/btnContinuar","context":"","multiple":false}]
&amp#27;[36minfo&amp#27;[39m: [debug] [BOOTSTRAP] [debug] Got data from client: {"cmd":"action","action":"find","params":{"strategy":"id","selector":"com.popular.app.corp:id/btnContinuar","context":"","multiple":false}}
&amp#27;[36minfo&amp#27;[39m: [debug] [BOOTSTRAP] [debug] Got command of type ACTION
&amp#27;[36minfo&amp#27;[39m: [debug] [BOOTSTRAP] [debug] Got command action: find
&amp#27;[36minfo&amp#27;[39m: [debug] [BOOTSTRAP] [debug] Finding com.popular.app.corp:id/btnContinuar using ID with the contextId:  multiple: false
&amp#27;[36minfo&amp#27;[39m: [debug] [BOOTSTRAP] [debug] Using: UiSelector[INSTANCE=0, RESOURCE_ID=com.popular.app.corp:id/btnContinuar]
&amp#27;[36minfo&amp#27;[39m: [debug] [BOOTSTRAP] [debug] Failed to locate element. Clearing Accessibility cache and retrying.
&amp#27;[36minfo&amp#27;[39m: [debug] [BOOTSTRAP] [debug] Finding com.popular.app.corp:id/btnContinuar using ID with the contextId:  multiple: false
&amp#27;[36minfo&amp#27;[39m: [debug] [BOOTSTRAP] [debug] Using: UiSelector[INSTANCE=0, RESOURCE_ID=com.popular.app.corp:id/btnContinuar]
&amp#27;[36minfo&amp#27;[39m: [debug] [BOOTSTRAP] [debug] Returning result: {"value":"No element found","status":7}
&amp#27;[36minfo&amp#27;[39m: [debug] Waited for 19797ms so far
&amp#27;[36minfo&amp#27;[39m: [debug] Pushing command to appium work queue: ["find",{"strategy":"id","selector":"com.popular.app.corp:id/btnContinuar","context":"","multiple":false}]
&amp#27;[36minfo&amp#27;[39m: [debug] [BOOTSTRAP] [debug] Got data from client: {"cmd":"action","action":"find","params":{"strategy":"id","selector":"com.popular.app.corp:id/btnContinuar","context":"","multiple":false}}
&amp#27;[36minfo&amp#27;[39m: [debug] [BOOTSTRAP] [debug] Got command of type ACTION
&amp#27;[36minfo&amp#27;[39m: [debug] [BOOTSTRAP] [debug] Got command action: find
&amp#27;[36minfo&amp#27;[39m: [debug] [BOOTSTRAP] [debug] Finding com.popular.app.corp:id/btnContinuar using ID with the contextId:  multiple: false
&amp#27;[36minfo&amp#27;[39m: [debug] [BOOTSTRAP] [debug] Using: UiSelector[INSTANCE=0, RESOURCE_ID=com.popular.app.corp:id/btnContinuar]
&amp#27;[36minfo&amp#27;[39m: [debug] [BOOTSTRAP] [debug] Failed to locate element. Clearing Accessibility cache and retrying.
&amp#27;[36minfo&amp#27;[39m: [debug] [BOOTSTRAP] [debug] Finding com.popular.app.corp:id/btnContinuar using ID with the contextId:  multiple: false
&amp#27;[36minfo&amp#27;[39m: [debug] [BOOTSTRAP] [debug] Using: UiSelector[INSTANCE=0, RESOURCE_ID=com.popular.app.corp:id/btnContinuar]
&amp#27;[36minfo&amp#27;[39m: [debug] [BOOTSTRAP] [debug] Returning result: {"value":"No element found","status":7}
&amp#27;[36minfo&amp#27;[39m: [debug] Waited for 20456ms so far
&amp#27;[36minfo&amp#27;[39m: [debug] Pushing command to appium work queue: ["find",{"strategy":"id","selector":"com.popular.app.corp:id/btnContinuar","context":"","multiple":false}]
&amp#27;[36minfo&amp#27;[39m: [debug] [BOOTSTRAP] [debug] Got data from client: {"cmd":"action","action":"find","params":{"strategy":"id","selector":"com.popular.app.corp:id/btnContinuar","context":"","multiple":false}}
&amp#27;[36minfo&amp#27;[39m: [debug] [BOOTSTRAP] [debug] Got command of type ACTION
&amp#27;[36minfo&amp#27;[39m: [debug] [BOOTSTRAP] [debug] Got command action: find
&amp#27;[36minfo&amp#27;[39m: [debug] [BOOTSTRAP] [debug] Finding com.popular.app.corp:id/btnContinuar using ID with the contextId:  multiple: false
&amp#27;[36minfo&amp#27;[39m: [debug] [BOOTSTRAP] [debug] Using: UiSelector[INSTANCE=0, RESOURCE_ID=com.popular.app.corp:id/btnContinuar]
&amp#27;[36minfo&amp#27;[39m: [debug] [BOOTSTRAP] [debug] Failed to locate element. Clearing Accessibility cache and retrying.
&amp#27;[36minfo&amp#27;[39m: [debug] [BOOTSTRAP] [debug] Finding com.popular.app.corp:id/btnContinuar using ID with the contextId:  multiple: false
&amp#27;[36minfo&amp#27;[39m: [debug] [BOOTSTRAP] [debug] Using: UiSelector[INSTANCE=0, RESOURCE_ID=com.popular.app.corp:id/btnContinuar]
&amp#27;[36minfo&amp#27;[39m: [debug] [BOOTSTRAP] [debug] Returning result: {"value":"No element found","status":7}
&amp#27;[36minfo&amp#27;[39m: [debug] Waited for 20989ms so far
&amp#27;[36minfo&amp#27;[39m: [debug] Pushing command to appium work queue: ["find",{"strategy":"id","selector":"com.popular.app.corp:id/btnContinuar","context":"","multiple":false}]
&amp#27;[36minfo&amp#27;[39m: [debug] [BOOTSTRAP] [debug] Got data from client: {"cmd":"action","action":"find","params":{"strategy":"id","selector":"com.popular.app.corp:id/btnContinuar","context":"","multiple":false}}
&amp#27;[36minfo&amp#27;[39m: [debug] [BOOTSTRAP] [debug] Got command of type ACTION
&amp#27;[36minfo&amp#27;[39m: [debug] [BOOTSTRAP] [debug] Got command action: find
&amp#27;[36minfo&amp#27;[39m: [debug] [BOOTSTRAP] [debug] Finding com.popular.app.corp:id/btnContinuar using ID with the contextId:  multiple: false
&amp#27;[36minfo&amp#27;[39m: [debug] [BOOTSTRAP] [debug] Using: UiSelector[INSTANCE=0, RESOURCE_ID=com.popular.app.corp:id/btnContinuar]
&amp#27;[36minfo&amp#27;[39m: [debug] [BOOTSTRAP] [debug] Failed to locate element. Clearing Accessibility cache and retrying.
&amp#27;[36minfo&amp#27;[39m: [debug] [BOOTSTRAP] [debug] Finding com.popular.app.corp:id/btnContinuar using ID with the contextId:  multiple: false
&amp#27;[36minfo&amp#27;[39m: [debug] [BOOTSTRAP] [debug] Using: UiSelector[INSTANCE=0, RESOURCE_ID=com.popular.app.corp:id/btnContinuar]
&amp#27;[36minfo&amp#27;[39m: [debug] [BOOTSTRAP] [debug] Returning result: {"value":"No element found","status":7}
&amp#27;[36minfo&amp#27;[39m: [debug] Waited for 21596ms so far
&amp#27;[36minfo&amp#27;[39m: [debug] Pushing command to appium work queue: ["find",{"strategy":"id","selector":"com.popular.app.corp:id/btnContinuar","context":"","multiple":false}]
&amp#27;[36minfo&amp#27;[39m: [debug] [BOOTSTRAP] [debug] Got data from client: {"cmd":"action","action":"find","params":{"strategy":"id","selector":"com.popular.app.corp:id/btnContinuar","context":"","multiple":false}}
&amp#27;[36minfo&amp#27;[39m: [debug] [BOOTSTRAP] [debug] Got command of type ACTION
&amp#27;[36minfo&amp#27;[39m: [debug] [BOOTSTRAP] [debug] Got command action: find
&amp#27;[36minfo&amp#27;[39m: [debug] [BOOTSTRAP] [debug] Finding com.popular.app.corp:id/btnContinuar using ID with the contextId:  multiple: false
&amp#27;[36minfo&amp#27;[39m: [debug] [BOOTSTRAP] [debug] Using: UiSelector[INSTANCE=0, RESOURCE_ID=com.popular.app.corp:id/btnContinuar]
&amp#27;[36minfo&amp#27;[39m: [debug] [BOOTSTRAP] [debug] Failed to locate element. Clearing Accessibility cache and retrying.
&amp#27;[36minfo&amp#27;[39m: [debug] [BOOTSTRAP] [debug] Finding com.popular.app.corp:id/btnContinuar using ID with the contextId:  multiple: false
&amp#27;[36minfo&amp#27;[39m: [debug] [BOOTSTRAP] [debug] Using: UiSelector[INSTANCE=0, RESOURCE_ID=com.popular.app.corp:id/btnContinuar]
&amp#27;[36minfo&amp#27;[39m: [debug] [BOOTSTRAP] [debug] Returning result: {"value":"No element found","status":7}
&amp#27;[36minfo&amp#27;[39m: [debug] Waited for 22258ms so far
&amp#27;[36minfo&amp#27;[39m: [debug] Pushing command to appium work queue: ["find",{"strategy":"id","selector":"com.popular.app.corp:id/btnContinuar","context":"","multiple":false}]
&amp#27;[36minfo&amp#27;[39m: [debug] [BOOTSTRAP] [debug] Got data from client: {"cmd":"action","action":"find","params":{"strategy":"id","selector":"com.popular.app.corp:id/btnContinuar","context":"","multiple":false}}
&amp#27;[36minfo&amp#27;[39m: [debug] [BOOTSTRAP] [debug] Got command of type ACTION
&amp#27;[36minfo&amp#27;[39m: [debug] [BOOTSTRAP] [debug] Got command action: find
&amp#27;[36minfo&amp#27;[39m: [debug] [BOOTSTRAP] [debug] Finding com.popular.app.corp:id/btnContinuar using ID with the contextId:  multiple: false
&amp#27;[36minfo&amp#27;[39m: [debug] [BOOTSTRAP] [debug] Using: UiSelector[INSTANCE=0, RESOURCE_ID=com.popular.app.corp:id/btnContinuar]
&amp#27;[36minfo&amp#27;[39m: [debug] [BOOTSTRAP] [debug] Failed to locate element. Clearing Accessibility cache and retrying.
&amp#27;[36minfo&amp#27;[39m: [debug] [BOOTSTRAP] [debug] Finding com.popular.app.corp:id/btnContinuar using ID with the contextId:  multiple: false
&amp#27;[36minfo&amp#27;[39m: [debug] [BOOTSTRAP] [debug] Using: UiSelector[INSTANCE=0, RESOURCE_ID=com.popular.app.corp:id/btnContinuar]
&amp#27;[36minfo&amp#27;[39m: [debug] [BOOTSTRAP] [debug] Returning result: {"value":"No element found","status":7}
&amp#27;[36minfo&amp#27;[39m: [debug] Waited for 22786ms so far
&amp#27;[36minfo&amp#27;[39m: [debug] Pushing command to appium work queue: ["find",{"strategy":"id","selector":"com.popular.app.corp:id/btnContinuar","context":"","multiple":false}]
&amp#27;[36minfo&amp#27;[39m: [debug] [BOOTSTRAP] [debug] Got data from client: {"cmd":"action","action":"find","params":{"strategy":"id","selector":"com.popular.app.corp:id/btnContinuar","context":"","multiple":false}}
&amp#27;[36minfo&amp#27;[39m: [debug] [BOOTSTRAP] [debug] Got command of type ACTION
&amp#27;[36minfo&amp#27;[39m: [debug] [BOOTSTRAP] [debug] Got command action: find
&amp#27;[36minfo&amp#27;[39m: [debug] [BOOTSTRAP] [debug] Finding com.popular.app.corp:id/btnContinuar using ID with the contextId:  multiple: false
&amp#27;[36minfo&amp#27;[39m: [debug] [BOOTSTRAP] [debug] Using: UiSelector[INSTANCE=0, RESOURCE_ID=com.popular.app.corp:id/btnContinuar]
&amp#27;[36minfo&amp#27;[39m: [debug] [BOOTSTRAP] [debug] Failed to locate element. Clearing Accessibility cache and retrying.
&amp#27;[36minfo&amp#27;[39m: [debug] [BOOTSTRAP] [debug] Finding com.popular.app.corp:id/btnContinuar using ID with the contextId:  multiple: false
&amp#27;[36minfo&amp#27;[39m: [debug] [BOOTSTRAP] [debug] Using: UiSelector[INSTANCE=0, RESOURCE_ID=com.popular.app.corp:id/btnContinuar]
&amp#27;[36minfo&amp#27;[39m: [debug] [BOOTSTRAP] [debug] Returning result: {"value":"No element found","status":7}
&amp#27;[36minfo&amp#27;[39m: [debug] Waited for 23316ms so far
&amp#27;[36minfo&amp#27;[39m: [debug] Pushing command to appium work queue: ["find",{"strategy":"id","selector":"com.popular.app.corp:id/btnContinuar","context":"","multiple":false}]
&amp#27;[36minfo&amp#27;[39m: [debug] [BOOTSTRAP] [debug] Got data from client: {"cmd":"action","action":"find","params":{"strategy":"id","selector":"com.popular.app.corp:id/btnContinuar","context":"","multiple":false}}
&amp#27;[36minfo&amp#27;[39m: [debug] [BOOTSTRAP] [debug] Got command of type ACTION
&amp#27;[36minfo&amp#27;[39m: [debug] [BOOTSTRAP] [debug] Got command action: find
&amp#27;[36minfo&amp#27;[39m: [debug] [BOOTSTRAP] [debug] Finding com.popular.app.corp:id/btnContinuar using ID with the contextId:  multiple: false
&amp#27;[36minfo&amp#27;[39m: [debug] [BOOTSTRAP] [debug] Using: UiSelector[INSTANCE=0, RESOURCE_ID=com.popular.app.corp:id/btnContinuar]
&amp#27;[36minfo&amp#27;[39m: [debug] [BOOTSTRAP] [debug] Failed to locate element. Clearing Accessibility cache and retrying.
&amp#27;[36minfo&amp#27;[39m: [debug] [BOOTSTRAP] [debug] Finding com.popular.app.corp:id/btnContinuar using ID with the contextId:  multiple: false
&amp#27;[36minfo&amp#27;[39m: [debug] [BOOTSTRAP] [debug] Using: UiSelector[INSTANCE=0, RESOURCE_ID=com.popular.app.corp:id/btnContinuar]
&amp#27;[36minfo&amp#27;[39m: [debug] Waited for 24004ms so far
&amp#27;[36minfo&amp#27;[39m: [debug] [BOOTSTRAP] [debug] Returning result: {"value":"No element found","status":7}
&amp#27;[36minfo&amp#27;[39m: [debug] Pushing command to appium work queue: ["find",{"strategy":"id","selector":"com.popular.app.corp:id/btnContinuar","context":"","multiple":false}]
&amp#27;[36minfo&amp#27;[39m: [debug] [BOOTSTRAP] [debug] Got data from client: {"cmd":"action","action":"find","params":{"strategy":"id","selector":"com.popular.app.corp:id/btnContinuar","context":"","multiple":false}}
&amp#27;[36minfo&amp#27;[39m: [debug] [BOOTSTRAP] [debug] Got command of type ACTION
&amp#27;[36minfo&amp#27;[39m: [debug] [BOOTSTRAP] [debug] Got command action: find
&amp#27;[36minfo&amp#27;[39m: [debug] [BOOTSTRAP] [debug] Finding com.popular.app.corp:id/btnContinuar using ID with the contextId:  multiple: false
&amp#27;[36minfo&amp#27;[39m: [debug] [BOOTSTRAP] [debug] Using: UiSelector[INSTANCE=0, RESOURCE_ID=com.popular.app.corp:id/btnContinuar]
&amp#27;[36minfo&amp#27;[39m: [debug] [BOOTSTRAP] [debug] Failed to locate element. Clearing Accessibility cache and retrying.
&amp#27;[36minfo&amp#27;[39m: [debug] [BOOTSTRAP] [debug] Finding com.popular.app.corp:id/btnContinuar using ID with the contextId:  multiple: false
&amp#27;[36minfo&amp#27;[39m: [debug] [BOOTSTRAP] [debug] Using: UiSelector[INSTANCE=0, RESOURCE_ID=com.popular.app.corp:id/btnContinuar]
&amp#27;[36minfo&amp#27;[39m: [debug] [BOOTSTRAP] [debug] Returning result: {"value":"No element found","status":7}
&amp#27;[36minfo&amp#27;[39m: [debug] Waited for 24587ms so far
&amp#27;[36minfo&amp#27;[39m: [debug] Pushing command to appium work queue: ["find",{"strategy":"id","selector":"com.popular.app.corp:id/btnContinuar","context":"","multiple":false}]
&amp#27;[36minfo&amp#27;[39m: [debug] [BOOTSTRAP] [debug] Got data from client: {"cmd":"action","action":"find","params":{"strategy":"id","selector":"com.popular.app.corp:id/btnContinuar","context":"","multiple":false}}
&amp#27;[36minfo&amp#27;[39m: [debug] [BOOTSTRAP] [debug] Got command of type ACTION
&amp#27;[36minfo&amp#27;[39m: [debug] [BOOTSTRAP] [debug] Got command action: find
&amp#27;[36minfo&amp#27;[39m: [debug] [BOOTSTRAP] [debug] Finding com.popular.app.corp:id/btnContinuar using ID with the contextId:  multiple: false
&amp#27;[36minfo&amp#27;[39m: [debug] [BOOTSTRAP] [debug] Using: UiSelector[INSTANCE=0, RESOURCE_ID=com.popular.app.corp:id/btnContinuar]
&amp#27;[36minfo&amp#27;[39m: [debug] [BOOTSTRAP] [debug] Failed to locate element. Clearing Accessibility cache and retrying.
&amp#27;[36minfo&amp#27;[39m: [debug] [BOOTSTRAP] [debug] Finding com.popular.app.corp:id/btnContinuar using ID with the contextId:  multiple: false
&amp#27;[36minfo&amp#27;[39m: [debug] [BOOTSTRAP] [debug] Using: UiSelector[INSTANCE=0, RESOURCE_ID=com.popular.app.corp:id/btnContinuar]
&amp#27;[36minfo&amp#27;[39m: [debug] [BOOTSTRAP] [debug] Returning result: {"value":"No element found","status":7}
&amp#27;[36minfo&amp#27;[39m: [debug] Waited for 25116ms so far
&amp#27;[36minfo&amp#27;[39m: [debug] Pushing command to appium work queue: ["find",{"strategy":"id","selector":"com.popular.app.corp:id/btnContinuar","context":"","multiple":false}]
&amp#27;[36minfo&amp#27;[39m: [debug] [BOOTSTRAP] [debug] Got data from client: {"cmd":"action","action":"find","params":{"strategy":"id","selector":"com.popular.app.corp:id/btnContinuar","context":"","multiple":false}}
&amp#27;[36minfo&amp#27;[39m: [debug] [BOOTSTRAP] [debug] Got command of type ACTION
&amp#27;[36minfo&amp#27;[39m: [debug] [BOOTSTRAP] [debug] Got command action: find
&amp#27;[36minfo&amp#27;[39m: [debug] [BOOTSTRAP] [debug] Finding com.popular.app.corp:id/btnContinuar using ID with the contextId:  multiple: false
&amp#27;[36minfo&amp#27;[39m: [debug] [BOOTSTRAP] [debug] Using: UiSelector[INSTANCE=0, RESOURCE_ID=com.popular.app.corp:id/btnContinuar]
&amp#27;[36minfo&amp#27;[39m: [debug] [BOOTSTRAP] [debug] Failed to locate element. Clearing Accessibility cache and retrying.
&amp#27;[36minfo&amp#27;[39m: [debug] [BOOTSTRAP] [debug] Finding com.popular.app.corp:id/btnContinuar using ID with the contextId:  multiple: false
&amp#27;[36minfo&amp#27;[39m: [debug] [BOOTSTRAP] [debug] Using: UiSelector[INSTANCE=0, RESOURCE_ID=com.popular.app.corp:id/btnContinuar]
&amp#27;[36minfo&amp#27;[39m: [debug] [BOOTSTRAP] [debug] Returning result: {"value":"No element found","status":7}
&amp#27;[36minfo&amp#27;[39m: [debug] Waited for 25750ms so far
&amp#27;[36minfo&amp#27;[39m: [debug] Pushing command to appium work queue: ["find",{"strategy":"id","selector":"com.popular.app.corp:id/btnContinuar","context":"","multiple":false}]
&amp#27;[36minfo&amp#27;[39m: [debug] [BOOTSTRAP] [debug] Got data from client: {"cmd":"action","action":"find","params":{"strategy":"id","selector":"com.popular.app.corp:id/btnContinuar","context":"","multiple":false}}
&amp#27;[36minfo&amp#27;[39m: [debug] [BOOTSTRAP] [debug] Got command of type ACTION
&amp#27;[36minfo&amp#27;[39m: [debug] [BOOTSTRAP] [debug] Got command action: find
&amp#27;[36minfo&amp#27;[39m: [debug] [BOOTSTRAP] [debug] Finding com.popular.app.corp:id/btnContinuar using ID with the contextId:  multiple: false
&amp#27;[36minfo&amp#27;[39m: [debug] [BOOTSTRAP] [debug] Using: UiSelector[INSTANCE=0, RESOURCE_ID=com.popular.app.corp:id/btnContinuar]
&amp#27;[36minfo&amp#27;[39m: [debug] [BOOTSTRAP] [debug] Failed to locate element. Clearing Accessibility cache and retrying.
&amp#27;[36minfo&amp#27;[39m: [debug] [BOOTSTRAP] [debug] Finding com.popular.app.corp:id/btnContinuar using ID with the contextId:  multiple: false
&amp#27;[36minfo&amp#27;[39m: [debug] [BOOTSTRAP] [debug] Using: UiSelector[INSTANCE=0, RESOURCE_ID=com.popular.app.corp:id/btnContinuar]
&amp#27;[36minfo&amp#27;[39m: [debug] [BOOTSTRAP] [debug] Returning result: {"value":"No element found","status":7}
&amp#27;[36minfo&amp#27;[39m: [debug] Waited for 26286ms so far
&amp#27;[36minfo&amp#27;[39m: [debug] Pushing command to appium work queue: ["find",{"strategy":"id","selector":"com.popular.app.corp:id/btnContinuar","context":"","multiple":false}]
&amp#27;[36minfo&amp#27;[39m: [debug] [BOOTSTRAP] [debug] Got data from client: {"cmd":"action","action":"find","params":{"strategy":"id","selector":"com.popular.app.corp:id/btnContinuar","context":"","multiple":false}}
&amp#27;[36minfo&amp#27;[39m: [debug] [BOOTSTRAP] [debug] Got command of type ACTION
&amp#27;[36minfo&amp#27;[39m: [debug] [BOOTSTRAP] [debug] Got command action: find
&amp#27;[36minfo&amp#27;[39m: [debug] [BOOTSTRAP] [debug] Finding com.popular.app.corp:id/btnContinuar using ID with the contextId:  multiple: false
&amp#27;[36minfo&amp#27;[39m: [debug] [BOOTSTRAP] [debug] Using: UiSelector[INSTANCE=0, RESOURCE_ID=com.popular.app.corp:id/btnContinuar]
&amp#27;[36minfo&amp#27;[39m: [debug] [BOOTSTRAP] [debug] Failed to locate element. Clearing Accessibility cache and retrying.
&amp#27;[36minfo&amp#27;[39m: [debug] [BOOTSTRAP] [debug] Finding com.popular.app.corp:id/btnContinuar using ID with the contextId:  multiple: false
&amp#27;[36minfo&amp#27;[39m: [debug] [BOOTSTRAP] [debug] Using: UiSelector[INSTANCE=0, RESOURCE_ID=com.popular.app.corp:id/btnContinuar]
&amp#27;[36minfo&amp#27;[39m: [debug] [BOOTSTRAP] [debug] Returning result: {"value":"No element found","status":7}
&amp#27;[36minfo&amp#27;[39m: [debug] Waited for 26817ms so far
&amp#27;[36minfo&amp#27;[39m: [debug] Pushing command to appium work queue: ["find",{"strategy":"id","selector":"com.popular.app.corp:id/btnContinuar","context":"","multiple":false}]
&amp#27;[36minfo&amp#27;[39m: [debug] [BOOTSTRAP] [debug] Got data from client: {"cmd":"action","action":"find","params":{"strategy":"id","selector":"com.popular.app.corp:id/btnContinuar","context":"","multiple":false}}
&amp#27;[36minfo&amp#27;[39m: [debug] [BOOTSTRAP] [debug] Got command of type ACTION
&amp#27;[36minfo&amp#27;[39m: [debug] [BOOTSTRAP] [debug] Got command action: find
&amp#27;[36minfo&amp#27;[39m: [debug] [BOOTSTRAP] [debug] Finding com.popular.app.corp:id/btnContinuar using ID with the contextId:  multiple: false
&amp#27;[36minfo&amp#27;[39m: [debug] [BOOTSTRAP] [debug] Using: UiSelector[INSTANCE=0, RESOURCE_ID=com.popular.app.corp:id/btnContinuar]
&amp#27;[36minfo&amp#27;[39m: [debug] [BOOTSTRAP] [debug] Failed to locate element. Clearing Accessibility cache and retrying.
&amp#27;[36minfo&amp#27;[39m: [debug] [BOOTSTRAP] [debug] Finding com.popular.app.corp:id/btnContinuar using ID with the contextId:  multiple: false
&amp#27;[36minfo&amp#27;[39m: [debug] [BOOTSTRAP] [debug] Using: UiSelector[INSTANCE=0, RESOURCE_ID=com.popular.app.corp:id/btnContinuar]
&amp#27;[36minfo&amp#27;[39m: [debug] [BOOTSTRAP] [debug] Returning result: {"value":"No element found","status":7}
&amp#27;[36minfo&amp#27;[39m: [debug] Waited for 27496ms so far
&amp#27;[36minfo&amp#27;[39m: [debug] Pushing command to appium work queue: ["find",{"strategy":"id","selector":"com.popular.app.corp:id/btnContinuar","context":"","multiple":false}]
&amp#27;[36minfo&amp#27;[39m: [debug] [BOOTSTRAP] [debug] Got data from client: {"cmd":"action","action":"find","params":{"strategy":"id","selector":"com.popular.app.corp:id/btnContinuar","context":"","multiple":false}}
&amp#27;[36minfo&amp#27;[39m: [debug] [BOOTSTRAP] [debug] Got command of type ACTION
&amp#27;[36minfo&amp#27;[39m: [debug] [BOOTSTRAP] [debug] Got command action: find
&amp#27;[36minfo&amp#27;[39m: [debug] [BOOTSTRAP] [debug] Finding com.popular.app.corp:id/btnContinuar using ID with the contextId:  multiple: false
&amp#27;[36minfo&amp#27;[39m: [debug] [BOOTSTRAP] [debug] Using: UiSelector[INSTANCE=0, RESOURCE_ID=com.popular.app.corp:id/btnContinuar]
&amp#27;[36minfo&amp#27;[39m: [debug] [BOOTSTRAP] [debug] Failed to locate element. Clearing Accessibility cache and retrying.
&amp#27;[36minfo&amp#27;[39m: [debug] [BOOTSTRAP] [debug] Finding com.popular.app.corp:id/btnContinuar using ID with the contextId:  multiple: false
&amp#27;[36minfo&amp#27;[39m: [debug] [BOOTSTRAP] [debug] Using: UiSelector[INSTANCE=0, RESOURCE_ID=com.popular.app.corp:id/btnContinuar]
&amp#27;[36minfo&amp#27;[39m: [debug] [BOOTSTRAP] [debug] Returning result: {"value":"No element found","status":7}
&amp#27;[36minfo&amp#27;[39m: [debug] Waited for 28066ms so far
&amp#27;[36minfo&amp#27;[39m: [debug] Pushing command to appium work queue: ["find",{"strategy":"id","selector":"com.popular.app.corp:id/btnContinuar","context":"","multiple":false}]
&amp#27;[36minfo&amp#27;[39m: [debug] [BOOTSTRAP] [debug] Got data from client: {"cmd":"action","action":"find","params":{"strategy":"id","selector":"com.popular.app.corp:id/btnContinuar","context":"","multiple":false}}
&amp#27;[36minfo&amp#27;[39m: [debug] [BOOTSTRAP] [debug] Got command of type ACTION
&amp#27;[36minfo&amp#27;[39m: [debug] [BOOTSTRAP] [debug] Got command action: find
&amp#27;[36minfo&amp#27;[39m: [debug] [BOOTSTRAP] [debug] Finding com.popular.app.corp:id/btnContinuar using ID with the contextId:  multiple: false
&amp#27;[36minfo&amp#27;[39m: [debug] [BOOTSTRAP] [debug] Using: UiSelector[INSTANCE=0, RESOURCE_ID=com.popular.app.corp:id/btnContinuar]
&amp#27;[36minfo&amp#27;[39m: [debug] [BOOTSTRAP] [debug] Failed to locate element. Clearing Accessibility cache and retrying.
&amp#27;[36minfo&amp#27;[39m: [debug] [BOOTSTRAP] [debug] Finding com.popular.app.corp:id/btnContinuar using ID with the contextId:  multiple: false
&amp#27;[36minfo&amp#27;[39m: [debug] [BOOTSTRAP] [debug] Using: UiSelector[INSTANCE=0, RESOURCE_ID=com.popular.app.corp:id/btnContinuar]
&amp#27;[36minfo&amp#27;[39m: [debug] [BOOTSTRAP] [debug] Returning result: {"value":"No element found","status":7}
&amp#27;[36minfo&amp#27;[39m: [debug] Waited for 28641ms so far
&amp#27;[36minfo&amp#27;[39m: [debug] Pushing command to appium work queue: ["find",{"strategy":"id","selector":"com.popular.app.corp:id/btnContinuar","context":"","multiple":false}]
&amp#27;[36minfo&amp#27;[39m: [debug] [BOOTSTRAP] [debug] Got data from client: {"cmd":"action","action":"find","params":{"strategy":"id","selector":"com.popular.app.corp:id/btnContinuar","context":"","multiple":false}}
&amp#27;[36minfo&amp#27;[39m: [debug] [BOOTSTRAP] [debug] Got command of type ACTION
&amp#27;[36minfo&amp#27;[39m: [debug] [BOOTSTRAP] [debug] Got command action: find
&amp#27;[36minfo&amp#27;[39m: [debug] [BOOTSTRAP] [debug] Finding com.popular.app.corp:id/btnContinuar using ID with the contextId:  multiple: false
&amp#27;[36minfo&amp#27;[39m: [debug] [BOOTSTRAP] [debug] Using: UiSelector[INSTANCE=0, RESOURCE_ID=com.popular.app.corp:id/btnContinuar]
&amp#27;[36minfo&amp#27;[39m: [debug] [BOOTSTRAP] [debug] Failed to locate element. Clearing Accessibility cache and retrying.
&amp#27;[36minfo&amp#27;[39m: [debug] [BOOTSTRAP] [debug] Finding com.popular.app.corp:id/btnContinuar using ID with the contextId:  multiple: false
&amp#27;[36minfo&amp#27;[39m: [debug] [BOOTSTRAP] [debug] Using: UiSelector[INSTANCE=0, RESOURCE_ID=com.popular.app.corp:id/btnContinuar]
&amp#27;[36minfo&amp#27;[39m: [debug] [BOOTSTRAP] [debug] Returning result: {"value":"No element found","status":7}
&amp#27;[36minfo&amp#27;[39m: [debug] Waited for 29183ms so far
&amp#27;[36minfo&amp#27;[39m: [debug] Pushing command to appium work queue: ["find",{"strategy":"id","selector":"com.popular.app.corp:id/btnContinuar","context":"","multiple":false}]
&amp#27;[36minfo&amp#27;[39m: [debug] [BOOTSTRAP] [debug] Got data from client: {"cmd":"action","action":"find","params":{"strategy":"id","selector":"com.popular.app.corp:id/btnContinuar","context":"","multiple":false}}
&amp#27;[36minfo&amp#27;[39m: [debug] [BOOTSTRAP] [debug] Got command of type ACTION
&amp#27;[36minfo&amp#27;[39m: [debug] [BOOTSTRAP] [debug] Got command action: find
&amp#27;[36minfo&amp#27;[39m: [debug] [BOOTSTRAP] [debug] Finding com.popular.app.corp:id/btnContinuar using ID with the contextId:  multiple: false
&amp#27;[36minfo&amp#27;[39m: [debug] [BOOTSTRAP] [debug] Using: UiSelector[INSTANCE=0, RESOURCE_ID=com.popular.app.corp:id/btnContinuar]
&amp#27;[36minfo&amp#27;[39m: [debug] [BOOTSTRAP] [debug] Failed to locate element. Clearing Accessibility cache and retrying.
&amp#27;[36minfo&amp#27;[39m: [debug] [BOOTSTRAP] [debug] Finding com.popular.app.corp:id/btnContinuar using ID with the contextId:  multiple: false
&amp#27;[36minfo&amp#27;[39m: [debug] [BOOTSTRAP] [debug] Using: UiSelector[INSTANCE=0, RESOURCE_ID=com.popular.app.corp:id/btnContinuar]
&amp#27;[36minfo&amp#27;[39m: [debug] [BOOTSTRAP] [debug] Returning result: {"value":"No element found","status":7}
&amp#27;[36minfo&amp#27;[39m: [debug] Waited for 29733ms so far
&amp#27;[36minfo&amp#27;[39m: [debug] Pushing command to appium work queue: ["find",{"strategy":"id","selector":"com.popular.app.corp:id/btnContinuar","context":"","multiple":false}]
&amp#27;[36minfo&amp#27;[39m: [debug] [BOOTSTRAP] [debug] Got data from client: {"cmd":"action","action":"find","params":{"strategy":"id","selector":"com.popular.app.corp:id/btnContinuar","context":"","multiple":false}}
&amp#27;[36minfo&amp#27;[39m: [debug] [BOOTSTRAP] [debug] Got command of type ACTION
&amp#27;[36minfo&amp#27;[39m: [debug] [BOOTSTRAP] [debug] Got command action: find
&amp#27;[36minfo&amp#27;[39m: [debug] [BOOTSTRAP] [debug] Finding com.popular.app.corp:id/btnContinuar using ID with the contextId:  multiple: false
&amp#27;[36minfo&amp#27;[39m: [debug] [BOOTSTRAP] [debug] Using: UiSelector[INSTANCE=0, RESOURCE_ID=com.popular.app.corp:id/btnContinuar]
&amp#27;[36minfo&amp#27;[39m: [debug] [BOOTSTRAP] [debug] Failed to locate element. Clearing Accessibility cache and retrying.
&amp#27;[36minfo&amp#27;[39m: [debug] [BOOTSTRAP] [debug] Finding com.popular.app.corp:id/btnContinuar using ID with the contextId:  multiple: false
&amp#27;[36minfo&amp#27;[39m: [debug] [BOOTSTRAP] [debug] Using: UiSelector[INSTANCE=0, RESOURCE_ID=com.popular.app.corp:id/btnContinuar]
&amp#27;[36minfo&amp#27;[39m: [debug] [BOOTSTRAP] [debug] Returning result: {"value":"No element found","status":7}
&amp#27;[36minfo&amp#27;[39m: [debug] Waited for 30342ms so far
&amp#27;[36minfo&amp#27;[39m: [debug] Pushing command to appium work queue: ["find",{"strategy":"id","selector":"com.popular.app.corp:id/btnContinuar","context":"","multiple":false}]
&amp#27;[36minfo&amp#27;[39m: [debug] [BOOTSTRAP] [debug] Got data from client: {"cmd":"action","action":"find","params":{"strategy":"id","selector":"com.popular.app.corp:id/btnContinuar","context":"","multiple":false}}
&amp#27;[36minfo&amp#27;[39m: [debug] [BOOTSTRAP] [debug] Got command of type ACTION
&amp#27;[36minfo&amp#27;[39m: [debug] [BOOTSTRAP] [debug] Got command action: find
&amp#27;[36minfo&amp#27;[39m: [debug] [BOOTSTRAP] [debug] Finding com.popular.app.corp:id/btnContinuar using ID with the contextId:  multiple: false
&amp#27;[36minfo&amp#27;[39m: [debug] [BOOTSTRAP] [debug] Using: UiSelector[INSTANCE=0, RESOURCE_ID=com.popular.app.corp:id/btnContinuar]
&amp#27;[36minfo&amp#27;[39m: [debug] [BOOTSTRAP] [debug] Failed to locate element. Clearing Accessibility cache and retrying.
&amp#27;[36minfo&amp#27;[39m: [debug] [BOOTSTRAP] [debug] Finding com.popular.app.corp:id/btnContinuar using ID with the contextId:  multiple: false
&amp#27;[36minfo&amp#27;[39m: [debug] [BOOTSTRAP] [debug] Using: UiSelector[INSTANCE=0, RESOURCE_ID=com.popular.app.corp:id/btnContinuar]
&amp#27;[36minfo&amp#27;[39m: [debug] [BOOTSTRAP] [debug] Returning result: {"value":"No element found","status":7}
&amp#27;[36minfo&amp#27;[39m: [debug] Waited for 30928ms so far
&amp#27;[36minfo&amp#27;[39m: [debug] Pushing command to appium work queue: ["find",{"strategy":"id","selector":"com.popular.app.corp:id/btnContinuar","context":"","multiple":false}]
&amp#27;[36minfo&amp#27;[39m: [debug] [BOOTSTRAP] [debug] Got data from client: {"cmd":"action","action":"find","params":{"strategy":"id","selector":"com.popular.app.corp:id/btnContinuar","context":"","multiple":false}}
&amp#27;[36minfo&amp#27;[39m: [debug] [BOOTSTRAP] [debug] Got command of type ACTION
&amp#27;[36minfo&amp#27;[39m: [debug] [BOOTSTRAP] [debug] Got command action: find
&amp#27;[36minfo&amp#27;[39m: [debug] [BOOTSTRAP] [debug] Finding com.popular.app.corp:id/btnContinuar using ID with the contextId:  multiple: false
&amp#27;[36minfo&amp#27;[39m: [debug] [BOOTSTRAP] [debug] Using: UiSelector[INSTANCE=0, RESOURCE_ID=com.popular.app.corp:id/btnContinuar]
&amp#27;[36minfo&amp#27;[39m: [debug] [BOOTSTRAP] [debug] Failed to locate element. Clearing Accessibility cache and retrying.
&amp#27;[36minfo&amp#27;[39m: [debug] [BOOTSTRAP] [debug] Finding com.popular.app.corp:id/btnContinuar using ID with the contextId:  multiple: false
&amp#27;[36minfo&amp#27;[39m: [debug] [BOOTSTRAP] [debug] Using: UiSelector[INSTANCE=0, RESOURCE_ID=com.popular.app.corp:id/btnContinuar]
&amp#27;[36minfo&amp#27;[39m: [debug] [BOOTSTRAP] [debug] Returning result: {"value":"No element found","status":7}
&amp#27;[36minfo&amp#27;[39m: [debug] Waited for 31457ms so far
&amp#27;[36minfo&amp#27;[39m: [debug] Pushing command to appium work queue: ["find",{"strategy":"id","selector":"com.popular.app.corp:id/btnContinuar","context":"","multiple":false}]
&amp#27;[36minfo&amp#27;[39m: [debug] [BOOTSTRAP] [debug] Got data from client: {"cmd":"action","action":"find","params":{"strategy":"id","selector":"com.popular.app.corp:id/btnContinuar","context":"","multiple":false}}
&amp#27;[36minfo&amp#27;[39m: [debug] [BOOTSTRAP] [debug] Got command of type ACTION
&amp#27;[36minfo&amp#27;[39m: [debug] [BOOTSTRAP] [debug] Got command action: find
&amp#27;[36minfo&amp#27;[39m: [debug] [BOOTSTRAP] [debug] Finding com.popular.app.corp:id/btnContinuar using ID with the contextId:  multiple: false
&amp#27;[36minfo&amp#27;[39m: [debug] [BOOTSTRAP] [debug] Using: UiSelector[INSTANCE=0, RESOURCE_ID=com.popular.app.corp:id/btnContinuar]
&amp#27;[36minfo&amp#27;[39m: [debug] [BOOTSTRAP] [debug] Failed to locate element. Clearing Accessibility cache and retrying.
&amp#27;[36minfo&amp#27;[39m: [debug] [BOOTSTRAP] [debug] Finding com.popular.app.corp:id/btnContinuar using ID with the contextId:  multiple: false
&amp#27;[36minfo&amp#27;[39m: [debug] [BOOTSTRAP] [debug] Using: UiSelector[INSTANCE=0, RESOURCE_ID=com.popular.app.corp:id/btnContinuar]
&amp#27;[36minfo&amp#27;[39m: [debug] [BOOTSTRAP] [debug] Returning result: {"value":"No element found","status":7}
&amp#27;[36minfo&amp#27;[39m: [debug] Waited for 32007ms so far
&amp#27;[36minfo&amp#27;[39m: [debug] Pushing command to appium work queue: ["find",{"strategy":"id","selector":"com.popular.app.corp:id/btnContinuar","context":"","multiple":false}]
&amp#27;[36minfo&amp#27;[39m: [debug] [BOOTSTRAP] [debug] Got data from client: {"cmd":"action","action":"find","params":{"strategy":"id","selector":"com.popular.app.corp:id/btnContinuar","context":"","multiple":false}}
&amp#27;[36minfo&amp#27;[39m: [debug] [BOOTSTRAP] [debug] Got command of type ACTION
&amp#27;[36minfo&amp#27;[39m: [debug] [BOOTSTRAP] [debug] Got command action: find
&amp#27;[36minfo&amp#27;[39m: [debug] [BOOTSTRAP] [debug] Finding com.popular.app.corp:id/btnContinuar using ID with the contextId:  multiple: false
&amp#27;[36minfo&amp#27;[39m: [debug] [BOOTSTRAP] [debug] Using: UiSelector[INSTANCE=0, RESOURCE_ID=com.popular.app.corp:id/btnContinuar]
&amp#27;[36minfo&amp#27;[39m: [debug] [BOOTSTRAP] [debug] Failed to locate element. Clearing Accessibility cache and retrying.
&amp#27;[36minfo&amp#27;[39m: [debug] [BOOTSTRAP] [debug] Finding com.popular.app.corp:id/btnContinuar using ID with the contextId:  multiple: false
&amp#27;[36minfo&amp#27;[39m: [debug] [BOOTSTRAP] [debug] Using: UiSelector[INSTANCE=0, RESOURCE_ID=com.popular.app.corp:id/btnContinuar]
&amp#27;[36minfo&amp#27;[39m: [debug] [BOOTSTRAP] [debug] Returning result: {"value":"No element found","status":7}
&amp#27;[36minfo&amp#27;[39m: [debug] Waited for 32549ms so far
&amp#27;[36minfo&amp#27;[39m: [debug] Pushing command to appium work queue: ["find",{"strategy":"id","selector":"com.popular.app.corp:id/btnContinuar","context":"","multiple":false}]
&amp#27;[36minfo&amp#27;[39m: [debug] [BOOTSTRAP] [debug] Got data from client: {"cmd":"action","action":"find","params":{"strategy":"id","selector":"com.popular.app.corp:id/btnContinuar","context":"","multiple":false}}
&amp#27;[36minfo&amp#27;[39m: [debug] [BOOTSTRAP] [debug] Got command of type ACTION
&amp#27;[36minfo&amp#27;[39m: [debug] [BOOTSTRAP] [debug] Got command action: find
&amp#27;[36minfo&amp#27;[39m: [debug] [BOOTSTRAP] [debug] Finding com.popular.app.corp:id/btnContinuar using ID with the contextId:  multiple: false
&amp#27;[36minfo&amp#27;[39m: [debug] [BOOTSTRAP] [debug] Using: UiSelector[INSTANCE=0, RESOURCE_ID=com.popular.app.corp:id/btnContinuar]
&amp#27;[36minfo&amp#27;[39m: [debug] [BOOTSTRAP] [debug] Failed to locate element. Clearing Accessibility cache and retrying.
&amp#27;[36minfo&amp#27;[39m: [debug] [BOOTSTRAP] [debug] Finding com.popular.app.corp:id/btnContinuar using ID with the contextId:  multiple: false
&amp#27;[36minfo&amp#27;[39m: [debug] [BOOTSTRAP] [debug] Using: UiSelector[INSTANCE=0, RESOURCE_ID=com.popular.app.corp:id/btnContinuar]
&amp#27;[36minfo&amp#27;[39m: [debug] [BOOTSTRAP] [debug] Returning result: {"value":"No element found","status":7}
&amp#27;[36minfo&amp#27;[39m: [debug] Waited for 33070ms so far
&amp#27;[36minfo&amp#27;[39m: [debug] Pushing command to appium work queue: ["find",{"strategy":"id","selector":"com.popular.app.corp:id/btnContinuar","context":"","multiple":false}]
&amp#27;[36minfo&amp#27;[39m: [debug] [BOOTSTRAP] [debug] Got data from client: {"cmd":"action","action":"find","params":{"strategy":"id","selector":"com.popular.app.corp:id/btnContinuar","context":"","multiple":false}}
&amp#27;[36minfo&amp#27;[39m: [debug] [BOOTSTRAP] [debug] Got command of type ACTION
&amp#27;[36minfo&amp#27;[39m: [debug] [BOOTSTRAP] [debug] Got command action: find
&amp#27;[36minfo&amp#27;[39m: [debug] [BOOTSTRAP] [debug] Finding com.popular.app.corp:id/btnContinuar using ID with the contextId:  multiple: false
&amp#27;[36minfo&amp#27;[39m: [debug] [BOOTSTRAP] [debug] Using: UiSelector[INSTANCE=0, RESOURCE_ID=com.popular.app.corp:id/btnContinuar]
&amp#27;[36minfo&amp#27;[39m: [debug] [BOOTSTRAP] [debug] Failed to locate element. Clearing Accessibility cache and retrying.
&amp#27;[36minfo&amp#27;[39m: [debug] [BOOTSTRAP] [debug] Finding com.popular.app.corp:id/btnContinuar using ID with the contextId:  multiple: false
&amp#27;[36minfo&amp#27;[39m: [debug] [BOOTSTRAP] [debug] Using: UiSelector[INSTANCE=0, RESOURCE_ID=com.popular.app.corp:id/btnContinuar]
&amp#27;[36minfo&amp#27;[39m: [debug] [BOOTSTRAP] [debug] Returning result: {"value":"No element found","status":7}
&amp#27;[36minfo&amp#27;[39m: [debug] Waited for 33713ms so far
&amp#27;[36minfo&amp#27;[39m: [debug] Pushing command to appium work queue: ["find",{"strategy":"id","selector":"com.popular.app.corp:id/btnContinuar","context":"","multiple":false}]
&amp#27;[36minfo&amp#27;[39m: [debug] [BOOTSTRAP] [debug] Got data from client: {"cmd":"action","action":"find","params":{"strategy":"id","selector":"com.popular.app.corp:id/btnContinuar","context":"","multiple":false}}
&amp#27;[36minfo&amp#27;[39m: [debug] [BOOTSTRAP] [debug] Got command of type ACTION
&amp#27;[36minfo&amp#27;[39m: [debug] [BOOTSTRAP] [debug] Got command action: find
&amp#27;[36minfo&amp#27;[39m: [debug] [BOOTSTRAP] [debug] Finding com.popular.app.corp:id/btnContinuar using ID with the contextId:  multiple: false
&amp#27;[36minfo&amp#27;[39m: [debug] [BOOTSTRAP] [debug] Using: UiSelector[INSTANCE=0, RESOURCE_ID=com.popular.app.corp:id/btnContinuar]
&amp#27;[36minfo&amp#27;[39m: [debug] [BOOTSTRAP] [debug] Failed to locate element. Clearing Accessibility cache and retrying.
&amp#27;[36minfo&amp#27;[39m: [debug] [BOOTSTRAP] [debug] Finding com.popular.app.corp:id/btnContinuar using ID with the contextId:  multiple: false
&amp#27;[36minfo&amp#27;[39m: [debug] [BOOTSTRAP] [debug] Using: UiSelector[INSTANCE=0, RESOURCE_ID=com.popular.app.corp:id/btnContinuar]
&amp#27;[36minfo&amp#27;[39m: [debug] [BOOTSTRAP] [debug] Returning result: {"value":"No element found","status":7}
&amp#27;[36minfo&amp#27;[39m: [debug] Waited for 34273ms so far
&amp#27;[36minfo&amp#27;[39m: [debug] Pushing command to appium work queue: ["find",{"strategy":"id","selector":"com.popular.app.corp:id/btnContinuar","context":"","multiple":false}]
&amp#27;[36minfo&amp#27;[39m: [debug] [BOOTSTRAP] [debug] Got data from client: {"cmd":"action","action":"find","params":{"strategy":"id","selector":"com.popular.app.corp:id/btnContinuar","context":"","multiple":false}}
&amp#27;[36minfo&amp#27;[39m: [debug] [BOOTSTRAP] [debug] Got command of type ACTION
&amp#27;[36minfo&amp#27;[39m: [debug] [BOOTSTRAP] [debug] Got command action: find
&amp#27;[36minfo&amp#27;[39m: [debug] [BOOTSTRAP] [debug] Finding com.popular.app.corp:id/btnContinuar using ID with the contextId:  multiple: false
&amp#27;[36minfo&amp#27;[39m: [debug] [BOOTSTRAP] [debug] Using: UiSelector[INSTANCE=0, RESOURCE_ID=com.popular.app.corp:id/btnContinuar]
&amp#27;[36minfo&amp#27;[39m: [debug] [BOOTSTRAP] [debug] Failed to locate element. Clearing Accessibility cache and retrying.
&amp#27;[36minfo&amp#27;[39m: [debug] [BOOTSTRAP] [debug] Finding com.popular.app.corp:id/btnContinuar using ID with the contextId:  multiple: false
&amp#27;[36minfo&amp#27;[39m: [debug] [BOOTSTRAP] [debug] Using: UiSelector[INSTANCE=0, RESOURCE_ID=com.popular.app.corp:id/btnContinuar]
&amp#27;[36minfo&amp#27;[39m: [debug] [BOOTSTRAP] [debug] Returning result: {"value":"No element found","status":7}
&amp#27;[36minfo&amp#27;[39m: [debug] Waited for 34837ms so far
&amp#27;[36minfo&amp#27;[39m: [debug] Pushing command to appium work queue: ["find",{"strategy":"id","selector":"com.popular.app.corp:id/btnContinuar","context":"","multiple":false}]
&amp#27;[36minfo&amp#27;[39m: [debug] [BOOTSTRAP] [debug] Got data from client: {"cmd":"action","action":"find","params":{"strategy":"id","selector":"com.popular.app.corp:id/btnContinuar","context":"","multiple":false}}
&amp#27;[36minfo&amp#27;[39m: [debug] [BOOTSTRAP] [debug] Got command of type ACTION
&amp#27;[36minfo&amp#27;[39m: [debug] [BOOTSTRAP] [debug] Got command action: find
&amp#27;[36minfo&amp#27;[39m: [debug] [BOOTSTRAP] [debug] Finding com.popular.app.corp:id/btnContinuar using ID with the contextId:  multiple: false
&amp#27;[36minfo&amp#27;[39m: [debug] &amp#27;[90m[UIAUTOMATOR STDOUT] [APPIUM-UIAUTO] [debug] Using: UiSelector[I&amp#27;[39m
&amp#27;[36minfo&amp#27;[39m: [debug] &amp#27;[90m[UIAUTOMATOR STDOUT] NSTANCE=0, RESOURCE_ID=com.popular.app.corp:id/btnContinuar][/APPIUM-UIAUTO]&amp#27;[39m
&amp#27;[36minfo&amp#27;[39m: [debug] [BOOTSTRAP] [debug] Failed to locate element. Clearing Accessibility cache and retrying.
&amp#27;[36minfo&amp#27;[39m: [debug] [BOOTSTRAP] [debug] Finding com.popular.app.corp:id/btnContinuar using ID with the contextId:  multiple: false
&amp#27;[36minfo&amp#27;[39m: [debug] [BOOTSTRAP] [debug] Using: UiSelector[INSTANCE=0, RESOURCE_ID=com.popular.app.corp:id/btnContinuar]
&amp#27;[36minfo&amp#27;[39m: [debug] [BOOTSTRAP] [debug] Returning result: {"value":"No element found","status":7}
&amp#27;[36minfo&amp#27;[39m: [debug] Waited for 35426ms so far
&amp#27;[36minfo&amp#27;[39m: [debug] Pushing command to appium work queue: ["find",{"strategy":"id","selector":"com.popular.app.corp:id/btnContinuar","context":"","multiple":false}]
&amp#27;[36minfo&amp#27;[39m: [debug] [BOOTSTRAP] [debug] Got data from client: {"cmd":"action","action":"find","params":{"strategy":"id","selector":"com.popular.app.corp:id/btnContinuar","context":"","multiple":false}}
&amp#27;[36minfo&amp#27;[39m: [debug] [BOOTSTRAP] [debug] Got command of type ACTION
&amp#27;[36minfo&amp#27;[39m: [debug] [BOOTSTRAP] [debug] Got command action: find
&amp#27;[36minfo&amp#27;[39m: [debug] [BOOTSTRAP] [debug] Finding com.popular.app.corp:id/btnContinuar using ID with the contextId:  multiple: false
&amp#27;[36minfo&amp#27;[39m: [debug] [BOOTSTRAP] [debug] Using: UiSelector[INSTANCE=0, RESOURCE_ID=com.popular.app.corp:id/btnContinuar]
&amp#27;[36minfo&amp#27;[39m: [debug] [BOOTSTRAP] [debug] Failed to locate element. Clearing Accessibility cache and retrying.
&amp#27;[36minfo&amp#27;[39m: [debug] [BOOTSTRAP] [debug] Finding com.popular.app.corp:id/btnContinuar using ID with the contextId:  multiple: false
&amp#27;[36minfo&amp#27;[39m: [debug] [BOOTSTRAP] [debug] Using: UiSelector[INSTANCE=0, RESOURCE_ID=com.popular.app.corp:id/btnContinuar]
&amp#27;[36minfo&amp#27;[39m: [debug] [BOOTSTRAP] [debug] Returning result: {"value":"No element found","status":7}
&amp#27;[36minfo&amp#27;[39m: [debug] Waited for 35964ms so far
&amp#27;[36minfo&amp#27;[39m: [debug] Pushing command to appium work queue: ["find",{"strategy":"id","selector":"com.popular.app.corp:id/btnContinuar","context":"","multiple":false}]
&amp#27;[36minfo&amp#27;[39m: [debug] [BOOTSTRAP] [debug] Got data from client: {"cmd":"action","action":"find","params":{"strategy":"id","selector":"com.popular.app.corp:id/btnContinuar","context":"","multiple":false}}
&amp#27;[36minfo&amp#27;[39m: [debug] [BOOTSTRAP] [debug] Got command of type ACTION
&amp#27;[36minfo&amp#27;[39m: [debug] [BOOTSTRAP] [debug] Got command action: find
&amp#27;[36minfo&amp#27;[39m: [debug] [BOOTSTRAP] [debug] Finding com.popular.app.corp:id/btnContinuar using ID with the contextId:  multiple: false
&amp#27;[36minfo&amp#27;[39m: [debug] [BOOTSTRAP] [debug] Using: UiSelector[INSTANCE=0, RESOURCE_ID=com.popular.app.corp:id/btnContinuar]
&amp#27;[36minfo&amp#27;[39m: [debug] [BOOTSTRAP] [debug] Failed to locate element. Clearing Accessibility cache and retrying.
&amp#27;[36minfo&amp#27;[39m: [debug] [BOOTSTRAP] [debug] Finding com.popular.app.corp:id/btnContinuar using ID with the contextId:  multiple: false
&amp#27;[36minfo&amp#27;[39m: [debug] [BOOTSTRAP] [debug] Using: UiSelector[INSTANCE=0, RESOURCE_ID=com.popular.app.corp:id/btnContinuar]
&amp#27;[36minfo&amp#27;[39m: [debug] [BOOTSTRAP] [debug] Returning result: {"value":"No element found","status":7}
&amp#27;[36minfo&amp#27;[39m: [debug] Waited for 36557ms so far
&amp#27;[36minfo&amp#27;[39m: [debug] Pushing command to appium work queue: ["find",{"strategy":"id","selector":"com.popular.app.corp:id/btnContinuar","context":"","multiple":false}]
&amp#27;[36minfo&amp#27;[39m: [debug] [BOOTSTRAP] [debug] Got data from client: {"cmd":"action","action":"find","params":{"strategy":"id","selector":"com.popular.app.corp:id/btnContinuar","context":"","multiple":false}}
&amp#27;[36minfo&amp#27;[39m: [debug] [BOOTSTRAP] [debug] Got command of type ACTION
&amp#27;[36minfo&amp#27;[39m: [debug] [BOOTSTRAP] [debug] Got command action: find
&amp#27;[36minfo&amp#27;[39m: [debug] [BOOTSTRAP] [debug] Finding com.popular.app.corp:id/btnContinuar using ID with the contextId:  multiple: false
&amp#27;[36minfo&amp#27;[39m: [debug] [BOOTSTRAP] [debug] Using: UiSelector[INSTANCE=0, RESOURCE_ID=com.popular.app.corp:id/btnContinuar]
&amp#27;[36minfo&amp#27;[39m: [debug] [BOOTSTRAP] [debug] Failed to locate element. Clearing Accessibility cache and retrying.
&amp#27;[36minfo&amp#27;[39m: [debug] [BOOTSTRAP] [debug] Finding com.popular.app.corp:id/btnContinuar using ID with the contextId:  multiple: false
&amp#27;[36minfo&amp#27;[39m: [debug] [BOOTSTRAP] [debug] Using: UiSelector[INSTANCE=0, RESOURCE_ID=com.popular.app.corp:id/btnContinuar]
&amp#27;[36minfo&amp#27;[39m: [debug] [BOOTSTRAP] [debug] Returning result: {"value":"No element found","status":7}
&amp#27;[36minfo&amp#27;[39m: [debug] Waited for 37253ms so far
&amp#27;[36minfo&amp#27;[39m: [debug] Pushing command to appium work queue: ["find",{"strategy":"id","selector":"com.popular.app.corp:id/btnContinuar","context":"","multiple":false}]
&amp#27;[36minfo&amp#27;[39m: [debug] [BOOTSTRAP] [debug] Got data from client: {"cmd":"action","action":"find","params":{"strategy":"id","selector":"com.popular.app.corp:id/btnContinuar","context":"","multiple":false}}
&amp#27;[36minfo&amp#27;[39m: [debug] [BOOTSTRAP] [debug] Got command of type ACTION
&amp#27;[36minfo&amp#27;[39m: [debug] [BOOTSTRAP] [debug] Got command action: find
&amp#27;[36minfo&amp#27;[39m: [debug] [BOOTSTRAP] [debug] Finding com.popular.app.corp:id/btnContinuar using ID with the contextId:  multiple: false
&amp#27;[36minfo&amp#27;[39m: [debug] [BOOTSTRAP] [debug] Using: UiSelector[INSTANCE=0, RESOURCE_ID=com.popular.app.corp:id/btnContinuar]
&amp#27;[36minfo&amp#27;[39m: [debug] [BOOTSTRAP] [debug] Failed to locate element. Clearing Accessibility cache and retrying.
&amp#27;[36minfo&amp#27;[39m: [debug] [BOOTSTRAP] [debug] Finding com.popular.app.corp:id/btnContinuar using ID with the contextId:  multiple: false
&amp#27;[36minfo&amp#27;[39m: [debug] [BOOTSTRAP] [debug] Using: UiSelector[INSTANCE=0, RESOURCE_ID=com.popular.app.corp:id/btnContinuar]
&amp#27;[36minfo&amp#27;[39m: [debug] [BOOTSTRAP] [debug] Returning result: {"value":"No element found","status":7}
&amp#27;[36minfo&amp#27;[39m: [debug] Waited for 37788ms so far
&amp#27;[36minfo&amp#27;[39m: [debug] Pushing command to appium work queue: ["find",{"strategy":"id","selector":"com.popular.app.corp:id/btnContinuar","context":"","multiple":false}]
&amp#27;[36minfo&amp#27;[39m: [debug] [BOOTSTRAP] [debug] Got data from client: {"cmd":"action","action":"find","params":{"strategy":"id","selector":"com.popular.app.corp:id/btnContinuar","context":"","multiple":false}}
&amp#27;[36minfo&amp#27;[39m: [debug] [BOOTSTRAP] [debug] Got command of type ACTION
&amp#27;[36minfo&amp#27;[39m: [debug] [BOOTSTRAP] [debug] Got command action: find
&amp#27;[36minfo&amp#27;[39m: [debug] [BOOTSTRAP] [debug] Finding com.popular.app.corp:id/btnContinuar using ID with the contextId:  multiple: false
&amp#27;[36minfo&amp#27;[39m: [debug] [BOOTSTRAP] [debug] Using: UiSelector[INSTANCE=0, RESOURCE_ID=com.popular.app.corp:id/btnContinuar]
&amp#27;[36minfo&amp#27;[39m: [debug] [BOOTSTRAP] [debug] Failed to locate element. Clearing Accessibility cache and retrying.
&amp#27;[36minfo&amp#27;[39m: [debug] [BOOTSTRAP] [debug] Finding com.popular.app.corp:id/btnContinuar using ID with the contextId:  multiple: false
&amp#27;[36minfo&amp#27;[39m: [debug] [BOOTSTRAP] [debug] Using: UiSelector[INSTANCE=0, RESOURCE_ID=com.popular.app.corp:id/btnContinuar]
&amp#27;[36minfo&amp#27;[39m: [debug] [BOOTSTRAP] [debug] Returning result: {"value":"No element found","status":7}
&amp#27;[36minfo&amp#27;[39m: [debug] Waited for 38439ms so far
&amp#27;[36minfo&amp#27;[39m: [debug] Pushing command to appium work queue: ["find",{"strategy":"id","selector":"com.popular.app.corp:id/btnContinuar","context":"","multiple":false}]
&amp#27;[36minfo&amp#27;[39m: [debug] [BOOTSTRAP] [debug] Got data from client: {"cmd":"action","action":"find","params":{"strategy":"id","selector":"com.popular.app.corp:id/btnContinuar","context":"","multiple":false}}
&amp#27;[36minfo&amp#27;[39m: [debug] [BOOTSTRAP] [debug] Got command of type ACTION
&amp#27;[36minfo&amp#27;[39m: [debug] [BOOTSTRAP] [debug] Got command action: find
&amp#27;[36minfo&amp#27;[39m: [debug] [BOOTSTRAP] [debug] Finding com.popular.app.corp:id/btnContinuar using ID with the contextId:  multiple: false
&amp#27;[36minfo&amp#27;[39m: [debug] [BOOTSTRAP] [debug] Using: UiSelector[INSTANCE=0, RESOURCE_ID=com.popular.app.corp:id/btnContinuar]
&amp#27;[36minfo&amp#27;[39m: [debug] [BOOTSTRAP] [debug] Failed to locate element. Clearing Accessibility cache and retrying.
&amp#27;[36minfo&amp#27;[39m: [debug] [BOOTSTRAP] [debug] Finding com.popular.app.corp:id/btnContinuar using ID with the contextId:  multiple: false
&amp#27;[36minfo&amp#27;[39m: [debug] [BOOTSTRAP] [debug] Using: UiSelector[INSTANCE=0, RESOURCE_ID=com.popular.app.corp:id/btnContinuar]
&amp#27;[36minfo&amp#27;[39m: [debug] [BOOTSTRAP] [debug] Returning result: {"value":"No element found","status":7}
&amp#27;[36minfo&amp#27;[39m: [debug] Waited for 38991ms so far
&amp#27;[36minfo&amp#27;[39m: [debug] Pushing command to appium work queue: ["find",{"strategy":"id","selector":"com.popular.app.corp:id/btnContinuar","context":"","multiple":false}]
&amp#27;[36minfo&amp#27;[39m: [debug] [BOOTSTRAP] [debug] Got data from client: {"cmd":"action","action":"find","params":{"strategy":"id","selector":"com.popular.app.corp:id/btnContinuar","context":"","multiple":false}}
&amp#27;[36minfo&amp#27;[39m: [debug] [BOOTSTRAP] [debug] Got command of type ACTION
&amp#27;[36minfo&amp#27;[39m: [debug] [BOOTSTRAP] [debug] Got command action: find
&amp#27;[36minfo&amp#27;[39m: [debug] [BOOTSTRAP] [debug] Finding com.popular.app.corp:id/btnContinuar using ID with the contextId:  multiple: false
&amp#27;[36minfo&amp#27;[39m: [debug] [BOOTSTRAP] [debug] Using: UiSelector[INSTANCE=0, RESOURCE_ID=com.popular.app.corp:id/btnContinuar]
&amp#27;[36minfo&amp#27;[39m: [debug] [BOOTSTRAP] [debug] Failed to locate element. Clearing Accessibility cache and retrying.
&amp#27;[36minfo&amp#27;[39m: [debug] [BOOTSTRAP] [debug] Finding com.popular.app.corp:id/btnContinuar using ID with the contextId:  multiple: false
&amp#27;[36minfo&amp#27;[39m: [debug] [BOOTSTRAP] [debug] Using: UiSelector[INSTANCE=0, RESOURCE_ID=com.popular.app.corp:id/btnContinuar]
&amp#27;[36minfo&amp#27;[39m: [debug] [BOOTSTRAP] [debug] Returning result: {"value":"No element found","status":7}
&amp#27;[36minfo&amp#27;[39m: [debug] Waited for 39677ms so far
&amp#27;[36minfo&amp#27;[39m: [debug] Pushing command to appium work queue: ["find",{"strategy":"id","selector":"com.popular.app.corp:id/btnContinuar","context":"","multiple":false}]
&amp#27;[36minfo&amp#27;[39m: [debug] [BOOTSTRAP] [debug] Got data from client: {"cmd":"action","action":"find","params":{"strategy":"id","selector":"com.popular.app.corp:id/btnContinuar","context":"","multiple":false}}
&amp#27;[36minfo&amp#27;[39m: [debug] [BOOTSTRAP] [debug] Got command of type ACTION
&amp#27;[36minfo&amp#27;[39m: [debug] [BOOTSTRAP] [debug] Got command action: find
&amp#27;[36minfo&amp#27;[39m: [debug] [BOOTSTRAP] [debug] Finding com.popular.app.corp:id/btnContinuar using ID with the contextId:  multiple: false
&amp#27;[36minfo&amp#27;[39m: [debug] [BOOTSTRAP] [debug] Using: UiSelector[INSTANCE=0, RESOURCE_ID=com.popular.app.corp:id/btnContinuar]
&amp#27;[36minfo&amp#27;[39m: [debug] [BOOTSTRAP] [debug] Failed to locate element. Clearing Accessibility cache and retrying.
&amp#27;[36minfo&amp#27;[39m: [debug] [BOOTSTRAP] [debug] Finding com.popular.app.corp:id/btnContinuar using ID with the contextId:  multiple: false
&amp#27;[36minfo&amp#27;[39m: [debug] [BOOTSTRAP] [debug] Using: UiSelector[INSTANCE=0, RESOURCE_ID=com.popular.app.corp:id/btnContinuar]
&amp#27;[36minfo&amp#27;[39m: [debug] [BOOTSTRAP] [debug] Returning result: {"value":"No element found","status":7}
&amp#27;[36minfo&amp#27;[39m: [debug] Waited for 40338ms so far
&amp#27;[36minfo&amp#27;[39m: [debug] Pushing command to appium work queue: ["find",{"strategy":"id","selector":"com.popular.app.corp:id/btnContinuar","context":"","multiple":false}]
&amp#27;[36minfo&amp#27;[39m: [debug] [BOOTSTRAP] [debug] Got data from client: {"cmd":"action","action":"find","params":{"strategy":"id","selector":"com.popular.app.corp:id/btnContinuar","context":"","multiple":false}}
&amp#27;[36minfo&amp#27;[39m: [debug] [BOOTSTRAP] [debug] Got command of type ACTION
&amp#27;[36minfo&amp#27;[39m: [debug] [BOOTSTRAP] [debug] Got command action: find
&amp#27;[36minfo&amp#27;[39m: [debug] [BOOTSTRAP] [debug] Finding com.popular.app.corp:id/btnContinuar using ID with the contextId:  multiple: false
&amp#27;[36minfo&amp#27;[39m: [debug] [BOOTSTRAP] [debug] Using: UiSelector[INSTANCE=0, RESOURCE_ID=com.popular.app.corp:id/btnContinuar]
&amp#27;[36minfo&amp#27;[39m: [debug] [BOOTSTRAP] [debug] Failed to locate element. Clearing Accessibility cache and retrying.
&amp#27;[36minfo&amp#27;[39m: [debug] [BOOTSTRAP] [debug] Finding com.popular.app.corp:id/btnContinuar using ID with the contextId:  multiple: false
&amp#27;[36minfo&amp#27;[39m: [debug] [BOOTSTRAP] [debug] Using: UiSelector[INSTANCE=0, RESOURCE_ID=com.popular.app.corp:id/btnContinuar]
&amp#27;[36minfo&amp#27;[39m: [debug] [BOOTSTRAP] [debug] Returning result: {"value":"No element found","status":7}
&amp#27;[36minfo&amp#27;[39m: [debug] Waited for 40923ms so far
&amp#27;[36minfo&amp#27;[39m: [debug] Pushing command to appium work queue: ["find",{"strategy":"id","selector":"com.popular.app.corp:id/btnContinuar","context":"","multiple":false}]
&amp#27;[36minfo&amp#27;[39m: [debug] [BOOTSTRAP] [debug] Got data from client: {"cmd":"action","action":"find","params":{"strategy":"id","selector":"com.popular.app.corp:id/btnContinuar","context":"","multiple":false}}
&amp#27;[36minfo&amp#27;[39m: [debug] [BOOTSTRAP] [debug] Got command of type ACTION
&amp#27;[36minfo&amp#27;[39m: [debug] [BOOTSTRAP] [debug] Got command action: find
&amp#27;[36minfo&amp#27;[39m: [debug] [BOOTSTRAP] [debug] Finding com.popular.app.corp:id/btnContinuar using ID with the contextId:  multiple: false
&amp#27;[36minfo&amp#27;[39m: [debug] [BOOTSTRAP] [debug] Using: UiSelector[INSTANCE=0, RESOURCE_ID=com.popular.app.corp:id/btnContinuar]
&amp#27;[36minfo&amp#27;[39m: [debug] [BOOTSTRAP] [debug] Failed to locate element. Clearing Accessibility cache and retrying.
&amp#27;[36minfo&amp#27;[39m: [debug] [BOOTSTRAP] [debug] Finding com.popular.app.corp:id/btnContinuar using ID with the contextId:  multiple: false
&amp#27;[36minfo&amp#27;[39m: [debug] [BOOTSTRAP] [debug] Using: UiSelector[INSTANCE=0, RESOURCE_ID=com.popular.app.corp:id/btnContinuar]
&amp#27;[36minfo&amp#27;[39m: [debug] [BOOTSTRAP] [debug] Returning result: {"value":"No element found","status":7}
&amp#27;[36minfo&amp#27;[39m: [debug] Waited for 41508ms so far
&amp#27;[36minfo&amp#27;[39m: [debug] Pushing command to appium work queue: ["find",{"strategy":"id","selector":"com.popular.app.corp:id/btnContinuar","context":"","multiple":false}]
&amp#27;[36minfo&amp#27;[39m: [debug] [BOOTSTRAP] [debug] Got data from client: {"cmd":"action","action":"find","params":{"strategy":"id","selector":"com.popular.app.corp:id/btnContinuar","context":"","multiple":false}}
&amp#27;[36minfo&amp#27;[39m: [debug] [BOOTSTRAP] [debug] Got command of type ACTION
&amp#27;[36minfo&amp#27;[39m: [debug] [BOOTSTRAP] [debug] Got command action: find
&amp#27;[36minfo&amp#27;[39m: [debug] [BOOTSTRAP] [debug] Finding com.popular.app.corp:id/btnContinuar using ID with the contextId:  multiple: false
&amp#27;[36minfo&amp#27;[39m: [debug] [BOOTSTRAP] [debug] Using: UiSelector[INSTANCE=0, RESOURCE_ID=com.popular.app.corp:id/btnContinuar]
&amp#27;[36minfo&amp#27;[39m: [debug] [BOOTSTRAP] [debug] Failed to locate element. Clearing Accessibility cache and retrying.
&amp#27;[36minfo&amp#27;[39m: [debug] [BOOTSTRAP] [debug] Finding com.popular.app.corp:id/btnContinuar using ID with the contextId:  multiple: false
&amp#27;[36minfo&amp#27;[39m: [debug] [BOOTSTRAP] [debug] Using: UiSelector[INSTANCE=0, RESOURCE_ID=com.popular.app.corp:id/btnContinuar]
&amp#27;[36minfo&amp#27;[39m: [debug] [BOOTSTRAP] [debug] Returning result: {"value":"No element found","status":7}
&amp#27;[36minfo&amp#27;[39m: [debug] Waited for 42047ms so far
&amp#27;[36minfo&amp#27;[39m: [debug] Pushing command to appium work queue: ["find",{"strategy":"id","selector":"com.popular.app.corp:id/btnContinuar","context":"","multiple":false}]
&amp#27;[36minfo&amp#27;[39m: [debug] [BOOTSTRAP] [debug] Got data from client: {"cmd":"action","action":"find","params":{"strategy":"id","selector":"com.popular.app.corp:id/btnContinuar","context":"","multiple":false}}
&amp#27;[36minfo&amp#27;[39m: [debug] [BOOTSTRAP] [debug] Got command of type ACTION
&amp#27;[36minfo&amp#27;[39m: [debug] [BOOTSTRAP] [debug] Got command action: find
&amp#27;[36minfo&amp#27;[39m: [debug] [BOOTSTRAP] [debug] Finding com.popular.app.corp:id/btnContinuar using ID with the contextId:  multiple: false
&amp#27;[36minfo&amp#27;[39m: [debug] [BOOTSTRAP] [debug] Using: UiSelector[INSTANCE=0, RESOURCE_ID=com.popular.app.corp:id/btnContinuar]
&amp#27;[36minfo&amp#27;[39m: [debug] [BOOTSTRAP] [debug] Failed to locate element. Clearing Accessibility cache and retrying.
&amp#27;[36minfo&amp#27;[39m: [debug] [BOOTSTRAP] [debug] Finding com.popular.app.corp:id/btnContinuar using ID with the contextId:  multiple: false
&amp#27;[36minfo&amp#27;[39m: [debug] [BOOTSTRAP] [debug] Using: UiSelector[INSTANCE=0, RESOURCE_ID=com.popular.app.corp:id/btnContinuar]
&amp#27;[36minfo&amp#27;[39m: [debug] [BOOTSTRAP] [debug] Returning result: {"value":"No element found","status":7}
&amp#27;[36minfo&amp#27;[39m: [debug] Waited for 42567ms so far
&amp#27;[36minfo&amp#27;[39m: [debug] Pushing command to appium work queue: ["find",{"strategy":"id","selector":"com.popular.app.corp:id/btnContinuar","context":"","multiple":false}]
&amp#27;[36minfo&amp#27;[39m: [debug] [BOOTSTRAP] [debug] Got data from client: {"cmd":"action","action":"find","params":{"strategy":"id","selector":"com.popular.app.corp:id/btnContinuar","context":"","multiple":false}}
&amp#27;[36minfo&amp#27;[39m: [debug] [BOOTSTRAP] [debug] Got command of type ACTION
&amp#27;[36minfo&amp#27;[39m: [debug] [BOOTSTRAP] [debug] Got command action: find
&amp#27;[36minfo&amp#27;[39m: [debug] [BOOTSTRAP] [debug] Finding com.popular.app.corp:id/btnContinuar using ID with the contextId:  multiple: false
&amp#27;[36minfo&amp#27;[39m: [debug] [BOOTSTRAP] [debug] Using: UiSelector[INSTANCE=0, RESOURCE_ID=com.popular.app.corp:id/btnContinuar]
&amp#27;[36minfo&amp#27;[39m: [debug] [BOOTSTRAP] [debug] Failed to locate element. Clearing Accessibility cache and retrying.
&amp#27;[36minfo&amp#27;[39m: [debug] [BOOTSTRAP] [debug] Finding com.popular.app.corp:id/btnContinuar using ID with the contextId:  multiple: false
&amp#27;[36minfo&amp#27;[39m: [debug] [BOOTSTRAP] [debug] Using: UiSelector[INSTANCE=0, RESOURCE_ID=com.popular.app.corp:id/btnContinuar]
&amp#27;[36minfo&amp#27;[39m: [debug] [BOOTSTRAP] [debug] Returning result: {"value":"No element found","status":7}
&amp#27;[36minfo&amp#27;[39m: [debug] Waited for 43097ms so far
&amp#27;[36minfo&amp#27;[39m: [debug] Pushing command to appium work queue: ["find",{"strategy":"id","selector":"com.popular.app.corp:id/btnContinuar","context":"","multiple":false}]
&amp#27;[36minfo&amp#27;[39m: [debug] [BOOTSTRAP] [debug] Got data from client: {"cmd":"action","action":"find","params":{"strategy":"id","selector":"com.popular.app.corp:id/btnContinuar","context":"","multiple":false}}
&amp#27;[36minfo&amp#27;[39m: [debug] [BOOTSTRAP] [debug] Got command of type ACTION
&amp#27;[36minfo&amp#27;[39m: [debug] [BOOTSTRAP] [debug] Got command action: find
&amp#27;[36minfo&amp#27;[39m: [debug] [BOOTSTRAP] [debug] Finding com.popular.app.corp:id/btnContinuar using ID with the contextId:  multiple: false
&amp#27;[36minfo&amp#27;[39m: [debug] [BOOTSTRAP] [debug] Using: UiSelector[INSTANCE=0, RESOURCE_ID=com.popular.app.corp:id/btnContinuar]
&amp#27;[36minfo&amp#27;[39m: [debug] [BOOTSTRAP] [debug] Failed to locate element. Clearing Accessibility cache and retrying.
&amp#27;[36minfo&amp#27;[39m: [debug] [BOOTSTRAP] [debug] Finding com.popular.app.corp:id/btnContinuar using ID with the contextId:  multiple: false
&amp#27;[36minfo&amp#27;[39m: [debug] [BOOTSTRAP] [debug] Using: UiSelector[INSTANCE=0, RESOURCE_ID=com.popular.app.corp:id/btnContinuar]
&amp#27;[36minfo&amp#27;[39m: [debug] [BOOTSTRAP] [debug] Returning result: {"value":"No element found","status":7}
&amp#27;[36minfo&amp#27;[39m: [debug] Waited for 43637ms so far
&amp#27;[36minfo&amp#27;[39m: [debug] Pushing command to appium work queue: ["find",{"strategy":"id","selector":"com.popular.app.corp:id/btnContinuar","context":"","multiple":false}]
&amp#27;[36minfo&amp#27;[39m: [debug] [BOOTSTRAP] [debug] Got data from client: {"cmd":"action","action":"find","params":{"strategy":"id","selector":"com.popular.app.corp:id/btnContinuar","context":"","multiple":false}}
&amp#27;[36minfo&amp#27;[39m: [debug] [BOOTSTRAP] [debug] Got command of type ACTION
&amp#27;[36minfo&amp#27;[39m: [debug] [BOOTSTRAP] [debug] Got command action: find
&amp#27;[36minfo&amp#27;[39m: [debug] [BOOTSTRAP] [debug] Finding com.popular.app.corp:id/btnContinuar using ID with the contextId:  multiple: false
&amp#27;[36minfo&amp#27;[39m: [debug] [BOOTSTRAP] [debug] Using: UiSelector[INSTANCE=0, RESOURCE_ID=com.popular.app.corp:id/btnContinuar]
&amp#27;[36minfo&amp#27;[39m: [debug] [BOOTSTRAP] [debug] Failed to locate element. Clearing Accessibility cache and retrying.
&amp#27;[36minfo&amp#27;[39m: [debug] [BOOTSTRAP] [debug] Finding com.popular.app.corp:id/btnContinuar using ID with the contextId:  multiple: false
&amp#27;[36minfo&amp#27;[39m: [debug] [BOOTSTRAP] [debug] Using: UiSelector[INSTANCE=0, RESOURCE_ID=com.popular.app.corp:id/btnContinuar]
&amp#27;[36minfo&amp#27;[39m: [debug] [BOOTSTRAP] [debug] Returning result: {"value":"No element found","status":7}
&amp#27;[36minfo&amp#27;[39m: [debug] Waited for 44168ms so far
&amp#27;[36minfo&amp#27;[39m: [debug] Pushing command to appium work queue: ["find",{"strategy":"id","selector":"com.popular.app.corp:id/btnContinuar","context":"","multiple":false}]
&amp#27;[36minfo&amp#27;[39m: [debug] [BOOTSTRAP] [debug] Got data from client: {"cmd":"action","action":"find","params":{"strategy":"id","selector":"com.popular.app.corp:id/btnContinuar","context":"","multiple":false}}
&amp#27;[36minfo&amp#27;[39m: [debug] [BOOTSTRAP] [debug] Got command of type ACTION
&amp#27;[36minfo&amp#27;[39m: [debug] [BOOTSTRAP] [debug] Got command action: find
&amp#27;[36minfo&amp#27;[39m: [debug] [BOOTSTRAP] [debug] Finding com.popular.app.corp:id/btnContinuar using ID with the contextId:  multiple: false
&amp#27;[36minfo&amp#27;[39m: [debug] [BOOTSTRAP] [debug] Using: UiSelector[INSTANCE=0, RESOURCE_ID=com.popular.app.corp:id/btnContinuar]
&amp#27;[36minfo&amp#27;[39m: [debug] [BOOTSTRAP] [debug] Failed to locate element. Clearing Accessibility cache and retrying.
&amp#27;[36minfo&amp#27;[39m: [debug] [BOOTSTRAP] [debug] Finding com.popular.app.corp:id/btnContinuar using ID with the contextId:  multiple: false
&amp#27;[36minfo&amp#27;[39m: [debug] [BOOTSTRAP] [debug] Using: UiSelector[INSTANCE=0, RESOURCE_ID=com.popular.app.corp:id/btnContinuar]
&amp#27;[36minfo&amp#27;[39m: [debug] [BOOTSTRAP] [debug] Returning result: {"value":"No element found","status":7}
&amp#27;[36minfo&amp#27;[39m: [debug] Waited for 44736ms so far
&amp#27;[36minfo&amp#27;[39m: [debug] Pushing command to appium work queue: ["find",{"strategy":"id","selector":"com.popular.app.corp:id/btnContinuar","context":"","multiple":false}]
&amp#27;[36minfo&amp#27;[39m: [debug] [BOOTSTRAP] [debug] Got data from client: {"cmd":"action","action":"find","params":{"strategy":"id","selector":"com.popular.app.corp:id/btnContinuar","context":"","multiple":false}}
&amp#27;[36minfo&amp#27;[39m: [debug] [BOOTSTRAP] [debug] Got command of type ACTION
&amp#27;[36minfo&amp#27;[39m: [debug] [BOOTSTRAP] [debug] Got command action: find
&amp#27;[36minfo&amp#27;[39m: [debug] [BOOTSTRAP] [debug] Finding com.popular.app.corp:id/btnContinuar using ID with the contextId:  multiple: false
&amp#27;[36minfo&amp#27;[39m: [debug] [BOOTSTRAP] [debug] Using: UiSelector[INSTANCE=0, RESOURCE_ID=com.popular.app.corp:id/btnContinuar]
&amp#27;[36minfo&amp#27;[39m: [debug] [BOOTSTRAP] [debug] Failed to locate element. Clearing Accessibility cache and retrying.
&amp#27;[36minfo&amp#27;[39m: [debug] [BOOTSTRAP] [debug] Finding com.popular.app.corp:id/btnContinuar using ID with the contextId:  multiple: false
&amp#27;[36minfo&amp#27;[39m: [debug] [BOOTSTRAP] [debug] Using: UiSelector[INSTANCE=0, RESOURCE_ID=com.popular.app.corp:id/btnContinuar]
&amp#27;[36minfo&amp#27;[39m: [debug] [BOOTSTRAP] [debug] Returning result: {"value":"No element found","status":7}
&amp#27;[36minfo&amp#27;[39m: [debug] Waited for 45267ms so far
&amp#27;[36minfo&amp#27;[39m: [debug] Pushing command to appium work queue: ["find",{"strategy":"id","selector":"com.popular.app.corp:id/btnContinuar","context":"","multiple":false}]
&amp#27;[36minfo&amp#27;[39m: [debug] [BOOTSTRAP] [debug] Got data from client: {"cmd":"action","action":"find","params":{"strategy":"id","selector":"com.popular.app.corp:id/btnContinuar","context":"","multiple":false}}
&amp#27;[36minfo&amp#27;[39m: [debug] [BOOTSTRAP] [debug] Got command of type ACTION
&amp#27;[36minfo&amp#27;[39m: [debug] [BOOTSTRAP] [debug] Got command action: find
&amp#27;[36minfo&amp#27;[39m: [debug] [BOOTSTRAP] [debug] Finding com.popular.app.corp:id/btnContinuar using ID with the contextId:  multiple: false
&amp#27;[36minfo&amp#27;[39m: [debug] [BOOTSTRAP] [debug] Using: UiSelector[INSTANCE=0, RESOURCE_ID=com.popular.app.corp:id/btnContinuar]
&amp#27;[36minfo&amp#27;[39m: [debug] [BOOTSTRAP] [debug] Failed to locate element. Clearing Accessibility cache and retrying.
&amp#27;[36minfo&amp#27;[39m: [debug] [BOOTSTRAP] [debug] Finding com.popular.app.corp:id/btnContinuar using ID with the contextId:  multiple: false
&amp#27;[36minfo&amp#27;[39m: [debug] [BOOTSTRAP] [debug] Using: UiSelector[INSTANCE=0, RESOURCE_ID=com.popular.app.corp:id/btnContinuar]
&amp#27;[36minfo&amp#27;[39m: [debug] [BOOTSTRAP] [debug] Returning result: {"value":"No element found","status":7}
&amp#27;[36minfo&amp#27;[39m: [debug] Waited for 45869ms so far
&amp#27;[36minfo&amp#27;[39m: [debug] Pushing command to appium work queue: ["find",{"strategy":"id","selector":"com.popular.app.corp:id/btnContinuar","context":"","multiple":false}]
&amp#27;[36minfo&amp#27;[39m: [debug] [BOOTSTRAP] [debug] Got data from client: {"cmd":"action","action":"find","params":{"strategy":"id","selector":"com.popular.app.corp:id/btnContinuar","context":"","multiple":false}}
&amp#27;[36minfo&amp#27;[39m: [debug] [BOOTSTRAP] [debug] Got command of type ACTION
&amp#27;[36minfo&amp#27;[39m: [debug] [BOOTSTRAP] [debug] Got command action: find
&amp#27;[36minfo&amp#27;[39m: [debug] [BOOTSTRAP] [debug] Finding com.popular.app.corp:id/btnContinuar using ID with the contextId:  multiple: false
&amp#27;[36minfo&amp#27;[39m: [debug] [BOOTSTRAP] [debug] Using: UiSelector[INSTANCE=0, RESOURCE_ID=com.popular.app.corp:id/btnContinuar]
&amp#27;[36minfo&amp#27;[39m: [debug] [BOOTSTRAP] [debug] Failed to locate element. Clearing Accessibility cache and retrying.
&amp#27;[36minfo&amp#27;[39m: [debug] [BOOTSTRAP] [debug] Finding com.popular.app.corp:id/btnContinuar using ID with the contextId:  multiple: false
&amp#27;[36minfo&amp#27;[39m: [debug] [BOOTSTRAP] [debug] Using: UiSelector[INSTANCE=0, RESOURCE_ID=com.popular.app.corp:id/btnContinuar]
&amp#27;[36minfo&amp#27;[39m: [debug] [BOOTSTRAP] [debug] Returning result: {"value":"No element found","status":7}
&amp#27;[36minfo&amp#27;[39m: [debug] Waited for 46411ms so far
&amp#27;[36minfo&amp#27;[39m: [debug] Pushing command to appium work queue: ["find",{"strategy":"id","selector":"com.popular.app.corp:id/btnContinuar","context":"","multiple":false}]
&amp#27;[36minfo&amp#27;[39m: [debug] [BOOTSTRAP] [debug] Got data from client: {"cmd":"action","action":"find","params":{"strategy":"id","selector":"com.popular.app.corp:id/btnContinuar","context":"","multiple":false}}
&amp#27;[36minfo&amp#27;[39m: [debug] [BOOTSTRAP] [debug] Got command of type ACTION
&amp#27;[36minfo&amp#27;[39m: [debug] [BOOTSTRAP] [debug] Got command action: find
&amp#27;[36minfo&amp#27;[39m: [debug] [BOOTSTRAP] [debug] Finding com.popular.app.corp:id/btnContinuar using ID with the contextId:  multiple: false
&amp#27;[36minfo&amp#27;[39m: [debug] [BOOTSTRAP] [debug] Using: UiSelector[INSTANCE=0, RESOURCE_ID=com.popular.app.corp:id/btnContinuar]
&amp#27;[36minfo&amp#27;[39m: [debug] [BOOTSTRAP] [debug] Failed to locate element. Clearing Accessibility cache and retrying.
&amp#27;[36minfo&amp#27;[39m: [debug] [BOOTSTRAP] [debug] Finding com.popular.app.corp:id/btnContinuar using ID with the contextId:  multiple: false
&amp#27;[36minfo&amp#27;[39m: [debug] [BOOTSTRAP] [debug] Using: UiSelector[INSTANCE=0, RESOURCE_ID=com.popular.app.corp:id/btnContinuar]
&amp#27;[36minfo&amp#27;[39m: [debug] [BOOTSTRAP] [debug] Returning result: {"value":"No element found","status":7}
&amp#27;[36minfo&amp#27;[39m: [debug] Waited for 46947ms so far
&amp#27;[36minfo&amp#27;[39m: [debug] Pushing command to appium work queue: ["find",{"strategy":"id","selector":"com.popular.app.corp:id/btnContinuar","context":"","multiple":false}]
&amp#27;[36minfo&amp#27;[39m: [debug] [BOOTSTRAP] [debug] Got data from client: {"cmd":"action","action":"find","params":{"strategy":"id","selector":"com.popular.app.corp:id/btnContinuar","context":"","multiple":false}}
&amp#27;[36minfo&amp#27;[39m: [debug] [BOOTSTRAP] [debug] Got command of type ACTION
&amp#27;[36minfo&amp#27;[39m: [debug] [BOOTSTRAP] [debug] Got command action: find
&amp#27;[36minfo&amp#27;[39m: [debug] [BOOTSTRAP] [debug] Finding com.popular.app.corp:id/btnContinuar using ID with the contextId:  multiple: false
&amp#27;[36minfo&amp#27;[39m: [debug] [BOOTSTRAP] [debug] Using: UiSelector[INSTANCE=0, RESOURCE_ID=com.popular.app.corp:id/btnContinuar]
&amp#27;[36minfo&amp#27;[39m: [debug] [BOOTSTRAP] [debug] Failed to locate element. Clearing Accessibility cache and retrying.
&amp#27;[36minfo&amp#27;[39m: [debug] [BOOTSTRAP] [debug] Finding com.popular.app.corp:id/btnContinuar using ID with the contextId:  multiple: false
&amp#27;[36minfo&amp#27;[39m: [debug] [BOOTSTRAP] [debug] Using: UiSelector[INSTANCE=0, RESOURCE_ID=com.popular.app.corp:id/btnContinuar]
&amp#27;[36minfo&amp#27;[39m: [debug] [BOOTSTRAP] [debug] Returning result: {"value":"No element found","status":7}
&amp#27;[36minfo&amp#27;[39m: [debug] Waited for 47518ms so far
&amp#27;[36minfo&amp#27;[39m: [debug] Pushing command to appium work queue: ["find",{"strategy":"id","selector":"com.popular.app.corp:id/btnContinuar","context":"","multiple":false}]
&amp#27;[36minfo&amp#27;[39m: [debug] [BOOTSTRAP] [debug] Got data from client: {"cmd":"action","action":"find","params":{"strategy":"id","selector":"com.popular.app.corp:id/btnContinuar","context":"","multiple":false}}
&amp#27;[36minfo&amp#27;[39m: [debug] [BOOTSTRAP] [debug] Got command of type ACTION
&amp#27;[36minfo&amp#27;[39m: [debug] [BOOTSTRAP] [debug] Got command action: find
&amp#27;[36minfo&amp#27;[39m: [debug] [BOOTSTRAP] [debug] Finding com.popular.app.corp:id/btnContinuar using ID with the contextId:  multiple: false
&amp#27;[36minfo&amp#27;[39m: [debug] [BOOTSTRAP] [debug] Using: UiSelector[INSTANCE=0, RESOURCE_ID=com.popular.app.corp:id/btnContinuar]
&amp#27;[36minfo&amp#27;[39m: [debug] [BOOTSTRAP] [debug] Failed to locate element. Clearing Accessibility cache and retrying.
&amp#27;[36minfo&amp#27;[39m: [debug] [BOOTSTRAP] [debug] Finding com.popular.app.corp:id/btnContinuar using ID with the contextId:  multiple: false
&amp#27;[36minfo&amp#27;[39m: [debug] [BOOTSTRAP] [debug] Using: UiSelector[INSTANCE=0, RESOURCE_ID=com.popular.app.corp:id/btnContinuar]
&amp#27;[36minfo&amp#27;[39m: [debug] [BOOTSTRAP] [debug] Returning result: {"value":"No element found","status":7}
&amp#27;[36minfo&amp#27;[39m: [debug] Waited for 48064ms so far
&amp#27;[36minfo&amp#27;[39m: [debug] Pushing command to appium work queue: ["find",{"strategy":"id","selector":"com.popular.app.corp:id/btnContinuar","context":"","multiple":false}]
&amp#27;[36minfo&amp#27;[39m: [debug] [BOOTSTRAP] [debug] Got data from client: {"cmd":"action","action":"find","params":{"strategy":"id","selector":"com.popular.app.corp:id/btnContinuar","context":"","multiple":false}}
&amp#27;[36minfo&amp#27;[39m: [debug] [BOOTSTRAP] [debug] Got command of type ACTION
&amp#27;[36minfo&amp#27;[39m: [debug] [BOOTSTRAP] [debug] Got command action: find
&amp#27;[36minfo&amp#27;[39m: [debug] [BOOTSTRAP] [debug] Finding com.popular.app.corp:id/btnContinuar using ID with the contextId:  multiple: false
&amp#27;[36minfo&amp#27;[39m: [debug] [BOOTSTRAP] [debug] Using: UiSelector[INSTANCE=0, RESOURCE_ID=com.popular.app.corp:id/btnContinuar]
&amp#27;[36minfo&amp#27;[39m: [debug] [BOOTSTRAP] [debug] Failed to locate element. Clearing Accessibility cache and retrying.
&amp#27;[36minfo&amp#27;[39m: [debug] [BOOTSTRAP] [debug] Finding com.popular.app.corp:id/btnContinuar using ID with the contextId:  multiple: false
&amp#27;[36minfo&amp#27;[39m: [debug] [BOOTSTRAP] [debug] Using: UiSelector[INSTANCE=0, RESOURCE_ID=com.popular.app.corp:id/btnContinuar]
&amp#27;[36minfo&amp#27;[39m: [debug] [BOOTSTRAP] [debug] Returning result: {"value":"No element found","status":7}
&amp#27;[36minfo&amp#27;[39m: [debug] Waited for 48618ms so far
&amp#27;[36minfo&amp#27;[39m: [debug] Pushing command to appium work queue: ["find",{"strategy":"id","selector":"com.popular.app.corp:id/btnContinuar","context":"","multiple":false}]
&amp#27;[36minfo&amp#27;[39m: [debug] [BOOTSTRAP] [debug] Got data from client: {"cmd":"action","action":"find","params":{"strategy":"id","selector":"com.popular.app.corp:id/btnContinuar","context":"","multiple":false}}
&amp#27;[36minfo&amp#27;[39m: [debug] [BOOTSTRAP] [debug] Got command of type ACTION
&amp#27;[36minfo&amp#27;[39m: [debug] [BOOTSTRAP] [debug] Got command action: find
&amp#27;[36minfo&amp#27;[39m: [debug] [BOOTSTRAP] [debug] Finding com.popular.app.corp:id/btnContinuar using ID with the contextId:  multiple: false
&amp#27;[36minfo&amp#27;[39m: [debug] [BOOTSTRAP] [debug] Using: UiSelector[INSTANCE=0, RESOURCE_ID=com.popular.app.corp:id/btnContinuar]
&amp#27;[36minfo&amp#27;[39m: [debug] [BOOTSTRAP] [debug] Failed to locate element. Clearing Accessibility cache and retrying.
&amp#27;[36minfo&amp#27;[39m: [debug] [BOOTSTRAP] [debug] Finding com.popular.app.corp:id/btnContinuar using ID with the contextId:  multiple: false
&amp#27;[36minfo&amp#27;[39m: [debug] [BOOTSTRAP] [debug] Using: UiSelector[INSTANCE=0, RESOURCE_ID=com.popular.app.corp:id/btnContinuar]
&amp#27;[36minfo&amp#27;[39m: [debug] [BOOTSTRAP] [debug] Returning result: {"value":"No element found","status":7}
&amp#27;[36minfo&amp#27;[39m: [debug] Waited for 49244ms so far
&amp#27;[36minfo&amp#27;[39m: [debug] Pushing command to appium work queue: ["find",{"strategy":"id","selector":"com.popular.app.corp:id/btnContinuar","context":"","multiple":false}]
&amp#27;[36minfo&amp#27;[39m: [debug] [BOOTSTRAP] [debug] Got data from client: {"cmd":"action","action":"find","params":{"strategy":"id","selector":"com.popular.app.corp:id/btnContinuar","context":"","multiple":false}}
&amp#27;[36minfo&amp#27;[39m: [debug] [BOOTSTRAP] [debug] Got command of type ACTION
&amp#27;[36minfo&amp#27;[39m: [debug] [BOOTSTRAP] [debug] Got command action: find
&amp#27;[36minfo&amp#27;[39m: [debug] [BOOTSTRAP] [debug] Finding com.popular.app.corp:id/btnContinuar using ID with the contextId:  multiple: false
&amp#27;[36minfo&amp#27;[39m: [debug] [BOOTSTRAP] [debug] Using: UiSelector[INSTANCE=0, RESOURCE_ID=com.popular.app.corp:id/btnContinuar]
&amp#27;[36minfo&amp#27;[39m: [debug] [BOOTSTRAP] [debug] Failed to locate element. Clearing Accessibility cache and retrying.
&amp#27;[36minfo&amp#27;[39m: [debug] [BOOTSTRAP] [debug] Finding com.popular.app.corp:id/btnContinuar using ID with the contextId:  multiple: false
&amp#27;[36minfo&amp#27;[39m: [debug] [BOOTSTRAP] [debug] Using: UiSelector[INSTANCE=0, RESOURCE_ID=com.popular.app.corp:id/btnContinuar]
&amp#27;[36minfo&amp#27;[39m: [debug] [BOOTSTRAP] [debug] Returning result: {"value":"No element found","status":7}
&amp#27;[36minfo&amp#27;[39m: [debug] Waited for 49792ms so far
&amp#27;[36minfo&amp#27;[39m: [debug] Pushing command to appium work queue: ["find",{"strategy":"id","selector":"com.popular.app.corp:id/btnContinuar","context":"","multiple":false}]
&amp#27;[36minfo&amp#27;[39m: [debug] [BOOTSTRAP] [debug] Got data from client: {"cmd":"action","action":"find","params":{"strategy":"id","selector":"com.popular.app.corp:id/btnContinuar","context":"","multiple":false}}
&amp#27;[36minfo&amp#27;[39m: [debug] [BOOTSTRAP] [debug] Got command of type ACTION
&amp#27;[36minfo&amp#27;[39m: [debug] [BOOTSTRAP] [debug] Got command action: find
&amp#27;[36minfo&amp#27;[39m: [debug] [BOOTSTRAP] [debug] Finding com.popular.app.corp:id/btnContinuar using ID with the contextId:  multiple: false
&amp#27;[36minfo&amp#27;[39m: [debug] [BOOTSTRAP] [debug] Using: UiSelector[INSTANCE=0, RESOURCE_ID=com.popular.app.corp:id/btnContinuar]
&amp#27;[36minfo&amp#27;[39m: [debug] [BOOTSTRAP] [debug] Failed to locate element. Clearing Accessibility cache and retrying.
&amp#27;[36minfo&amp#27;[39m: [debug] [BOOTSTRAP] [debug] Finding com.popular.app.corp:id/btnContinuar using ID with the contextId:  multiple: false
&amp#27;[36minfo&amp#27;[39m: [debug] [BOOTSTRAP] [debug] Using: UiSelector[INSTANCE=0, RESOURCE_ID=com.popular.app.corp:id/btnContinuar]
&amp#27;[36minfo&amp#27;[39m: [debug] [BOOTSTRAP] [debug] Returning result: {"value":"No element found","status":7}
&amp#27;[36minfo&amp#27;[39m: [debug] Waited for 50417ms so far
&amp#27;[36minfo&amp#27;[39m: [debug] Pushing command to appium work queue: ["find",{"strategy":"id","selector":"com.popular.app.corp:id/btnContinuar","context":"","multiple":false}]
&amp#27;[36minfo&amp#27;[39m: [debug] [BOOTSTRAP] [debug] Got data from client: {"cmd":"action","action":"find","params":{"strategy":"id","selector":"com.popular.app.corp:id/btnContinuar","context":"","multiple":false}}
&amp#27;[36minfo&amp#27;[39m: [debug] [BOOTSTRAP] [debug] Got command of type ACTION
&amp#27;[36minfo&amp#27;[39m: [debug] [BOOTSTRAP] [debug] Got command action: find
&amp#27;[36minfo&amp#27;[39m: [debug] [BOOTSTRAP] [debug] Finding com.popular.app.corp:id/btnContinuar using ID with the contextId:  multiple: false
&amp#27;[36minfo&amp#27;[39m: [debug] [BOOTSTRAP] [debug] Using: UiSelector[INSTANCE=0, RESOURCE_ID=com.popular.app.corp:id/btnContinuar]
&amp#27;[36minfo&amp#27;[39m: [debug] [BOOTSTRAP] [debug] Failed to locate element. Clearing Accessibility cache and retrying.
&amp#27;[36minfo&amp#27;[39m: [debug] [BOOTSTRAP] [debug] Finding com.popular.app.corp:id/btnContinuar using ID with the contextId:  multiple: false
&amp#27;[36minfo&amp#27;[39m: [debug] [BOOTSTRAP] [debug] Using: UiSelector[INSTANCE=0, RESOURCE_ID=com.popular.app.corp:id/btnContinuar]
&amp#27;[36minfo&amp#27;[39m: [debug] [BOOTSTRAP] [debug] Returning result: {"value":"No element found","status":7}
&amp#27;[36minfo&amp#27;[39m: [debug] Waited for 50969ms so far
&amp#27;[36minfo&amp#27;[39m: [debug] Pushing command to appium work queue: ["find",{"strategy":"id","selector":"com.popular.app.corp:id/btnContinuar","context":"","multiple":false}]
&amp#27;[36minfo&amp#27;[39m: [debug] [BOOTSTRAP] [debug] Got data from client: {"cmd":"action","action":"find","params":{"strategy":"id","selector":"com.popular.app.corp:id/btnContinuar","context":"","multiple":false}}
&amp#27;[36minfo&amp#27;[39m: [debug] [BOOTSTRAP] [debug] Got command of type ACTION
&amp#27;[36minfo&amp#27;[39m: [debug] [BOOTSTRAP] [debug] Got command action: find
&amp#27;[36minfo&amp#27;[39m: [debug] [BOOTSTRAP] [debug] Finding com.popular.app.corp:id/btnContinuar using ID with the contextId:  multiple: false
&amp#27;[36minfo&amp#27;[39m: [debug] [BOOTSTRAP] [debug] Using: UiSelector[INSTANCE=0, RESOURCE_ID=com.popular.app.corp:id/btnContinuar]
&amp#27;[36minfo&amp#27;[39m: [debug] [BOOTSTRAP] [debug] Failed to locate element. Clearing Accessibility cache and retrying.
&amp#27;[36minfo&amp#27;[39m: [debug] [BOOTSTRAP] [debug] Finding com.popular.app.corp:id/btnContinuar using ID with the contextId:  multiple: false
&amp#27;[36minfo&amp#27;[39m: [debug] [BOOTSTRAP] [debug] Using: UiSelector[INSTANCE=0, RESOURCE_ID=com.popular.app.corp:id/btnContinuar]
&amp#27;[36minfo&amp#27;[39m: [debug] [BOOTSTRAP] [debug] Returning result: {"value":"No element found","status":7}
&amp#27;[36minfo&amp#27;[39m: [debug] Waited for 51500ms so far
&amp#27;[36minfo&amp#27;[39m: [debug] Pushing command to appium work queue: ["find",{"strategy":"id","selector":"com.popular.app.corp:id/btnContinuar","context":"","multiple":false}]
&amp#27;[36minfo&amp#27;[39m: [debug] [BOOTSTRAP] [debug] Got data from client: {"cmd":"action","action":"find","params":{"strategy":"id","selector":"com.popular.app.corp:id/btnContinuar","context":"","multiple":false}}
&amp#27;[36minfo&amp#27;[39m: [debug] [BOOTSTRAP] [debug] Got command of type ACTION
&amp#27;[36minfo&amp#27;[39m: [debug] [BOOTSTRAP] [debug] Got command action: find
&amp#27;[36minfo&amp#27;[39m: [debug] [BOOTSTRAP] [debug] Finding com.popular.app.corp:id/btnContinuar using ID with the contextId:  multiple: false
&amp#27;[36minfo&amp#27;[39m: [debug] [BOOTSTRAP] [debug] Using: UiSelector[INSTANCE=0, RESOURCE_ID=com.popular.app.corp:id/btnContinuar]
&amp#27;[36minfo&amp#27;[39m: [debug] [BOOTSTRAP] [debug] Failed to locate element. Clearing Accessibility cache and retrying.
&amp#27;[36minfo&amp#27;[39m: [debug] [BOOTSTRAP] [debug] Finding com.popular.app.corp:id/btnContinuar using ID with the contextId:  multiple: false
&amp#27;[36minfo&amp#27;[39m: [debug] [BOOTSTRAP] [debug] Using: UiSelector[INSTANCE=0, RESOURCE_ID=com.popular.app.corp:id/btnContinuar]
&amp#27;[36minfo&amp#27;[39m: [debug] [BOOTSTRAP] [debug] Returning result: {"value":"No element found","status":7}
&amp#27;[36minfo&amp#27;[39m: [debug] Waited for 52128ms so far
&amp#27;[36minfo&amp#27;[39m: [debug] Pushing command to appium work queue: ["find",{"strategy":"id","selector":"com.popular.app.corp:id/btnContinuar","context":"","multiple":false}]
&amp#27;[36minfo&amp#27;[39m: [debug] [BOOTSTRAP] [debug] Got data from client: {"cmd":"action","action":"find","params":{"strategy":"id","selector":"com.popular.app.corp:id/btnContinuar","context":"","multiple":false}}
&amp#27;[36minfo&amp#27;[39m: [debug] [BOOTSTRAP] [debug] Got command of type ACTION
&amp#27;[36minfo&amp#27;[39m: [debug] [BOOTSTRAP] [debug] Got command action: find
&amp#27;[36minfo&amp#27;[39m: [debug] [BOOTSTRAP] [debug] Finding com.popular.app.corp:id/btnContinuar using ID with the contextId:  multiple: false
&amp#27;[36minfo&amp#27;[39m: [debug] [BOOTSTRAP] [debug] Using: UiSelector[INSTANCE=0, RESOURCE_ID=com.popular.app.corp:id/btnContinuar]
&amp#27;[36minfo&amp#27;[39m: [debug] [BOOTSTRAP] [debug] Failed to locate element. Clearing Accessibility cache and retrying.
&amp#27;[36minfo&amp#27;[39m: [debug] [BOOTSTRAP] [debug] Finding com.popular.app.corp:id/btnContinuar using ID with the contextId:  multiple: false
&amp#27;[36minfo&amp#27;[39m: [debug] [BOOTSTRAP] [debug] Using: UiSelector[INSTANCE=0, RESOURCE_ID=com.popular.app.corp:id/btnContinuar]
&amp#27;[36minfo&amp#27;[39m: [debug] [BOOTSTRAP] [debug] Returning result: {"value":"No element found","status":7}
&amp#27;[36minfo&amp#27;[39m: [debug] Waited for 52698ms so far
&amp#27;[36minfo&amp#27;[39m: [debug] Pushing command to appium work queue: ["find",{"strategy":"id","selector":"com.popular.app.corp:id/btnContinuar","context":"","multiple":false}]
&amp#27;[36minfo&amp#27;[39m: [debug] [BOOTSTRAP] [debug] Got data from client: {"cmd":"action","action":"find","params":{"strategy":"id","selector":"com.popular.app.corp:id/btnContinuar","context":"","multiple":false}}
&amp#27;[36minfo&amp#27;[39m: [debug] [BOOTSTRAP] [debug] Got command of type ACTION
&amp#27;[36minfo&amp#27;[39m: [debug] [BOOTSTRAP] [debug] Got command action: find
&amp#27;[36minfo&amp#27;[39m: [debug] [BOOTSTRAP] [debug] Finding com.popular.app.corp:id/btnContinuar using ID with the contextId:  multiple: false
&amp#27;[36minfo&amp#27;[39m: [debug] [BOOTSTRAP] [debug] Using: UiSelector[INSTANCE=0, RESOURCE_ID=com.popular.app.corp:id/btnContinuar]
&amp#27;[36minfo&amp#27;[39m: [debug] [BOOTSTRAP] [debug] Failed to locate element. Clearing Accessibility cache and retrying.
&amp#27;[36minfo&amp#27;[39m: [debug] [BOOTSTRAP] [debug] Finding com.popular.app.corp:id/btnContinuar using ID with the contextId:  multiple: false
&amp#27;[36minfo&amp#27;[39m: [debug] [BOOTSTRAP] [debug] Using: UiSelector[INSTANCE=0, RESOURCE_ID=com.popular.app.corp:id/btnContinuar]
&amp#27;[36minfo&amp#27;[39m: [debug] [BOOTSTRAP] [debug] Returning result: {"value":"No element found","status":7}
&amp#27;[36minfo&amp#27;[39m: [debug] Waited for 53255ms so far
&amp#27;[36minfo&amp#27;[39m: [debug] Pushing command to appium work queue: ["find",{"strategy":"id","selector":"com.popular.app.corp:id/btnContinuar","context":"","multiple":false}]
&amp#27;[36minfo&amp#27;[39m: [debug] [BOOTSTRAP] [debug] Got data from client: {"cmd":"action","action":"find","params":{"strategy":"id","selector":"com.popular.app.corp:id/btnContinuar","context":"","multiple":false}}
&amp#27;[36minfo&amp#27;[39m: [debug] [BOOTSTRAP] [debug] Got command of type ACTION
&amp#27;[36minfo&amp#27;[39m: [debug] [BOOTSTRAP] [debug] Got command action: find
&amp#27;[36minfo&amp#27;[39m: [debug] [BOOTSTRAP] [debug] Finding com.popular.app.corp:id/btnContinuar using ID with the contextId:  multiple: false
&amp#27;[36minfo&amp#27;[39m: [debug] [BOOTSTRAP] [debug] Using: UiSelector[INSTANCE=0, RESOURCE_ID=com.popular.app.corp:id/btnContinuar]
&amp#27;[36minfo&amp#27;[39m: [debug] [BOOTSTRAP] [debug] Failed to locate element. Clearing Accessibility cache and retrying.
&amp#27;[36minfo&amp#27;[39m: [debug] [BOOTSTRAP] [debug] Finding com.popular.app.corp:id/btnContinuar using ID with the contextId:  multiple: false
&amp#27;[36minfo&amp#27;[39m: [debug] [BOOTSTRAP] [debug] Using: UiSelector[INSTANCE=0, RESOURCE_ID=com.popular.app.corp:id/btnContinuar]
&amp#27;[36minfo&amp#27;[39m: [debug] [BOOTSTRAP] [debug] Returning result: {"value":"No element found","status":7}
&amp#27;[36minfo&amp#27;[39m: [debug] Waited for 53798ms so far
&amp#27;[36minfo&amp#27;[39m: [debug] Pushing command to appium work queue: ["find",{"strategy":"id","selector":"com.popular.app.corp:id/btnContinuar","context":"","multiple":false}]
&amp#27;[36minfo&amp#27;[39m: [debug] [BOOTSTRAP] [debug] Got data from client: {"cmd":"action","action":"find","params":{"strategy":"id","selector":"com.popular.app.corp:id/btnContinuar","context":"","multiple":false}}
&amp#27;[36minfo&amp#27;[39m: [debug] [BOOTSTRAP] [debug] Got command of type ACTION
&amp#27;[36minfo&amp#27;[39m: [debug] [BOOTSTRAP] [debug] Got command action: find
&amp#27;[36minfo&amp#27;[39m: [debug] [BOOTSTRAP] [debug] Finding com.popular.app.corp:id/btnContinuar using ID with the contextId:  multiple: false
&amp#27;[36minfo&amp#27;[39m: [debug] [BOOTSTRAP] [debug] Using: UiSelector[INSTANCE=0, RESOURCE_ID=com.popular.app.corp:id/btnContinuar]
&amp#27;[36minfo&amp#27;[39m: [debug] [BOOTSTRAP] [debug] Failed to locate element. Clearing Accessibility cache and retrying.
&amp#27;[36minfo&amp#27;[39m: [debug] [BOOTSTRAP] [debug] Finding com.popular.app.corp:id/btnContinuar using ID with the contextId:  multiple: false
&amp#27;[36minfo&amp#27;[39m: [debug] [BOOTSTRAP] [debug] Using: UiSelector[INSTANCE=0, RESOURCE_ID=com.popular.app.corp:id/btnContinuar]
&amp#27;[36minfo&amp#27;[39m: [debug] [BOOTSTRAP] [debug] Returning result: {"value":"No element found","status":7}
&amp#27;[36minfo&amp#27;[39m: [debug] Waited for 54329ms so far
&amp#27;[36minfo&amp#27;[39m: [debug] Pushing command to appium work queue: ["find",{"strategy":"id","selector":"com.popular.app.corp:id/btnContinuar","context":"","multiple":false}]
&amp#27;[36minfo&amp#27;[39m: [debug] [BOOTSTRAP] [debug] Got data from client: {"cmd":"action","action":"find","params":{"strategy":"id","selector":"com.popular.app.corp:id/btnContinuar","context":"","multiple":false}}
&amp#27;[36minfo&amp#27;[39m: [debug] [BOOTSTRAP] [debug] Got command of type ACTION
&amp#27;[36minfo&amp#27;[39m: [debug] [BOOTSTRAP] [debug] Got command action: find
&amp#27;[36minfo&amp#27;[39m: [debug] [BOOTSTRAP] [debug] Finding com.popular.app.corp:id/btnContinuar using ID with the contextId:  multiple: false
&amp#27;[36minfo&amp#27;[39m: [debug] [BOOTSTRAP] [debug] Using: UiSelector[INSTANCE=0, RESOURCE_ID=com.popular.app.corp:id/btnContinuar]
&amp#27;[36minfo&amp#27;[39m: [debug] [BOOTSTRAP] [debug] Failed to locate element. Clearing Accessibility cache and retrying.
&amp#27;[36minfo&amp#27;[39m: [debug] [BOOTSTRAP] [debug] Finding com.popular.app.corp:id/btnContinuar using ID with the contextId:  multiple: false
&amp#27;[36minfo&amp#27;[39m: [debug] [BOOTSTRAP] [debug] Using: UiSelector[INSTANCE=0, RESOURCE_ID=com.popular.app.corp:id/btnContinuar]
&amp#27;[36minfo&amp#27;[39m: [debug] [BOOTSTRAP] [debug] Returning result: {"value":"No element found","status":7}
&amp#27;[36minfo&amp#27;[39m: [debug] Waited for 54903ms so far
&amp#27;[36minfo&amp#27;[39m: [debug] Pushing command to appium work queue: ["find",{"strategy":"id","selector":"com.popular.app.corp:id/btnContinuar","context":"","multiple":false}]
&amp#27;[36minfo&amp#27;[39m: [debug] [BOOTSTRAP] [debug] Got data from client: {"cmd":"action","action":"find","params":{"strategy":"id","selector":"com.popular.app.corp:id/btnContinuar","context":"","multiple":false}}
&amp#27;[36minfo&amp#27;[39m: [debug] [BOOTSTRAP] [debug] Got command of type ACTION
&amp#27;[36minfo&amp#27;[39m: [debug] [BOOTSTRAP] [debug] Got command action: find
&amp#27;[36minfo&amp#27;[39m: [debug] [BOOTSTRAP] [debug] Finding com.popular.app.corp:id/btnContinuar using ID with the contextId:  multiple: false
&amp#27;[36minfo&amp#27;[39m: [debug] [BOOTSTRAP] [debug] Using: UiSelector[INSTANCE=0, RESOURCE_ID=com.popular.app.corp:id/btnContinuar]
&amp#27;[36minfo&amp#27;[39m: [debug] [BOOTSTRAP] [debug] Failed to locate element. Clearing Accessibility cache and retrying.
&amp#27;[36minfo&amp#27;[39m: [debug] [BOOTSTRAP] [debug] Finding com.popular.app.corp:id/btnContinuar using ID with the contextId:  multiple: false
&amp#27;[36minfo&amp#27;[39m: [debug] [BOOTSTRAP] [debug] Using: UiSelector[INSTANCE=0, RESOURCE_ID=com.popular.app.corp:id/btnContinuar]
&amp#27;[36minfo&amp#27;[39m: [debug] [BOOTSTRAP] [debug] Returning result: {"value":"No element found","status":7}
&amp#27;[36minfo&amp#27;[39m: [debug] Waited for 55537ms so far
&amp#27;[36minfo&amp#27;[39m: [debug] Pushing command to appium work queue: ["find",{"strategy":"id","selector":"com.popular.app.corp:id/btnContinuar","context":"","multiple":false}]
&amp#27;[36minfo&amp#27;[39m: [debug] [BOOTSTRAP] [debug] Got data from client: {"cmd":"action","action":"find","params":{"strategy":"id","selector":"com.popular.app.corp:id/btnContinuar","context":"","multiple":false}}
&amp#27;[36minfo&amp#27;[39m: [debug] [BOOTSTRAP] [debug] Got command of type ACTION
&amp#27;[36minfo&amp#27;[39m: [debug] [BOOTSTRAP] [debug] Got command action: find
&amp#27;[36minfo&amp#27;[39m: [debug] [BOOTSTRAP] [debug] Finding com.popular.app.corp:id/btnContinuar using ID with the contextId:  multiple: false
&amp#27;[36minfo&amp#27;[39m: [debug] [BOOTSTRAP] [debug] Using: UiSelector[INSTANCE=0, RESOURCE_ID=com.popular.app.corp:id/btnContinuar]
&amp#27;[36minfo&amp#27;[39m: [debug] [BOOTSTRAP] [debug] Failed to locate element. Clearing Accessibility cache and retrying.
&amp#27;[36minfo&amp#27;[39m: [debug] [BOOTSTRAP] [debug] Finding com.popular.app.corp:id/btnContinuar using ID with the contextId:  multiple: false
&amp#27;[36minfo&amp#27;[39m: [debug] [BOOTSTRAP] [debug] Using: UiSelector[INSTANCE=0, RESOURCE_ID=com.popular.app.corp:id/btnContinuar]
&amp#27;[36minfo&amp#27;[39m: [debug] [BOOTSTRAP] [debug] Returning result: {"value":"No element found","status":7}
&amp#27;[36minfo&amp#27;[39m: [debug] Waited for 56097ms so far
&amp#27;[36minfo&amp#27;[39m: [debug] Pushing command to appium work queue: ["find",{"strategy":"id","selector":"com.popular.app.corp:id/btnContinuar","context":"","multiple":false}]
&amp#27;[36minfo&amp#27;[39m: [debug] [BOOTSTRAP] [debug] Got data from client: {"cmd":"action","action":"find","params":{"strategy":"id","selector":"com.popular.app.corp:id/btnContinuar","context":"","multiple":false}}
&amp#27;[36minfo&amp#27;[39m: [debug] [BOOTSTRAP] [debug] Got command of type ACTION
&amp#27;[36minfo&amp#27;[39m: [debug] [BOOTSTRAP] [debug] Got command action: find
&amp#27;[36minfo&amp#27;[39m: [debug] [BOOTSTRAP] [debug] Finding com.popular.app.corp:id/btnContinuar using ID with the contextId:  multiple: false
&amp#27;[36minfo&amp#27;[39m: [debug] [BOOTSTRAP] [debug] Using: UiSelector[INSTANCE=0, RESOURCE_ID=com.popular.app.corp:id/btnContinuar]
&amp#27;[36minfo&amp#27;[39m: [debug] [BOOTSTRAP] [debug] Failed to locate element. Clearing Accessibility cache and retrying.
&amp#27;[36minfo&amp#27;[39m: [debug] [BOOTSTRAP] [debug] Finding com.popular.app.corp:id/btnContinuar using ID with the contextId:  multiple: false
&amp#27;[36minfo&amp#27;[39m: [debug] [BOOTSTRAP] [debug] Using: UiSelector[INSTANCE=0, RESOURCE_ID=com.popular.app.corp:id/btnContinuar]
&amp#27;[36minfo&amp#27;[39m: [debug] [BOOTSTRAP] [debug] Returning result: {"value":"No element found","status":7}
&amp#27;[36minfo&amp#27;[39m: [debug] Waited for 56810ms so far
&amp#27;[36minfo&amp#27;[39m: [debug] Pushing command to appium work queue: ["find",{"strategy":"id","selector":"com.popular.app.corp:id/btnContinuar","context":"","multiple":false}]
&amp#27;[36minfo&amp#27;[39m: [debug] [BOOTSTRAP] [debug] Got data from client: {"cmd":"action","action":"find","params":{"strategy":"id","selector":"com.popular.app.corp:id/btnContinuar","context":"","multiple":false}}
&amp#27;[36minfo&amp#27;[39m: [debug] [BOOTSTRAP] [debug] Got command of type ACTION
&amp#27;[36minfo&amp#27;[39m: [debug] [BOOTSTRAP] [debug] Got command action: find
&amp#27;[36minfo&amp#27;[39m: [debug] [BOOTSTRAP] [debug] Finding com.popular.app.corp:id/btnContinuar using ID with the contextId:  multiple: false
&amp#27;[36minfo&amp#27;[39m: [debug] [BOOTSTRAP] [debug] Using: UiSelector[INSTANCE=0, RESOURCE_ID=com.popular.app.corp:id/btnContinuar]
&amp#27;[36minfo&amp#27;[39m: [debug] [BOOTSTRAP] [debug] Failed to locate element. Clearing Accessibility cache and retrying.
&amp#27;[36minfo&amp#27;[39m: [debug] [BOOTSTRAP] [debug] Finding com.popular.app.corp:id/btnContinuar using ID with the contextId:  multiple: false
&amp#27;[36minfo&amp#27;[39m: [debug] [BOOTSTRAP] [debug] Using: UiSelector[INSTANCE=0, RESOURCE_ID=com.popular.app.corp:id/btnContinuar]
&amp#27;[36minfo&amp#27;[39m: [debug] [BOOTSTRAP] [debug] Returning result: {"value":"No element found","status":7}
&amp#27;[36minfo&amp#27;[39m: [debug] Waited for 57369ms so far
&amp#27;[36minfo&amp#27;[39m: [debug] Pushing command to appium work queue: ["find",{"strategy":"id","selector":"com.popular.app.corp:id/btnContinuar","context":"","multiple":false}]
&amp#27;[36minfo&amp#27;[39m: [debug] [BOOTSTRAP] [debug] Got data from client: {"cmd":"action","action":"find","params":{"strategy":"id","selector":"com.popular.app.corp:id/btnContinuar","context":"","multiple":false}}
&amp#27;[36minfo&amp#27;[39m: [debug] [BOOTSTRAP] [debug] Got command of type ACTION
&amp#27;[36minfo&amp#27;[39m: [debug] [BOOTSTRAP] [debug] Got command action: find
&amp#27;[36minfo&amp#27;[39m: [debug] [BOOTSTRAP] [debug] Finding com.popular.app.corp:id/btnContinuar using ID with the contextId:  multiple: false
&amp#27;[36minfo&amp#27;[39m: [debug] [BOOTSTRAP] [debug] Using: UiSelector[INSTANCE=0, RESOURCE_ID=com.popular.app.corp:id/btnContinuar]
&amp#27;[36minfo&amp#27;[39m: [debug] [BOOTSTRAP] [debug] Failed to locate element. Clearing Accessibility cache and retrying.
&amp#27;[36minfo&amp#27;[39m: [debug] [BOOTSTRAP] [debug] Finding com.popular.app.corp:id/btnContinuar using ID with the contextId:  multiple: false
&amp#27;[36minfo&amp#27;[39m: [debug] [BOOTSTRAP] [debug] Using: UiSelector[INSTANCE=0, RESOURCE_ID=com.popular.app.corp:id/btnContinuar]
&amp#27;[36minfo&amp#27;[39m: [debug] [BOOTSTRAP] [debug] Returning result: {"value":"No element found","status":7}
&amp#27;[36minfo&amp#27;[39m: [debug] Waited for 57938ms so far
&amp#27;[36minfo&amp#27;[39m: [debug] Pushing command to appium work queue: ["find",{"strategy":"id","selector":"com.popular.app.corp:id/btnContinuar","context":"","multiple":false}]
&amp#27;[36minfo&amp#27;[39m: [debug] [BOOTSTRAP] [debug] Got data from client: {"cmd":"action","action":"find","params":{"strategy":"id","selector":"com.popular.app.corp:id/btnContinuar","context":"","multiple":false}}
&amp#27;[36minfo&amp#27;[39m: [debug] [BOOTSTRAP] [debug] Got command of type ACTION
&amp#27;[36minfo&amp#27;[39m: [debug] [BOOTSTRAP] [debug] Got command action: find
&amp#27;[36minfo&amp#27;[39m: [debug] [BOOTSTRAP] [debug] Finding com.popular.app.corp:id/btnContinuar using ID with the contextId:  multiple: false
&amp#27;[36minfo&amp#27;[39m: [debug] [BOOTSTRAP] [debug] Using: UiSelector[INSTANCE=0, RESOURCE_ID=com.popular.app.corp:id/btnContinuar]
&amp#27;[36minfo&amp#27;[39m: [debug] [BOOTSTRAP] [debug] Failed to locate element. Clearing Accessibility cache and retrying.
&amp#27;[36minfo&amp#27;[39m: [debug] [BOOTSTRAP] [debug] Finding com.popular.app.corp:id/btnContinuar using ID with the contextId:  multiple: false
&amp#27;[36minfo&amp#27;[39m: [debug] [BOOTSTRAP] [debug] Using: UiSelector[INSTANCE=0, RESOURCE_ID=com.popular.app.corp:id/btnContinuar]
&amp#27;[36minfo&amp#27;[39m: [debug] [BOOTSTRAP] [debug] Returning result: {"value":"No element found","status":7}
&amp#27;[36minfo&amp#27;[39m: [debug] Waited for 58669ms so far
&amp#27;[36minfo&amp#27;[39m: [debug] Pushing command to appium work queue: ["find",{"strategy":"id","selector":"com.popular.app.corp:id/btnContinuar","context":"","multiple":false}]
&amp#27;[36minfo&amp#27;[39m: [debug] [BOOTSTRAP] [debug] Got data from client: {"cmd":"action","action":"find","params":{"strategy":"id","selector":"com.popular.app.corp:id/btnContinuar","context":"","multiple":false}}
&amp#27;[36minfo&amp#27;[39m: [debug] [BOOTSTRAP] [debug] Got command of type ACTION
&amp#27;[36minfo&amp#27;[39m: [debug] [BOOTSTRAP] [debug] Got command action: find
&amp#27;[36minfo&amp#27;[39m: [debug] [BOOTSTRAP] [debug] Finding com.popular.app.corp:id/btnContinuar using ID with the contextId:  multiple: false
&amp#27;[36minfo&amp#27;[39m: [debug] [BOOTSTRAP] [debug] Using: UiSelector[INSTANCE=0, RESOURCE_ID=com.popular.app.corp:id/btnContinuar]
&amp#27;[36minfo&amp#27;[39m: [debug] [BOOTSTRAP] [debug] Failed to locate element. Clearing Accessibility cache and retrying.
&amp#27;[36minfo&amp#27;[39m: [debug] [BOOTSTRAP] [debug] Finding com.popular.app.corp:id/btnContinuar using ID with the contextId:  multiple: false
&amp#27;[36minfo&amp#27;[39m: [debug] [BOOTSTRAP] [debug] Using: UiSelector[INSTANCE=0, RESOURCE_ID=com.popular.app.corp:id/btnContinuar]
&amp#27;[36minfo&amp#27;[39m: [debug] [BOOTSTRAP] [debug] Returning result: {"value":"No element found","status":7}
&amp#27;[36minfo&amp#27;[39m: [debug] Waited for 59343ms so far
&amp#27;[36minfo&amp#27;[39m: [debug] Pushing command to appium work queue: ["find",{"strategy":"id","selector":"com.popular.app.corp:id/btnContinuar","context":"","multiple":false}]
&amp#27;[36minfo&amp#27;[39m: [debug] [BOOTSTRAP] [debug] Got data from client: {"cmd":"action","action":"find","params":{"strategy":"id","selector":"com.popular.app.corp:id/btnContinuar","context":"","multiple":false}}
&amp#27;[36minfo&amp#27;[39m: [debug] [BOOTSTRAP] [debug] Got command of type ACTION
&amp#27;[36minfo&amp#27;[39m: [debug] [BOOTSTRAP] [debug] Got command action: find
&amp#27;[36minfo&amp#27;[39m: [debug] [BOOTSTRAP] [debug] Finding com.popular.app.corp:id/btnContinuar using ID with the contextId:  multiple: false
&amp#27;[36minfo&amp#27;[39m: [debug] [BOOTSTRAP] [debug] Using: UiSelector[INSTANCE=0, RESOURCE_ID=com.popular.app.corp:id/btnContinuar]
&amp#27;[36minfo&amp#27;[39m: [debug] [BOOTSTRAP] [debug] Failed to locate element. Clearing Accessibility cache and retrying.
&amp#27;[36minfo&amp#27;[39m: [debug] [BOOTSTRAP] [debug] Finding com.popular.app.corp:id/btnContinuar using ID with the contextId:  multiple: false
&amp#27;[36minfo&amp#27;[39m: [debug] [BOOTSTRAP] [debug] Using: UiSelector[INSTANCE=0, RESOURCE_ID=com.popular.app.corp:id/btnContinuar]
&amp#27;[36minfo&amp#27;[39m: [debug] [BOOTSTRAP] [debug] Returning result: {"value":"No element found","status":7}
&amp#27;[36minfo&amp#27;[39m: [debug] Waited for 59893ms so far
&amp#27;[36minfo&amp#27;[39m: [debug] Pushing command to appium work queue: ["find",{"strategy":"id","selector":"com.popular.app.corp:id/btnContinuar","context":"","multiple":false}]
&amp#27;[36minfo&amp#27;[39m: [debug] [BOOTSTRAP] [debug] Got data from client: {"cmd":"action","action":"find","params":{"strategy":"id","selector":"com.popular.app.corp:id/btnContinuar","context":"","multiple":false}}
&amp#27;[36minfo&amp#27;[39m: [debug] [BOOTSTRAP] [debug] Got command of type ACTION
&amp#27;[36minfo&amp#27;[39m: [debug] [BOOTSTRAP] [debug] Got command action: find
&amp#27;[36minfo&amp#27;[39m: [debug] [BOOTSTRAP] [debug] Finding com.popular.app.corp:id/btnContinuar using ID with the contextId:  multiple: false
&amp#27;[36minfo&amp#27;[39m: [debug] [BOOTSTRAP] [debug] Using: UiSelector[INSTANCE=0, RESOURCE_ID=com.popular.app.corp:id/btnContinuar]
&amp#27;[36minfo&amp#27;[39m: [debug] [BOOTSTRAP] [debug] Failed to locate element. Clearing Accessibility cache and retrying.
&amp#27;[36minfo&amp#27;[39m: [debug] [BOOTSTRAP] [debug] Finding com.popular.app.corp:id/btnContinuar using ID with the contextId:  multiple: false
&amp#27;[36minfo&amp#27;[39m: [debug] [BOOTSTRAP] [debug] Using: UiSelector[INSTANCE=0, RESOURCE_ID=com.popular.app.corp:id/btnContinuar]
&amp#27;[36minfo&amp#27;[39m: [debug] [BOOTSTRAP] [debug] Returning result: {"value":"No element found","status":7}
Waiting Few More 120 Seconds For The Response
&amp#27;[36minfo&amp#27;[39m: [debug] Condition unmet after 60514ms. Timing out.
&amp#27;[36minfo&amp#27;[39m: [debug] Responding to client with error: {"status":7,"value":{"message":"An element could not be located on the page using the given search parameters.","origValue":"No element found"},"sessionId":"411cab2c-cf83-4955-9718-22c4dbc23fc0"}
&amp#27;[36minfo&amp#27;[39m: &amp#27;[37m<-- POST /wd/hub/session/411cab2c-cf83-4955-9718-22c4dbc23fc0/element &amp#27;[39m&amp#27;[31m500&amp#27;[39m&amp#27;[90m 60513.381 ms - 195&amp#27;[39m &amp#27;[90m&amp#27;[39m
Registration Valid Scenario Failed 
&amp#27;[36minfo&amp#27;[39m: &amp#27;[37m-->&amp#27;[39m &amp#27;[37mPOST&amp#27;[39m &amp#27;[37m/wd/hub/session/411cab2c-cf83-4955-9718-22c4dbc23fc0/element&amp#27;[39m &amp#27;[90m{"using":"id","value":"android:id/message"}&amp#27;[39m
&amp#27;[36minfo&amp#27;[39m: [debug] Waiting up to 60000ms for condition
&amp#27;[36minfo&amp#27;[39m: [debug] Pushing command to appium work queue: ["find",{"strategy":"id","selector":"android:id/message","context":"","multiple":false}]
&amp#27;[36minfo&amp#27;[39m: [debug] [BOOTSTRAP] [debug] Got data from client: {"cmd":"action","action":"find","params":{"strategy":"id","selector":"android:id/message","context":"","multiple":false}}
&amp#27;[36minfo&amp#27;[39m: [debug] [BOOTSTRAP] [debug] Got command of type ACTION
&amp#27;[36minfo&amp#27;[39m: [debug] [BOOTSTRAP] [debug] Got command action: find
&amp#27;[36minfo&amp#27;[39m: [debug] [BOOTSTRAP] [debug] Finding android:id/message using ID with the contextId:  multiple: false
&amp#27;[36minfo&amp#27;[39m: [debug] [BOOTSTRAP] [debug] Using: UiSelector[INSTANCE=0, RESOURCE_ID=android:id/message]
&amp#27;[36minfo&amp#27;[39m: [debug] Responding to client with success: {"status":0,"value":{"ELEMENT":"8"},"sessionId":"411cab2c-cf83-4955-9718-22c4dbc23fc0"}
&amp#27;[36minfo&amp#27;[39m: &amp#27;[37m<-- POST /wd/hub/session/411cab2c-cf83-4955-9718-22c4dbc23fc0/element &amp#27;[39m&amp#27;[32m200&amp#27;[39m&amp#27;[90m 16.106 ms - 87&amp#27;[39m &amp#27;[90m{"status":0,"value":{"ELEMENT":"8"},"sessionId":"411cab2c-cf83-4955-9718-22c4dbc23fc0"}&amp#27;[39m
&amp#27;[36minfo&amp#27;[39m: [debug] [BOOTSTRAP] [debug] Returning result: {"value":{"ELEMENT":"8"},"status":0}
&amp#27;[36minfo&amp#27;[39m: &amp#27;[37m-->&amp#27;[39m &amp#27;[37mGET&amp#27;[39m &amp#27;[37m/wd/hub/session/411cab2c-cf83-4955-9718-22c4dbc23fc0/element/8/text&amp#27;[39m &amp#27;[90m{}&amp#27;[39m
&amp#27;[36minfo&amp#27;[39m: [debug] Pushing command to appium work queue: ["element:getText",{"elementId":"8"}]
&amp#27;[36minfo&amp#27;[39m: [debug] [BOOTSTRAP] [debug] Got data from client: {"cmd":"action","action":"element:getText","params":{"elementId":"8"}}
&amp#27;[36minfo&amp#27;[39m: [debug] [BOOTSTRAP] [debug] Got command of type ACTION
&amp#27;[36minfo&amp#27;[39m: [debug] [BOOTSTRAP] [debug] Got command action: getText
&amp#27;[36minfo&amp#27;[39m: [debug] [BOOTSTRAP] [debug] Returning result: {"value":"Tu requerimiento no pudo ser completado. Por favor intenta mÃ¡s tarde.","status":0}
&amp#27;[36minfo&amp#27;[39m: [debug] Responding to client with success: {"status":0,"value":"Tu requerimiento no pudo ser completado. Por favor intenta mÃ¡s tarde.","sessionId":"411cab2c-cf83-4955-9718-22c4dbc23fc0"}
&amp#27;[36minfo&amp#27;[39m: &amp#27;[37m<-- GET /wd/hub/session/411cab2c-cf83-4955-9718-22c4dbc23fc0/element/8/text &amp#27;[39m&amp#27;[32m200&amp#27;[39m&amp#27;[90m 22.155 ms - 144&amp#27;[39m &amp#27;[90m{"status":0,"value":"Tu requerimiento no pudo ser completado. Por favor intenta mÃ¡s tarde.","sessionId":"411cab2c-cf83-4955-9718-22c4dbc23fc0"}&amp#27;[39m
&amp#27;[36minfo&amp#27;[39m: &amp#27;[37m-->&amp#27;[39m &amp#27;[37mGET&amp#27;[39m &amp#27;[37m/wd/hub/session/411cab2c-cf83-4955-9718-22c4dbc23fc0/screenshot&amp#27;[39m &amp#27;[90m{}&amp#27;[39m
&amp#27;[36minfo&amp#27;[39m: [debug] executing cmd: C:\Users\Raghavendra\AppData\Local\Android\sdk\platform-tools\adb.exe -s emulator-5554 shell "/system/bin/rm /data/local/tmp/screenshot.png; /system/bin/screencap -p /data/local/tmp/screenshot.png "
&amp#27;[36minfo&amp#27;[39m: [debug] executing cmd: C:\Users\Raghavendra\AppData\Local\Android\sdk\platform-tools\adb.exe -s emulator-5554 pull /data/local/tmp/screenshot.png "C:\\Users\\RAGHAV~1\\AppData\\Local\\Temp\\appium117221-6924-1eg3jiw.png"
&amp#27;[36minfo&amp#27;[39m: [debug] Responding to client with success: {"status":0,"value":"iVBORw0KGgoAAAANSUhEUgAAAeAAAAMgCAYAAAD7o7EIAAAABHNCSVQICAgIfAhkiAAAIABJREFUeJzsfXmwZVV192/tc+59rwe6GVsUaGlEG6OIEpm0xQGJQNAAcY5WKtGYSmWqmDL/JH+krEpVkkr+SmlV/khV8n1fPiNOQUAx4TNRQVBxHqIokzIFkLm737v3nL2+P9Zae699zrn3vdd0C8S7um6/e8+w571+a6299toEgLGgBS1oQQta0IJ+phSe7AIsaEELWtCCFvTzSAsAXtCCFrSgBS3oSaAFAC9oQQta0IIW9CTQQQFgIjoYySxoQQta0IIW9HNDBwWAzz77bJxyyikHI6kFLWhBC1rQgn4uqH4iL4cQcNJJJ+G9730v9u/fjz/8wz/EQw89dLDKtqAFLWhBC1rQIaPXvOY1OP744/HhD38Yq6urc59dWlrCaaedhslkgm984xu9+7t378a5556Lww8/HPfeey+uuuqqNfHwCQFwXdc4//zzsX37dmzbtg0XXHABLr/8crRt+0SSXdCCFrSgBS3okNLu3bvxJ3/yJ1haWsIVV1wxE4Bf/vKX4zd+4zdwwgknYDwe42Mf+1gPgN/whjfgd3/3d3H//ffj/vvvx549e3DppZfij//4j3HbbbfNLMMTMkHv2rUL5513HkIIqKoK5513Ho488sgnkuSCFrSgBS1oQYecfv/3fx8hrA2B999/P6655hp88IMfHLxfVRXe/e534+tf/zre8Y534I/+6I/wO7/zOxiPx3jnO985N+0nBMDvec97cMQRRyCEgBACdu3ahYsvvviJJLmgBS1oQQta0CGlt771rdi9ezeuu+663r13vetdeNe73pV+33zzzfjoRz+KK664YjCtY445Bt/61rdw5ZVXpmt333037rjjDhx33HFzy3FAAExEuOiii3D66afjgQcewJ/+6Z/ife97H+666y5ccsklOPnkkw8k2QUtaEELWtCCDikdf/zx...","sessionId":"411cab2c-cf83-4955-9718-22c4dbc23fc0"}
&amp#27;[36minfo&amp#27;[39m: &amp#27;[37m<-- GET /wd/hub/session/411cab2c-cf83-4955-9718-22c4dbc23fc0/screenshot &amp#27;[39m&amp#27;[32m200&amp#27;[39m&amp#27;[90m 1238.767 ms - 330774&amp#27;[39m &amp#27;[90m{"status":0,"value":"iVBORw0KGgoAAAANSUhEUgAAAeAAAAMgCAYAAAD7o7EIAAAABHNCSVQICAgIfAhkiAAAIABJREFUeJzsfXmwZVV192/tc+59rwe6GVsUaGlEG6OIEpm0xQGJQNAAcY5WKtGYSmWqmDL/JH+krEpVkkr+SmlV/khV8n1fPiNOQUAx4TNRQVBxHqIokzIFkLm737v3nL2+P9Zae699zrn3vdd0C8S7um6/e8+w571+a6299toEgLGgBS1oQQta0IJ+phSe7AIsaEELWtCCFvTzSAsAXtCCFrSgBS3oSaAFAC9oQQta0IIW9CTQQQFgIjoYySxoQQta0IIW9HNDBwWAzz77bJxyyikHI6kFLWhBC1rQgn4uqH4iL4cQcNJJJ+G9730v9u/fjz/8wz/EQw89dLDKtqAFLWhBC1rQIaPXvOY1OP744/HhD38Yq6urc59dWlrCaaedhslkgm984xu9+7t378a5556Lww8/HPfeey+uuuqqNfHwCQFwXdc4//zzsX37dmzbtg0XXHABLr/8crRt+0SSXdCCFrSgBS3okNLu3bvxJ3/yJ1haWsIVV1wxE4Bf/vKX4zd+4zdwwgknYDwe42Mf+1gPgN/whjfgd3/3d3H//ffj/vvvx549e3DppZfij//4j3HbbbfNLMMTMkHv2rUL5513HkIIqKoK5513Ho488sgnkuSCFrSgBS1oQYecfv/3fx8hrA2B999/P6655hp88IMfHLxfVRXe/e534+tf/zre8Y534I/+6I/wO7/zOxiPx3jnO985N+0nBMDvec97cMQRRyCEgBACdu3ahYsvvviJJLmgBS1oQQta0CGlt771rdi9ezeuu+663r13vetdeNe73pV+33zzzfjoRz+KK664YjCtY445Bt/61rdw5ZVXpmt333037rjjDhx33HFzy3FAAExEuOiii3D66afjgQcewJ/+6Z/ife97H+666y5ccsklOPnkkw8k2QUtaEELWtCCDikdf/zx...","sessionId":"411cab2c-cf83-4955-9718-22c4dbc23fc0"}&amp#27;[39m
Alert Send Via Mail For Login Access Fail
&amp#27;[36minfo&amp#27;[39m: &amp#27;[37m-->&amp#27;[39m &amp#27;[37mPOST&amp#27;[39m &amp#27;[37m/wd/hub/session/411cab2c-cf83-4955-9718-22c4dbc23fc0/timeouts/implicit_wait&amp#27;[39m &amp#27;[90m{"ms":60000}&amp#27;[39m
&amp#27;[36minfo&amp#27;[39m: [debug] Set Android implicit wait to 60000ms
&amp#27;[36minfo&amp#27;[39m: [debug] Responding to client with success: {"status":0,"value":null,"sessionId":"411cab2c-cf83-4955-9718-22c4dbc23fc0"}
&amp#27;[36minfo&amp#27;[39m: &amp#27;[37m<-- POST /wd/hub/session/411cab2c-cf83-4955-9718-22c4dbc23fc0/timeouts/implicit_wait &amp#27;[39m&amp#27;[32m200&amp#27;[39m&amp#27;[90m 0.756 ms - 76&amp#27;[39m &amp#27;[90m{"status":0,"value":null,"sessionId":"411cab2c-cf83-4955-9718-22c4dbc23fc0"}&amp#27;[39m
&amp#27;[36minfo&amp#27;[39m: &amp#27;[37m-->&amp#27;[39m &amp#27;[37mPOST&amp#27;[39m &amp#27;[37m/wd/hub/session/411cab2c-cf83-4955-9718-22c4dbc23fc0/element&amp#27;[39m &amp#27;[90m{"using":"id","value":"android:id/message"}&amp#27;[39m
&amp#27;[36minfo&amp#27;[39m: [debug] Waiting up to 60000ms for condition
&amp#27;[36minfo&amp#27;[39m: [debug] Pushing command to appium work queue: ["find",{"strategy":"id","selector":"android:id/message","context":"","multiple":false}]
&amp#27;[36minfo&amp#27;[39m: [debug] [BOOTSTRAP] [debug] Got data from client: {"cmd":"action","action":"find","params":{"strategy":"id","selector":"android:id/message","context":"","multiple":false}}
&amp#27;[36minfo&amp#27;[39m: [debug] [BOOTSTRAP] [debug] Got command of type ACTION
&amp#27;[36minfo&amp#27;[39m: [debug] [BOOTSTRAP] [debug] Got command action: find
&amp#27;[36minfo&amp#27;[39m: [debug] [BOOTSTRAP] [debug] Finding android:id/message using ID with the contextId:  multiple: false
&amp#27;[36minfo&amp#27;[39m: [debug] [BOOTSTRAP] [debug] Using: UiSelector[INSTANCE=0, RESOURCE_ID=android:id/message]
&amp#27;[36minfo&amp#27;[39m: [debug] [BOOTSTRAP] [debug] Returning result: {"value":{"ELEMENT":"9"},"status":0}
&amp#27;[36minfo&amp#27;[39m: [debug] Responding to client with success: {"status":0,"value":{"ELEMENT":"9"},"sessionId":"411cab2c-cf83-4955-9718-22c4dbc23fc0"}
&amp#27;[36minfo&amp#27;[39m: &amp#27;[37m<-- POST /wd/hub/session/411cab2c-cf83-4955-9718-22c4dbc23fc0/element &amp#27;[39m&amp#27;[32m200&amp#27;[39m&amp#27;[90m 184.236 ms - 87&amp#27;[39m &amp#27;[90m{"status":0,"value":{"ELEMENT":"9"},"sessionId":"411cab2c-cf83-4955-9718-22c4dbc23fc0"}&amp#27;[39m
&amp#27;[36minfo&amp#27;[39m: &amp#27;[37m-->&amp#27;[39m &amp#27;[37mGET&amp#27;[39m &amp#27;[37m/wd/hub/session/411cab2c-cf83-4955-9718-22c4dbc23fc0/element/9/text&amp#27;[39m &amp#27;[90m{}&amp#27;[39m
&amp#27;[36minfo&amp#27;[39m: [debug] Pushing command to appium work queue: ["element:getText",{"elementId":"9"}]
&amp#27;[36minfo&amp#27;[39m: [debug] [BOOTSTRAP] [debug] Got data from client: {"cmd":"action","action":"element:getText","params":{"elementId":"9"}}
&amp#27;[36minfo&amp#27;[39m: [debug] [BOOTSTRAP] [debug] Got command of type ACTION
&amp#27;[36minfo&amp#27;[39m: [debug] [BOOTSTRAP] [debug] Got command action: getText
&amp#27;[36minfo&amp#27;[39m: [debug] [BOOTSTRAP] [debug] Returning result: {"value":"Tu requerimiento no pudo ser completado. Por favor intenta mÃ¡s tarde.","status":0}
&amp#27;[36minfo&amp#27;[39m: [debug] Responding to client with success: {"status":0,"value":"Tu requerimiento no pudo ser completado. Por favor intenta mÃ¡s tarde.","sessionId":"411cab2c-cf83-4955-9718-22c4dbc23fc0"}
&amp#27;[36minfo&amp#27;[39m: &amp#27;[37m<-- GET /wd/hub/session/411cab2c-cf83-4955-9718-22c4dbc23fc0/element/9/text &amp#27;[39m&amp#27;[32m200&amp#27;[39m&amp#27;[90m 37.477 ms - 144&amp#27;[39m &amp#27;[90m{"status":0,"value":"Tu requerimiento no pudo ser completado. Por favor intenta mÃ¡s tarde.","sessionId":"411cab2c-cf83-4955-9718-22c4dbc23fc0"}&amp#27;[39m
&amp#27;[36minfo&amp#27;[39m: &amp#27;[37m-->&amp#27;[39m &amp#27;[37mPOST&amp#27;[39m &amp#27;[37m/wd/hub/session/411cab2c-cf83-4955-9718-22c4dbc23fc0/element&amp#27;[39m &amp#27;[90m{"using":"id","value":"android:id/message"}&amp#27;[39m
&amp#27;[36minfo&amp#27;[39m: [debug] Waiting up to 60000ms for condition
&amp#27;[36minfo&amp#27;[39m: [debug] Pushing command to appium work queue: ["find",{"strategy":"id","selector":"android:id/message","context":"","multiple":false}]
&amp#27;[36minfo&amp#27;[39m: [debug] [BOOTSTRAP] [debug] Got data from client: {"cmd":"action","action":"find","params":{"strategy":"id","selector":"android:id/message","context":"","multiple":false}}
&amp#27;[36minfo&amp#27;[39m: [debug] [BOOTSTRAP] [debug] Got command of type ACTION
&amp#27;[36minfo&amp#27;[39m: [debug] [BOOTSTRAP] [debug] Got command action: find
&amp#27;[36minfo&amp#27;[39m: [debug] [BOOTSTRAP] [debug] Finding android:id/message using ID with the contextId:  multiple: false
&amp#27;[36minfo&amp#27;[39m: [debug] [BOOTSTRAP] [debug] Using: UiSelector[INSTANCE=0, RESOURCE_ID=android:id/message]
&amp#27;[36minfo&amp#27;[39m: [debug] [BOOTSTRAP] [debug] Returning result: {"value":{"ELEMENT":"10"},"status":0}
&amp#27;[36minfo&amp#27;[39m: [debug] Responding to client with success: {"status":0,"value":{"ELEMENT":"10"},"sessionId":"411cab2c-cf83-4955-9718-22c4dbc23fc0"}
&amp#27;[36minfo&amp#27;[39m: &amp#27;[37m<-- POST /wd/hub/session/411cab2c-cf83-4955-9718-22c4dbc23fc0/element &amp#27;[39m&amp#27;[32m200&amp#27;[39m&amp#27;[90m 5.688 ms - 88&amp#27;[39m &amp#27;[90m{"status":0,"value":{"ELEMENT":"10"},"sessionId":"411cab2c-cf83-4955-9718-22c4dbc23fc0"}&amp#27;[39m
&amp#27;[36minfo&amp#27;[39m: &amp#27;[37m-->&amp#27;[39m &amp#27;[37mGET&amp#27;[39m &amp#27;[37m/wd/hub/session/411cab2c-cf83-4955-9718-22c4dbc23fc0/element/10/text&amp#27;[39m &amp#27;[90m{}&amp#27;[39m
&amp#27;[36minfo&amp#27;[39m: [debug] Pushing command to appium work queue: ["element:getText",{"elementId":"10"}]
&amp#27;[36minfo&amp#27;[39m: [debug] [BOOTSTRAP] [debug] Got data from client: {"cmd":"action","action":"element:getText","params":{"elementId":"10"}}
&amp#27;[36minfo&amp#27;[39m: [debug] [BOOTSTRAP] [debug] Got command of type ACTION
&amp#27;[36minfo&amp#27;[39m: [debug] [BOOTSTRAP] [debug] Got command action: getText
&amp#27;[36minfo&amp#27;[39m: [debug] [BOOTSTRAP] [debug] Returning result: {"value":"Tu requerimiento no pudo ser completado. Por favor intenta mÃ¡s tarde.","status":0}
&amp#27;[36minfo&amp#27;[39m: [debug] Responding to client with success: {"status":0,"value":"Tu requerimiento no pudo ser completado. Por favor intenta mÃ¡s tarde.","sessionId":"411cab2c-cf83-4955-9718-22c4dbc23fc0"}
&amp#27;[36minfo&amp#27;[39m: &amp#27;[37m<-- GET /wd/hub/session/411cab2c-cf83-4955-9718-22c4dbc23fc0/element/10/text &amp#27;[39m&amp#27;[32m200&amp#27;[39m&amp#27;[90m 175.997 ms - 144&amp#27;[39m &amp#27;[90m{"status":0,"value":"Tu requerimiento no pudo ser completado. Por favor intenta mÃ¡s tarde.","sessionId":"411cab2c-cf83-4955-9718-22c4dbc23fc0"}&amp#27;[39m
&amp#27;[36minfo&amp#27;[39m: &amp#27;[37m-->&amp#27;[39m &amp#27;[37mGET&amp#27;[39m &amp#27;[37m/wd/hub/session/411cab2c-cf83-4955-9718-22c4dbc23fc0/screenshot&amp#27;[39m &amp#27;[90m{}&amp#27;[39m
&amp#27;[36minfo&amp#27;[39m: [debug] executing cmd: C:\Users\Raghavendra\AppData\Local\Android\sdk\platform-tools\adb.exe -s emulator-5554 shell "/system/bin/rm /data/local/tmp/screenshot.png; /system/bin/screencap -p /data/local/tmp/screenshot.png "
&amp#27;[36minfo&amp#27;[39m: [debug] executing cmd: C:\Users\Raghavendra\AppData\Local\Android\sdk\platform-tools\adb.exe -s emulator-5554 pull /data/local/tmp/screenshot.png "C:\\Users\\RAGHAV~1\\AppData\\Local\\Temp\\appium117221-6924-84g76s.png"
Screen ScreenShot Captured
&amp#27;[36minfo&amp#27;[39m: [debug] Responding to client with success: {"status":0,"value":"iVBORw0KGgoAAAANSUhEUgAAAeAAAAMgCAYAAAD7o7EIAAAABHNCSVQICAgIfAhkiAAAIABJREFUeJzsfXmwZVV192/tc+59rwe6GVsUaGlEG6OIEpm0xQGJQNAAcY5WKtGYSmWqmDL/JH+krEpVkkr+SmlV/khV8n1fPiNOQUAx4TNRQVBxHqIokzIFkLm737v3nL2+P9Zae699zrn3vdd0C8S7um6/e8+w571+a6299toEgLGgBS1oQQta0IJ+phSe7AIsaEELWtCCFvTzSAsAXtCCFrSgBS3oSaAFAC9oQQta0IIW9CTQQQFgIjoYySxoQQta0IIW9HNDBwWAzz77bJxyyikHI6kFLWhBC1rQgn4uqH4iL4cQcNJJJ+G9730v9u/fjz/8wz/EQw89dLDKtqAFLWhBC1rQIaPXvOY1OP744/HhD38Yq6urc59dWlrCaaedhslkgm984xu9+7t378a5556Lww8/HPfeey+uuuqqNfHwCQFwXdc4//zzsX37dmzbtg0XXHABLr/8crRt+0SSXdCCFrSgBS3okNLu3bvxJ3/yJ1haWsIVV1wxE4Bf/vKX4zd+4zdwwgknYDwe42Mf+1gPgN/whjfgd3/3d3H//ffj/vvvx549e3DppZfij//4j3HbbbfNLMMTMkHv2rUL5513HkIIqKoK5513Ho488sgnkuSCFrSgBS1oQYecfv/3fx8hrA2B999/P6655hp88IMfHLxfVRXe/e534+tf/zre8Y534I/+6I/wO7/zOxiPx3jnO985N+0nBMDvec97cMQRRyCEgBACdu3ahYsvvviJJLmgBS1oQQta0CGlt771rdi9ezeuu+663r13vetdeNe73pV+33zzzfjoRz+KK664YjCtY445Bt/61rdw5ZVXpmt333037rjjDhx33HFzy3FAAExEuOiii3D66afjgQcewJ/+6Z/ife97H+666y5ccsklOPnkkw8k2QUtaEELWtCCDikdf/zx...","sessionId":"411cab2c-cf83-4955-9718-22c4dbc23fc0"}
&amp#27;[36minfo&amp#27;[39m: &amp#27;[37m<-- GET /wd/hub/session/411cab2c-cf83-4955-9718-22c4dbc23fc0/screenshot &amp#27;[39m&amp#27;[32m200&amp#27;[39m&amp#27;[90m 1188.768 ms - 330774&amp#27;[39m &amp#27;[90m{"status":0,"value":"iVBORw0KGgoAAAANSUhEUgAAAeAAAAMgCAYAAAD7o7EIAAAABHNCSVQICAgIfAhkiAAAIABJREFUeJzsfXmwZVV192/tc+59rwe6GVsUaGlEG6OIEpm0xQGJQNAAcY5WKtGYSmWqmDL/JH+krEpVkkr+SmlV/khV8n1fPiNOQUAx4TNRQVBxHqIokzIFkLm737v3nL2+P9Zae699zrn3vdd0C8S7um6/e8+w571+a6299toEgLGgBS1oQQta0IJ+phSe7AIsaEELWtCCFvTzSAsAXtCCFrSgBS3oSaAFAC9oQQta0IIW9CTQQQFgIjoYySxoQQta0IIW9HNDBwWAzz77bJxyyikHI6kFLWhBC1rQgn4uqH4iL4cQcNJJJ+G9730v9u/fjz/8wz/EQw89dLDKtqAFLWhBC1rQIaPXvOY1OP744/HhD38Yq6urc59dWlrCaaedhslkgm984xu9+7t378a5556Lww8/HPfeey+uuuqqNfHwCQFwXdc4//zzsX37dmzbtg0XXHABLr/8crRt+0SSXdCCFrSgBS3okNLu3bvxJ3/yJ1haWsIVV1wxE4Bf/vKX4zd+4zdwwgknYDwe42Mf+1gPgN/whjfgd3/3d3H//ffj/vvvx549e3DppZfij//4j3HbbbfNLMMTMkHv2rUL5513HkIIqKoK5513Ho488sgnkuSCFrSgBS1oQYecfv/3fx8hrA2B999/P6655hp88IMfHLxfVRXe/e534+tf/zre8Y534I/+6I/wO7/zOxiPx3jnO985N+0nBMDvec97cMQRRyCEgBACdu3ahYsvvviJJLmgBS1oQQta0CGlt771rdi9ezeuu+663r13vetdeNe73pV+33zzzfjoRz+KK664YjCtY445Bt/61rdw5ZVXpmt333037rjjDhx33HFzy3FAAExEuOiii3D66afjgQcewJ/+6Z/ife97H+666y5ccsklOPnkkw8k2QUtaEELWtCCDikdf/zx...","sessionId":"411cab2c-cf83-4955-9718-22c4dbc23fc0"}&amp#27;[39m
&amp#27;[36minfo&amp#27;[39m: &amp#27;[37m-->&amp#27;[39m &amp#27;[37mPOST&amp#27;[39m &amp#27;[37m/wd/hub/session/411cab2c-cf83-4955-9718-22c4dbc23fc0/timeouts/implicit_wait&amp#27;[39m &amp#27;[90m{"ms":60000}&amp#27;[39m
&amp#27;[36minfo&amp#27;[39m: [debug] Set Android implicit wait to 60000ms
&amp#27;[36minfo&amp#27;[39m: [debug] Responding to client with success: {"status":0,"value":null,"sessionId":"411cab2c-cf83-4955-9718-22c4dbc23fc0"}
&amp#27;[36minfo&amp#27;[39m: &amp#27;[37m<-- POST /wd/hub/session/411cab2c-cf83-4955-9718-22c4dbc23fc0/timeouts/implicit_wait &amp#27;[39m&amp#27;[32m200&amp#27;[39m&amp#27;[90m 0.583 ms - 76&amp#27;[39m &amp#27;[90m{"status":0,"value":null,"sessionId":"411cab2c-cf83-4955-9718-22c4dbc23fc0"}&amp#27;[39m
&amp#27;[36minfo&amp#27;[39m: &amp#27;[37m-->&amp#27;[39m &amp#27;[37mPOST&amp#27;[39m &amp#27;[37m/wd/hub/session/411cab2c-cf83-4955-9718-22c4dbc23fc0/element&amp#27;[39m &amp#27;[90m{"using":"id","value":"android:id/button1"}&amp#27;[39m
&amp#27;[36minfo&amp#27;[39m: [debug] Waiting up to 60000ms for condition
&amp#27;[36minfo&amp#27;[39m: [debug] Pushing command to appium work queue: ["find",{"strategy":"id","selector":"android:id/button1","context":"","multiple":false}]
&amp#27;[36minfo&amp#27;[39m: [debug] [BOOTSTRAP] [debug] Got data from client: {"cmd":"action","action":"find","params":{"strategy":"id","selector":"android:id/button1","context":"","multiple":false}}
&amp#27;[36minfo&amp#27;[39m: [debug] [BOOTSTRAP] [debug] Got command of type ACTION
&amp#27;[36minfo&amp#27;[39m: [debug] [BOOTSTRAP] [debug] Got command action: find
&amp#27;[36minfo&amp#27;[39m: [debug] [BOOTSTRAP] [debug] Finding android:id/button1 using ID with the contextId:  multiple: false
&amp#27;[36minfo&amp#27;[39m: [debug] [BOOTSTRAP] [debug] Using: UiSelector[INSTANCE=0, RESOURCE_ID=android:id/button1]
&amp#27;[36minfo&amp#27;[39m: [debug] [BOOTSTRAP] [debug] Returning result: {"value":{"ELEMENT":"11"},"status":0}
&amp#27;[36minfo&amp#27;[39m: [debug] Responding to client with success: {"status":0,"value":{"ELEMENT":"11"},"sessionId":"411cab2c-cf83-4955-9718-22c4dbc23fc0"}
&amp#27;[36minfo&amp#27;[39m: &amp#27;[37m<-- POST /wd/hub/session/411cab2c-cf83-4955-9718-22c4dbc23fc0/element &amp#27;[39m&amp#27;[32m200&amp#27;[39m&amp#27;[90m 114.827 ms - 88&amp#27;[39m &amp#27;[90m{"status":0,"value":{"ELEMENT":"11"},"sessionId":"411cab2c-cf83-4955-9718-22c4dbc23fc0"}&amp#27;[39m
&amp#27;[36minfo&amp#27;[39m: &amp#27;[37m-->&amp#27;[39m &amp#27;[37mPOST&amp#27;[39m &amp#27;[37m/wd/hub/session/411cab2c-cf83-4955-9718-22c4dbc23fc0/element/11/click&amp#27;[39m &amp#27;[90m{"id":"11"}&amp#27;[39m
&amp#27;[36minfo&amp#27;[39m: [debug] Pushing command to appium work queue: ["element:click",{"elementId":"11"}]
&amp#27;[36minfo&amp#27;[39m: [debug] [BOOTSTRAP] [debug] Got data from client: {"cmd":"action","action":"element:click","params":{"elementId":"11"}}
&amp#27;[36minfo&amp#27;[39m: [debug] [BOOTSTRAP] [debug] Got command of type ACTION
&amp#27;[36minfo&amp#27;[39m: [debug] [BOOTSTRAP] [debug] Got command action: click
&amp#27;[36minfo&amp#27;[39m: [debug] [BOOTSTRAP] [debug] Returning result: {"value":true,"status":0}
&amp#27;[36minfo&amp#27;[39m: [debug] Responding to client with success: {"status":0,"value":true,"sessionId":"411cab2c-cf83-4955-9718-22c4dbc23fc0"}
&amp#27;[36minfo&amp#27;[39m: &amp#27;[37m<-- POST /wd/hub/session/411cab2c-cf83-4955-9718-22c4dbc23fc0/element/11/click &amp#27;[39m&amp#27;[32m200&amp#27;[39m&amp#27;[90m 3136.347 ms - 76&amp#27;[39m &amp#27;[90m{"status":0,"value":true,"sessionId":"411cab2c-cf83-4955-9718-22c4dbc23fc0"}&amp#27;[39m
&amp#27;[36minfo&amp#27;[39m: &amp#27;[37m-->&amp#27;[39m &amp#27;[37mPOST&amp#27;[39m &amp#27;[37m/wd/hub/session/411cab2c-cf83-4955-9718-22c4dbc23fc0/element&amp#27;[39m &amp#27;[90m{"using":"id","value":"com.popular.app.corp:id/btnContinuar"}&amp#27;[39m
&amp#27;[36minfo&amp#27;[39m: [debug] Waiting up to 60000ms for condition
&amp#27;[36minfo&amp#27;[39m: [debug] Pushing command to appium work queue: ["find",{"strategy":"id","selector":"com.popular.app.corp:id/btnContinuar","context":"","multiple":false}]
&amp#27;[36minfo&amp#27;[39m: [debug] [BOOTSTRAP] [debug] Got data from client: {"cmd":"action","action":"find","params":{"strategy":"id","selector":"com.popular.app.corp:id/btnContinuar","context":"","multiple":false}}
&amp#27;[36minfo&amp#27;[39m: [debug] [BOOTSTRAP] [debug] Got command of type ACTION
&amp#27;[36minfo&amp#27;[39m: [debug] [BOOTSTRAP] [debug] Got command action: find
&amp#27;[36minfo&amp#27;[39m: [debug] [BOOTSTRAP] [debug] Finding com.popular.app.corp:id/btnContinuar using ID with the contextId:  multiple: false
&amp#27;[36minfo&amp#27;[39m: [debug] [BOOTSTRAP] [debug] Using: UiSelector[INSTANCE=0, RESOURCE_ID=com.popular.app.corp:id/btnContinuar]
&amp#27;[36minfo&amp#27;[39m: [debug] [BOOTSTRAP] [debug] Failed to locate element. Clearing Accessibility cache and retrying.
&amp#27;[36minfo&amp#27;[39m: [debug] [BOOTSTRAP] [debug] Finding com.popular.app.corp:id/btnContinuar using ID with the contextId:  multiple: false
&amp#27;[36minfo&amp#27;[39m: [debug] [BOOTSTRAP] [debug] Using: UiSelector[INSTANCE=0, RESOURCE_ID=com.popular.app.corp:id/btnContinuar]
&amp#27;[36minfo&amp#27;[39m: [debug] [BOOTSTRAP] [debug] Returning result: {"value":"No element found","status":7}
&amp#27;[36minfo&amp#27;[39m: [debug] Waited for 86ms so far
&amp#27;[36minfo&amp#27;[39m: [debug] Pushing command to appium work queue: ["find",{"strategy":"id","selector":"com.popular.app.corp:id/btnContinuar","context":"","multiple":false}]
&amp#27;[36minfo&amp#27;[39m: [debug] [BOOTSTRAP] [debug] Got data from client: {"cmd":"action","action":"find","params":{"strategy":"id","selector":"com.popular.app.corp:id/btnContinuar","context":"","multiple":false}}
&amp#27;[36minfo&amp#27;[39m: [debug] [BOOTSTRAP] [debug] Got command of type ACTION
&amp#27;[36minfo&amp#27;[39m: [debug] [BOOTSTRAP] [debug] Got command action: find
&amp#27;[36minfo&amp#27;[39m: [debug] [BOOTSTRAP] [debug] Finding com.popular.app.corp:id/btnContinuar using ID with the contextId:  multiple: false
&amp#27;[36minfo&amp#27;[39m: [debug] [BOOTSTRAP] [debug] Using: UiSelector[INSTANCE=0, RESOURCE_ID=com.popular.app.corp:id/btnContinuar]
&amp#27;[36minfo&amp#27;[39m: [debug] [BOOTSTRAP] [debug] Failed to locate element. Clearing Accessibility cache and retrying.
&amp#27;[36minfo&amp#27;[39m: [debug] [BOOTSTRAP] [debug] Finding com.popular.app.corp:id/btnContinuar using ID with the contextId:  multiple: false
&amp#27;[36minfo&amp#27;[39m: [debug] [BOOTSTRAP] [debug] Using: UiSelector[INSTANCE=0, RESOURCE_ID=com.popular.app.corp:id/btnContinuar]
&amp#27;[36minfo&amp#27;[39m: [debug] Waited for 617ms so far
&amp#27;[36minfo&amp#27;[39m: [debug] [BOOTSTRAP] [debug] Returning result: {"value":"No element found","status":7}
&amp#27;[36minfo&amp#27;[39m: [debug] Pushing command to appium work queue: ["find",{"strategy":"id","selector":"com.popular.app.corp:id/btnContinuar","context":"","multiple":false}]
&amp#27;[36minfo&amp#27;[39m: [debug] [BOOTSTRAP] [debug] Got data from client: {"cmd":"action","action":"find","params":{"strategy":"id","selector":"com.popular.app.corp:id/btnContinuar","context":"","multiple":false}}
&amp#27;[36minfo&amp#27;[39m: [debug] [BOOTSTRAP] [debug] Got command of type ACTION
&amp#27;[36minfo&amp#27;[39m: [debug] [BOOTSTRAP] [debug] Got command action: find
&amp#27;[36minfo&amp#27;[39m: [debug] [BOOTSTRAP] [debug] Finding com.popular.app.corp:id/btnContinuar using ID with the contextId:  multiple: false
&amp#27;[36minfo&amp#27;[39m: [debug] [BOOTSTRAP] [debug] Using: UiSelector[INSTANCE=0, RESOURCE_ID=com.popular.app.corp:id/btnContinuar]
&amp#27;[36minfo&amp#27;[39m: [debug] [BOOTSTRAP] [debug] Failed to locate element. Clearing Accessibility cache and retrying.
&amp#27;[36minfo&amp#27;[39m: [debug] [BOOTSTRAP] [debug] Finding com.popular.app.corp:id/btnContinuar using ID with the contextId:  multiple: false
&amp#27;[36minfo&amp#27;[39m: [debug] [BOOTSTRAP] [debug] Using: UiSelector[INSTANCE=0, RESOURCE_ID=com.popular.app.corp:id/btnContinuar]
&amp#27;[36minfo&amp#27;[39m: [debug] [BOOTSTRAP] [debug] Returning result: {"value":"No element found","status":7}
&amp#27;[36minfo&amp#27;[39m: [debug] Waited for 1217ms so far
&amp#27;[36minfo&amp#27;[39m: [debug] Pushing command to appium work queue: ["find",{"strategy":"id","selector":"com.popular.app.corp:id/btnContinuar","context":"","multiple":false}]
&amp#27;[36minfo&amp#27;[39m: [debug] [BOOTSTRAP] [debug] Got data from client: {"cmd":"action","action":"find","params":{"strategy":"id","selector":"com.popular.app.corp:id/btnContinuar","context":"","multiple":false}}
&amp#27;[36minfo&amp#27;[39m: [debug] [BOOTSTRAP] [debug] Got command of type ACTION
&amp#27;[36minfo&amp#27;[39m: [debug] [BOOTSTRAP] [debug] Got command action: find
&amp#27;[36minfo&amp#27;[39m: [debug] [BOOTSTRAP] [debug] Finding com.popular.app.corp:id/btnContinuar using ID with the contextId:  multiple: false
&amp#27;[36minfo&amp#27;[39m: [debug] [BOOTSTRAP] [debug] Using: UiSelector[INSTANCE=0, RESOURCE_ID=com.popular.app.corp:id/btnContinuar]
&amp#27;[36minfo&amp#27;[39m: [debug] [BOOTSTRAP] [debug] Failed to locate element. Clearing Accessibility cache and retrying.
&amp#27;[36minfo&amp#27;[39m: [debug] [BOOTSTRAP] [debug] Finding com.popular.app.corp:id/btnContinuar using ID with the contextId:  multiple: false
&amp#27;[36minfo&amp#27;[39m: [debug] [BOOTSTRAP] [debug] Using: UiSelector[INSTANCE=0, RESOURCE_ID=com.popular.app.corp:id/btnContinuar]
&amp#27;[36minfo&amp#27;[39m: [debug] [BOOTSTRAP] [debug] Returning result: {"value":"No element found","status":7}
&amp#27;[36minfo&amp#27;[39m: [debug] Waited for 1750ms so far
&amp#27;[36minfo&amp#27;[39m: [debug] Pushing command to appium work queue: ["find",{"strategy":"id","selector":"com.popular.app.corp:id/btnContinuar","context":"","multiple":false}]
&amp#27;[36minfo&amp#27;[39m: [debug] [BOOTSTRAP] [debug] Got data from client: {"cmd":"action","action":"find","params":{"strategy":"id","selector":"com.popular.app.corp:id/btnContinuar","context":"","multiple":false}}
&amp#27;[36minfo&amp#27;[39m: [debug] [BOOTSTRAP] [debug] Got command of type ACTION
&amp#27;[36minfo&amp#27;[39m: [debug] [BOOTSTRAP] [debug] Got command action: find
&amp#27;[36minfo&amp#27;[39m: [debug] [BOOTSTRAP] [debug] Finding com.popular.app.corp:id/btnContinuar using ID with the contextId:  multiple: false
&amp#27;[36minfo&amp#27;[39m: [debug] [BOOTSTRAP] [debug] Using: UiSelector[INSTANCE=0, RESOURCE_ID=com.popular.app.corp:id/btnContinuar]
&amp#27;[36minfo&amp#27;[39m: [debug] [BOOTSTRAP] [debug] Failed to locate element. Clearing Accessibility cache and retrying.
&amp#27;[36minfo&amp#27;[39m: [debug] [BOOTSTRAP] [debug] Finding com.popular.app.corp:id/btnContinuar using ID with the contextId:  multiple: false
&amp#27;[36minfo&amp#27;[39m: [debug] [BOOTSTRAP] [debug] Using: UiSelector[INSTANCE=0, RESOURCE_ID=com.popular.app.corp:id/btnContinuar]
&amp#27;[36minfo&amp#27;[39m: [debug] [BOOTSTRAP] [debug] Returning result: {"value":"No element found","status":7}
&amp#27;[36minfo&amp#27;[39m: [debug] Waited for 2276ms so far
&amp#27;[36minfo&amp#27;[39m: [debug] Pushing command to appium work queue: ["find",{"strategy":"id","selector":"com.popular.app.corp:id/btnContinuar","context":"","multiple":false}]
&amp#27;[36minfo&amp#27;[39m: [debug] [BOOTSTRAP] [debug] Got data from client: {"cmd":"action","action":"find","params":{"strategy":"id","selector":"com.popular.app.corp:id/btnContinuar","context":"","multiple":false}}
&amp#27;[36minfo&amp#27;[39m: [debug] [BOOTSTRAP] [debug] Got command of type ACTION
&amp#27;[36minfo&amp#27;[39m: [debug] [BOOTSTRAP] [debug] Got command action: find
&amp#27;[36minfo&amp#27;[39m: [debug] [BOOTSTRAP] [debug] Finding com.popular.app.corp:id/btnContinuar using ID with the contextId:  multiple: false
&amp#27;[36minfo&amp#27;[39m: [debug] [BOOTSTRAP] [debug] Using: UiSelector[INSTANCE=0, RESOURCE_ID=com.popular.app.corp:id/btnContinuar]
&amp#27;[36minfo&amp#27;[39m: [debug] [BOOTSTRAP] [debug] Failed to locate element. Clearing Accessibility cache and retrying.
&amp#27;[36minfo&amp#27;[39m: [debug] [BOOTSTRAP] [debug] Finding com.popular.app.corp:id/btnContinuar using ID with the contextId:  multiple: false
&amp#27;[36minfo&amp#27;[39m: [debug] [BOOTSTRAP] [debug] Using: UiSelector[INSTANCE=0, RESOURCE_ID=com.popular.app.corp:id/btnContinuar]
&amp#27;[36minfo&amp#27;[39m: [debug] [BOOTSTRAP] [debug] Returning result: {"value":"No element found","status":7}
&amp#27;[36minfo&amp#27;[39m: [debug] Waited for 2836ms so far
&amp#27;[36minfo&amp#27;[39m: [debug] Pushing command to appium work queue: ["find",{"strategy":"id","selector":"com.popular.app.corp:id/btnContinuar","context":"","multiple":false}]
&amp#27;[36minfo&amp#27;[39m: [debug] [BOOTSTRAP] [debug] Got data from client: {"cmd":"action","action":"find","params":{"strategy":"id","selector":"com.popular.app.corp:id/btnContinuar","context":"","multiple":false}}
&amp#27;[36minfo&amp#27;[39m: [debug] [BOOTSTRAP] [debug] Got command of type ACTION
&amp#27;[36minfo&amp#27;[39m: [debug] [BOOTSTRAP] [debug] Got command action: find
&amp#27;[36minfo&amp#27;[39m: [debug] [BOOTSTRAP] [debug] Finding com.popular.app.corp:id/btnContinuar using ID with the contextId:  multiple: false
&amp#27;[36minfo&amp#27;[39m: [debug] [BOOTSTRAP] [debug] Using: UiSelector[INSTANCE=0, RESOURCE_ID=com.popular.app.corp:id/btnContinuar]
&amp#27;[36minfo&amp#27;[39m: [debug] [BOOTSTRAP] [debug] Failed to locate element. Clearing Accessibility cache and retrying.
&amp#27;[36minfo&amp#27;[39m: [debug] [BOOTSTRAP] [debug] Finding com.popular.app.corp:id/btnContinuar using ID with the contextId:  multiple: false
&amp#27;[36minfo&amp#27;[39m: [debug] [BOOTSTRAP] [debug] Using: UiSelector[INSTANCE=0, RESOURCE_ID=com.popular.app.corp:id/btnContinuar]
&amp#27;[36minfo&amp#27;[39m: [debug] [BOOTSTRAP] [debug] Returning result: {"value":"No element found","status":7}
&amp#27;[36minfo&amp#27;[39m: [debug] Waited for 3681ms so far
&amp#27;[36minfo&amp#27;[39m: [debug] Pushing command to appium work queue: ["find",{"strategy":"id","selector":"com.popular.app.corp:id/btnContinuar","context":"","multiple":false}]
&amp#27;[36minfo&amp#27;[39m: [debug] [BOOTSTRAP] [debug] Got data from client: {"cmd":"action","action":"find","params":{"strategy":"id","selector":"com.popular.app.corp:id/btnContinuar","context":"","multiple":false}}
&amp#27;[36minfo&amp#27;[39m: [debug] [BOOTSTRAP] [debug] Got command of type ACTION
&amp#27;[36minfo&amp#27;[39m: [debug] [BOOTSTRAP] [debug] Got command action: find
&amp#27;[36minfo&amp#27;[39m: [debug] [BOOTSTRAP] [debug] Finding com.popular.app.corp:id/btnContinuar using ID with the contextId:  multiple: false
&amp#27;[36minfo&amp#27;[39m: [debug] [BOOTSTRAP] [debug] Using: UiSelector[INSTANCE=0, RESOURCE_ID=com.popular.app.corp:id/btnContinuar]
&amp#27;[36minfo&amp#27;[39m: [debug] [BOOTSTRAP] [debug] Failed to locate element. Clearing Accessibility cache and retrying.
&amp#27;[36minfo&amp#27;[39m: [debug] [BOOTSTRAP] [debug] Finding com.popular.app.corp:id/btnContinuar using ID with the contextId:  multiple: false
&amp#27;[36minfo&amp#27;[39m: [debug] [BOOTSTRAP] [debug] Using: UiSelector[INSTANCE=0, RESOURCE_ID=com.popular.app.corp:id/btnContinuar]
&amp#27;[36minfo&amp#27;[39m: [debug] [BOOTSTRAP] [debug] Returning result: {"value":"No element found","status":7}
&amp#27;[36minfo&amp#27;[39m: [debug] Waited for 4330ms so far
&amp#27;[36minfo&amp#27;[39m: [debug] Pushing command to appium work queue: ["find",{"strategy":"id","selector":"com.popular.app.corp:id/btnContinuar","context":"","multiple":false}]
&amp#27;[36minfo&amp#27;[39m: [debug] [BOOTSTRAP] [debug] Got data from client: {"cmd":"action","action":"find","params":{"strategy":"id","selector":"com.popular.app.corp:id/btnContinuar","context":"","multiple":false}}
&amp#27;[36minfo&amp#27;[39m: [debug] [BOOTSTRAP] [debug] Got command of type ACTION
&amp#27;[36minfo&amp#27;[39m: [debug] [BOOTSTRAP] [debug] Got command action: find
&amp#27;[36minfo&amp#27;[39m: [debug] [BOOTSTRAP] [debug] Finding com.popular.app.corp:id/btnContinuar using ID with the contextId:  multiple: false
&amp#27;[36minfo&amp#27;[39m: [debug] [BOOTSTRAP] [debug] Using: UiSelector[INSTANCE=0, RESOURCE_ID=com.popular.app.corp:id/btnContinuar]
&amp#27;[36minfo&amp#27;[39m: [debug] [BOOTSTRAP] [debug] Failed to locate element. Clearing Accessibility cache and retrying.
&amp#27;[36minfo&amp#27;[39m: [debug] [BOOTSTRAP] [debug] Finding com.popular.app.corp:id/btnContinuar using ID with the contextId:  multiple: false
&amp#27;[36minfo&amp#27;[39m: [debug] [BOOTSTRAP] [debug] Using: UiSelector[INSTANCE=0, RESOURCE_ID=com.popular.app.corp:id/btnContinuar]
&amp#27;[36minfo&amp#27;[39m: [debug] [BOOTSTRAP] [debug] Returning result: {"value":"No element found","status":7}
&amp#27;[36minfo&amp#27;[39m: [debug] Waited for 4985ms so far
&amp#27;[36minfo&amp#27;[39m: [debug] Pushing command to appium work queue: ["find",{"strategy":"id","selector":"com.popular.app.corp:id/btnContinuar","context":"","multiple":false}]
&amp#27;[36minfo&amp#27;[39m: [debug] [BOOTSTRAP] [debug] Got data from client: {"cmd":"action","action":"find","params":{"strategy":"id","selector":"com.popular.app.corp:id/btnContinuar","context":"","multiple":false}}
&amp#27;[36minfo&amp#27;[39m: [debug] [BOOTSTRAP] [debug] Got command of type ACTION
&amp#27;[36minfo&amp#27;[39m: [debug] [BOOTSTRAP] [debug] Got command action: find
&amp#27;[36minfo&amp#27;[39m: [debug] [BOOTSTRAP] [debug] Finding com.popular.app.corp:id/btnContinuar using ID with the contextId:  multiple: false
&amp#27;[36minfo&amp#27;[39m: [debug] [BOOTSTRAP] [debug] Using: UiSelector[INSTANCE=0, RESOURCE_ID=com.popular.app.corp:id/btnContinuar]
&amp#27;[36minfo&amp#27;[39m: [debug] [BOOTSTRAP] [debug] Failed to locate element. Clearing Accessibility cache and retrying.
&amp#27;[36minfo&amp#27;[39m: [debug] [BOOTSTRAP] [debug] Finding com.popular.app.corp:id/btnContinuar using ID with the contextId:  multiple: false
&amp#27;[36minfo&amp#27;[39m: [debug] [BOOTSTRAP] [debug] Using: UiSelector[INSTANCE=0, RESOURCE_ID=com.popular.app.corp:id/btnContinuar]
&amp#27;[36minfo&amp#27;[39m: [debug] [BOOTSTRAP] [debug] Returning result: {"value":"No element found","status":7}
&amp#27;[36minfo&amp#27;[39m: [debug] Waited for 5687ms so far
&amp#27;[36minfo&amp#27;[39m: [debug] Pushing command to appium work queue: ["find",{"strategy":"id","selector":"com.popular.app.corp:id/btnContinuar","context":"","multiple":false}]
&amp#27;[36minfo&amp#27;[39m: [debug] [BOOTSTRAP] [debug] Got data from client: {"cmd":"action","action":"find","params":{"strategy":"id","selector":"com.popular.app.corp:id/btnContinuar","context":"","multiple":false}}
&amp#27;[36minfo&amp#27;[39m: [debug] [BOOTSTRAP] [debug] Got command of type ACTION
&amp#27;[36minfo&amp#27;[39m: [debug] [BOOTSTRAP] [debug] Got command action: find
&amp#27;[36minfo&amp#27;[39m: [debug] [BOOTSTRAP] [debug] Finding com.popular.app.corp:id/btnContinuar using ID with the contextId:  multiple: false
&amp#27;[36minfo&amp#27;[39m: [debug] [BOOTSTRAP] [debug] Using: UiSelector[INSTANCE=0, RESOURCE_ID=com.popular.app.corp:id/btnContinuar]
&amp#27;[36minfo&amp#27;[39m: [debug] [BOOTSTRAP] [debug] Failed to locate element. Clearing Accessibility cache and retrying.
&amp#27;[36minfo&amp#27;[39m: [debug] [BOOTSTRAP] [debug] Finding com.popular.app.corp:id/btnContinuar using ID with the contextId:  multiple: false
&amp#27;[36minfo&amp#27;[39m: [debug] [BOOTSTRAP] [debug] Using: UiSelector[INSTANCE=0, RESOURCE_ID=com.popular.app.corp:id/btnContinuar]
&amp#27;[36minfo&amp#27;[39m: [debug] [BOOTSTRAP] [debug] Returning result: {"value":"No element found","status":7}
&amp#27;[36minfo&amp#27;[39m: [debug] Waited for 6256ms so far
&amp#27;[36minfo&amp#27;[39m: [debug] Pushing command to appium work queue: ["find",{"strategy":"id","selector":"com.popular.app.corp:id/btnContinuar","context":"","multiple":false}]
&amp#27;[36minfo&amp#27;[39m: [debug] [BOOTSTRAP] [debug] Got data from client: {"cmd":"action","action":"find","params":{"strategy":"id","selector":"com.popular.app.corp:id/btnContinuar","context":"","multiple":false}}
&amp#27;[36minfo&amp#27;[39m: [debug] [BOOTSTRAP] [debug] Got command of type ACTION
&amp#27;[36minfo&amp#27;[39m: [debug] [BOOTSTRAP] [debug] Got command action: find
&amp#27;[36minfo&amp#27;[39m: [debug] [BOOTSTRAP] [debug] Finding com.popular.app.corp:id/btnContinuar using ID with the contextId:  multiple: false
&amp#27;[36minfo&amp#27;[39m: [debug] [BOOTSTRAP] [debug] Using: UiSelector[INSTANCE=0, RESOURCE_ID=com.popular.app.corp:id/btnContinuar]
&amp#27;[36minfo&amp#27;[39m: [debug] [BOOTSTRAP] [debug] Failed to locate element. Clearing Accessibility cache and retrying.
&amp#27;[36minfo&amp#27;[39m: [debug] [BOOTSTRAP] [debug] Finding com.popular.app.corp:id/btnContinuar using ID with the contextId:  multiple: false
&amp#27;[36minfo&amp#27;[39m: [debug] [BOOTSTRAP] [debug] Using: UiSelector[INSTANCE=0, RESOURCE_ID=com.popular.app.corp:id/btnContinuar]
&amp#27;[36minfo&amp#27;[39m: [debug] [BOOTSTRAP] [debug] Returning result: {"value":"No element found","status":7}
&amp#27;[36minfo&amp#27;[39m: [debug] Waited for 6910ms so far
&amp#27;[36minfo&amp#27;[39m: [debug] Pushing command to appium work queue: ["find",{"strategy":"id","selector":"com.popular.app.corp:id/btnContinuar","context":"","multiple":false}]
&amp#27;[36minfo&amp#27;[39m: [debug] [BOOTSTRAP] [debug] Got data from client: {"cmd":"action","action":"find","params":{"strategy":"id","selector":"com.popular.app.corp:id/btnContinuar","context":"","multiple":false}}
&amp#27;[36minfo&amp#27;[39m: [debug] [BOOTSTRAP] [debug] Got command of type ACTION
&amp#27;[36minfo&amp#27;[39m: [debug] [BOOTSTRAP] [debug] Got command action: find
&amp#27;[36minfo&amp#27;[39m: [debug] [BOOTSTRAP] [debug] Finding com.popular.app.corp:id/btnContinuar using ID with the contextId:  multiple: false
&amp#27;[36minfo&amp#27;[39m: [debug] [BOOTSTRAP] [debug] Using: UiSelector[INSTANCE=0, RESOURCE_ID=com.popular.app.corp:id/btnContinuar]
&amp#27;[36minfo&amp#27;[39m: [debug] [BOOTSTRAP] [debug] Failed to locate element. Clearing Accessibility cache and retrying.
&amp#27;[36minfo&amp#27;[39m: [debug] [BOOTSTRAP] [debug] Finding com.popular.app.corp:id/btnContinuar using ID with the contextId:  multiple: false
&amp#27;[36minfo&amp#27;[39m: [debug] [BOOTSTRAP] [debug] Using: UiSelector[INSTANCE=0, RESOURCE_ID=com.popular.app.corp:id/btnContinuar]
&amp#27;[36minfo&amp#27;[39m: [debug] [BOOTSTRAP] [debug] Returning result: {"value":"No element found","status":7}
&amp#27;[36minfo&amp#27;[39m: [debug] Waited for 7481ms so far
&amp#27;[36minfo&amp#27;[39m: [debug] Pushing command to appium work queue: ["find",{"strategy":"id","selector":"com.popular.app.corp:id/btnContinuar","context":"","multiple":false}]
&amp#27;[36minfo&amp#27;[39m: [debug] [BOOTSTRAP] [debug] Got data from client: {"cmd":"action","action":"find","params":{"strategy":"id","selector":"com.popular.app.corp:id/btnContinuar","context":"","multiple":false}}
&amp#27;[36minfo&amp#27;[39m: [debug] [BOOTSTRAP] [debug] Got command of type ACTION
&amp#27;[36minfo&amp#27;[39m: [debug] [BOOTSTRAP] [debug] Got command action: find
&amp#27;[36minfo&amp#27;[39m: [debug] [BOOTSTRAP] [debug] Finding com.popular.app.corp:id/btnContinuar using ID with the contextId:  multiple: false
&amp#27;[36minfo&amp#27;[39m: [debug] [BOOTSTRAP] [debug] Using: UiSelector[INSTANCE=0, RESOURCE_ID=com.popular.app.corp:id/btnContinuar]
&amp#27;[36minfo&amp#27;[39m: [debug] [BOOTSTRAP] [debug] Failed to locate element. Clearing Accessibility cache and retrying.
&amp#27;[36minfo&amp#27;[39m: [debug] [BOOTSTRAP] [debug] Finding com.popular.app.corp:id/btnContinuar using ID with the contextId:  multiple: false
&amp#27;[36minfo&amp#27;[39m: [debug] [BOOTSTRAP] [debug] Using: UiSelector[INSTANCE=0, RESOURCE_ID=com.popular.app.corp:id/btnContinuar]
&amp#27;[36minfo&amp#27;[39m: [debug] [BOOTSTRAP] [debug] Returning result: {"value":"No element found","status":7}
&amp#27;[36minfo&amp#27;[39m: [debug] Waited for 8041ms so far
&amp#27;[36minfo&amp#27;[39m: [debug] Pushing command to appium work queue: ["find",{"strategy":"id","selector":"com.popular.app.corp:id/btnContinuar","context":"","multiple":false}]
&amp#27;[36minfo&amp#27;[39m: [debug] [BOOTSTRAP] [debug] Got data from client: {"cmd":"action","action":"find","params":{"strategy":"id","selector":"com.popular.app.corp:id/btnContinuar","context":"","multiple":false}}
&amp#27;[36minfo&amp#27;[39m: [debug] [BOOTSTRAP] [debug] Got command of type ACTION
&amp#27;[36minfo&amp#27;[39m: [debug] [BOOTSTRAP] [debug] Got command action: find
&amp#27;[36minfo&amp#27;[39m: [debug] [BOOTSTRAP] [debug] Finding com.popular.app.corp:id/btnContinuar using ID with the contextId:  multiple: false
&amp#27;[36minfo&amp#27;[39m: [debug] [BOOTSTRAP] [debug] Using: UiSelector[INSTANCE=0, RESOURCE_ID=com.popular.app.corp:id/btnContinuar]
&amp#27;[36minfo&amp#27;[39m: [debug] [BOOTSTRAP] [debug] Failed to locate element. Clearing Accessibility cache and retrying.
&amp#27;[36minfo&amp#27;[39m: [debug] [BOOTSTRAP] [debug] Finding com.popular.app.corp:id/btnContinuar using ID with the contextId:  multiple: false
&amp#27;[36minfo&amp#27;[39m: [debug] [BOOTSTRAP] [debug] Using: UiSelector[INSTANCE=0, RESOURCE_ID=com.popular.app.corp:id/btnContinuar]
&amp#27;[36minfo&amp#27;[39m: [debug] [BOOTSTRAP] [debug] Returning result: {"value":"No element found","status":7}
&amp#27;[36minfo&amp#27;[39m: [debug] Waited for 8627ms so far
&amp#27;[36minfo&amp#27;[39m: [debug] Pushing command to appium work queue: ["find",{"strategy":"id","selector":"com.popular.app.corp:id/btnContinuar","context":"","multiple":false}]
&amp#27;[36minfo&amp#27;[39m: [debug] [BOOTSTRAP] [debug] Got data from client: {"cmd":"action","action":"find","params":{"strategy":"id","selector":"com.popular.app.corp:id/btnContinuar","context":"","multiple":false}}
&amp#27;[36minfo&amp#27;[39m: [debug] [BOOTSTRAP] [debug] Got command of type ACTION
&amp#27;[36minfo&amp#27;[39m: [debug] [BOOTSTRAP] [debug] Got command action: find
&amp#27;[36minfo&amp#27;[39m: [debug] [BOOTSTRAP] [debug] Finding com.popular.app.corp:id/btnContinuar using ID with the contextId:  multiple: false
&amp#27;[36minfo&amp#27;[39m: [debug] [BOOTSTRAP] [debug] Using: UiSelector[INSTANCE=0, RESOURCE_ID=com.popular.app.corp:id/btnContinuar]
&amp#27;[36minfo&amp#27;[39m: [debug] [BOOTSTRAP] [debug] Failed to locate element. Clearing Accessibility cache and retrying.
&amp#27;[36minfo&amp#27;[39m: [debug] [BOOTSTRAP] [debug] Finding com.popular.app.corp:id/btnContinuar using ID with the contextId:  multiple: false
&amp#27;[36minfo&amp#27;[39m: [debug] [BOOTSTRAP] [debug] Using: UiSelector[INSTANCE=0, RESOURCE_ID=com.popular.app.corp:id/btnContinuar]
&amp#27;[36minfo&amp#27;[39m: [debug] [BOOTSTRAP] [debug] Returning result: {"value":"No element found","status":7}
&amp#27;[36minfo&amp#27;[39m: [debug] Waited for 9156ms so far
&amp#27;[36minfo&amp#27;[39m: [debug] Pushing command to appium work queue: ["find",{"strategy":"id","selector":"com.popular.app.corp:id/btnContinuar","context":"","multiple":false}]
&amp#27;[36minfo&amp#27;[39m: [debug] [BOOTSTRAP] [debug] Got data from client: {"cmd":"action","action":"find","params":{"strategy":"id","selector":"com.popular.app.corp:id/btnContinuar","context":"","multiple":false}}
&amp#27;[36minfo&amp#27;[39m: [debug] [BOOTSTRAP] [debug] Got command of type ACTION
&amp#27;[36minfo&amp#27;[39m: [debug] [BOOTSTRAP] [debug] Got command action: find
&amp#27;[36minfo&amp#27;[39m: [debug] [BOOTSTRAP] [debug] Finding com.popular.app.corp:id/btnContinuar using ID with the contextId:  multiple: false
&amp#27;[36minfo&amp#27;[39m: [debug] [BOOTSTRAP] [debug] Using: UiSelector[INSTANCE=0, RESOURCE_ID=com.popular.app.corp:id/btnContinuar]
&amp#27;[36minfo&amp#27;[39m: [debug] [BOOTSTRAP] [debug] Failed to locate element. Clearing Accessibility cache and retrying.
&amp#27;[36minfo&amp#27;[39m: [debug] [BOOTSTRAP] [debug] Finding com.popular.app.corp:id/btnContinuar using ID with the contextId:  multiple: false
&amp#27;[36minfo&amp#27;[39m: [debug] [BOOTSTRAP] [debug] Using: UiSelector[INSTANCE=0, RESOURCE_ID=com.popular.app.corp:id/btnContinuar]
&amp#27;[36minfo&amp#27;[39m: [debug] [BOOTSTRAP] [debug] Returning result: {"value":"No element found","status":7}
&amp#27;[36minfo&amp#27;[39m: [debug] Waited for 9752ms so far
&amp#27;[36minfo&amp#27;[39m: [debug] Pushing command to appium work queue: ["find",{"strategy":"id","selector":"com.popular.app.corp:id/btnContinuar","context":"","multiple":false}]
&amp#27;[36minfo&amp#27;[39m: [debug] [BOOTSTRAP] [debug] Got data from client: {"cmd":"action","action":"find","params":{"strategy":"id","selector":"com.popular.app.corp:id/btnContinuar","context":"","multiple":false}}
&amp#27;[36minfo&amp#27;[39m: [debug] [BOOTSTRAP] [debug] Got command of type ACTION
&amp#27;[36minfo&amp#27;[39m: [debug] [BOOTSTRAP] [debug] Got command action: find
&amp#27;[36minfo&amp#27;[39m: [debug] [BOOTSTRAP] [debug] Finding com.popular.app.corp:id/btnContinuar using ID with the contextId:  multiple: false
&amp#27;[36minfo&amp#27;[39m: [debug] [BOOTSTRAP] [debug] Using: UiSelector[INSTANCE=0, RESOURCE_ID=com.popular.app.corp:id/btnContinuar]
&amp#27;[36minfo&amp#27;[39m: [debug] [BOOTSTRAP] [debug] Failed to locate element. Clearing Accessibility cache and retrying.
&amp#27;[36minfo&amp#27;[39m: [debug] [BOOTSTRAP] [debug] Finding com.popular.app.corp:id/btnContinuar using ID with the contextId:  multiple: false
&amp#27;[36minfo&amp#27;[39m: [debug] [BOOTSTRAP] [debug] Using: UiSelector[INSTANCE=0, RESOURCE_ID=com.popular.app.corp:id/btnContinuar]
&amp#27;[36minfo&amp#27;[39m: [debug] [BOOTSTRAP] [debug] Returning result: {"value":"No element found","status":7}
&amp#27;[36minfo&amp#27;[39m: [debug] Waited for 10406ms so far
&amp#27;[36minfo&amp#27;[39m: [debug] Pushing command to appium work queue: ["find",{"strategy":"id","selector":"com.popular.app.corp:id/btnContinuar","context":"","multiple":false}]
&amp#27;[36minfo&amp#27;[39m: [debug] [BOOTSTRAP] [debug] Got data from client: {"cmd":"action","action":"find","params":{"strategy":"id","selector":"com.popular.app.corp:id/btnContinuar","context":"","multiple":false}}
&amp#27;[36minfo&amp#27;[39m: [debug] [BOOTSTRAP] [debug] Got command of type ACTION
&amp#27;[36minfo&amp#27;[39m: [debug] [BOOTSTRAP] [debug] Got command action: find
&amp#27;[36minfo&amp#27;[39m: [debug] [BOOTSTRAP] [debug] Finding com.popular.app.corp:id/btnContinuar using ID with the contextId:  multiple: false
&amp#27;[36minfo&amp#27;[39m: [debug] [BOOTSTRAP] [debug] Using: UiSelector[INSTANCE=0, RESOURCE_ID=com.popular.app.corp:id/btnContinuar]
&amp#27;[36minfo&amp#27;[39m: [debug] [BOOTSTRAP] [debug] Failed to locate element. Clearing Accessibility cache and retrying.
&amp#27;[36minfo&amp#27;[39m: [debug] [BOOTSTRAP] [debug] Finding com.popular.app.corp:id/btnContinuar using ID with the contextId:  multiple: false
&amp#27;[36minfo&amp#27;[39m: [debug] [BOOTSTRAP] [debug] Using: UiSelector[INSTANCE=0, RESOURCE_ID=com.popular.app.corp:id/btnContinuar]
&amp#27;[36minfo&amp#27;[39m: [debug] [BOOTSTRAP] [debug] Returning result: {"value":"No element found","status":7}
&amp#27;[36minfo&amp#27;[39m: [debug] Waited for 10987ms so far
&amp#27;[36minfo&amp#27;[39m: [debug] Pushing command to appium work queue: ["find",{"strategy":"id","selector":"com.popular.app.corp:id/btnContinuar","context":"","multiple":false}]
&amp#27;[36minfo&amp#27;[39m: [debug] [BOOTSTRAP] [debug] Got data from client: {"cmd":"action","action":"find","params":{"strategy":"id","selector":"com.popular.app.corp:id/btnContinuar","context":"","multiple":false}}
&amp#27;[36minfo&amp#27;[39m: [debug] [BOOTSTRAP] [debug] Got command of type ACTION
&amp#27;[36minfo&amp#27;[39m: [debug] [BOOTSTRAP] [debug] Got command action: find
&amp#27;[36minfo&amp#27;[39m: [debug] [BOOTSTRAP] [debug] Finding com.popular.app.corp:id/btnContinuar using ID with the contextId:  multiple: false
&amp#27;[36minfo&amp#27;[39m: [debug] [BOOTSTRAP] [debug] Using: UiSelector[INSTANCE=0, RESOURCE_ID=com.popular.app.corp:id/btnContinuar]
&amp#27;[36minfo&amp#27;[39m: [debug] [BOOTSTRAP] [debug] Failed to locate element. Clearing Accessibility cache and retrying.
&amp#27;[36minfo&amp#27;[39m: [debug] [BOOTSTRAP] [debug] Finding com.popular.app.corp:id/btnContinuar using ID with the contextId:  multiple: false
&amp#27;[36minfo&amp#27;[39m: [debug] [BOOTSTRAP] [debug] Using: UiSelector[INSTANCE=0, RESOURCE_ID=com.popular.app.corp:id/btnContinuar]
&amp#27;[36minfo&amp#27;[39m: [debug] [BOOTSTRAP] [debug] Returning result: {"value":"No element found","status":7}
&amp#27;[36minfo&amp#27;[39m: [debug] Waited for 11526ms so far
&amp#27;[36minfo&amp#27;[39m: [debug] Pushing command to appium work queue: ["find",{"strategy":"id","selector":"com.popular.app.corp:id/btnContinuar","context":"","multiple":false}]
&amp#27;[36minfo&amp#27;[39m: [debug] [BOOTSTRAP] [debug] Got data from client: {"cmd":"action","action":"find","params":{"strategy":"id","selector":"com.popular.app.corp:id/btnContinuar","context":"","multiple":false}}
&amp#27;[36minfo&amp#27;[39m: [debug] [BOOTSTRAP] [debug] Got command of type ACTION
&amp#27;[36minfo&amp#27;[39m: [debug] [BOOTSTRAP] [debug] Got command action: find
&amp#27;[36minfo&amp#27;[39m: [debug] [BOOTSTRAP] [debug] Finding com.popular.app.corp:id/btnContinuar using ID with the contextId:  multiple: false
&amp#27;[36minfo&amp#27;[39m: [debug] [BOOTSTRAP] [debug] Using: UiSelector[INSTANCE=0, RESOURCE_ID=com.popular.app.corp:id/btnContinuar]
&amp#27;[36minfo&amp#27;[39m: [debug] [BOOTSTRAP] [debug] Failed to locate element. Clearing Accessibility cache and retrying.
&amp#27;[36minfo&amp#27;[39m: [debug] [BOOTSTRAP] [debug] Finding com.popular.app.corp:id/btnContinuar using ID with the contextId:  multiple: false
&amp#27;[36minfo&amp#27;[39m: [debug] [BOOTSTRAP] [debug] Using: UiSelector[INSTANCE=0, RESOURCE_ID=com.popular.app.corp:id/btnContinuar]
&amp#27;[36minfo&amp#27;[39m: [debug] [BOOTSTRAP] [debug] Returning result: {"value":"No element found","status":7}
&amp#27;[36minfo&amp#27;[39m: [debug] Waited for 12187ms so far
&amp#27;[36minfo&amp#27;[39m: [debug] Pushing command to appium work queue: ["find",{"strategy":"id","selector":"com.popular.app.corp:id/btnContinuar","context":"","multiple":false}]
&amp#27;[36minfo&amp#27;[39m: [debug] [BOOTSTRAP] [debug] Got data from client: {"cmd":"action","action":"find","params":{"strategy":"id","selector":"com.popular.app.corp:id/btnContinuar","context":"","multiple":false}}
&amp#27;[36minfo&amp#27;[39m: [debug] [BOOTSTRAP] [debug] Got command of type ACTION
&amp#27;[36minfo&amp#27;[39m: [debug] [BOOTSTRAP] [debug] Got command action: find
&amp#27;[36minfo&amp#27;[39m: [debug] [BOOTSTRAP] [debug] Finding com.popular.app.corp:id/btnContinuar using ID with the contextId:  multiple: false
&amp#27;[36minfo&amp#27;[39m: [debug] [BOOTSTRAP] [debug] Using: UiSelector[INSTANCE=0, RESOURCE_ID=com.popular.app.corp:id/btnContinuar]
&amp#27;[36minfo&amp#27;[39m: [debug] [BOOTSTRAP] [debug] Failed to locate element. Clearing Accessibility cache and retrying.
&amp#27;[36minfo&amp#27;[39m: [debug] [BOOTSTRAP] [debug] Finding com.popular.app.corp:id/btnContinuar using ID with the contextId:  multiple: false
&amp#27;[36minfo&amp#27;[39m: [debug] [BOOTSTRAP] [debug] Using: UiSelector[INSTANCE=0, RESOURCE_ID=com.popular.app.corp:id/btnContinuar]
&amp#27;[36minfo&amp#27;[39m: [debug] [BOOTSTRAP] [debug] Returning result: {"value":"No element found","status":7}
&amp#27;[36minfo&amp#27;[39m: [debug] Waited for 12807ms so far
&amp#27;[36minfo&amp#27;[39m: [debug] Pushing command to appium work queue: ["find",{"strategy":"id","selector":"com.popular.app.corp:id/btnContinuar","context":"","multiple":false}]
&amp#27;[36minfo&amp#27;[39m: [debug] [BOOTSTRAP] [debug] Got data from client: {"cmd":"action","action":"find","params":{"strategy":"id","selector":"com.popular.app.corp:id/btnContinuar","context":"","multiple":false}}
&amp#27;[36minfo&amp#27;[39m: [debug] [BOOTSTRAP] [debug] Got command of type ACTION
&amp#27;[36minfo&amp#27;[39m: [debug] [BOOTSTRAP] [debug] Got command action: find
&amp#27;[36minfo&amp#27;[39m: [debug] [BOOTSTRAP] [debug] Finding com.popular.app.corp:id/btnContinuar using ID with the contextId:  multiple: false
&amp#27;[36minfo&amp#27;[39m: [debug] [BOOTSTRAP] [debug] Using: UiSelector[INSTANCE=0, RESOURCE_ID=com.popular.app.corp:id/btnContinuar]
&amp#27;[36minfo&amp#27;[39m: [debug] [BOOTSTRAP] [debug] Failed to locate element. Clearing Accessibility cache and retrying.
&amp#27;[36minfo&amp#27;[39m: [debug] [BOOTSTRAP] [debug] Finding com.popular.app.corp:id/btnContinuar using ID with the contextId:  multiple: false
&amp#27;[36minfo&amp#27;[39m: [debug] [BOOTSTRAP] [debug] Using: UiSelector[INSTANCE=0, RESOURCE_ID=com.popular.app.corp:id/btnContinuar]
&amp#27;[36minfo&amp#27;[39m: [debug] [BOOTSTRAP] [debug] Returning result: {"value":"No element found","status":7}
&amp#27;[36minfo&amp#27;[39m: [debug] Waited for 13570ms so far
&amp#27;[36minfo&amp#27;[39m: [debug] Pushing command to appium work queue: ["find",{"strategy":"id","selector":"com.popular.app.corp:id/btnContinuar","context":"","multiple":false}]
&amp#27;[36minfo&amp#27;[39m: [debug] [BOOTSTRAP] [debug] Got data from client: {"cmd":"action","action":"find","params":{"strategy":"id","selector":"com.popular.app.corp:id/btnContinuar","context":"","multiple":false}}
&amp#27;[36minfo&amp#27;[39m: [debug] [BOOTSTRAP] [debug] Got command of type ACTION
&amp#27;[36minfo&amp#27;[39m: [debug] [BOOTSTRAP] [debug] Got command action: find
&amp#27;[36minfo&amp#27;[39m: [debug] [BOOTSTRAP] [debug] Finding com.popular.app.corp:id/btnContinuar using ID with the contextId:  multiple: false
&amp#27;[36minfo&amp#27;[39m: [debug] [BOOTSTRAP] [debug] Using: UiSelector[INSTANCE=0, RESOURCE_ID=com.popular.app.corp:id/btnContinuar]
&amp#27;[36minfo&amp#27;[39m: [debug] [BOOTSTRAP] [debug] Failed to locate element. Clearing Accessibility cache and retrying.
&amp#27;[36minfo&amp#27;[39m: [debug] [BOOTSTRAP] [debug] Finding com.popular.app.corp:id/btnContinuar using ID with the contextId:  multiple: false
&amp#27;[36minfo&amp#27;[39m: [debug] [BOOTSTRAP] [debug] Using: UiSelector[INSTANCE=0, RESOURCE_ID=com.popular.app.corp:id/btnContinuar]
&amp#27;[36minfo&amp#27;[39m: [debug] [BOOTSTRAP] [debug] Returning result: {"value":"No element found","status":7}
&amp#27;[36minfo&amp#27;[39m: [debug] Waited for 14248ms so far
&amp#27;[36minfo&amp#27;[39m: [debug] Pushing command to appium work queue: ["find",{"strategy":"id","selector":"com.popular.app.corp:id/btnContinuar","context":"","multiple":false}]
&amp#27;[36minfo&amp#27;[39m: [debug] [BOOTSTRAP] [debug] Got data from client: {"cmd":"action","action":"find","params":{"strategy":"id","selector":"com.popular.app.corp:id/btnContinuar","context":"","multiple":false}}
&amp#27;[36minfo&amp#27;[39m: [debug] [BOOTSTRAP] [debug] Got command of type ACTION
&amp#27;[36minfo&amp#27;[39m: [debug] [BOOTSTRAP] [debug] Got command action: find
&amp#27;[36minfo&amp#27;[39m: [debug] [BOOTSTRAP] [debug] Finding com.popular.app.corp:id/btnContinuar using ID with the contextId:  multiple: false
&amp#27;[36minfo&amp#27;[39m: [debug] [BOOTSTRAP] [debug] Using: UiSelector[INSTANCE=0, RESOURCE_ID=com.popular.app.corp:id/btnContinuar]
&amp#27;[36minfo&amp#27;[39m: [debug] [BOOTSTRAP] [debug] Failed to locate element. Clearing Accessibility cache and retrying.
&amp#27;[36minfo&amp#27;[39m: [debug] [BOOTSTRAP] [debug] Finding com.popular.app.corp:id/btnContinuar using ID with the contextId:  multiple: false
&amp#27;[36minfo&amp#27;[39m: [debug] [BOOTSTRAP] [debug] Using: UiSelector[INSTANCE=0, RESOURCE_ID=com.popular.app.corp:id/btnContinuar]
&amp#27;[36minfo&amp#27;[39m: [debug] [BOOTSTRAP] [debug] Returning result: {"value":"No element found","status":7}
&amp#27;[36minfo&amp#27;[39m: [debug] Waited for 14774ms so far
&amp#27;[36minfo&amp#27;[39m: [debug] Pushing command to appium work queue: ["find",{"strategy":"id","selector":"com.popular.app.corp:id/btnContinuar","context":"","multiple":false}]
&amp#27;[36minfo&amp#27;[39m: [debug] [BOOTSTRAP] [debug] Got data from client: {"cmd":"action","action":"find","params":{"strategy":"id","selector":"com.popular.app.corp:id/btnContinuar","context":"","multiple":false}}
&amp#27;[36minfo&amp#27;[39m: [debug] [BOOTSTRAP] [debug] Got command of type ACTION
&amp#27;[36minfo&amp#27;[39m: [debug] [BOOTSTRAP] [debug] Got command action: find
&amp#27;[36minfo&amp#27;[39m: [debug] [BOOTSTRAP] [debug] Finding com.popular.app.corp:id/btnContinuar using ID with the contextId:  multiple: false
&amp#27;[36minfo&amp#27;[39m: [debug] [BOOTSTRAP] [debug] Using: UiSelector[INSTANCE=0, RESOURCE_ID=com.popular.app.corp:id/btnContinuar]
&amp#27;[36minfo&amp#27;[39m: [debug] [BOOTSTRAP] [debug] Failed to locate element. Clearing Accessibility cache and retrying.
&amp#27;[36minfo&amp#27;[39m: [debug] [BOOTSTRAP] [debug] Finding com.popular.app.corp:id/btnContinuar using ID with the contextId:  multiple: false
&amp#27;[36minfo&amp#27;[39m: [debug] [BOOTSTRAP] [debug] Using: UiSelector[INSTANCE=0, RESOURCE_ID=com.popular.app.corp:id/btnContinuar]
&amp#27;[36minfo&amp#27;[39m: [debug] [BOOTSTRAP] [debug] Returning result: {"value":"No element found","status":7}
&amp#27;[36minfo&amp#27;[39m: [debug] Waited for 15388ms so far
&amp#27;[36minfo&amp#27;[39m: [debug] Pushing command to appium work queue: ["find",{"strategy":"id","selector":"com.popular.app.corp:id/btnContinuar","context":"","multiple":false}]
&amp#27;[36minfo&amp#27;[39m: [debug] [BOOTSTRAP] [debug] Got data from client: {"cmd":"action","action":"find","params":{"strategy":"id","selector":"com.popular.app.corp:id/btnContinuar","context":"","multiple":false}}
&amp#27;[36minfo&amp#27;[39m: [debug] [BOOTSTRAP] [debug] Got command of type ACTION
&amp#27;[36minfo&amp#27;[39m: [debug] [BOOTSTRAP] [debug] Got command action: find
&amp#27;[36minfo&amp#27;[39m: [debug] [BOOTSTRAP] [debug] Finding com.popular.app.corp:id/btnContinuar using ID with the contextId:  multiple: false
&amp#27;[36minfo&amp#27;[39m: [debug] [BOOTSTRAP] [debug] Using: UiSelector[INSTANCE=0, RESOURCE_ID=com.popular.app.corp:id/btnContinuar]
&amp#27;[36minfo&amp#27;[39m: [debug] [BOOTSTRAP] [debug] Failed to locate element. Clearing Accessibility cache and retrying.
&amp#27;[36minfo&amp#27;[39m: [debug] [BOOTSTRAP] [debug] Finding com.popular.app.corp:id/btnContinuar using ID with the contextId:  multiple: false
&amp#27;[36minfo&amp#27;[39m: [debug] [BOOTSTRAP] [debug] Using: UiSelector[INSTANCE=0, RESOURCE_ID=com.popular.app.corp:id/btnContinuar]
&amp#27;[36minfo&amp#27;[39m: [debug] [BOOTSTRAP] [debug] Returning result: {"value":"No element found","status":7}
&amp#27;[36minfo&amp#27;[39m: [debug] Waited for 16048ms so far
&amp#27;[36minfo&amp#27;[39m: [debug] Pushing command to appium work queue: ["find",{"strategy":"id","selector":"com.popular.app.corp:id/btnContinuar","context":"","multiple":false}]
&amp#27;[36minfo&amp#27;[39m: [debug] [BOOTSTRAP] [debug] Got data from client: {"cmd":"action","action":"find","params":{"strategy":"id","selector":"com.popular.app.corp:id/btnContinuar","context":"","multiple":false}}
&amp#27;[36minfo&amp#27;[39m: [debug] [BOOTSTRAP] [debug] Got command of type ACTION
&amp#27;[36minfo&amp#27;[39m: [debug] [BOOTSTRAP] [debug] Got command action: find
&amp#27;[36minfo&amp#27;[39m: [debug] [BOOTSTRAP] [debug] Finding com.popular.app.corp:id/btnContinuar using ID with the contextId:  multiple: false
&amp#27;[36minfo&amp#27;[39m: [debug] [BOOTSTRAP] [debug] Using: UiSelector[INSTANCE=0, RESOURCE_ID=com.popular.app.corp:id/btnContinuar]
&amp#27;[36minfo&amp#27;[39m: [debug] [BOOTSTRAP] [debug] Failed to locate element. Clearing Accessibility cache and retrying.
&amp#27;[36minfo&amp#27;[39m: [debug] [BOOTSTRAP] [debug] Finding com.popular.app.corp:id/btnContinuar using ID with the contextId:  multiple: false
&amp#27;[36minfo&amp#27;[39m: [debug] [BOOTSTRAP] [debug] Using: UiSelector[INSTANCE=0, RESOURCE_ID=com.popular.app.corp:id/btnContinuar]
&amp#27;[36minfo&amp#27;[39m: [debug] [BOOTSTRAP] [debug] Returning result: {"value":"No element found","status":7}
&amp#27;[36minfo&amp#27;[39m: [debug] Waited for 16767ms so far
&amp#27;[36minfo&amp#27;[39m: [debug] Pushing command to appium work queue: ["find",{"strategy":"id","selector":"com.popular.app.corp:id/btnContinuar","context":"","multiple":false}]
&amp#27;[36minfo&amp#27;[39m: [debug] [BOOTSTRAP] [debug] Got data from client: {"cmd":"action","action":"find","params":{"strategy":"id","selector":"com.popular.app.corp:id/btnContinuar","context":"","multiple":false}}
&amp#27;[36minfo&amp#27;[39m: [debug] [BOOTSTRAP] [debug] Got command of type ACTION
&amp#27;[36minfo&amp#27;[39m: [debug] [BOOTSTRAP] [debug] Got command action: find
&amp#27;[36minfo&amp#27;[39m: [debug] [BOOTSTRAP] [debug] Finding com.popular.app.corp:id/btnContinuar using ID with the contextId:  multiple: false
&amp#27;[36minfo&amp#27;[39m: [debug] [BOOTSTRAP] [debug] Using: UiSelector[INSTANCE=0, RESOURCE_ID=com.popular.app.corp:id/btnContinuar]
&amp#27;[36minfo&amp#27;[39m: [debug] [BOOTSTRAP] [debug] Failed to locate element. Clearing Accessibility cache and retrying.
&amp#27;[36minfo&amp#27;[39m: [debug] [BOOTSTRAP] [debug] Finding com.popular.app.corp:id/btnContinuar using ID with the contextId:  multiple: false
&amp#27;[36minfo&amp#27;[39m: [debug] [BOOTSTRAP] [debug] Using: UiSelector[INSTANCE=0, RESOURCE_ID=com.popular.app.corp:id/btnContinuar]
&amp#27;[36minfo&amp#27;[39m: [debug] [BOOTSTRAP] [debug] Returning result: {"value":"No element found","status":7}
&amp#27;[36minfo&amp#27;[39m: [debug] Waited for 17330ms so far
&amp#27;[36minfo&amp#27;[39m: [debug] Pushing command to appium work queue: ["find",{"strategy":"id","selector":"com.popular.app.corp:id/btnContinuar","context":"","multiple":false}]
&amp#27;[36minfo&amp#27;[39m: [debug] [BOOTSTRAP] [debug] Got data from client: {"cmd":"action","action":"find","params":{"strategy":"id","selector":"com.popular.app.corp:id/btnContinuar","context":"","multiple":false}}
&amp#27;[36minfo&amp#27;[39m: [debug] [BOOTSTRAP] [debug] Got command of type ACTION
&amp#27;[36minfo&amp#27;[39m: [debug] [BOOTSTRAP] [debug] Got command action: find
&amp#27;[36minfo&amp#27;[39m: [debug] [BOOTSTRAP] [debug] Finding com.popular.app.corp:id/btnContinuar using ID with the contextId:  multiple: false
&amp#27;[36minfo&amp#27;[39m: [debug] [BOOTSTRAP] [debug] Using: UiSelector[INSTANCE=0, RESOURCE_ID=com.popular.app.corp:id/btnContinuar]
&amp#27;[36minfo&amp#27;[39m: [debug] [BOOTSTRAP] [debug] Failed to locate element. Clearing Accessibility cache and retrying.
&amp#27;[36minfo&amp#27;[39m: [debug] [BOOTSTRAP] [debug] Finding com.popular.app.corp:id/btnContinuar using ID with the contextId:  multiple: false
&amp#27;[36minfo&amp#27;[39m: [debug] [BOOTSTRAP] [debug] Using: UiSelector[INSTANCE=0, RESOURCE_ID=com.popular.app.corp:id/btnContinuar]
&amp#27;[36minfo&amp#27;[39m: [debug] [BOOTSTRAP] [debug] Returning result: {"value":"No element found","status":7}
&amp#27;[36minfo&amp#27;[39m: [debug] Waited for 17873ms so far
&amp#27;[36minfo&amp#27;[39m: [debug] Pushing command to appium work queue: ["find",{"strategy":"id","selector":"com.popular.app.corp:id/btnContinuar","context":"","multiple":false}]
&amp#27;[36minfo&amp#27;[39m: [debug] [BOOTSTRAP] [debug] Got data from client: {"cmd":"action","action":"find","params":{"strategy":"id","selector":"com.popular.app.corp:id/btnContinuar","context":"","multiple":false}}
&amp#27;[36minfo&amp#27;[39m: [debug] [BOOTSTRAP] [debug] Got command of type ACTION
&amp#27;[36minfo&amp#27;[39m: [debug] [BOOTSTRAP] [debug] Got command action: find
&amp#27;[36minfo&amp#27;[39m: [debug] [BOOTSTRAP] [debug] Finding com.popular.app.corp:id/btnContinuar using ID with the contextId:  multiple: false
&amp#27;[36minfo&amp#27;[39m: [debug] [BOOTSTRAP] [debug] Using: UiSelector[INSTANCE=0, RESOURCE_ID=com.popular.app.corp:id/btnContinuar]
&amp#27;[36minfo&amp#27;[39m: [debug] [BOOTSTRAP] [debug] Failed to locate element. Clearing Accessibility cache and retrying.
&amp#27;[36minfo&amp#27;[39m: [debug] [BOOTSTRAP] [debug] Finding com.popular.app.corp:id/btnContinuar using ID with the contextId:  multiple: false
&amp#27;[36minfo&amp#27;[39m: [debug] [BOOTSTRAP] [debug] Using: UiSelector[INSTANCE=0, RESOURCE_ID=com.popular.app.corp:id/btnContinuar]
&amp#27;[36minfo&amp#27;[39m: [debug] [BOOTSTRAP] [debug] Returning result: {"value":"No element found","status":7}
&amp#27;[36minfo&amp#27;[39m: [debug] Waited for 18406ms so far
&amp#27;[36minfo&amp#27;[39m: [debug] Pushing command to appium work queue: ["find",{"strategy":"id","selector":"com.popular.app.corp:id/btnContinuar","context":"","multiple":false}]
&amp#27;[36minfo&amp#27;[39m: [debug] [BOOTSTRAP] [debug] Got data from client: {"cmd":"action","action":"find","params":{"strategy":"id","selector":"com.popular.app.corp:id/btnContinuar","context":"","multiple":false}}
&amp#27;[36minfo&amp#27;[39m: [debug] [BOOTSTRAP] [debug] Got command of type ACTION
&amp#27;[36minfo&amp#27;[39m: [debug] [BOOTSTRAP] [debug] Got command action: find
&amp#27;[36minfo&amp#27;[39m: [debug] [BOOTSTRAP] [debug] Finding com.popular.app.corp:id/btnContinuar using ID with the contextId:  multiple: false
&amp#27;[36minfo&amp#27;[39m: [debug] [BOOTSTRAP] [debug] Using: UiSelector[INSTANCE=0, RESOURCE_ID=com.popular.app.corp:id/btnContinuar]
&amp#27;[36minfo&amp#27;[39m: [debug] [BOOTSTRAP] [debug] Failed to locate element. Clearing Accessibility cache and retrying.
&amp#27;[36minfo&amp#27;[39m: [debug] [BOOTSTRAP] [debug] Finding com.popular.app.corp:id/btnContinuar using ID with the contextId:  multiple: false
&amp#27;[36minfo&amp#27;[39m: [debug] [BOOTSTRAP] [debug] Using: UiSelector[INSTANCE=0, RESOURCE_ID=com.popular.app.corp:id/btnContinuar]
&amp#27;[36minfo&amp#27;[39m: [debug] [BOOTSTRAP] [debug] Returning result: {"value":"No element found","status":7}
&amp#27;[36minfo&amp#27;[39m: [debug] Waited for 18967ms so far
&amp#27;[36minfo&amp#27;[39m: [debug] Pushing command to appium work queue: ["find",{"strategy":"id","selector":"com.popular.app.corp:id/btnContinuar","context":"","multiple":false}]
&amp#27;[36minfo&amp#27;[39m: [debug] [BOOTSTRAP] [debug] Got data from client: {"cmd":"action","action":"find","params":{"strategy":"id","selector":"com.popular.app.corp:id/btnContinuar","context":"","multiple":false}}
&amp#27;[36minfo&amp#27;[39m: [debug] [BOOTSTRAP] [debug] Got command of type ACTION
&amp#27;[36minfo&amp#27;[39m: [debug] [BOOTSTRAP] [debug] Got command action: find
&amp#27;[36minfo&amp#27;[39m: [debug] [BOOTSTRAP] [debug] Finding com.popular.app.corp:id/btnContinuar using ID with the contextId:  multiple: false
&amp#27;[36minfo&amp#27;[39m: [debug] [BOOTSTRAP] [debug] Using: UiSelector[INSTANCE=0, RESOURCE_ID=com.popular.app.corp:id/btnContinuar]
&amp#27;[36minfo&amp#27;[39m: [debug] [BOOTSTRAP] [debug] Failed to locate element. Clearing Accessibility cache and retrying.
&amp#27;[36minfo&amp#27;[39m: [debug] [BOOTSTRAP] [debug] Finding com.popular.app.corp:id/btnContinuar using ID with the contextId:  multiple: false
&amp#27;[36minfo&amp#27;[39m: [debug] [BOOTSTRAP] [debug] Using: UiSelector[INSTANCE=0, RESOURCE_ID=com.popular.app.corp:id/btnContinuar]
&amp#27;[36minfo&amp#27;[39m: [debug] [BOOTSTRAP] [debug] Returning result: {"value":"No element found","status":7}
&amp#27;[36minfo&amp#27;[39m: [debug] Waited for 19506ms so far
&amp#27;[36minfo&amp#27;[39m: [debug] Pushing command to appium work queue: ["find",{"strategy":"id","selector":"com.popular.app.corp:id/btnContinuar","context":"","multiple":false}]
&amp#27;[36minfo&amp#27;[39m: [debug] [BOOTSTRAP] [debug] Got data from client: {"cmd":"action","action":"find","params":{"strategy":"id","selector":"com.popular.app.corp:id/btnContinuar","context":"","multiple":false}}
&amp#27;[36minfo&amp#27;[39m: [debug] [BOOTSTRAP] [debug] Got command of type ACTION
&amp#27;[36minfo&amp#27;[39m: [debug] [BOOTSTRAP] [debug] Got command action: find
&amp#27;[36minfo&amp#27;[39m: [debug] [BOOTSTRAP] [debug] Finding com.popular.app.corp:id/btnContinuar using ID with the contextId:  multiple: false
&amp#27;[36minfo&amp#27;[39m: [debug] [BOOTSTRAP] [debug] Using: UiSelector[INSTANCE=0, RESOURCE_ID=com.popular.app.corp:id/btnContinuar]
&amp#27;[36minfo&amp#27;[39m: [debug] [BOOTSTRAP] [debug] Failed to locate element. Clearing Accessibility cache and retrying.
&amp#27;[36minfo&amp#27;[39m: [debug] [BOOTSTRAP] [debug] Finding com.popular.app.corp:id/btnContinuar using ID with the contextId:  multiple: false
&amp#27;[36minfo&amp#27;[39m: [debug] [BOOTSTRAP] [debug] Using: UiSelector[INSTANCE=0, RESOURCE_ID=com.popular.app.corp:id/btnContinuar]
&amp#27;[36minfo&amp#27;[39m: [debug] [BOOTSTRAP] [debug] Returning result: {"value":"No element found","status":7}
&amp#27;[36minfo&amp#27;[39m: [debug] Waited for 20155ms so far
&amp#27;[36minfo&amp#27;[39m: [debug] Pushing command to appium work queue: ["find",{"strategy":"id","selector":"com.popular.app.corp:id/btnContinuar","context":"","multiple":false}]
&amp#27;[36minfo&amp#27;[39m: [debug] [BOOTSTRAP] [debug] Got data from client: {"cmd":"action","action":"find","params":{"strategy":"id","selector":"com.popular.app.corp:id/btnContinuar","context":"","multiple":false}}
&amp#27;[36minfo&amp#27;[39m: [debug] [BOOTSTRAP] [debug] Got command of type ACTION
&amp#27;[36minfo&amp#27;[39m: [debug] [BOOTSTRAP] [debug] Got command action: find
&amp#27;[36minfo&amp#27;[39m: [debug] [BOOTSTRAP] [debug] Finding com.popular.app.corp:id/btnContinuar using ID with the contextId:  multiple: false
&amp#27;[36minfo&amp#27;[39m: [debug] [BOOTSTRAP] [debug] Using: UiSelector[INSTANCE=0, RESOURCE_ID=com.popular.app.corp:id/btnContinuar]
&amp#27;[36minfo&amp#27;[39m: [debug] [BOOTSTRAP] [debug] Failed to locate element. Clearing Accessibility cache and retrying.
&amp#27;[36minfo&amp#27;[39m: [debug] [BOOTSTRAP] [debug] Finding com.popular.app.corp:id/btnContinuar using ID with the contextId:  multiple: false
&amp#27;[36minfo&amp#27;[39m: [debug] [BOOTSTRAP] [debug] Using: UiSelector[INSTANCE=0, RESOURCE_ID=com.popular.app.corp:id/btnContinuar]
&amp#27;[36minfo&amp#27;[39m: [debug] [BOOTSTRAP] [debug] Returning result: {"value":"No element found","status":7}
&amp#27;[36minfo&amp#27;[39m: [debug] Waited for 20696ms so far
&amp#27;[36minfo&amp#27;[39m: [debug] Pushing command to appium work queue: ["find",{"strategy":"id","selector":"com.popular.app.corp:id/btnContinuar","context":"","multiple":false}]
&amp#27;[36minfo&amp#27;[39m: [debug] [BOOTSTRAP] [debug] Got data from client: {"cmd":"action","action":"find","params":{"strategy":"id","selector":"com.popular.app.corp:id/btnContinuar","context":"","multiple":false}}
&amp#27;[36minfo&amp#27;[39m: [debug] [BOOTSTRAP] [debug] Got command of type ACTION
&amp#27;[36minfo&amp#27;[39m: [debug] [BOOTSTRAP] [debug] Got command action: find
&amp#27;[36minfo&amp#27;[39m: [debug] [BOOTSTRAP] [debug] Finding com.popular.app.corp:id/btnContinuar using ID with the contextId:  multiple: false
&amp#27;[36minfo&amp#27;[39m: [debug] [BOOTSTRAP] [debug] Using: UiSelector[INSTANCE=0, RESOURCE_ID=com.popular.app.corp:id/btnContinuar]
&amp#27;[36minfo&amp#27;[39m: [debug] [BOOTSTRAP] [debug] Failed to locate element. Clearing Accessibility cache and retrying.
&amp#27;[36minfo&amp#27;[39m: [debug] [BOOTSTRAP] [debug] Finding com.popular.app.corp:id/btnContinuar using ID with the contextId:  multiple: false
&amp#27;[36minfo&amp#27;[39m: [debug] [BOOTSTRAP] [debug] Using: UiSelector[INSTANCE=0, RESOURCE_ID=com.popular.app.corp:id/btnContinuar]
&amp#27;[36minfo&amp#27;[39m: [debug] [BOOTSTRAP] [debug] Returning result: {"value":"No element found","status":7}
&amp#27;[36minfo&amp#27;[39m: [debug] Waited for 21256ms so far
&amp#27;[36minfo&amp#27;[39m: [debug] Pushing command to appium work queue: ["find",{"strategy":"id","selector":"com.popular.app.corp:id/btnContinuar","context":"","multiple":false}]
&amp#27;[36minfo&amp#27;[39m: [debug] [BOOTSTRAP] [debug] Got data from client: {"cmd":"action","action":"find","params":{"strategy":"id","selector":"com.popular.app.corp:id/btnContinuar","context":"","multiple":false}}
&amp#27;[36minfo&amp#27;[39m: [debug] [BOOTSTRAP] [debug] Got command of type ACTION
&amp#27;[36minfo&amp#27;[39m: [debug] [BOOTSTRAP] [debug] Got command action: find
&amp#27;[36minfo&amp#27;[39m: [debug] [BOOTSTRAP] [debug] Finding com.popular.app.corp:id/btnContinuar using ID with the contextId:  multiple: false
&amp#27;[36minfo&amp#27;[39m: [debug] [BOOTSTRAP] [debug] Using: UiSelector[INSTANCE=0, RESOURCE_ID=com.popular.app.corp:id/btnContinuar]
&amp#27;[36minfo&amp#27;[39m: [debug] [BOOTSTRAP] [debug] Failed to locate element. Clearing Accessibility cache and retrying.
&amp#27;[36minfo&amp#27;[39m: [debug] [BOOTSTRAP] [debug] Finding com.popular.app.corp:id/btnContinuar using ID with the contextId:  multiple: false
&amp#27;[36minfo&amp#27;[39m: [debug] [BOOTSTRAP] [debug] Using: UiSelector[INSTANCE=0, RESOURCE_ID=com.popular.app.corp:id/btnContinuar]
&amp#27;[36minfo&amp#27;[39m: [debug] [BOOTSTRAP] [debug] Returning result: {"value":"No element found","status":7}
&amp#27;[36minfo&amp#27;[39m: [debug] Waited for 21806ms so far
&amp#27;[36minfo&amp#27;[39m: [debug] Pushing command to appium work queue: ["find",{"strategy":"id","selector":"com.popular.app.corp:id/btnContinuar","context":"","multiple":false}]
&amp#27;[36minfo&amp#27;[39m: [debug] [BOOTSTRAP] [debug] Got data from client: {"cmd":"action","action":"find","params":{"strategy":"id","selector":"com.popular.app.corp:id/btnContinuar","context":"","multiple":false}}
&amp#27;[36minfo&amp#27;[39m: [debug] [BOOTSTRAP] [debug] Got command of type ACTION
&amp#27;[36minfo&amp#27;[39m: [debug] [BOOTSTRAP] [debug] Got command action: find
&amp#27;[36minfo&amp#27;[39m: [debug] [BOOTSTRAP] [debug] Finding com.popular.app.corp:id/btnContinuar using ID with the contextId:  multiple: false
&amp#27;[36minfo&amp#27;[39m: [debug] [BOOTSTRAP] [debug] Using: UiSelector[INSTANCE=0, RESOURCE_ID=com.popular.app.corp:id/btnContinuar]
&amp#27;[36minfo&amp#27;[39m: [debug] [BOOTSTRAP] [debug] Failed to locate element. Clearing Accessibility cache and retrying.
&amp#27;[36minfo&amp#27;[39m: [debug] [BOOTSTRAP] [debug] Finding com.popular.app.corp:id/btnContinuar using ID with the contextId:  multiple: false
&amp#27;[36minfo&amp#27;[39m: [debug] [BOOTSTRAP] [debug] Using: UiSelector[INSTANCE=0, RESOURCE_ID=com.popular.app.corp:id/btnContinuar]
&amp#27;[36minfo&amp#27;[39m: [debug] [BOOTSTRAP] [debug] Returning result: {"value":"No element found","status":7}
&amp#27;[36minfo&amp#27;[39m: [debug] Waited for 22440ms so far
&amp#27;[36minfo&amp#27;[39m: [debug] Pushing command to appium work queue: ["find",{"strategy":"id","selector":"com.popular.app.corp:id/btnContinuar","context":"","multiple":false}]
&amp#27;[36minfo&amp#27;[39m: [debug] [BOOTSTRAP] [debug] Got data from client: {"cmd":"action","action":"find","params":{"strategy":"id","selector":"com.popular.app.corp:id/btnContinuar","context":"","multiple":false}}
&amp#27;[36minfo&amp#27;[39m: [debug] [BOOTSTRAP] [debug] Got command of type ACTION
&amp#27;[36minfo&amp#27;[39m: [debug] [BOOTSTRAP] [debug] Got command action: find
&amp#27;[36minfo&amp#27;[39m: [debug] [BOOTSTRAP] [debug] Finding com.popular.app.corp:id/btnContinuar using ID with the contextId:  multiple: false
&amp#27;[36minfo&amp#27;[39m: [debug] [BOOTSTRAP] [debug] Using: UiSelector[INSTANCE=0, RESOURCE_ID=com.popular.app.corp:id/btnContinuar]
&amp#27;[36minfo&amp#27;[39m: [debug] [BOOTSTRAP] [debug] Failed to locate element. Clearing Accessibility cache and retrying.
&amp#27;[36minfo&amp#27;[39m: [debug] [BOOTSTRAP] [debug] Finding com.popular.app.corp:id/btnContinuar using ID with the contextId:  multiple: false
&amp#27;[36minfo&amp#27;[39m: [debug] [BOOTSTRAP] [debug] Using: UiSelector[INSTANCE=0, RESOURCE_ID=com.popular.app.corp:id/btnContinuar]
&amp#27;[36minfo&amp#27;[39m: [debug] [BOOTSTRAP] [debug] Returning result: {"value":"No element found","status":7}
&amp#27;[36minfo&amp#27;[39m: [debug] Waited for 22988ms so far
&amp#27;[36minfo&amp#27;[39m: [debug] Pushing command to appium work queue: ["find",{"strategy":"id","selector":"com.popular.app.corp:id/btnContinuar","context":"","multiple":false}]
&amp#27;[36minfo&amp#27;[39m: [debug] [BOOTSTRAP] [debug] Got data from client: {"cmd":"action","action":"find","params":{"strategy":"id","selector":"com.popular.app.corp:id/btnContinuar","context":"","multiple":false}}
&amp#27;[36minfo&amp#27;[39m: [debug] [BOOTSTRAP] [debug] Got command of type ACTION
&amp#27;[36minfo&amp#27;[39m: [debug] [BOOTSTRAP] [debug] Got command action: find
&amp#27;[36minfo&amp#27;[39m: [debug] [BOOTSTRAP] [debug] Finding com.popular.app.corp:id/btnContinuar using ID with the contextId:  multiple: false
&amp#27;[36minfo&amp#27;[39m: [debug] [BOOTSTRAP] [debug] Using: UiSelector[INSTANCE=0, RESOURCE_ID=com.popular.app.corp:id/btnContinuar]
&amp#27;[36minfo&amp#27;[39m: [debug] [BOOTSTRAP] [debug] Failed to locate element. Clearing Accessibility cache and retrying.
&amp#27;[36minfo&amp#27;[39m: [debug] [BOOTSTRAP] [debug] Finding com.popular.app.corp:id/btnContinuar using ID with the contextId:  multiple: false
&amp#27;[36minfo&amp#27;[39m: [debug] [BOOTSTRAP] [debug] Using: UiSelector[INSTANCE=0, RESOURCE_ID=com.popular.app.corp:id/btnContinuar]
&amp#27;[36minfo&amp#27;[39m: [debug] [BOOTSTRAP] [debug] Returning result: {"value":"No element found","status":7}
&amp#27;[36minfo&amp#27;[39m: [debug] Waited for 23527ms so far
&amp#27;[36minfo&amp#27;[39m: [debug] Pushing command to appium work queue: ["find",{"strategy":"id","selector":"com.popular.app.corp:id/btnContinuar","context":"","multiple":false}]
&amp#27;[36minfo&amp#27;[39m: [debug] [BOOTSTRAP] [debug] Got data from client: {"cmd":"action","action":"find","params":{"strategy":"id","selector":"com.popular.app.corp:id/btnContinuar","context":"","multiple":false}}
&amp#27;[36minfo&amp#27;[39m: [debug] [BOOTSTRAP] [debug] Got command of type ACTION
&amp#27;[36minfo&amp#27;[39m: [debug] [BOOTSTRAP] [debug] Got command action: find
&amp#27;[36minfo&amp#27;[39m: [debug] [BOOTSTRAP] [debug] Finding com.popular.app.corp:id/btnContinuar using ID with the contextId:  multiple: false
&amp#27;[36minfo&amp#27;[39m: [debug] [BOOTSTRAP] [debug] Using: UiSelector[INSTANCE=0, RESOURCE_ID=com.popular.app.corp:id/btnContinuar]
&amp#27;[36minfo&amp#27;[39m: [debug] [BOOTSTRAP] [debug] Failed to locate element. Clearing Accessibility cache and retrying.
&amp#27;[36minfo&amp#27;[39m: [debug] [BOOTSTRAP] [debug] Finding com.popular.app.corp:id/btnContinuar using ID with the contextId:  multiple: false
&amp#27;[36minfo&amp#27;[39m: [debug] [BOOTSTRAP] [debug] Using: UiSelector[INSTANCE=0, RESOURCE_ID=com.popular.app.corp:id/btnContinuar]
&amp#27;[36minfo&amp#27;[39m: [debug] [BOOTSTRAP] [debug] Returning result: {"value":"No element found","status":7}
&amp#27;[36minfo&amp#27;[39m: [debug] Waited for 24078ms so far
&amp#27;[36minfo&amp#27;[39m: [debug] Pushing command to appium work queue: ["find",{"strategy":"id","selector":"com.popular.app.corp:id/btnContinuar","context":"","multiple":false}]
&amp#27;[36minfo&amp#27;[39m: [debug] [BOOTSTRAP] [debug] Got data from client: {"cmd":"action","action":"find","params":{"strategy":"id","selector":"com.popular.app.corp:id/btnContinuar","context":"","multiple":false}}
&amp#27;[36minfo&amp#27;[39m: [debug] [BOOTSTRAP] [debug] Got command of type ACTION
&amp#27;[36minfo&amp#27;[39m: [debug] [BOOTSTRAP] [debug] Got command action: find
&amp#27;[36minfo&amp#27;[39m: [debug] [BOOTSTRAP] [debug] Finding com.popular.app.corp:id/btnContinuar using ID with the contextId:  multiple: false
&amp#27;[36minfo&amp#27;[39m: [debug] [BOOTSTRAP] [debug] Using: UiSelector[INSTANCE=0, RESOURCE_ID=com.popular.app.corp:id/btnContinuar]
&amp#27;[36minfo&amp#27;[39m: [debug] [BOOTSTRAP] [debug] Failed to locate element. Clearing Accessibility cache and retrying.
&amp#27;[36minfo&amp#27;[39m: [debug] [BOOTSTRAP] [debug] Finding com.popular.app.corp:id/btnContinuar using ID with the contextId:  multiple: false
&amp#27;[36minfo&amp#27;[39m: [debug] [BOOTSTRAP] [debug] Using: UiSelector[INSTANCE=0, RESOURCE_ID=com.popular.app.corp:id/btnContinuar]
&amp#27;[36minfo&amp#27;[39m: [debug] [BOOTSTRAP] [debug] Returning result: {"value":"No element found","status":7}
&amp#27;[36minfo&amp#27;[39m: [debug] Waited for 24726ms so far
&amp#27;[36minfo&amp#27;[39m: [debug] Pushing command to appium work queue: ["find",{"strategy":"id","selector":"com.popular.app.corp:id/btnContinuar","context":"","multiple":false}]
&amp#27;[36minfo&amp#27;[39m: [debug] [BOOTSTRAP] [debug] Got data from client: {"cmd":"action","action":"find","params":{"strategy":"id","selector":"com.popular.app.corp:id/btnContinuar","context":"","multiple":false}}
&amp#27;[36minfo&amp#27;[39m: [debug] [BOOTSTRAP] [debug] Got command of type ACTION
&amp#27;[36minfo&amp#27;[39m: [debug] [BOOTSTRAP] [debug] Got command action: find
&amp#27;[36minfo&amp#27;[39m: [debug] [BOOTSTRAP] [debug] Finding com.popular.app.corp:id/btnContinuar using ID with the contextId:  multiple: false
&amp#27;[36minfo&amp#27;[39m: [debug] [BOOTSTRAP] [debug] Using: UiSelector[INSTANCE=0, RESOURCE_ID=com.popular.app.corp:id/btnContinuar]
&amp#27;[36minfo&amp#27;[39m: [debug] [BOOTSTRAP] [debug] Failed to locate element. Clearing Accessibility cache and retrying.
&amp#27;[36minfo&amp#27;[39m: [debug] [BOOTSTRAP] [debug] Finding com.popular.app.corp:id/btnContinuar using ID with the contextId:  multiple: false
&amp#27;[36minfo&amp#27;[39m: [debug] [BOOTSTRAP] [debug] Using: UiSelector[INSTANCE=0, RESOURCE_ID=com.popular.app.corp:id/btnContinuar]
&amp#27;[36minfo&amp#27;[39m: [debug] [BOOTSTRAP] [debug] Returning result: {"value":"No element found","status":7}
&amp#27;[36minfo&amp#27;[39m: [debug] Waited for 25329ms so far
&amp#27;[36minfo&amp#27;[39m: [debug] Pushing command to appium work queue: ["find",{"strategy":"id","selector":"com.popular.app.corp:id/btnContinuar","context":"","multiple":false}]
&amp#27;[36minfo&amp#27;[39m: [debug] [BOOTSTRAP] [debug] Got data from client: {"cmd":"action","action":"find","params":{"strategy":"id","selector":"com.popular.app.corp:id/btnContinuar","context":"","multiple":false}}
&amp#27;[36minfo&amp#27;[39m: [debug] [BOOTSTRAP] [debug] Got command of type ACTION
&amp#27;[36minfo&amp#27;[39m: [debug] [BOOTSTRAP] [debug] Got command action: find
&amp#27;[36minfo&amp#27;[39m: [debug] [BOOTSTRAP] [debug] Finding com.popular.app.corp:id/btnContinuar using ID with the contextId:  multiple: false
&amp#27;[36minfo&amp#27;[39m: [debug] [BOOTSTRAP] [debug] Using: UiSelector[INSTANCE=0, RESOURCE_ID=com.popular.app.corp:id/btnContinuar]
&amp#27;[36minfo&amp#27;[39m: [debug] [BOOTSTRAP] [debug] Failed to locate element. Clearing Accessibility cache and retrying.
&amp#27;[36minfo&amp#27;[39m: [debug] [BOOTSTRAP] [debug] Finding com.popular.app.corp:id/btnContinuar using ID with the contextId:  multiple: false
&amp#27;[36minfo&amp#27;[39m: [debug] [BOOTSTRAP] [debug] Using: UiSelector[INSTANCE=0, RESOURCE_ID=com.popular.app.corp:id/btnContinuar]
&amp#27;[36minfo&amp#27;[39m: [debug] [BOOTSTRAP] [debug] Returning result: {"value":"No element found","status":7}
&amp#27;[36minfo&amp#27;[39m: [debug] Waited for 25847ms so far
&amp#27;[36minfo&amp#27;[39m: [debug] Pushing command to appium work queue: ["find",{"strategy":"id","selector":"com.popular.app.corp:id/btnContinuar","context":"","multiple":false}]
&amp#27;[36minfo&amp#27;[39m: [debug] [BOOTSTRAP] [debug] Got data from client: {"cmd":"action","action":"find","params":{"strategy":"id","selector":"com.popular.app.corp:id/btnContinuar","context":"","multiple":false}}
&amp#27;[36minfo&amp#27;[39m: [debug] [BOOTSTRAP] [debug] Got command of type ACTION
&amp#27;[36minfo&amp#27;[39m: [debug] [BOOTSTRAP] [debug] Got command action: find
&amp#27;[36minfo&amp#27;[39m: [debug] [BOOTSTRAP] [debug] Finding com.popular.app.corp:id/btnContinuar using ID with the contextId:  multiple: false
&amp#27;[36minfo&amp#27;[39m: [debug] [BOOTSTRAP] [debug] Using: UiSelector[INSTANCE=0, RESOURCE_ID=com.popular.app.corp:id/btnContinuar]
&amp#27;[36minfo&amp#27;[39m: [debug] [BOOTSTRAP] [debug] Failed to locate element. Clearing Accessibility cache and retrying.
&amp#27;[36minfo&amp#27;[39m: [debug] [BOOTSTRAP] [debug] Finding com.popular.app.corp:id/btnContinuar using ID with the contextId:  multiple: false
&amp#27;[36minfo&amp#27;[39m: [debug] [BOOTSTRAP] [debug] Using: UiSelector[INSTANCE=0, RESOURCE_ID=com.popular.app.corp:id/btnContinuar]
&amp#27;[36minfo&amp#27;[39m: [debug] [BOOTSTRAP] [debug] Returning result: {"value":"No element found","status":7}
&amp#27;[36minfo&amp#27;[39m: [debug] Waited for 26406ms so far
&amp#27;[36minfo&amp#27;[39m: [debug] Pushing command to appium work queue: ["find",{"strategy":"id","selector":"com.popular.app.corp:id/btnContinuar","context":"","multiple":false}]
&amp#27;[36minfo&amp#27;[39m: [debug] [BOOTSTRAP] [debug] Got data from client: {"cmd":"action","action":"find","params":{"strategy":"id","selector":"com.popular.app.corp:id/btnContinuar","context":"","multiple":false}}
&amp#27;[36minfo&amp#27;[39m: [debug] [BOOTSTRAP] [debug] Got command of type ACTION
&amp#27;[36minfo&amp#27;[39m: [debug] [BOOTSTRAP] [debug] Got command action: find
&amp#27;[36minfo&amp#27;[39m: [debug] [BOOTSTRAP] [debug] Finding com.popular.app.corp:id/btnContinuar using ID with the contextId:  multiple: false
&amp#27;[36minfo&amp#27;[39m: [debug] [BOOTSTRAP] [debug] Using: UiSelector[INSTANCE=0, RESOURCE_ID=com.popular.app.corp:id/btnContinuar]
&amp#27;[36minfo&amp#27;[39m: [debug] [BOOTSTRAP] [debug] Failed to locate element. Clearing Accessibility cache and retrying.
&amp#27;[36minfo&amp#27;[39m: [debug] [BOOTSTRAP] [debug] Finding com.popular.app.corp:id/btnContinuar using ID with the contextId:  multiple: false
&amp#27;[36minfo&amp#27;[39m: [debug] [BOOTSTRAP] [debug] Using: UiSelector[INSTANCE=0, RESOURCE_ID=com.popular.app.corp:id/btnContinuar]
&amp#27;[36minfo&amp#27;[39m: [debug] [BOOTSTRAP] [debug] Returning result: {"value":"No element found","status":7}
&amp#27;[36minfo&amp#27;[39m: [debug] Waited for 26997ms so far
&amp#27;[36minfo&amp#27;[39m: [debug] Pushing command to appium work queue: ["find",{"strategy":"id","selector":"com.popular.app.corp:id/btnContinuar","context":"","multiple":false}]
&amp#27;[36minfo&amp#27;[39m: [debug] [BOOTSTRAP] [debug] Got data from client: {"cmd":"action","action":"find","params":{"strategy":"id","selector":"com.popular.app.corp:id/btnContinuar","context":"","multiple":false}}
&amp#27;[36minfo&amp#27;[39m: [debug] [BOOTSTRAP] [debug] Got command of type ACTION
&amp#27;[36minfo&amp#27;[39m: [debug] [BOOTSTRAP] [debug] Got command action: find
&amp#27;[36minfo&amp#27;[39m: [debug] [BOOTSTRAP] [debug] Finding com.popular.app.corp:id/btnContinuar using ID with the contextId:  multiple: false
&amp#27;[36minfo&amp#27;[39m: [debug] [BOOTSTRAP] [debug] Using: UiSelector[INSTANCE=0, RESOURCE_ID=com.popular.app.corp:id/btnContinuar]
&amp#27;[36minfo&amp#27;[39m: [debug] [BOOTSTRAP] [debug] Failed to locate element. Clearing Accessibility cache and retrying.
&amp#27;[36minfo&amp#27;[39m: [debug] [BOOTSTRAP] [debug] Finding com.popular.app.corp:id/btnContinuar using ID with the contextId:  multiple: false
&amp#27;[36minfo&amp#27;[39m: [debug] [BOOTSTRAP] [debug] Using: UiSelector[INSTANCE=0, RESOURCE_ID=com.popular.app.corp:id/btnContinuar]
&amp#27;[36minfo&amp#27;[39m: [debug] [BOOTSTRAP] [debug] Returning result: {"value":"No element found","status":7}
&amp#27;[36minfo&amp#27;[39m: [debug] Waited for 27657ms so far
&amp#27;[36minfo&amp#27;[39m: [debug] Pushing command to appium work queue: ["find",{"strategy":"id","selector":"com.popular.app.corp:id/btnContinuar","context":"","multiple":false}]
&amp#27;[36minfo&amp#27;[39m: [debug] [BOOTSTRAP] [debug] Got data from client: {"cmd":"action","action":"find","params":{"strategy":"id","selector":"com.popular.app.corp:id/btnContinuar","context":"","multiple":false}}
&amp#27;[36minfo&amp#27;[39m: [debug] [BOOTSTRAP] [debug] Got command of type ACTION
&amp#27;[36minfo&amp#27;[39m: [debug] [BOOTSTRAP] [debug] Got command action: find
&amp#27;[36minfo&amp#27;[39m: [debug] [BOOTSTRAP] [debug] Finding com.popular.app.corp:id/btnContinuar using ID with the contextId:  multiple: false
&amp#27;[36minfo&amp#27;[39m: [debug] [BOOTSTRAP] [debug] Using: UiSelector[INSTANCE=0, RESOURCE_ID=com.popular.app.corp:id/btnContinuar]
&amp#27;[36minfo&amp#27;[39m: [debug] [BOOTSTRAP] [debug] Failed to locate element. Clearing Accessibility cache and retrying.
&amp#27;[36minfo&amp#27;[39m: [debug] [BOOTSTRAP] [debug] Finding com.popular.app.corp:id/btnContinuar using ID with the contextId:  multiple: false
&amp#27;[36minfo&amp#27;[39m: [debug] [BOOTSTRAP] [debug] Using: UiSelector[INSTANCE=0, RESOURCE_ID=com.popular.app.corp:id/btnContinuar]
&amp#27;[36minfo&amp#27;[39m: [debug] [BOOTSTRAP] [debug] Returning result: {"value":"No element found","status":7}
&amp#27;[36minfo&amp#27;[39m: [debug] Waited for 28189ms so far
&amp#27;[36minfo&amp#27;[39m: [debug] Pushing command to appium work queue: ["find",{"strategy":"id","selector":"com.popular.app.corp:id/btnContinuar","context":"","multiple":false}]
&amp#27;[36minfo&amp#27;[39m: [debug] [BOOTSTRAP] [debug] Got data from client: {"cmd":"action","action":"find","params":{"strategy":"id","selector":"com.popular.app.corp:id/btnContinuar","context":"","multiple":false}}
&amp#27;[36minfo&amp#27;[39m: [debug] [BOOTSTRAP] [debug] Got command of type ACTION
&amp#27;[36minfo&amp#27;[39m: [debug] [BOOTSTRAP] [debug] Got command action: find
&amp#27;[36minfo&amp#27;[39m: [debug] [BOOTSTRAP] [debug] Finding com.popular.app.corp:id/btnContinuar using ID with the contextId:  multiple: false
&amp#27;[36minfo&amp#27;[39m: [debug] [BOOTSTRAP] [debug] Using: UiSelector[INSTANCE=0, RESOURCE_ID=com.popular.app.corp:id/btnContinuar]
&amp#27;[36minfo&amp#27;[39m: [debug] [BOOTSTRAP] [debug] Failed to locate element. Clearing Accessibility cache and retrying.
&amp#27;[36minfo&amp#27;[39m: [debug] [BOOTSTRAP] [debug] Finding com.popular.app.corp:id/btnContinuar using ID with the contextId:  multiple: false
&amp#27;[36minfo&amp#27;[39m: [debug] [BOOTSTRAP] [debug] Using: UiSelector[INSTANCE=0, RESOURCE_ID=com.popular.app.corp:id/btnContinuar]
&amp#27;[36minfo&amp#27;[39m: [debug] [BOOTSTRAP] [debug] Returning result: {"value":"No element found","status":7}
&amp#27;[36minfo&amp#27;[39m: [debug] Waited for 29247ms so far
&amp#27;[36minfo&amp#27;[39m: [debug] Pushing command to appium work queue: ["find",{"strategy":"id","selector":"com.popular.app.corp:id/btnContinuar","context":"","multiple":false}]
&amp#27;[36minfo&amp#27;[39m: [debug] [BOOTSTRAP] [debug] Got data from client: {"cmd":"action","action":"find","params":{"strategy":"id","selector":"com.popular.app.corp:id/btnContinuar","context":"","multiple":false}}
&amp#27;[36minfo&amp#27;[39m: [debug] [BOOTSTRAP] [debug] Got command of type ACTION
&amp#27;[36minfo&amp#27;[39m: [debug] [BOOTSTRAP] [debug] Got command action: find
&amp#27;[36minfo&amp#27;[39m: [debug] [BOOTSTRAP] [debug] Finding com.popular.app.corp:id/btnContinuar using ID with the contextId:  multiple: false
&amp#27;[36minfo&amp#27;[39m: [debug] [BOOTSTRAP] [debug] Using: UiSelector[INSTANCE=0, RESOURCE_ID=com.popular.app.corp:id/btnContinuar]
&amp#27;[36minfo&amp#27;[39m: [debug] [BOOTSTRAP] [debug] Failed to locate element. Clearing Accessibility cache and retrying.
&amp#27;[36minfo&amp#27;[39m: [debug] [BOOTSTRAP] [debug] Finding com.popular.app.corp:id/btnContinuar using ID with the contextId:  multiple: false
&amp#27;[36minfo&amp#27;[39m: [debug] [BOOTSTRAP] [debug] Using: UiSelector[INSTANCE=0, RESOURCE_ID=com.popular.app.corp:id/btnContinuar]
&amp#27;[36minfo&amp#27;[39m: [debug] [BOOTSTRAP] [debug] Returning result: {"value":"No element found","status":7}
&amp#27;[36minfo&amp#27;[39m: [debug] Waited for 29807ms so far
&amp#27;[36minfo&amp#27;[39m: [debug] Pushing command to appium work queue: ["find",{"strategy":"id","selector":"com.popular.app.corp:id/btnContinuar","context":"","multiple":false}]
&amp#27;[36minfo&amp#27;[39m: [debug] [BOOTSTRAP] [debug] Got data from client: {"cmd":"action","action":"find","params":{"strategy":"id","selector":"com.popular.app.corp:id/btnContinuar","context":"","multiple":false}}
&amp#27;[36minfo&amp#27;[39m: [debug] [BOOTSTRAP] [debug] Got command of type ACTION
&amp#27;[36minfo&amp#27;[39m: [debug] [BOOTSTRAP] [debug] Got command action: find
&amp#27;[36minfo&amp#27;[39m: [debug] [BOOTSTRAP] [debug] Finding com.popular.app.corp:id/btnContinuar using ID with the contextId:  multiple: false
&amp#27;[36minfo&amp#27;[39m: [debug] [BOOTSTRAP] [debug] Using: UiSelector[INSTANCE=0, RESOURCE_ID=com.popular.app.corp:id/btnContinuar]
&amp#27;[36minfo&amp#27;[39m: [debug] [BOOTSTRAP] [debug] Failed to locate element. Clearing Accessibility cache and retrying.
&amp#27;[36minfo&amp#27;[39m: [debug] [BOOTSTRAP] [debug] Finding com.popular.app.corp:id/btnContinuar using ID with the contextId:  multiple: false
&amp#27;[36minfo&amp#27;[39m: [debug] [BOOTSTRAP] [debug] Using: UiSelector[INSTANCE=0, RESOURCE_ID=com.popular.app.corp:id/btnContinuar]
&amp#27;[36minfo&amp#27;[39m: [debug] [BOOTSTRAP] [debug] Returning result: {"value":"No element found","status":7}
&amp#27;[36minfo&amp#27;[39m: [debug] Waited for 30362ms so far
&amp#27;[36minfo&amp#27;[39m: [debug] Pushing command to appium work queue: ["find",{"strategy":"id","selector":"com.popular.app.corp:id/btnContinuar","context":"","multiple":false}]
&amp#27;[36minfo&amp#27;[39m: [debug] [BOOTSTRAP] [debug] Got data from client: {"cmd":"action","action":"find","params":{"strategy":"id","selector":"com.popular.app.corp:id/btnContinuar","context":"","multiple":false}}
&amp#27;[36minfo&amp#27;[39m: [debug] [BOOTSTRAP] [debug] Got command of type ACTION
&amp#27;[36minfo&amp#27;[39m: [debug] [BOOTSTRAP] [debug] Got command action: find
&amp#27;[36minfo&amp#27;[39m: [debug] [BOOTSTRAP] [debug] Finding com.popular.app.corp:id/btnContinuar using ID with the contextId:  multiple: false
&amp#27;[36minfo&amp#27;[39m: [debug] [BOOTSTRAP] [debug] Using: UiSelector[INSTANCE=0, RESOURCE_ID=com.popular.app.corp:id/btnContinuar]
&amp#27;[36minfo&amp#27;[39m: [debug] [BOOTSTRAP] [debug] Failed to locate element. Clearing Accessibility cache and retrying.
&amp#27;[36minfo&amp#27;[39m: [debug] [BOOTSTRAP] [debug] Finding com.popular.app.corp:id/btnContinuar using ID with the contextId:  multiple: false
&amp#27;[36minfo&amp#27;[39m: [debug] [BOOTSTRAP] [debug] Using: UiSelector[INSTANCE=0, RESOURCE_ID=com.popular.app.corp:id/btnContinuar]
&amp#27;[36minfo&amp#27;[39m: [debug] [BOOTSTRAP] [debug] Returning result: {"value":"No element found","status":7}
&amp#27;[36minfo&amp#27;[39m: [debug] Waited for 31020ms so far
&amp#27;[36minfo&amp#27;[39m: [debug] Pushing command to appium work queue: ["find",{"strategy":"id","selector":"com.popular.app.corp:id/btnContinuar","context":"","multiple":false}]
&amp#27;[36minfo&amp#27;[39m: [debug] [BOOTSTRAP] [debug] Got data from client: {"cmd":"action","action":"find","params":{"strategy":"id","selector":"com.popular.app.corp:id/btnContinuar","context":"","multiple":false}}
&amp#27;[36minfo&amp#27;[39m: [debug] [BOOTSTRAP] [debug] Got command of type ACTION
&amp#27;[36minfo&amp#27;[39m: [debug] [BOOTSTRAP] [debug] Got command action: find
&amp#27;[36minfo&amp#27;[39m: [debug] [BOOTSTRAP] [debug] Finding com.popular.app.corp:id/btnContinuar using ID with the contextId:  multiple: false
&amp#27;[36minfo&amp#27;[39m: [debug] [BOOTSTRAP] [debug] Using: UiSelector[INSTANCE=0, RESOURCE_ID=com.popular.app.corp:id/btnContinuar]
&amp#27;[36minfo&amp#27;[39m: [debug] [BOOTSTRAP] [debug] Failed to locate element. Clearing Accessibility cache and retrying.
&amp#27;[36minfo&amp#27;[39m: [debug] [BOOTSTRAP] [debug] Finding com.popular.app.corp:id/btnContinuar using ID with the contextId:  multiple: false
&amp#27;[36minfo&amp#27;[39m: [debug] [BOOTSTRAP] [debug] Using: UiSelector[INSTANCE=0, RESOURCE_ID=com.popular.app.corp:id/btnContinuar]
&amp#27;[36minfo&amp#27;[39m: [debug] [BOOTSTRAP] [debug] Returning result: {"value":"No element found","status":7}
&amp#27;[36minfo&amp#27;[39m: [debug] Waited for 31620ms so far
&amp#27;[36minfo&amp#27;[39m: [debug] Pushing command to appium work queue: ["find",{"strategy":"id","selector":"com.popular.app.corp:id/btnContinuar","context":"","multiple":false}]
&amp#27;[36minfo&amp#27;[39m: [debug] [BOOTSTRAP] [debug] Got data from client: {"cmd":"action","action":"find","params":{"strategy":"id","selector":"com.popular.app.corp:id/btnContinuar","context":"","multiple":false}}
&amp#27;[36minfo&amp#27;[39m: [debug] [BOOTSTRAP] [debug] Got command of type ACTION
&amp#27;[36minfo&amp#27;[39m: [debug] [BOOTSTRAP] [debug] Got command action: find
&amp#27;[36minfo&amp#27;[39m: [debug] [BOOTSTRAP] [debug] Finding com.popular.app.corp:id/btnContinuar using ID with the contextId:  multiple: false
&amp#27;[36minfo&amp#27;[39m: [debug] [BOOTSTRAP] [debug] Using: UiSelector[INSTANCE=0, RESOURCE_ID=com.popular.app.corp:id/btnContinuar]
&amp#27;[36minfo&amp#27;[39m: [debug] [BOOTSTRAP] [debug] Failed to locate element. Clearing Accessibility cache and retrying.
&amp#27;[36minfo&amp#27;[39m: [debug] [BOOTSTRAP] [debug] Finding com.popular.app.corp:id/btnContinuar using ID with the contextId:  multiple: false
&amp#27;[36minfo&amp#27;[39m: [debug] [BOOTSTRAP] [debug] Using: UiSelector[INSTANCE=0, RESOURCE_ID=com.popular.app.corp:id/btnContinuar]
&amp#27;[36minfo&amp#27;[39m: [debug] [BOOTSTRAP] [debug] Returning result: {"value":"No element found","status":7}
&amp#27;[36minfo&amp#27;[39m: [debug] Waited for 32193ms so far
&amp#27;[36minfo&amp#27;[39m: [debug] Pushing command to appium work queue: ["find",{"strategy":"id","selector":"com.popular.app.corp:id/btnContinuar","context":"","multiple":false}]
&amp#27;[36minfo&amp#27;[39m: [debug] [BOOTSTRAP] [debug] Got data from client: {"cmd":"action","action":"find","params":{"strategy":"id","selector":"com.popular.app.corp:id/btnContinuar","context":"","multiple":false}}
&amp#27;[36minfo&amp#27;[39m: [debug] [BOOTSTRAP] [debug] Got command of type ACTION
&amp#27;[36minfo&amp#27;[39m: [debug] [BOOTSTRAP] [debug] Got command action: find
&amp#27;[36minfo&amp#27;[39m: [debug] [BOOTSTRAP] [debug] Finding com.popular.app.corp:id/btnContinuar using ID with the contextId:  multiple: false
&amp#27;[36minfo&amp#27;[39m: [debug] [BOOTSTRAP] [debug] Using: UiSelector[INSTANCE=0, RESOURCE_ID=com.popular.app.corp:id/btnContinuar]
&amp#27;[36minfo&amp#27;[39m: [debug] [BOOTSTRAP] [debug] Failed to locate element. Clearing Accessibility cache and retrying.
&amp#27;[36minfo&amp#27;[39m: [debug] [BOOTSTRAP] [debug] Finding com.popular.app.corp:id/btnContinuar using ID with the contextId:  multiple: false
&amp#27;[36minfo&amp#27;[39m: [debug] [BOOTSTRAP] [debug] Using: UiSelector[INSTANCE=0, RESOURCE_ID=com.popular.app.corp:id/btnContinuar]
&amp#27;[36minfo&amp#27;[39m: [debug] [BOOTSTRAP] [debug] Returning result: {"value":"No element found","status":7}
&amp#27;[36minfo&amp#27;[39m: [debug] Waited for 32748ms so far
&amp#27;[36minfo&amp#27;[39m: [debug] Pushing command to appium work queue: ["find",{"strategy":"id","selector":"com.popular.app.corp:id/btnContinuar","context":"","multiple":false}]
&amp#27;[36minfo&amp#27;[39m: [debug] [BOOTSTRAP] [debug] Got data from client: {"cmd":"action","action":"find","params":{"strategy":"id","selector":"com.popular.app.corp:id/btnContinuar","context":"","multiple":false}}
&amp#27;[36minfo&amp#27;[39m: [debug] [BOOTSTRAP] [debug] Got command of type ACTION
&amp#27;[36minfo&amp#27;[39m: [debug] [BOOTSTRAP] [debug] Got command action: find
&amp#27;[36minfo&amp#27;[39m: [debug] [BOOTSTRAP] [debug] Finding com.popular.app.corp:id/btnContinuar using ID with the contextId:  multiple: false
&amp#27;[36minfo&amp#27;[39m: [debug] [BOOTSTRAP] [debug] Using: UiSelector[INSTANCE=0, RESOURCE_ID=com.popular.app.corp:id/btnContinuar]
&amp#27;[36minfo&amp#27;[39m: [debug] [BOOTSTRAP] [debug] Failed to locate element. Clearing Accessibility cache and retrying.
&amp#27;[36minfo&amp#27;[39m: [debug] [BOOTSTRAP] [debug] Finding com.popular.app.corp:id/btnContinuar using ID with the contextId:  multiple: false
&amp#27;[36minfo&amp#27;[39m: [debug] [BOOTSTRAP] [debug] Using: UiSelector[INSTANCE=0, RESOURCE_ID=com.popular.app.corp:id/btnContinuar]
&amp#27;[36minfo&amp#27;[39m: [debug] [BOOTSTRAP] [debug] Returning result: {"value":"No element found","status":7}
&amp#27;[36minfo&amp#27;[39m: [debug] Waited for 33267ms so far
&amp#27;[36minfo&amp#27;[39m: [debug] Pushing command to appium work queue: ["find",{"strategy":"id","selector":"com.popular.app.corp:id/btnContinuar","context":"","multiple":false}]
&amp#27;[36minfo&amp#27;[39m: [debug] [BOOTSTRAP] [debug] Got data from client: {"cmd":"action","action":"find","params":{"strategy":"id","selector":"com.popular.app.corp:id/btnContinuar","context":"","multiple":false}}
&amp#27;[36minfo&amp#27;[39m: [debug] [BOOTSTRAP] [debug] Got command of type ACTION
&amp#27;[36minfo&amp#27;[39m: [debug] [BOOTSTRAP] [debug] Got command action: find
&amp#27;[36minfo&amp#27;[39m: [debug] [BOOTSTRAP] [debug] Finding com.popular.app.corp:id/btnContinuar using ID with the contextId:  multiple: false
&amp#27;[36minfo&amp#27;[39m: [debug] [BOOTSTRAP] [debug] Using: UiSelector[INSTANCE=0, RESOURCE_ID=com.popular.app.corp:id/btnContinuar]
&amp#27;[36minfo&amp#27;[39m: [debug] [BOOTSTRAP] [debug] Failed to locate element. Clearing Accessibility cache and retrying.
&amp#27;[36minfo&amp#27;[39m: [debug] [BOOTSTRAP] [debug] Finding com.popular.app.corp:id/btnContinuar using ID with the contextId:  multiple: false
&amp#27;[36minfo&amp#27;[39m: [debug] [BOOTSTRAP] [debug] Using: UiSelector[INSTANCE=0, RESOURCE_ID=com.popular.app.corp:id/btnContinuar]
&amp#27;[36minfo&amp#27;[39m: [debug] [BOOTSTRAP] [debug] Returning result: {"value":"No element found","status":7}
&amp#27;[36minfo&amp#27;[39m: [debug] Waited for 33790ms so far
&amp#27;[36minfo&amp#27;[39m: [debug] Pushing command to appium work queue: ["find",{"strategy":"id","selector":"com.popular.app.corp:id/btnContinuar","context":"","multiple":false}]
&amp#27;[36minfo&amp#27;[39m: [debug] [BOOTSTRAP] [debug] Got data from client: {"cmd":"action","action":"find","params":{"strategy":"id","selector":"com.popular.app.corp:id/btnContinuar","context":"","multiple":false}}
&amp#27;[36minfo&amp#27;[39m: [debug] [BOOTSTRAP] [debug] Got command of type ACTION
&amp#27;[36minfo&amp#27;[39m: [debug] [BOOTSTRAP] [debug] Got command action: find
&amp#27;[36minfo&amp#27;[39m: [debug] [BOOTSTRAP] [debug] Finding com.popular.app.corp:id/btnContinuar using ID with the contextId:  multiple: false
&amp#27;[36minfo&amp#27;[39m: [debug] [BOOTSTRAP] [debug] Using: UiSelector[INSTANCE=0, RESOURCE_ID=com.popular.app.corp:id/btnContinuar]
&amp#27;[36minfo&amp#27;[39m: [debug] [BOOTSTRAP] [debug] Failed to locate element. Clearing Accessibility cache and retrying.
&amp#27;[36minfo&amp#27;[39m: [debug] [BOOTSTRAP] [debug] Finding com.popular.app.corp:id/btnContinuar using ID with the contextId:  multiple: false
&amp#27;[36minfo&amp#27;[39m: [debug] [BOOTSTRAP] [debug] Using: UiSelector[INSTANCE=0, RESOURCE_ID=com.popular.app.corp:id/btnContinuar]
&amp#27;[36minfo&amp#27;[39m: [debug] [BOOTSTRAP] [debug] Returning result: {"value":"No element found","status":7}
&amp#27;[36minfo&amp#27;[39m: [debug] Waited for 34318ms so far
&amp#27;[36minfo&amp#27;[39m: [debug] Pushing command to appium work queue: ["find",{"strategy":"id","selector":"com.popular.app.corp:id/btnContinuar","context":"","multiple":false}]
&amp#27;[36minfo&amp#27;[39m: [debug] [BOOTSTRAP] [debug] Got data from client: {"cmd":"action","action":"find","params":{"strategy":"id","selector":"com.popular.app.corp:id/btnContinuar","context":"","multiple":false}}
&amp#27;[36minfo&amp#27;[39m: [debug] [BOOTSTRAP] [debug] Got command of type ACTION
&amp#27;[36minfo&amp#27;[39m: [debug] [BOOTSTRAP] [debug] Got command action: find
&amp#27;[36minfo&amp#27;[39m: [debug] [BOOTSTRAP] [debug] Finding com.popular.app.corp:id/btnContinuar using ID with the contextId:  multiple: false
&amp#27;[36minfo&amp#27;[39m: [debug] [BOOTSTRAP] [debug] Using: UiSelector[INSTANCE=0, RESOURCE_ID=com.popular.app.corp:id/btnContinuar]
&amp#27;[36minfo&amp#27;[39m: [debug] [BOOTSTRAP] [debug] Failed to locate element. Clearing Accessibility cache and retrying.
&amp#27;[36minfo&amp#27;[39m: [debug] [BOOTSTRAP] [debug] Finding com.popular.app.corp:id/btnContinuar using ID with the contextId:  multiple: false
&amp#27;[36minfo&amp#27;[39m: [debug] [BOOTSTRAP] [debug] Using: UiSelector[INSTANCE=0, RESOURCE_ID=com.popular.app.corp:id/btnContinuar]
&amp#27;[36minfo&amp#27;[39m: [debug] [BOOTSTRAP] [debug] Returning result: {"value":"No element found","status":7}
&amp#27;[36minfo&amp#27;[39m: [debug] Waited for 35068ms so far
&amp#27;[36minfo&amp#27;[39m: [debug] Pushing command to appium work queue: ["find",{"strategy":"id","selector":"com.popular.app.corp:id/btnContinuar","context":"","multiple":false}]
&amp#27;[36minfo&amp#27;[39m: [debug] [BOOTSTRAP] [debug] Got data from client: {"cmd":"action","action":"find","params":{"strategy":"id","selector":"com.popular.app.corp:id/btnContinuar","context":"","multiple":false}}
&amp#27;[36minfo&amp#27;[39m: [debug] [BOOTSTRAP] [debug] Got command of type ACTION
&amp#27;[36minfo&amp#27;[39m: [debug] [BOOTSTRAP] [debug] Got command action: find
&amp#27;[36minfo&amp#27;[39m: [debug] [BOOTSTRAP] [debug] Finding com.popular.app.corp:id/btnContinuar using ID with the contextId:  multiple: false
&amp#27;[36minfo&amp#27;[39m: [debug] [BOOTSTRAP] [debug] Using: UiSelector[INSTANCE=0, RESOURCE_ID=com.popular.app.corp:id/btnContinuar]
&amp#27;[36minfo&amp#27;[39m: [debug] [BOOTSTRAP] [debug] Failed to locate element. Clearing Accessibility cache and retrying.
&amp#27;[36minfo&amp#27;[39m: [debug] [BOOTSTRAP] [debug] Finding com.popular.app.corp:id/btnContinuar using ID with the contextId:  multiple: false
&amp#27;[36minfo&amp#27;[39m: [debug] [BOOTSTRAP] [debug] Using: UiSelector[INSTANCE=0, RESOURCE_ID=com.popular.app.corp:id/btnContinuar]
&amp#27;[36minfo&amp#27;[39m: [debug] [BOOTSTRAP] [debug] Returning result: {"value":"No element found","status":7}
&amp#27;[36minfo&amp#27;[39m: [debug] Waited for 35732ms so far
&amp#27;[36minfo&amp#27;[39m: [debug] Pushing command to appium work queue: ["find",{"strategy":"id","selector":"com.popular.app.corp:id/btnContinuar","context":"","multiple":false}]
&amp#27;[36minfo&amp#27;[39m: [debug] [BOOTSTRAP] [debug] Got data from client: {"cmd":"action","action":"find","params":{"strategy":"id","selector":"com.popular.app.corp:id/btnContinuar","context":"","multiple":false}}
&amp#27;[36minfo&amp#27;[39m: [debug] [BOOTSTRAP] [debug] Got command of type ACTION
&amp#27;[36minfo&amp#27;[39m: [debug] [BOOTSTRAP] [debug] Got command action: find
&amp#27;[36minfo&amp#27;[39m: [debug] [BOOTSTRAP] [debug] Finding com.popular.app.corp:id/btnContinuar using ID with the contextId:  multiple: false
&amp#27;[36minfo&amp#27;[39m: [debug] [BOOTSTRAP] [debug] Using: UiSelector[INSTANCE=0, RESOURCE_ID=com.popular.app.corp:id/btnContinuar]
&amp#27;[36minfo&amp#27;[39m: [debug] [BOOTSTRAP] [debug] Failed to locate element. Clearing Accessibility cache and retrying.
&amp#27;[36minfo&amp#27;[39m: [debug] [BOOTSTRAP] [debug] Finding com.popular.app.corp:id/btnContinuar using ID with the contextId:  multiple: false
&amp#27;[36minfo&amp#27;[39m: [debug] [BOOTSTRAP] [debug] Using: UiSelector[INSTANCE=0, RESOURCE_ID=com.popular.app.corp:id/btnContinuar]
&amp#27;[36minfo&amp#27;[39m: [debug] [BOOTSTRAP] [debug] Returning result: {"value":"No element found","status":7}
&amp#27;[36minfo&amp#27;[39m: [debug] Waited for 36397ms so far
&amp#27;[36minfo&amp#27;[39m: [debug] Pushing command to appium work queue: ["find",{"strategy":"id","selector":"com.popular.app.corp:id/btnContinuar","context":"","multiple":false}]
&amp#27;[36minfo&amp#27;[39m: [debug] [BOOTSTRAP] [debug] Got data from client: {"cmd":"action","action":"find","params":{"strategy":"id","selector":"com.popular.app.corp:id/btnContinuar","context":"","multiple":false}}
&amp#27;[36minfo&amp#27;[39m: [debug] [BOOTSTRAP] [debug] Got command of type ACTION
&amp#27;[36minfo&amp#27;[39m: [debug] [BOOTSTRAP] [debug] Got command action: find
&amp#27;[36minfo&amp#27;[39m: [debug] [BOOTSTRAP] [debug] Finding com.popular.app.corp:id/btnContinuar using ID with the contextId:  multiple: false
&amp#27;[36minfo&amp#27;[39m: [debug] [BOOTSTRAP] [debug] Using: UiSelector[INSTANCE=0, RESOURCE_ID=com.popular.app.corp:id/btnContinuar]
&amp#27;[36minfo&amp#27;[39m: [debug] [BOOTSTRAP] [debug] Failed to locate element. Clearing Accessibility cache and retrying.
&amp#27;[36minfo&amp#27;[39m: [debug] [BOOTSTRAP] [debug] Finding com.popular.app.corp:id/btnContinuar using ID with the contextId:  multiple: false
&amp#27;[36minfo&amp#27;[39m: [debug] [BOOTSTRAP] [debug] Using: UiSelector[INSTANCE=0, RESOURCE_ID=com.popular.app.corp:id/btnContinuar]
&amp#27;[36minfo&amp#27;[39m: [debug] [BOOTSTRAP] [debug] Returning result: {"value":"No element found","status":7}
&amp#27;[36minfo&amp#27;[39m: [debug] Waited for 37052ms so far
&amp#27;[36minfo&amp#27;[39m: [debug] Pushing command to appium work queue: ["find",{"strategy":"id","selector":"com.popular.app.corp:id/btnContinuar","context":"","multiple":false}]
&amp#27;[36minfo&amp#27;[39m: [debug] [BOOTSTRAP] [debug] Got data from client: {"cmd":"action","action":"find","params":{"strategy":"id","selector":"com.popular.app.corp:id/btnContinuar","context":"","multiple":false}}
&amp#27;[36minfo&amp#27;[39m: [debug] [BOOTSTRAP] [debug] Got command of type ACTION
&amp#27;[36minfo&amp#27;[39m: [debug] [BOOTSTRAP] [debug] Got command action: find
&amp#27;[36minfo&amp#27;[39m: [debug] [BOOTSTRAP] [debug] Finding com.popular.app.corp:id/btnContinuar using ID with the contextId:  multiple: false
&amp#27;[36minfo&amp#27;[39m: [debug] [BOOTSTRAP] [debug] Using: UiSelector[INSTANCE=0, RESOURCE_ID=com.popular.app.corp:id/btnContinuar]
&amp#27;[36minfo&amp#27;[39m: [debug] [BOOTSTRAP] [debug] Failed to locate element. Clearing Accessibility cache and retrying.
&amp#27;[36minfo&amp#27;[39m: [debug] [BOOTSTRAP] [debug] Finding com.popular.app.corp:id/btnContinuar using ID with the contextId:  multiple: false
&amp#27;[36minfo&amp#27;[39m: [debug] [BOOTSTRAP] [debug] Using: UiSelector[INSTANCE=0, RESOURCE_ID=com.popular.app.corp:id/btnContinuar]
&amp#27;[36minfo&amp#27;[39m: [debug] [BOOTSTRAP] [debug] Returning result: {"value":"No element found","status":7}
&amp#27;[36minfo&amp#27;[39m: [debug] Waited for 37578ms so far
&amp#27;[36minfo&amp#27;[39m: [debug] Pushing command to appium work queue: ["find",{"strategy":"id","selector":"com.popular.app.corp:id/btnContinuar","context":"","multiple":false}]
&amp#27;[36minfo&amp#27;[39m: [debug] [BOOTSTRAP] [debug] Got data from client: {"cmd":"action","action":"find","params":{"strategy":"id","selector":"com.popular.app.corp:id/btnContinuar","context":"","multiple":false}}
&amp#27;[36minfo&amp#27;[39m: [debug] [BOOTSTRAP] [debug] Got command of type ACTION
&amp#27;[36minfo&amp#27;[39m: [debug] [BOOTSTRAP] [debug] Got command action: find
&amp#27;[36minfo&amp#27;[39m: [debug] [BOOTSTRAP] [debug] Finding com.popular.app.corp:id/btnContinuar using ID with the contextId:  multiple: false
&amp#27;[36minfo&amp#27;[39m: [debug] [BOOTSTRAP] [debug] Using: UiSelector[INSTANCE=0, RESOURCE_ID=com.popular.app.corp:id/btnContinuar]
&amp#27;[36minfo&amp#27;[39m: [debug] [BOOTSTRAP] [debug] Failed to locate element. Clearing Accessibility cache and retrying.
&amp#27;[36minfo&amp#27;[39m: [debug] [BOOTSTRAP] [debug] Finding com.popular.app.corp:id/btnContinuar using ID with the contextId:  multiple: false
&amp#27;[36minfo&amp#27;[39m: [debug] [BOOTSTRAP] [debug] Using: UiSelector[INSTANCE=0, RESOURCE_ID=com.popular.app.corp:id/btnContinuar]
&amp#27;[36minfo&amp#27;[39m: [debug] [BOOTSTRAP] [debug] Returning result: {"value":"No element found","status":7}
&amp#27;[36minfo&amp#27;[39m: [debug] Waited for 38122ms so far
&amp#27;[36minfo&amp#27;[39m: [debug] Pushing command to appium work queue: ["find",{"strategy":"id","selector":"com.popular.app.corp:id/btnContinuar","context":"","multiple":false}]
&amp#27;[36minfo&amp#27;[39m: [debug] [BOOTSTRAP] [debug] Got data from client: {"cmd":"action","action":"find","params":{"strategy":"id","selector":"com.popular.app.corp:id/btnContinuar","context":"","multiple":false}}
&amp#27;[36minfo&amp#27;[39m: [debug] [BOOTSTRAP] [debug] Got command of type ACTION
&amp#27;[36minfo&amp#27;[39m: [debug] [BOOTSTRAP] [debug] Got command action: find
&amp#27;[36minfo&amp#27;[39m: [debug] [BOOTSTRAP] [debug] Finding com.popular.app.corp:id/btnContinuar using ID with the contextId:  multiple: false
&amp#27;[36minfo&amp#27;[39m: [debug] [BOOTSTRAP] [debug] Using: UiSelector[INSTANCE=0, RESOURCE_ID=com.popular.app.corp:id/btnContinuar]
&amp#27;[36minfo&amp#27;[39m: [debug] [BOOTSTRAP] [debug] Failed to locate element. Clearing Accessibility cache and retrying.
&amp#27;[36minfo&amp#27;[39m: [debug] [BOOTSTRAP] [debug] Finding com.popular.app.corp:id/btnContinuar using ID with the contextId:  multiple: false
&amp#27;[36minfo&amp#27;[39m: [debug] [BOOTSTRAP] [debug] Using: UiSelector[INSTANCE=0, RESOURCE_ID=com.popular.app.corp:id/btnContinuar]
&amp#27;[36minfo&amp#27;[39m: [debug] [BOOTSTRAP] [debug] Returning result: {"value":"No element found","status":7}
&amp#27;[36minfo&amp#27;[39m: [debug] Waited for 38690ms so far
&amp#27;[36minfo&amp#27;[39m: [debug] Pushing command to appium work queue: ["find",{"strategy":"id","selector":"com.popular.app.corp:id/btnContinuar","context":"","multiple":false}]
&amp#27;[36minfo&amp#27;[39m: [debug] [BOOTSTRAP] [debug] Got data from client: {"cmd":"action","action":"find","params":{"strategy":"id","selector":"com.popular.app.corp:id/btnContinuar","context":"","multiple":false}}
&amp#27;[36minfo&amp#27;[39m: [debug] [BOOTSTRAP] [debug] Got command of type ACTION
&amp#27;[36minfo&amp#27;[39m: [debug] [BOOTSTRAP] [debug] Got command action: find
&amp#27;[36minfo&amp#27;[39m: [debug] [BOOTSTRAP] [debug] Finding com.popular.app.corp:id/btnContinuar using ID with the contextId:  multiple: false
&amp#27;[36minfo&amp#27;[39m: [debug] [BOOTSTRAP] [debug] Using: UiSelector[INSTANCE=0, RESOURCE_ID=com.popular.app.corp:id/btnContinuar]
&amp#27;[36minfo&amp#27;[39m: [debug] [BOOTSTRAP] [debug] Failed to locate element. Clearing Accessibility cache and retrying.
&amp#27;[36minfo&amp#27;[39m: [debug] [BOOTSTRAP] [debug] Finding com.popular.app.corp:id/btnContinuar using ID with the contextId:  multiple: false
&amp#27;[36minfo&amp#27;[39m: [debug] [BOOTSTRAP] [debug] Using: UiSelector[INSTANCE=0, RESOURCE_ID=com.popular.app.corp:id/btnContinuar]
&amp#27;[36minfo&amp#27;[39m: [debug] [BOOTSTRAP] [debug] Returning result: {"value":"No element found","status":7}
&amp#27;[36minfo&amp#27;[39m: [debug] Waited for 39238ms so far
&amp#27;[36minfo&amp#27;[39m: [debug] Pushing command to appium work queue: ["find",{"strategy":"id","selector":"com.popular.app.corp:id/btnContinuar","context":"","multiple":false}]
&amp#27;[36minfo&amp#27;[39m: [debug] [BOOTSTRAP] [debug] Got data from client: {"cmd":"action","action":"find","params":{"strategy":"id","selector":"com.popular.app.corp:id/btnContinuar","context":"","multiple":false}}
&amp#27;[36minfo&amp#27;[39m: [debug] [BOOTSTRAP] [debug] Got command of type ACTION
&amp#27;[36minfo&amp#27;[39m: [debug] [BOOTSTRAP] [debug] Got command action: find
&amp#27;[36minfo&amp#27;[39m: [debug] [BOOTSTRAP] [debug] Finding com.popular.app.corp:id/btnContinuar using ID with the contextId:  multiple: false
&amp#27;[36minfo&amp#27;[39m: [debug] [BOOTSTRAP] [debug] Using: UiSelector[INSTANCE=0, RESOURCE_ID=com.popular.app.corp:id/btnContinuar]
&amp#27;[36minfo&amp#27;[39m: [debug] [BOOTSTRAP] [debug] Failed to locate element. Clearing Accessibility cache and retrying.
&amp#27;[36minfo&amp#27;[39m: [debug] [BOOTSTRAP] [debug] Finding com.popular.app.corp:id/btnContinuar using ID with the contextId:  multiple: false
&amp#27;[36minfo&amp#27;[39m: [debug] [BOOTSTRAP] [debug] Using: UiSelector[INSTANCE=0, RESOURCE_ID=com.popular.app.corp:id/btnContinuar]
&amp#27;[36minfo&amp#27;[39m: [debug] [BOOTSTRAP] [debug] Returning result: {"value":"No element found","status":7}
&amp#27;[36minfo&amp#27;[39m: [debug] Waited for 39879ms so far
&amp#27;[36minfo&amp#27;[39m: [debug] Pushing command to appium work queue: ["find",{"strategy":"id","selector":"com.popular.app.corp:id/btnContinuar","context":"","multiple":false}]
&amp#27;[36minfo&amp#27;[39m: [debug] [BOOTSTRAP] [debug] Got data from client: {"cmd":"action","action":"find","params":{"strategy":"id","selector":"com.popular.app.corp:id/btnContinuar","context":"","multiple":false}}
&amp#27;[36minfo&amp#27;[39m: [debug] [BOOTSTRAP] [debug] Got command of type ACTION
&amp#27;[36minfo&amp#27;[39m: [debug] [BOOTSTRAP] [debug] Got command action: find
&amp#27;[36minfo&amp#27;[39m: [debug] [BOOTSTRAP] [debug] Finding com.popular.app.corp:id/btnContinuar using ID with the contextId:  multiple: false
&amp#27;[36minfo&amp#27;[39m: [debug] [BOOTSTRAP] [debug] Using: UiSelector[INSTANCE=0, RESOURCE_ID=com.popular.app.corp:id/btnContinuar]
&amp#27;[36minfo&amp#27;[39m: [debug] [BOOTSTRAP] [debug] Failed to locate element. Clearing Accessibility cache and retrying.
&amp#27;[36minfo&amp#27;[39m: [debug] [BOOTSTRAP] [debug] Finding com.popular.app.corp:id/btnContinuar using ID with the contextId:  multiple: false
&amp#27;[36minfo&amp#27;[39m: [debug] [BOOTSTRAP] [debug] Using: UiSelector[INSTANCE=0, RESOURCE_ID=com.popular.app.corp:id/btnContinuar]
&amp#27;[36minfo&amp#27;[39m: [debug] [BOOTSTRAP] [debug] Returning result: {"value":"No element found","status":7}
&amp#27;[36minfo&amp#27;[39m: [debug] Waited for 40637ms so far
&amp#27;[36minfo&amp#27;[39m: [debug] Pushing command to appium work queue: ["find",{"strategy":"id","selector":"com.popular.app.corp:id/btnContinuar","context":"","multiple":false}]
&amp#27;[36minfo&amp#27;[39m: [debug] [BOOTSTRAP] [debug] Got data from client: {"cmd":"action","action":"find","params":{"strategy":"id","selector":"com.popular.app.corp:id/btnContinuar","context":"","multiple":false}}
&amp#27;[36minfo&amp#27;[39m: [debug] [BOOTSTRAP] [debug] Got command of type ACTION
&amp#27;[36minfo&amp#27;[39m: [debug] [BOOTSTRAP] [debug] Got command action: find
&amp#27;[36minfo&amp#27;[39m: [debug] [BOOTSTRAP] [debug] Finding com.popular.app.corp:id/btnContinuar using ID with the contextId:  multiple: false
&amp#27;[36minfo&amp#27;[39m: [debug] &amp#27;[90m[UIAUTOMATOR STDOUT] [APPIUM-UIAUTO] [debug] Using: UiSelector[I&amp#27;[39m
&amp#27;[36minfo&amp#27;[39m: [debug] &amp#27;[90m[UIAUTOMATOR STDOUT] NSTANCE=0, RESOURCE_ID=com.popular.app.corp:id/btnContinuar][/APPIUM-UIAUTO]&amp#27;[39m
&amp#27;[36minfo&amp#27;[39m: [debug] [BOOTSTRAP] [debug] Failed to locate element. Clearing Accessibility cache and retrying.
&amp#27;[36minfo&amp#27;[39m: [debug] [BOOTSTRAP] [debug] Finding com.popular.app.corp:id/btnContinuar using ID with the contextId:  multiple: false
&amp#27;[36minfo&amp#27;[39m: [debug] [BOOTSTRAP] [debug] Using: UiSelector[INSTANCE=0, RESOURCE_ID=com.popular.app.corp:id/btnContinuar]
&amp#27;[36minfo&amp#27;[39m: [debug] [BOOTSTRAP] [debug] Returning result: {"value":"No element found","status":7}
&amp#27;[36minfo&amp#27;[39m: [debug] Waited for 41220ms so far
&amp#27;[36minfo&amp#27;[39m: [debug] Pushing command to appium work queue: ["find",{"strategy":"id","selector":"com.popular.app.corp:id/btnContinuar","context":"","multiple":false}]
&amp#27;[36minfo&amp#27;[39m: [debug] [BOOTSTRAP] [debug] Got data from client: {"cmd":"action","action":"find","params":{"strategy":"id","selector":"com.popular.app.corp:id/btnContinuar","context":"","multiple":false}}
&amp#27;[36minfo&amp#27;[39m: [debug] [BOOTSTRAP] [debug] Got command of type ACTION
&amp#27;[36minfo&amp#27;[39m: [debug] [BOOTSTRAP] [debug] Got command action: find
&amp#27;[36minfo&amp#27;[39m: [debug] [BOOTSTRAP] [debug] Finding com.popular.app.corp:id/btnContinuar using ID with the contextId:  multiple: false
&amp#27;[36minfo&amp#27;[39m: [debug] [BOOTSTRAP] [debug] Using: UiSelector[INSTANCE=0, RESOURCE_ID=com.popular.app.corp:id/btnContinuar]
&amp#27;[36minfo&amp#27;[39m: [debug] [BOOTSTRAP] [debug] Failed to locate element. Clearing Accessibility cache and retrying.
&amp#27;[36minfo&amp#27;[39m: [debug] [BOOTSTRAP] [debug] Finding com.popular.app.corp:id/btnContinuar using ID with the contextId:  multiple: false
&amp#27;[36minfo&amp#27;[39m: [debug] [BOOTSTRAP] [debug] Using: UiSelector[INSTANCE=0, RESOURCE_ID=com.popular.app.corp:id/btnContinuar]
&amp#27;[36minfo&amp#27;[39m: [debug] [BOOTSTRAP] [debug] Returning result: {"value":"No element found","status":7}
&amp#27;[36minfo&amp#27;[39m: [debug] Waited for 41757ms so far
&amp#27;[36minfo&amp#27;[39m: [debug] Pushing command to appium work queue: ["find",{"strategy":"id","selector":"com.popular.app.corp:id/btnContinuar","context":"","multiple":false}]
&amp#27;[36minfo&amp#27;[39m: [debug] [BOOTSTRAP] [debug] Got data from client: {"cmd":"action","action":"find","params":{"strategy":"id","selector":"com.popular.app.corp:id/btnContinuar","context":"","multiple":false}}
&amp#27;[36minfo&amp#27;[39m: [debug] [BOOTSTRAP] [debug] Got command of type ACTION
&amp#27;[36minfo&amp#27;[39m: [debug] [BOOTSTRAP] [debug] Got command action: find
&amp#27;[36minfo&amp#27;[39m: [debug] [BOOTSTRAP] [debug] Finding com.popular.app.corp:id/btnContinuar using ID with the contextId:  multiple: false
&amp#27;[36minfo&amp#27;[39m: [debug] [BOOTSTRAP] [debug] Using: UiSelector[INSTANCE=0, RESOURCE_ID=com.popular.app.corp:id/btnContinuar]
&amp#27;[36minfo&amp#27;[39m: [debug] [BOOTSTRAP] [debug] Failed to locate element. Clearing Accessibility cache and retrying.
&amp#27;[36minfo&amp#27;[39m: [debug] [BOOTSTRAP] [debug] Finding com.popular.app.corp:id/btnContinuar using ID with the contextId:  multiple: false
&amp#27;[36minfo&amp#27;[39m: [debug] [BOOTSTRAP] [debug] Using: UiSelector[INSTANCE=0, RESOURCE_ID=com.popular.app.corp:id/btnContinuar]
&amp#27;[36minfo&amp#27;[39m: [debug] [BOOTSTRAP] [debug] Returning result: {"value":"No element found","status":7}
&amp#27;[36minfo&amp#27;[39m: [debug] Waited for 42341ms so far
&amp#27;[36minfo&amp#27;[39m: [debug] Pushing command to appium work queue: ["find",{"strategy":"id","selector":"com.popular.app.corp:id/btnContinuar","context":"","multiple":false}]
&amp#27;[36minfo&amp#27;[39m: [debug] [BOOTSTRAP] [debug] Got data from client: {"cmd":"action","action":"find","params":{"strategy":"id","selector":"com.popular.app.corp:id/btnContinuar","context":"","multiple":false}}
&amp#27;[36minfo&amp#27;[39m: [debug] [BOOTSTRAP] [debug] Got command of type ACTION
&amp#27;[36minfo&amp#27;[39m: [debug] [BOOTSTRAP] [debug] Got command action: find
&amp#27;[36minfo&amp#27;[39m: [debug] [BOOTSTRAP] [debug] Finding com.popular.app.corp:id/btnContinuar using ID with the contextId:  multiple: false
&amp#27;[36minfo&amp#27;[39m: [debug] [BOOTSTRAP] [debug] Using: UiSelector[INSTANCE=0, RESOURCE_ID=com.popular.app.corp:id/btnContinuar]
&amp#27;[36minfo&amp#27;[39m: [debug] [BOOTSTRAP] [debug] Failed to locate element. Clearing Accessibility cache and retrying.
&amp#27;[36minfo&amp#27;[39m: [debug] [BOOTSTRAP] [debug] Finding com.popular.app.corp:id/btnContinuar using ID with the contextId:  multiple: false
&amp#27;[36minfo&amp#27;[39m: [debug] [BOOTSTRAP] [debug] Using: UiSelector[INSTANCE=0, RESOURCE_ID=com.popular.app.corp:id/btnContinuar]
&amp#27;[36minfo&amp#27;[39m: [debug] [BOOTSTRAP] [debug] Returning result: {"value":"No element found","status":7}
&amp#27;[36minfo&amp#27;[39m: [debug] Waited for 43163ms so far
&amp#27;[36minfo&amp#27;[39m: [debug] Pushing command to appium work queue: ["find",{"strategy":"id","selector":"com.popular.app.corp:id/btnContinuar","context":"","multiple":false}]
&amp#27;[36minfo&amp#27;[39m: [debug] [BOOTSTRAP] [debug] Got data from client: {"cmd":"action","action":"find","params":{"strategy":"id","selector":"com.popular.app.corp:id/btnContinuar","context":"","multiple":false}}
&amp#27;[36minfo&amp#27;[39m: [debug] [BOOTSTRAP] [debug] Got command of type ACTION
&amp#27;[36minfo&amp#27;[39m: [debug] [BOOTSTRAP] [debug] Got command action: find
&amp#27;[36minfo&amp#27;[39m: [debug] [BOOTSTRAP] [debug] Finding com.popular.app.corp:id/btnContinuar using ID with the contextId:  multiple: false
&amp#27;[36minfo&amp#27;[39m: [debug] [BOOTSTRAP] [debug] Using: UiSelector[INSTANCE=0, RESOURCE_ID=com.popular.app.corp:id/btnContinuar]
&amp#27;[36minfo&amp#27;[39m: [debug] [BOOTSTRAP] [debug] Failed to locate element. Clearing Accessibility cache and retrying.
&amp#27;[36minfo&amp#27;[39m: [debug] [BOOTSTRAP] [debug] Finding com.popular.app.corp:id/btnContinuar using ID with the contextId:  multiple: false
&amp#27;[36minfo&amp#27;[39m: [debug] [BOOTSTRAP] [debug] Using: UiSelector[INSTANCE=0, RESOURCE_ID=com.popular.app.corp:id/btnContinuar]
&amp#27;[36minfo&amp#27;[39m: [debug] [BOOTSTRAP] [debug] Returning result: {"value":"No element found","status":7}
&amp#27;[36minfo&amp#27;[39m: [debug] Waited for 43790ms so far
&amp#27;[36minfo&amp#27;[39m: [debug] Pushing command to appium work queue: ["find",{"strategy":"id","selector":"com.popular.app.corp:id/btnContinuar","context":"","multiple":false}]
&amp#27;[36minfo&amp#27;[39m: [debug] [BOOTSTRAP] [debug] Got data from client: {"cmd":"action","action":"find","params":{"strategy":"id","selector":"com.popular.app.corp:id/btnContinuar","context":"","multiple":false}}
&amp#27;[36minfo&amp#27;[39m: [debug] [BOOTSTRAP] [debug] Got command of type ACTION
&amp#27;[36minfo&amp#27;[39m: [debug] [BOOTSTRAP] [debug] Got command action: find
&amp#27;[36minfo&amp#27;[39m: [debug] [BOOTSTRAP] [debug] Finding com.popular.app.corp:id/btnContinuar using ID with the contextId:  multiple: false
&amp#27;[36minfo&amp#27;[39m: [debug] [BOOTSTRAP] [debug] Using: UiSelector[INSTANCE=0, RESOURCE_ID=com.popular.app.corp:id/btnContinuar]
&amp#27;[36minfo&amp#27;[39m: [debug] [BOOTSTRAP] [debug] Failed to locate element. Clearing Accessibility cache and retrying.
&amp#27;[36minfo&amp#27;[39m: [debug] [BOOTSTRAP] [debug] Finding com.popular.app.corp:id/btnContinuar using ID with the contextId:  multiple: false
&amp#27;[36minfo&amp#27;[39m: [debug] [BOOTSTRAP] [debug] Using: UiSelector[INSTANCE=0, RESOURCE_ID=com.popular.app.corp:id/btnContinuar]
&amp#27;[36minfo&amp#27;[39m: [debug] [BOOTSTRAP] [debug] Returning result: {"value":"No element found","status":7}
&amp#27;[36minfo&amp#27;[39m: [debug] Waited for 44458ms so far
&amp#27;[36minfo&amp#27;[39m: [debug] Pushing command to appium work queue: ["find",{"strategy":"id","selector":"com.popular.app.corp:id/btnContinuar","context":"","multiple":false}]
&amp#27;[36minfo&amp#27;[39m: [debug] [BOOTSTRAP] [debug] Got data from client: {"cmd":"action","action":"find","params":{"strategy":"id","selector":"com.popular.app.corp:id/btnContinuar","context":"","multiple":false}}
&amp#27;[36minfo&amp#27;[39m: [debug] [BOOTSTRAP] [debug] Got command of type ACTION
&amp#27;[36minfo&amp#27;[39m: [debug] [BOOTSTRAP] [debug] Got command action: find
&amp#27;[36minfo&amp#27;[39m: [debug] [BOOTSTRAP] [debug] Finding com.popular.app.corp:id/btnContinuar using ID with the contextId:  multiple: false
&amp#27;[36minfo&amp#27;[39m: [debug] [BOOTSTRAP] [debug] Using: UiSelector[INSTANCE=0, RESOURCE_ID=com.popular.app.corp:id/btnContinuar]
&amp#27;[36minfo&amp#27;[39m: [debug] [BOOTSTRAP] [debug] Failed to locate element. Clearing Accessibility cache and retrying.
&amp#27;[36minfo&amp#27;[39m: [debug] [BOOTSTRAP] [debug] Finding com.popular.app.corp:id/btnContinuar using ID with the contextId:  multiple: false
&amp#27;[36minfo&amp#27;[39m: [debug] [BOOTSTRAP] [debug] Using: UiSelector[INSTANCE=0, RESOURCE_ID=com.popular.app.corp:id/btnContinuar]
&amp#27;[36minfo&amp#27;[39m: [debug] [BOOTSTRAP] [debug] Returning result: {"value":"No element found","status":7}
&amp#27;[36minfo&amp#27;[39m: [debug] Waited for 45133ms so far
&amp#27;[36minfo&amp#27;[39m: [debug] Pushing command to appium work queue: ["find",{"strategy":"id","selector":"com.popular.app.corp:id/btnContinuar","context":"","multiple":false}]
&amp#27;[36minfo&amp#27;[39m: [debug] [BOOTSTRAP] [debug] Got data from client: {"cmd":"action","action":"find","params":{"strategy":"id","selector":"com.popular.app.corp:id/btnContinuar","context":"","multiple":false}}
&amp#27;[36minfo&amp#27;[39m: [debug] [BOOTSTRAP] [debug] Got command of type ACTION
&amp#27;[36minfo&amp#27;[39m: [debug] [BOOTSTRAP] [debug] Got command action: find
&amp#27;[36minfo&amp#27;[39m: [debug] [BOOTSTRAP] [debug] Finding com.popular.app.corp:id/btnContinuar using ID with the contextId:  multiple: false
&amp#27;[36minfo&amp#27;[39m: [debug] [BOOTSTRAP] [debug] Using: UiSelector[INSTANCE=0, RESOURCE_ID=com.popular.app.corp:id/btnContinuar]
&amp#27;[36minfo&amp#27;[39m: [debug] [BOOTSTRAP] [debug] Failed to locate element. Clearing Accessibility cache and retrying.
&amp#27;[36minfo&amp#27;[39m: [debug] [BOOTSTRAP] [debug] Finding com.popular.app.corp:id/btnContinuar using ID with the contextId:  multiple: false
&amp#27;[36minfo&amp#27;[39m: [debug] [BOOTSTRAP] [debug] Using: UiSelector[INSTANCE=0, RESOURCE_ID=com.popular.app.corp:id/btnContinuar]
&amp#27;[36minfo&amp#27;[39m: [debug] [BOOTSTRAP] [debug] Returning result: {"value":"No element found","status":7}
&amp#27;[36minfo&amp#27;[39m: [debug] Waited for 45799ms so far
&amp#27;[36minfo&amp#27;[39m: [debug] Pushing command to appium work queue: ["find",{"strategy":"id","selector":"com.popular.app.corp:id/btnContinuar","context":"","multiple":false}]
&amp#27;[36minfo&amp#27;[39m: [debug] [BOOTSTRAP] [debug] Got data from client: {"cmd":"action","action":"find","params":{"strategy":"id","selector":"com.popular.app.corp:id/btnContinuar","context":"","multiple":false}}
&amp#27;[36minfo&amp#27;[39m: [debug] [BOOTSTRAP] [debug] Got command of type ACTION
&amp#27;[36minfo&amp#27;[39m: [debug] [BOOTSTRAP] [debug] Got command action: find
&amp#27;[36minfo&amp#27;[39m: [debug] [BOOTSTRAP] [debug] Finding com.popular.app.corp:id/btnContinuar using ID with the contextId:  multiple: false
&amp#27;[36minfo&amp#27;[39m: [debug] [BOOTSTRAP] [debug] Using: UiSelector[INSTANCE=0, RESOURCE_ID=com.popular.app.corp:id/btnContinuar]
&amp#27;[36minfo&amp#27;[39m: [debug] [BOOTSTRAP] [debug] Failed to locate element. Clearing Accessibility cache and retrying.
&amp#27;[36minfo&amp#27;[39m: [debug] [BOOTSTRAP] [debug] Finding com.popular.app.corp:id/btnContinuar using ID with the contextId:  multiple: false
&amp#27;[36minfo&amp#27;[39m: [debug] [BOOTSTRAP] [debug] Using: UiSelector[INSTANCE=0, RESOURCE_ID=com.popular.app.corp:id/btnContinuar]
&amp#27;[36minfo&amp#27;[39m: [debug] [BOOTSTRAP] [debug] Returning result: {"value":"No element found","status":7}
&amp#27;[36minfo&amp#27;[39m: [debug] Waited for 46348ms so far
&amp#27;[36minfo&amp#27;[39m: [debug] Pushing command to appium work queue: ["find",{"strategy":"id","selector":"com.popular.app.corp:id/btnContinuar","context":"","multiple":false}]
&amp#27;[36minfo&amp#27;[39m: [debug] [BOOTSTRAP] [debug] Got data from client: {"cmd":"action","action":"find","params":{"strategy":"id","selector":"com.popular.app.corp:id/btnContinuar","context":"","multiple":false}}
&amp#27;[36minfo&amp#27;[39m: [debug] [BOOTSTRAP] [debug] Got command of type ACTION
&amp#27;[36minfo&amp#27;[39m: [debug] [BOOTSTRAP] [debug] Got command action: find
&amp#27;[36minfo&amp#27;[39m: [debug] [BOOTSTRAP] [debug] Finding com.popular.app.corp:id/btnContinuar using ID with the contextId:  multiple: false
&amp#27;[36minfo&amp#27;[39m: [debug] [BOOTSTRAP] [debug] Using: UiSelector[INSTANCE=0, RESOURCE_ID=com.popular.app.corp:id/btnContinuar]
&amp#27;[36minfo&amp#27;[39m: [debug] [BOOTSTRAP] [debug] Failed to locate element. Clearing Accessibility cache and retrying.
&amp#27;[36minfo&amp#27;[39m: [debug] [BOOTSTRAP] [debug] Finding com.popular.app.corp:id/btnContinuar using ID with the contextId:  multiple: false
&amp#27;[36minfo&amp#27;[39m: [debug] [BOOTSTRAP] [debug] Using: UiSelector[INSTANCE=0, RESOURCE_ID=com.popular.app.corp:id/btnContinuar]
&amp#27;[36minfo&amp#27;[39m: [debug] [BOOTSTRAP] [debug] Returning result: {"value":"No element found","status":7}
&amp#27;[36minfo&amp#27;[39m: [debug] Waited for 46886ms so far
&amp#27;[36minfo&amp#27;[39m: [debug] Pushing command to appium work queue: ["find",{"strategy":"id","selector":"com.popular.app.corp:id/btnContinuar","context":"","multiple":false}]
&amp#27;[36minfo&amp#27;[39m: [debug] [BOOTSTRAP] [debug] Got data from client: {"cmd":"action","action":"find","params":{"strategy":"id","selector":"com.popular.app.corp:id/btnContinuar","context":"","multiple":false}}
&amp#27;[36minfo&amp#27;[39m: [debug] [BOOTSTRAP] [debug] Got command of type ACTION
&amp#27;[36minfo&amp#27;[39m: [debug] [BOOTSTRAP] [debug] Got command action: find
&amp#27;[36minfo&amp#27;[39m: [debug] [BOOTSTRAP] [debug] Finding com.popular.app.corp:id/btnContinuar using ID with the contextId:  multiple: false
&amp#27;[36minfo&amp#27;[39m: [debug] &amp#27;[90m[UIAUTOMATOR STDOUT] [APPIUM-UIAUTO] [debug] Using: UiSelector[I&amp#27;[39m
&amp#27;[36minfo&amp#27;[39m: [debug] &amp#27;[90m[UIAUTOMATOR STDOUT] NSTANCE=0, RESOURCE_ID=com.popular.app.corp:id/btnContinuar][/APPIUM-UIAUTO]&amp#27;[39m
&amp#27;[36minfo&amp#27;[39m: [debug] [BOOTSTRAP] [debug] Failed to locate element. Clearing Accessibility cache and retrying.
&amp#27;[36minfo&amp#27;[39m: [debug] [BOOTSTRAP] [debug] Finding com.popular.app.corp:id/btnContinuar using ID with the contextId:  multiple: false
&amp#27;[36minfo&amp#27;[39m: [debug] [BOOTSTRAP] [debug] Using: UiSelector[INSTANCE=0, RESOURCE_ID=com.popular.app.corp:id/btnContinuar]
&amp#27;[36minfo&amp#27;[39m: [debug] [BOOTSTRAP] [debug] Returning result: {"value":"No element found","status":7}
&amp#27;[36minfo&amp#27;[39m: [debug] Waited for 47470ms so far
&amp#27;[36minfo&amp#27;[39m: [debug] Pushing command to appium work queue: ["find",{"strategy":"id","selector":"com.popular.app.corp:id/btnContinuar","context":"","multiple":false}]
&amp#27;[36minfo&amp#27;[39m: [debug] [BOOTSTRAP] [debug] Got data from client: {"cmd":"action","action":"find","params":{"strategy":"id","selector":"com.popular.app.corp:id/btnContinuar","context":"","multiple":false}}
&amp#27;[36minfo&amp#27;[39m: [debug] [BOOTSTRAP] [debug] Got command of type ACTION
&amp#27;[36minfo&amp#27;[39m: [debug] [BOOTSTRAP] [debug] Got command action: find
&amp#27;[36minfo&amp#27;[39m: [debug] [BOOTSTRAP] [debug] Finding com.popular.app.corp:id/btnContinuar using ID with the contextId:  multiple: false
&amp#27;[36minfo&amp#27;[39m: [debug] [BOOTSTRAP] [debug] Using: UiSelector[INSTANCE=0, RESOURCE_ID=com.popular.app.corp:id/btnContinuar]
&amp#27;[36minfo&amp#27;[39m: [debug] [BOOTSTRAP] [debug] Failed to locate element. Clearing Accessibility cache and retrying.
&amp#27;[36minfo&amp#27;[39m: [debug] [BOOTSTRAP] [debug] Finding com.popular.app.corp:id/btnContinuar using ID with the contextId:  multiple: false
&amp#27;[36minfo&amp#27;[39m: [debug] [BOOTSTRAP] [debug] Using: UiSelector[INSTANCE=0, RESOURCE_ID=com.popular.app.corp:id/btnContinuar]
&amp#27;[36minfo&amp#27;[39m: [debug] [BOOTSTRAP] [debug] Returning result: {"value":"No element found","status":7}
&amp#27;[36minfo&amp#27;[39m: [debug] Waited for 48049ms so far
&amp#27;[36minfo&amp#27;[39m: [debug] Pushing command to appium work queue: ["find",{"strategy":"id","selector":"com.popular.app.corp:id/btnContinuar","context":"","multiple":false}]
&amp#27;[36minfo&amp#27;[39m: [debug] [BOOTSTRAP] [debug] Got data from client: {"cmd":"action","action":"find","params":{"strategy":"id","selector":"com.popular.app.corp:id/btnContinuar","context":"","multiple":false}}
&amp#27;[36minfo&amp#27;[39m: [debug] [BOOTSTRAP] [debug] Got command of type ACTION
&amp#27;[36minfo&amp#27;[39m: [debug] [BOOTSTRAP] [debug] Got command action: find
&amp#27;[36minfo&amp#27;[39m: [debug] [BOOTSTRAP] [debug] Finding com.popular.app.corp:id/btnContinuar using ID with the contextId:  multiple: false
&amp#27;[36minfo&amp#27;[39m: [debug] [BOOTSTRAP] [debug] Using: UiSelector[INSTANCE=0, RESOURCE_ID=com.popular.app.corp:id/btnContinuar]
&amp#27;[36minfo&amp#27;[39m: [debug] [BOOTSTRAP] [debug] Failed to locate element. Clearing Accessibility cache and retrying.
&amp#27;[36minfo&amp#27;[39m: [debug] [BOOTSTRAP] [debug] Finding com.popular.app.corp:id/btnContinuar using ID with the contextId:  multiple: false
&amp#27;[36minfo&amp#27;[39m: [debug] [BOOTSTRAP] [debug] Using: UiSelector[INSTANCE=0, RESOURCE_ID=com.popular.app.corp:id/btnContinuar]
&amp#27;[36minfo&amp#27;[39m: [debug] [BOOTSTRAP] [debug] Returning result: {"value":"No element found","status":7}
&amp#27;[36minfo&amp#27;[39m: [debug] Waited for 48581ms so far
&amp#27;[36minfo&amp#27;[39m: [debug] Pushing command to appium work queue: ["find",{"strategy":"id","selector":"com.popular.app.corp:id/btnContinuar","context":"","multiple":false}]
&amp#27;[36minfo&amp#27;[39m: [debug] [BOOTSTRAP] [debug] Got data from client: {"cmd":"action","action":"find","params":{"strategy":"id","selector":"com.popular.app.corp:id/btnContinuar","context":"","multiple":false}}
&amp#27;[36minfo&amp#27;[39m: [debug] [BOOTSTRAP] [debug] Got command of type ACTION
&amp#27;[36minfo&amp#27;[39m: [debug] [BOOTSTRAP] [debug] Got command action: find
&amp#27;[36minfo&amp#27;[39m: [debug] [BOOTSTRAP] [debug] Finding com.popular.app.corp:id/btnContinuar using ID with the contextId:  multiple: false
&amp#27;[36minfo&amp#27;[39m: [debug] [BOOTSTRAP] [debug] Using: UiSelector[INSTANCE=0, RESOURCE_ID=com.popular.app.corp:id/btnContinuar]
&amp#27;[36minfo&amp#27;[39m: [debug] [BOOTSTRAP] [debug] Failed to locate element. Clearing Accessibility cache and retrying.
&amp#27;[36minfo&amp#27;[39m: [debug] [BOOTSTRAP] [debug] Finding com.popular.app.corp:id/btnContinuar using ID with the contextId:  multiple: false
&amp#27;[36minfo&amp#27;[39m: [debug] [BOOTSTRAP] [debug] Using: UiSelector[INSTANCE=0, RESOURCE_ID=com.popular.app.corp:id/btnContinuar]
&amp#27;[36minfo&amp#27;[39m: [debug] [BOOTSTRAP] [debug] Returning result: {"value":"No element found","status":7}
&amp#27;[36minfo&amp#27;[39m: [debug] Waited for 49171ms so far
&amp#27;[36minfo&amp#27;[39m: [debug] Pushing command to appium work queue: ["find",{"strategy":"id","selector":"com.popular.app.corp:id/btnContinuar","context":"","multiple":false}]
&amp#27;[36minfo&amp#27;[39m: [debug] [BOOTSTRAP] [debug] Got data from client: {"cmd":"action","action":"find","params":{"strategy":"id","selector":"com.popular.app.corp:id/btnContinuar","context":"","multiple":false}}
&amp#27;[36minfo&amp#27;[39m: [debug] [BOOTSTRAP] [debug] Got command of type ACTION
&amp#27;[36minfo&amp#27;[39m: [debug] [BOOTSTRAP] [debug] Got command action: find
&amp#27;[36minfo&amp#27;[39m: [debug] [BOOTSTRAP] [debug] Finding com.popular.app.corp:id/btnContinuar using ID with the contextId:  multiple: false
&amp#27;[36minfo&amp#27;[39m: [debug] [BOOTSTRAP] [debug] Using: UiSelector[INSTANCE=0, RESOURCE_ID=com.popular.app.corp:id/btnContinuar]
&amp#27;[36minfo&amp#27;[39m: [debug] [BOOTSTRAP] [debug] Failed to locate element. Clearing Accessibility cache and retrying.
&amp#27;[36minfo&amp#27;[39m: [debug] [BOOTSTRAP] [debug] Finding com.popular.app.corp:id/btnContinuar using ID with the contextId:  multiple: false
&amp#27;[36minfo&amp#27;[39m: [debug] [BOOTSTRAP] [debug] Using: UiSelector[INSTANCE=0, RESOURCE_ID=com.popular.app.corp:id/btnContinuar]
&amp#27;[36minfo&amp#27;[39m: [debug] [BOOTSTRAP] [debug] Returning result: {"value":"No element found","status":7}
&amp#27;[36minfo&amp#27;[39m: [debug] Waited for 49948ms so far
&amp#27;[36minfo&amp#27;[39m: [debug] Pushing command to appium work queue: ["find",{"strategy":"id","selector":"com.popular.app.corp:id/btnContinuar","context":"","multiple":false}]
&amp#27;[36minfo&amp#27;[39m: [debug] [BOOTSTRAP] [debug] Got data from client: {"cmd":"action","action":"find","params":{"strategy":"id","selector":"com.popular.app.corp:id/btnContinuar","context":"","multiple":false}}
&amp#27;[36minfo&amp#27;[39m: [debug] [BOOTSTRAP] [debug] Got command of type ACTION
&amp#27;[36minfo&amp#27;[39m: [debug] [BOOTSTRAP] [debug] Got command action: find
&amp#27;[36minfo&amp#27;[39m: [debug] [BOOTSTRAP] [debug] Finding com.popular.app.corp:id/btnContinuar using ID with the contextId:  multiple: false
&amp#27;[36minfo&amp#27;[39m: [debug] [BOOTSTRAP] [debug] Using: UiSelector[INSTANCE=0, RESOURCE_ID=com.popular.app.corp:id/btnContinuar]
&amp#27;[36minfo&amp#27;[39m: [debug] [BOOTSTRAP] [debug] Failed to locate element. Clearing Accessibility cache and retrying.
&amp#27;[36minfo&amp#27;[39m: [debug] [BOOTSTRAP] [debug] Finding com.popular.app.corp:id/btnContinuar using ID with the contextId:  multiple: false
&amp#27;[36minfo&amp#27;[39m: [debug] [BOOTSTRAP] [debug] Using: UiSelector[INSTANCE=0, RESOURCE_ID=com.popular.app.corp:id/btnContinuar]
&amp#27;[36minfo&amp#27;[39m: [debug] [BOOTSTRAP] [debug] Returning result: {"value":"No element found","status":7}
&amp#27;[36minfo&amp#27;[39m: [debug] Waited for 50497ms so far
&amp#27;[36minfo&amp#27;[39m: [debug] Pushing command to appium work queue: ["find",{"strategy":"id","selector":"com.popular.app.corp:id/btnContinuar","context":"","multiple":false}]
&amp#27;[36minfo&amp#27;[39m: [debug] [BOOTSTRAP] [debug] Got data from client: {"cmd":"action","action":"find","params":{"strategy":"id","selector":"com.popular.app.corp:id/btnContinuar","context":"","multiple":false}}
&amp#27;[36minfo&amp#27;[39m: [debug] [BOOTSTRAP] [debug] Got command of type ACTION
&amp#27;[36minfo&amp#27;[39m: [debug] [BOOTSTRAP] [debug] Got command action: find
&amp#27;[36minfo&amp#27;[39m: [debug] [BOOTSTRAP] [debug] Finding com.popular.app.corp:id/btnContinuar using ID with the contextId:  multiple: false
&amp#27;[36minfo&amp#27;[39m: [debug] [BOOTSTRAP] [debug] Using: UiSelector[INSTANCE=0, RESOURCE_ID=com.popular.app.corp:id/btnContinuar]
&amp#27;[36minfo&amp#27;[39m: [debug] [BOOTSTRAP] [debug] Failed to locate element. Clearing Accessibility cache and retrying.
&amp#27;[36minfo&amp#27;[39m: [debug] [BOOTSTRAP] [debug] Finding com.popular.app.corp:id/btnContinuar using ID with the contextId:  multiple: false
&amp#27;[36minfo&amp#27;[39m: [debug] [BOOTSTRAP] [debug] Using: UiSelector[INSTANCE=0, RESOURCE_ID=com.popular.app.corp:id/btnContinuar]
&amp#27;[36minfo&amp#27;[39m: [debug] [BOOTSTRAP] [debug] Returning result: {"value":"No element found","status":7}
&amp#27;[36minfo&amp#27;[39m: [debug] Waited for 51029ms so far
&amp#27;[36minfo&amp#27;[39m: [debug] Pushing command to appium work queue: ["find",{"strategy":"id","selector":"com.popular.app.corp:id/btnContinuar","context":"","multiple":false}]
&amp#27;[36minfo&amp#27;[39m: [debug] [BOOTSTRAP] [debug] Got data from client: {"cmd":"action","action":"find","params":{"strategy":"id","selector":"com.popular.app.corp:id/btnContinuar","context":"","multiple":false}}
&amp#27;[36minfo&amp#27;[39m: [debug] [BOOTSTRAP] [debug] Got command of type ACTION
&amp#27;[36minfo&amp#27;[39m: [debug] [BOOTSTRAP] [debug] Got command action: find
&amp#27;[36minfo&amp#27;[39m: [debug] [BOOTSTRAP] [debug] Finding com.popular.app.corp:id/btnContinuar using ID with the contextId:  multiple: false
&amp#27;[36minfo&amp#27;[39m: [debug] [BOOTSTRAP] [debug] Using: UiSelector[INSTANCE=0, RESOURCE_ID=com.popular.app.corp:id/btnContinuar]
&amp#27;[36minfo&amp#27;[39m: [debug] [BOOTSTRAP] [debug] Failed to locate element. Clearing Accessibility cache and retrying.
&amp#27;[36minfo&amp#27;[39m: [debug] [BOOTSTRAP] [debug] Finding com.popular.app.corp:id/btnContinuar using ID with the contextId:  multiple: false
&amp#27;[36minfo&amp#27;[39m: [debug] [BOOTSTRAP] [debug] Using: UiSelector[INSTANCE=0, RESOURCE_ID=com.popular.app.corp:id/btnContinuar]
&amp#27;[36minfo&amp#27;[39m: [debug] [BOOTSTRAP] [debug] Returning result: {"value":"No element found","status":7}
&amp#27;[36minfo&amp#27;[39m: [debug] Waited for 51609ms so far
&amp#27;[36minfo&amp#27;[39m: [debug] Pushing command to appium work queue: ["find",{"strategy":"id","selector":"com.popular.app.corp:id/btnContinuar","context":"","multiple":false}]
&amp#27;[36minfo&amp#27;[39m: [debug] [BOOTSTRAP] [debug] Got data from client: {"cmd":"action","action":"find","params":{"strategy":"id","selector":"com.popular.app.corp:id/btnContinuar","context":"","multiple":false}}
&amp#27;[36minfo&amp#27;[39m: [debug] [BOOTSTRAP] [debug] Got command of type ACTION
&amp#27;[36minfo&amp#27;[39m: [debug] [BOOTSTRAP] [debug] Got command action: find
&amp#27;[36minfo&amp#27;[39m: [debug] [BOOTSTRAP] [debug] Finding com.popular.app.corp:id/btnContinuar using ID with the contextId:  multiple: false
&amp#27;[36minfo&amp#27;[39m: [debug] [BOOTSTRAP] [debug] Using: UiSelector[INSTANCE=0, RESOURCE_ID=com.popular.app.corp:id/btnContinuar]
&amp#27;[36minfo&amp#27;[39m: [debug] [BOOTSTRAP] [debug] Failed to locate element. Clearing Accessibility cache and retrying.
&amp#27;[36minfo&amp#27;[39m: [debug] [BOOTSTRAP] [debug] Finding com.popular.app.corp:id/btnContinuar using ID with the contextId:  multiple: false
&amp#27;[36minfo&amp#27;[39m: [debug] [BOOTSTRAP] [debug] Using: UiSelector[INSTANCE=0, RESOURCE_ID=com.popular.app.corp:id/btnContinuar]
&amp#27;[36minfo&amp#27;[39m: [debug] [BOOTSTRAP] [debug] Returning result: {"value":"No element found","status":7}
&amp#27;[36minfo&amp#27;[39m: [debug] Waited for 52237ms so far
&amp#27;[36minfo&amp#27;[39m: [debug] Pushing command to appium work queue: ["find",{"strategy":"id","selector":"com.popular.app.corp:id/btnContinuar","context":"","multiple":false}]
&amp#27;[36minfo&amp#27;[39m: [debug] [BOOTSTRAP] [debug] Got data from client: {"cmd":"action","action":"find","params":{"strategy":"id","selector":"com.popular.app.corp:id/btnContinuar","context":"","multiple":false}}
&amp#27;[36minfo&amp#27;[39m: [debug] [BOOTSTRAP] [debug] Got command of type ACTION
&amp#27;[36minfo&amp#27;[39m: [debug] [BOOTSTRAP] [debug] Got command action: find
&amp#27;[36minfo&amp#27;[39m: [debug] [BOOTSTRAP] [debug] Finding com.popular.app.corp:id/btnContinuar using ID with the contextId:  multiple: false
&amp#27;[36minfo&amp#27;[39m: [debug] [BOOTSTRAP] [debug] Using: UiSelector[INSTANCE=0, RESOURCE_ID=com.popular.app.corp:id/btnContinuar]
&amp#27;[36minfo&amp#27;[39m: [debug] [BOOTSTRAP] [debug] Failed to locate element. Clearing Accessibility cache and retrying.
&amp#27;[36minfo&amp#27;[39m: [debug] [BOOTSTRAP] [debug] Finding com.popular.app.corp:id/btnContinuar using ID with the contextId:  multiple: false
&amp#27;[36minfo&amp#27;[39m: [debug] [BOOTSTRAP] [debug] Using: UiSelector[INSTANCE=0, RESOURCE_ID=com.popular.app.corp:id/btnContinuar]
&amp#27;[36minfo&amp#27;[39m: [debug] [BOOTSTRAP] [debug] Returning result: {"value":"No element found","status":7}
&amp#27;[36minfo&amp#27;[39m: [debug] Waited for 52848ms so far
&amp#27;[36minfo&amp#27;[39m: [debug] Pushing command to appium work queue: ["find",{"strategy":"id","selector":"com.popular.app.corp:id/btnContinuar","context":"","multiple":false}]
&amp#27;[36minfo&amp#27;[39m: [debug] [BOOTSTRAP] [debug] Got data from client: {"cmd":"action","action":"find","params":{"strategy":"id","selector":"com.popular.app.corp:id/btnContinuar","context":"","multiple":false}}
&amp#27;[36minfo&amp#27;[39m: [debug] [BOOTSTRAP] [debug] Got command of type ACTION
&amp#27;[36minfo&amp#27;[39m: [debug] [BOOTSTRAP] [debug] Got command action: find
&amp#27;[36minfo&amp#27;[39m: [debug] [BOOTSTRAP] [debug] Finding com.popular.app.corp:id/btnContinuar using ID with the contextId:  multiple: false
&amp#27;[36minfo&amp#27;[39m: [debug] [BOOTSTRAP] [debug] Using: UiSelector[INSTANCE=0, RESOURCE_ID=com.popular.app.corp:id/btnContinuar]
&amp#27;[36minfo&amp#27;[39m: [debug] [BOOTSTRAP] [debug] Failed to locate element. Clearing Accessibility cache and retrying.
&amp#27;[36minfo&amp#27;[39m: [debug] [BOOTSTRAP] [debug] Finding com.popular.app.corp:id/btnContinuar using ID with the contextId:  multiple: false
&amp#27;[36minfo&amp#27;[39m: [debug] [BOOTSTRAP] [debug] Using: UiSelector[INSTANCE=0, RESOURCE_ID=com.popular.app.corp:id/btnContinuar]
&amp#27;[36minfo&amp#27;[39m: [debug] [BOOTSTRAP] [debug] Returning result: {"value":"No element found","status":7}
&amp#27;[36minfo&amp#27;[39m: [debug] Waited for 53454ms so far
&amp#27;[36minfo&amp#27;[39m: [debug] Pushing command to appium work queue: ["find",{"strategy":"id","selector":"com.popular.app.corp:id/btnContinuar","context":"","multiple":false}]
&amp#27;[36minfo&amp#27;[39m: [debug] [BOOTSTRAP] [debug] Got data from client: {"cmd":"action","action":"find","params":{"strategy":"id","selector":"com.popular.app.corp:id/btnContinuar","context":"","multiple":false}}
&amp#27;[36minfo&amp#27;[39m: [debug] [BOOTSTRAP] [debug] Got command of type ACTION
&amp#27;[36minfo&amp#27;[39m: [debug] [BOOTSTRAP] [debug] Got command action: find
&amp#27;[36minfo&amp#27;[39m: [debug] [BOOTSTRAP] [debug] Finding com.popular.app.corp:id/btnContinuar using ID with the contextId:  multiple: false
&amp#27;[36minfo&amp#27;[39m: [debug] [BOOTSTRAP] [debug] Using: UiSelector[INSTANCE=0, RESOURCE_ID=com.popular.app.corp:id/btnContinuar]
&amp#27;[36minfo&amp#27;[39m: [debug] [BOOTSTRAP] [debug] Failed to locate element. Clearing Accessibility cache and retrying.
&amp#27;[36minfo&amp#27;[39m: [debug] [BOOTSTRAP] [debug] Finding com.popular.app.corp:id/btnContinuar using ID with the contextId:  multiple: false
&amp#27;[36minfo&amp#27;[39m: [debug] [BOOTSTRAP] [debug] Using: UiSelector[INSTANCE=0, RESOURCE_ID=com.popular.app.corp:id/btnContinuar]
&amp#27;[36minfo&amp#27;[39m: [debug] [BOOTSTRAP] [debug] Returning result: {"value":"No element found","status":7}
&amp#27;[36minfo&amp#27;[39m: [debug] Waited for 54108ms so far
&amp#27;[36minfo&amp#27;[39m: [debug] Pushing command to appium work queue: ["find",{"strategy":"id","selector":"com.popular.app.corp:id/btnContinuar","context":"","multiple":false}]
&amp#27;[36minfo&amp#27;[39m: [debug] [BOOTSTRAP] [debug] Got data from client: {"cmd":"action","action":"find","params":{"strategy":"id","selector":"com.popular.app.corp:id/btnContinuar","context":"","multiple":false}}
&amp#27;[36minfo&amp#27;[39m: [debug] [BOOTSTRAP] [debug] Got command of type ACTION
&amp#27;[36minfo&amp#27;[39m: [debug] [BOOTSTRAP] [debug] Got command action: find
&amp#27;[36minfo&amp#27;[39m: [debug] [BOOTSTRAP] [debug] Finding com.popular.app.corp:id/btnContinuar using ID with the contextId:  multiple: false
&amp#27;[36minfo&amp#27;[39m: [debug] [BOOTSTRAP] [debug] Using: UiSelector[INSTANCE=0, RESOURCE_ID=com.popular.app.corp:id/btnContinuar]
&amp#27;[36minfo&amp#27;[39m: [debug] [BOOTSTRAP] [debug] Failed to locate element. Clearing Accessibility cache and retrying.
&amp#27;[36minfo&amp#27;[39m: [debug] [BOOTSTRAP] [debug] Finding com.popular.app.corp:id/btnContinuar using ID with the contextId:  multiple: false
&amp#27;[36minfo&amp#27;[39m: [debug] [BOOTSTRAP] [debug] Using: UiSelector[INSTANCE=0, RESOURCE_ID=com.popular.app.corp:id/btnContinuar]
&amp#27;[36minfo&amp#27;[39m: [debug] [BOOTSTRAP] [debug] Returning result: {"value":"No element found","status":7}
&amp#27;[36minfo&amp#27;[39m: [debug] Waited for 54791ms so far
&amp#27;[36minfo&amp#27;[39m: [debug] Pushing command to appium work queue: ["find",{"strategy":"id","selector":"com.popular.app.corp:id/btnContinuar","context":"","multiple":false}]
&amp#27;[36minfo&amp#27;[39m: [debug] [BOOTSTRAP] [debug] Got data from client: {"cmd":"action","action":"find","params":{"strategy":"id","selector":"com.popular.app.corp:id/btnContinuar","context":"","multiple":false}}
&amp#27;[36minfo&amp#27;[39m: [debug] [BOOTSTRAP] [debug] Got command of type ACTION
&amp#27;[36minfo&amp#27;[39m: [debug] [BOOTSTRAP] [debug] Got command action: find
&amp#27;[36minfo&amp#27;[39m: [debug] [BOOTSTRAP] [debug] Finding com.popular.app.corp:id/btnContinuar using ID with the contextId:  multiple: false
&amp#27;[36minfo&amp#27;[39m: [debug] [BOOTSTRAP] [debug] Using: UiSelector[INSTANCE=0, RESOURCE_ID=com.popular.app.corp:id/btnContinuar]
&amp#27;[36minfo&amp#27;[39m: [debug] [BOOTSTRAP] [debug] Failed to locate element. Clearing Accessibility cache and retrying.
&amp#27;[36minfo&amp#27;[39m: [debug] [BOOTSTRAP] [debug] Finding com.popular.app.corp:id/btnContinuar using ID with the contextId:  multiple: false
&amp#27;[36minfo&amp#27;[39m: [debug] [BOOTSTRAP] [debug] Using: UiSelector[INSTANCE=0, RESOURCE_ID=com.popular.app.corp:id/btnContinuar]
&amp#27;[36minfo&amp#27;[39m: [debug] [BOOTSTRAP] [debug] Returning result: {"value":"No element found","status":7}
&amp#27;[36minfo&amp#27;[39m: [debug] Waited for 55351ms so far
&amp#27;[36minfo&amp#27;[39m: [debug] Pushing command to appium work queue: ["find",{"strategy":"id","selector":"com.popular.app.corp:id/btnContinuar","context":"","multiple":false}]
&amp#27;[36minfo&amp#27;[39m: [debug] [BOOTSTRAP] [debug] Got data from client: {"cmd":"action","action":"find","params":{"strategy":"id","selector":"com.popular.app.corp:id/btnContinuar","context":"","multiple":false}}
&amp#27;[36minfo&amp#27;[39m: [debug] [BOOTSTRAP] [debug] Got command of type ACTION
&amp#27;[36minfo&amp#27;[39m: [debug] [BOOTSTRAP] [debug] Got command action: find
&amp#27;[36minfo&amp#27;[39m: [debug] [BOOTSTRAP] [debug] Finding com.popular.app.corp:id/btnContinuar using ID with the contextId:  multiple: false
&amp#27;[36minfo&amp#27;[39m: [debug] [BOOTSTRAP] [debug] Using: UiSelector[INSTANCE=0, RESOURCE_ID=com.popular.app.corp:id/btnContinuar]
&amp#27;[36minfo&amp#27;[39m: [debug] [BOOTSTRAP] [debug] Failed to locate element. Clearing Accessibility cache and retrying.
&amp#27;[36minfo&amp#27;[39m: [debug] [BOOTSTRAP] [debug] Finding com.popular.app.corp:id/btnContinuar using ID with the contextId:  multiple: false
&amp#27;[36minfo&amp#27;[39m: [debug] [BOOTSTRAP] [debug] Using: UiSelector[INSTANCE=0, RESOURCE_ID=com.popular.app.corp:id/btnContinuar]
&amp#27;[36minfo&amp#27;[39m: [debug] [BOOTSTRAP] [debug] Returning result: {"value":"No element found","status":7}
&amp#27;[36minfo&amp#27;[39m: [debug] Waited for 55877ms so far
&amp#27;[36minfo&amp#27;[39m: [debug] Pushing command to appium work queue: ["find",{"strategy":"id","selector":"com.popular.app.corp:id/btnContinuar","context":"","multiple":false}]
&amp#27;[36minfo&amp#27;[39m: [debug] [BOOTSTRAP] [debug] Got data from client: {"cmd":"action","action":"find","params":{"strategy":"id","selector":"com.popular.app.corp:id/btnContinuar","context":"","multiple":false}}
&amp#27;[36minfo&amp#27;[39m: [debug] [BOOTSTRAP] [debug] Got command of type ACTION
&amp#27;[36minfo&amp#27;[39m: [debug] [BOOTSTRAP] [debug] Got command action: find
&amp#27;[36minfo&amp#27;[39m: [debug] [BOOTSTRAP] [debug] Finding com.popular.app.corp:id/btnContinuar using ID with the contextId:  multiple: false
&amp#27;[36minfo&amp#27;[39m: [debug] [BOOTSTRAP] [debug] Using: UiSelector[INSTANCE=0, RESOURCE_ID=com.popular.app.corp:id/btnContinuar]
&amp#27;[36minfo&amp#27;[39m: [debug] [BOOTSTRAP] [debug] Failed to locate element. Clearing Accessibility cache and retrying.
&amp#27;[36minfo&amp#27;[39m: [debug] [BOOTSTRAP] [debug] Finding com.popular.app.corp:id/btnContinuar using ID with the contextId:  multiple: false
&amp#27;[36minfo&amp#27;[39m: [debug] [BOOTSTRAP] [debug] Using: UiSelector[INSTANCE=0, RESOURCE_ID=com.popular.app.corp:id/btnContinuar]
&amp#27;[36minfo&amp#27;[39m: [debug] [BOOTSTRAP] [debug] Returning result: {"value":"No element found","status":7}
&amp#27;[36minfo&amp#27;[39m: [debug] Waited for 56470ms so far
&amp#27;[36minfo&amp#27;[39m: [debug] Pushing command to appium work queue: ["find",{"strategy":"id","selector":"com.popular.app.corp:id/btnContinuar","context":"","multiple":false}]
&amp#27;[36minfo&amp#27;[39m: [debug] [BOOTSTRAP] [debug] Got data from client: {"cmd":"action","action":"find","params":{"strategy":"id","selector":"com.popular.app.corp:id/btnContinuar","context":"","multiple":false}}
&amp#27;[36minfo&amp#27;[39m: [debug] [BOOTSTRAP] [debug] Got command of type ACTION
&amp#27;[36minfo&amp#27;[39m: [debug] [BOOTSTRAP] [debug] Got command action: find
&amp#27;[36minfo&amp#27;[39m: [debug] [BOOTSTRAP] [debug] Finding com.popular.app.corp:id/btnContinuar using ID with the contextId:  multiple: false
&amp#27;[36minfo&amp#27;[39m: [debug] [BOOTSTRAP] [debug] Using: UiSelector[INSTANCE=0, RESOURCE_ID=com.popular.app.corp:id/btnContinuar]
&amp#27;[36minfo&amp#27;[39m: [debug] [BOOTSTRAP] [debug] Failed to locate element. Clearing Accessibility cache and retrying.
&amp#27;[36minfo&amp#27;[39m: [debug] [BOOTSTRAP] [debug] Finding com.popular.app.corp:id/btnContinuar using ID with the contextId:  multiple: false
&amp#27;[36minfo&amp#27;[39m: [debug] [BOOTSTRAP] [debug] Using: UiSelector[INSTANCE=0, RESOURCE_ID=com.popular.app.corp:id/btnContinuar]
&amp#27;[36minfo&amp#27;[39m: [debug] [BOOTSTRAP] [debug] Returning result: {"value":"No element found","status":7}
&amp#27;[36minfo&amp#27;[39m: [debug] Waited for 57079ms so far
&amp#27;[36minfo&amp#27;[39m: [debug] Pushing command to appium work queue: ["find",{"strategy":"id","selector":"com.popular.app.corp:id/btnContinuar","context":"","multiple":false}]
&amp#27;[36minfo&amp#27;[39m: [debug] [BOOTSTRAP] [debug] Got data from client: {"cmd":"action","action":"find","params":{"strategy":"id","selector":"com.popular.app.corp:id/btnContinuar","context":"","multiple":false}}
&amp#27;[36minfo&amp#27;[39m: [debug] [BOOTSTRAP] [debug] Got command of type ACTION
&amp#27;[36minfo&amp#27;[39m: [debug] [BOOTSTRAP] [debug] Got command action: find
&amp#27;[36minfo&amp#27;[39m: [debug] [BOOTSTRAP] [debug] Finding com.popular.app.corp:id/btnContinuar using ID with the contextId:  multiple: false
&amp#27;[36minfo&amp#27;[39m: [debug] [BOOTSTRAP] [debug] Using: UiSelector[INSTANCE=0, RESOURCE_ID=com.popular.app.corp:id/btnContinuar]
&amp#27;[36minfo&amp#27;[39m: [debug] [BOOTSTRAP] [debug] Failed to locate element. Clearing Accessibility cache and retrying.
&amp#27;[36minfo&amp#27;[39m: [debug] [BOOTSTRAP] [debug] Finding com.popular.app.corp:id/btnContinuar using ID with the contextId:  multiple: false
&amp#27;[36minfo&amp#27;[39m: [debug] [BOOTSTRAP] [debug] Using: UiSelector[INSTANCE=0, RESOURCE_ID=com.popular.app.corp:id/btnContinuar]
&amp#27;[36minfo&amp#27;[39m: [debug] [BOOTSTRAP] [debug] Returning result: {"value":"No element found","status":7}
&amp#27;[36minfo&amp#27;[39m: [debug] Waited for 57609ms so far
&amp#27;[36minfo&amp#27;[39m: [debug] Pushing command to appium work queue: ["find",{"strategy":"id","selector":"com.popular.app.corp:id/btnContinuar","context":"","multiple":false}]
&amp#27;[36minfo&amp#27;[39m: [debug] [BOOTSTRAP] [debug] Got data from client: {"cmd":"action","action":"find","params":{"strategy":"id","selector":"com.popular.app.corp:id/btnContinuar","context":"","multiple":false}}
&amp#27;[36minfo&amp#27;[39m: [debug] [BOOTSTRAP] [debug] Got command of type ACTION
&amp#27;[36minfo&amp#27;[39m: [debug] [BOOTSTRAP] [debug] Got command action: find
&amp#27;[36minfo&amp#27;[39m: [debug] [BOOTSTRAP] [debug] Finding com.popular.app.corp:id/btnContinuar using ID with the contextId:  multiple: false
&amp#27;[36minfo&amp#27;[39m: [debug] [BOOTSTRAP] [debug] Using: UiSelector[INSTANCE=0, RESOURCE_ID=com.popular.app.corp:id/btnContinuar]
&amp#27;[36minfo&amp#27;[39m: [debug] [BOOTSTRAP] [debug] Failed to locate element. Clearing Accessibility cache and retrying.
&amp#27;[36minfo&amp#27;[39m: [debug] [BOOTSTRAP] [debug] Finding com.popular.app.corp:id/btnContinuar using ID with the contextId:  multiple: false
&amp#27;[36minfo&amp#27;[39m: [debug] [BOOTSTRAP] [debug] Using: UiSelector[INSTANCE=0, RESOURCE_ID=com.popular.app.corp:id/btnContinuar]
&amp#27;[36minfo&amp#27;[39m: [debug] [BOOTSTRAP] [debug] Returning result: {"value":"No element found","status":7}
&amp#27;[36minfo&amp#27;[39m: [debug] Waited for 58248ms so far
&amp#27;[36minfo&amp#27;[39m: [debug] Pushing command to appium work queue: ["find",{"strategy":"id","selector":"com.popular.app.corp:id/btnContinuar","context":"","multiple":false}]
&amp#27;[36minfo&amp#27;[39m: [debug] [BOOTSTRAP] [debug] Got data from client: {"cmd":"action","action":"find","params":{"strategy":"id","selector":"com.popular.app.corp:id/btnContinuar","context":"","multiple":false}}
&amp#27;[36minfo&amp#27;[39m: [debug] [BOOTSTRAP] [debug] Got command of type ACTION
&amp#27;[36minfo&amp#27;[39m: [debug] [BOOTSTRAP] [debug] Got command action: find
&amp#27;[36minfo&amp#27;[39m: [debug] [BOOTSTRAP] [debug] Finding com.popular.app.corp:id/btnContinuar using ID with the contextId:  multiple: false
&amp#27;[36minfo&amp#27;[39m: [debug] [BOOTSTRAP] [debug] Using: UiSelector[INSTANCE=0, RESOURCE_ID=com.popular.app.corp:id/btnContinuar]
&amp#27;[36minfo&amp#27;[39m: [debug] [BOOTSTRAP] [debug] Failed to locate element. Clearing Accessibility cache and retrying.
&amp#27;[36minfo&amp#27;[39m: [debug] [BOOTSTRAP] [debug] Finding com.popular.app.corp:id/btnContinuar using ID with the contextId:  multiple: false
&amp#27;[36minfo&amp#27;[39m: [debug] [BOOTSTRAP] [debug] Using: UiSelector[INSTANCE=0, RESOURCE_ID=com.popular.app.corp:id/btnContinuar]
&amp#27;[36minfo&amp#27;[39m: [debug] [BOOTSTRAP] [debug] Returning result: {"value":"No element found","status":7}
&amp#27;[36minfo&amp#27;[39m: [debug] Waited for 58789ms so far
&amp#27;[36minfo&amp#27;[39m: [debug] Pushing command to appium work queue: ["find",{"strategy":"id","selector":"com.popular.app.corp:id/btnContinuar","context":"","multiple":false}]
&amp#27;[36minfo&amp#27;[39m: [debug] [BOOTSTRAP] [debug] Got data from client: {"cmd":"action","action":"find","params":{"strategy":"id","selector":"com.popular.app.corp:id/btnContinuar","context":"","multiple":false}}
&amp#27;[36minfo&amp#27;[39m: [debug] [BOOTSTRAP] [debug] Got command of type ACTION
&amp#27;[36minfo&amp#27;[39m: [debug] [BOOTSTRAP] [debug] Got command action: find
&amp#27;[36minfo&amp#27;[39m: [debug] [BOOTSTRAP] [debug] Finding com.popular.app.corp:id/btnContinuar using ID with the contextId:  multiple: false
&amp#27;[36minfo&amp#27;[39m: [debug] [BOOTSTRAP] [debug] Using: UiSelector[INSTANCE=0, RESOURCE_ID=com.popular.app.corp:id/btnContinuar]
&amp#27;[36minfo&amp#27;[39m: [debug] [BOOTSTRAP] [debug] Failed to locate element. Clearing Accessibility cache and retrying.
&amp#27;[36minfo&amp#27;[39m: [debug] [BOOTSTRAP] [debug] Finding com.popular.app.corp:id/btnContinuar using ID with the contextId:  multiple: false
&amp#27;[36minfo&amp#27;[39m: [debug] [BOOTSTRAP] [debug] Using: UiSelector[INSTANCE=0, RESOURCE_ID=com.popular.app.corp:id/btnContinuar]
&amp#27;[36minfo&amp#27;[39m: [debug] [BOOTSTRAP] [debug] Returning result: {"value":"No element found","status":7}
&amp#27;[36minfo&amp#27;[39m: [debug] Waited for 59473ms so far
&amp#27;[36minfo&amp#27;[39m: [debug] Pushing command to appium work queue: ["find",{"strategy":"id","selector":"com.popular.app.corp:id/btnContinuar","context":"","multiple":false}]
&amp#27;[36minfo&amp#27;[39m: [debug] [BOOTSTRAP] [debug] Got data from client: {"cmd":"action","action":"find","params":{"strategy":"id","selector":"com.popular.app.corp:id/btnContinuar","context":"","multiple":false}}
&amp#27;[36minfo&amp#27;[39m: [debug] [BOOTSTRAP] [debug] Got command of type ACTION
&amp#27;[36minfo&amp#27;[39m: [debug] [BOOTSTRAP] [debug] Got command action: find
&amp#27;[36minfo&amp#27;[39m: [debug] [BOOTSTRAP] [debug] Finding com.popular.app.corp:id/btnContinuar using ID with the contextId:  multiple: false
&amp#27;[36minfo&amp#27;[39m: [debug] [BOOTSTRAP] [debug] Using: UiSelector[INSTANCE=0, RESOURCE_ID=com.popular.app.corp:id/btnContinuar]
&amp#27;[36minfo&amp#27;[39m: [debug] [BOOTSTRAP] [debug] Failed to locate element. Clearing Accessibility cache and retrying.
&amp#27;[36minfo&amp#27;[39m: [debug] [BOOTSTRAP] [debug] Finding com.popular.app.corp:id/btnContinuar using ID with the contextId:  multiple: false
&amp#27;[36minfo&amp#27;[39m: [debug] [BOOTSTRAP] [debug] Using: UiSelector[INSTANCE=0, RESOURCE_ID=com.popular.app.corp:id/btnContinuar]
&amp#27;[36minfo&amp#27;[39m: [debug] [BOOTSTRAP] [debug] Returning result: {"value":"No element found","status":7}
&amp#27;[36minfo&amp#27;[39m: [debug] Condition unmet after 60004ms. Timing out.
&amp#27;[36minfo&amp#27;[39m: [debug] Responding to client with error: {"status":7,"value":{"message":"An element could not be located on the page using the given search parameters.","origValue":"No element found"},"sessionId":"411cab2c-cf83-4955-9718-22c4dbc23fc0"}
&amp#27;[36minfo&amp#27;[39m: &amp#27;[37m<-- POST /wd/hub/session/411cab2c-cf83-4955-9718-22c4dbc23fc0/element &amp#27;[39m&amp#27;[31m500&amp#27;[39m&amp#27;[90m 59702.052 ms - 195&amp#27;[39m &amp#27;[90m&amp#27;[39m
]]></system-out>
    <system-err><![CDATA[Mar 21, 2017 4:12:04 PM com.relevantcodes.extentreports.ExtentReports loadConfig
WARNING: Unable to perform report configuration. The file E:\Automation_Projects\AndroidDriver_SMB_AllTest\Config.xml was not found.
log4j:WARN No appenders could be found for logger (devpinoyLogger).
log4j:WARN Please initialize the log4j system properly.
log4j:WARN See http://logging.apache.org/log4j/1.2/faq.html#noconfig for more info.
]]></system-err>
  </testcase>
</testsuite>